[0.044s] Invoking command in '/home/terra/nav2_ws/build/dwb_msgs': AMENT_PREFIX_PATH=/home/terra/nav2_ws/install/nav_2d_msgs:${AMENT_PREFIX_PATH} CMAKE_PREFIX_PATH=/home/terra/nav2_ws/install/nav_2d_msgs:/opt/ros/foxy LD_LIBRARY_PATH=/home/terra/nav2_ws/install/nav_2d_msgs/lib:${LD_LIBRARY_PATH} PYTHONPATH=/home/terra/nav2_ws/install/nav_2d_msgs/lib/python3.8/site-packages:${PYTHONPATH} /usr/bin/cmake /home/terra/nav2_ws/src/nav2_dwb_controller/dwb_msgs -DAMENT_CMAKE_SYMLINK_INSTALL=1 -DCMAKE_INSTALL_PREFIX=/home/terra/nav2_ws/install/dwb_msgs
[0.146s] -- The C compiler identification is GNU 9.4.0
[0.243s] -- The CXX compiler identification is GNU 9.4.0
[0.252s] -- Check for working C compiler: /usr/bin/cc
[0.377s] -- Check for working C compiler: /usr/bin/cc -- works
[0.379s] -- Detecting C compiler ABI info
[0.506s] -- Detecting C compiler ABI info - done
[0.533s] -- Detecting C compile features
[0.533s] -- Detecting C compile features - done
[0.539s] -- Check for working CXX compiler: /usr/bin/c++
[0.692s] -- Check for working CXX compiler: /usr/bin/c++ -- works
[0.694s] -- Detecting CXX compiler ABI info
[0.834s] -- Detecting CXX compiler ABI info - done
[0.859s] -- Detecting CXX compile features
[0.860s] -- Detecting CXX compile features - done
[0.876s] -- Found builtin_interfaces: 1.0.0 (/opt/ros/foxy/share/builtin_interfaces/cmake)
[0.903s] -- Found PythonInterp: /usr/bin/python3 (found suitable version "3.8.10", minimum required is "3") 
[0.903s] -- Using PYTHON_EXECUTABLE: /usr/bin/python3
[1.242s] -- Override CMake install command with custom implementation using symlinks instead of copying resources
[1.337s] -- Using all available rosidl_typesupport_c: rosidl_typesupport_fastrtps_c;rosidl_typesupport_introspection_c
[1.350s] -- Found rosidl_adapter: 1.2.1 (/opt/ros/foxy/share/rosidl_adapter/cmake)
[1.499s] -- Found OpenSSL: /usr/lib/x86_64-linux-gnu/libcrypto.so (found version "1.1.1f")  
[1.552s] -- Found FastRTPS: /opt/ros/foxy/include  
[1.721s] -- Using all available rosidl_typesupport_cpp: rosidl_typesupport_fastrtps_cpp;rosidl_typesupport_introspection_cpp
[1.778s] -- Found geometry_msgs: 2.0.5 (/opt/ros/foxy/share/geometry_msgs/cmake)
[1.907s] -- Found nav_2d_msgs: 0.4.7 (/home/terra/nav2_ws/install/nav_2d_msgs/share/nav_2d_msgs/cmake)
[2.058s] -- Found nav_msgs: 2.0.5 (/opt/ros/foxy/share/nav_msgs/cmake)
[2.346s] -- Found rosidl_default_generators: 1.0.1 (/opt/ros/foxy/share/rosidl_default_generators/cmake)
[2.451s] -- Found PythonInterp: /usr/bin/python3 (found version "3.8.10") 
[3.209s] -- Found ament_cmake_ros: 0.9.2 (/opt/ros/foxy/share/ament_cmake_ros/cmake)
[4.073s] -- Using all available rosidl_typesupport_c: rosidl_typesupport_fastrtps_c;rosidl_typesupport_introspection_c
[4.547s] -- Using all available rosidl_typesupport_cpp: rosidl_typesupport_fastrtps_cpp;rosidl_typesupport_introspection_cpp
[4.622s] -- Found PythonInterp: /usr/bin/python3 (found suitable version "3.8.10", minimum required is "3.5") 
[4.625s] -- Found python_cmake_module: 0.8.1 (/opt/ros/foxy/share/python_cmake_module/cmake)
[4.692s] -- Found PythonLibs: /usr/lib/x86_64-linux-gnu/libpython3.8.so (found suitable version "3.8.10", minimum required is "3.5") 
[4.693s] -- Using PYTHON_EXECUTABLE: /usr/bin/python3
[4.693s] -- Using PYTHON_INCLUDE_DIRS: /usr/include/python3.8
[4.693s] -- Using PYTHON_LIBRARIES: /usr/lib/x86_64-linux-gnu/libpython3.8.so
[4.762s] -- Found PythonExtra: .so  
[5.021s] -- Configuring done
[5.265s] -- Generating done
[5.271s] -- Build files have been written to: /home/terra/nav2_ws/build/dwb_msgs
[5.295s] Invoked command in '/home/terra/nav2_ws/build/dwb_msgs' returned '0': AMENT_PREFIX_PATH=/home/terra/nav2_ws/install/nav_2d_msgs:${AMENT_PREFIX_PATH} CMAKE_PREFIX_PATH=/home/terra/nav2_ws/install/nav_2d_msgs:/opt/ros/foxy LD_LIBRARY_PATH=/home/terra/nav2_ws/install/nav_2d_msgs/lib:${LD_LIBRARY_PATH} PYTHONPATH=/home/terra/nav2_ws/install/nav_2d_msgs/lib/python3.8/site-packages:${PYTHONPATH} /usr/bin/cmake /home/terra/nav2_ws/src/nav2_dwb_controller/dwb_msgs -DAMENT_CMAKE_SYMLINK_INSTALL=1 -DCMAKE_INSTALL_PREFIX=/home/terra/nav2_ws/install/dwb_msgs
[5.297s] Invoking command in '/home/terra/nav2_ws/build/dwb_msgs': AMENT_PREFIX_PATH=/home/terra/nav2_ws/install/nav_2d_msgs:${AMENT_PREFIX_PATH} CMAKE_PREFIX_PATH=/home/terra/nav2_ws/install/nav_2d_msgs:/opt/ros/foxy LD_LIBRARY_PATH=/home/terra/nav2_ws/install/nav_2d_msgs/lib:${LD_LIBRARY_PATH} PYTHONPATH=/home/terra/nav2_ws/install/nav_2d_msgs/lib/python3.8/site-packages:${PYTHONPATH} /usr/bin/cmake --build /home/terra/nav2_ws/build/dwb_msgs -- -j8 -l8
[5.458s] [  1%] [34m[1mGenerating C code for ROS interfaces[0m
[5.459s] [35m[1mScanning dependencies of target dwb_msgs__cpp[0m
[5.507s] [  2%] [34m[1mGenerating C++ code for ROS interfaces[0m
[8.210s] [  2%] Built target dwb_msgs__cpp
[8.273s] [  3%] [34m[1mGenerating C++ type support dispatch for ROS interfaces[0m
[8.289s] [  4%] [34m[1mGenerating C++ introspection for ROS interfaces[0m
[8.314s] [  5%] [34m[1mGenerating C++ type support for eProsima Fast-RTPS[0m
[9.236s] [35m[1mScanning dependencies of target dwb_msgs__rosidl_generator_c[0m
[9.325s] [  6%] [32mBuilding C object CMakeFiles/dwb_msgs__rosidl_generator_c.dir/rosidl_generator_c/dwb_msgs/msg/detail/critic_score__functions.c.o[0m
[9.338s] [  7%] [32mBuilding C object CMakeFiles/dwb_msgs__rosidl_generator_c.dir/rosidl_generator_c/dwb_msgs/msg/detail/local_plan_evaluation__functions.c.o[0m
[9.353s] [  8%] [32mBuilding C object CMakeFiles/dwb_msgs__rosidl_generator_c.dir/rosidl_generator_c/dwb_msgs/msg/detail/trajectory2_d__functions.c.o[0m
[9.370s] [  9%] [32mBuilding C object CMakeFiles/dwb_msgs__rosidl_generator_c.dir/rosidl_generator_c/dwb_msgs/msg/detail/trajectory_score__functions.c.o[0m
[9.387s] [ 10%] [32mBuilding C object CMakeFiles/dwb_msgs__rosidl_generator_c.dir/rosidl_generator_c/dwb_msgs/srv/detail/debug_local_plan__functions.c.o[0m
[9.585s] [ 11%] [32mBuilding C object CMakeFiles/dwb_msgs__rosidl_generator_c.dir/rosidl_generator_c/dwb_msgs/srv/detail/generate_trajectory__functions.c.o[0m
[9.606s] [ 12%] [32mBuilding C object CMakeFiles/dwb_msgs__rosidl_generator_c.dir/rosidl_generator_c/dwb_msgs/srv/detail/get_critic_score__functions.c.o[0m
[9.606s] [ 13%] [32mBuilding C object CMakeFiles/dwb_msgs__rosidl_generator_c.dir/rosidl_generator_c/dwb_msgs/srv/detail/generate_twists__functions.c.o[0m
[9.617s] [ 14%] [32mBuilding C object CMakeFiles/dwb_msgs__rosidl_generator_c.dir/rosidl_generator_c/dwb_msgs/srv/detail/score_trajectory__functions.c.o[0m
[9.897s] [ 15%] [32m[1mLinking C shared library libdwb_msgs__rosidl_generator_c.so[0m
[10.110s] [ 15%] Built target dwb_msgs__rosidl_generator_c
[10.150s] [ 16%] [34m[1mGenerating C type support dispatch for ROS interfaces[0m
[10.199s] [ 17%] [34m[1mGenerating C introspection for ROS interfaces[0m
[10.565s] [35m[1mScanning dependencies of target dwb_msgs__rosidl_typesupport_cpp[0m
[10.699s] [ 18%] [32mBuilding CXX object CMakeFiles/dwb_msgs__rosidl_typesupport_cpp.dir/rosidl_typesupport_cpp/dwb_msgs/msg/local_plan_evaluation__type_support.cpp.o[0m
[10.699s] [ 20%] [32mBuilding CXX object CMakeFiles/dwb_msgs__rosidl_typesupport_cpp.dir/rosidl_typesupport_cpp/dwb_msgs/msg/critic_score__type_support.cpp.o[0m
[10.731s] [ 21%] [32mBuilding CXX object CMakeFiles/dwb_msgs__rosidl_typesupport_cpp.dir/rosidl_typesupport_cpp/dwb_msgs/msg/trajectory2_d__type_support.cpp.o[0m
[10.734s] [ 22%] [32mBuilding CXX object CMakeFiles/dwb_msgs__rosidl_typesupport_cpp.dir/rosidl_typesupport_cpp/dwb_msgs/msg/trajectory_score__type_support.cpp.o[0m
[11.699s] [ 23%] [32mBuilding CXX object CMakeFiles/dwb_msgs__rosidl_typesupport_cpp.dir/rosidl_typesupport_cpp/dwb_msgs/srv/debug_local_plan__type_support.cpp.o[0m
[11.845s] [ 24%] [32mBuilding CXX object CMakeFiles/dwb_msgs__rosidl_typesupport_cpp.dir/rosidl_typesupport_cpp/dwb_msgs/srv/generate_trajectory__type_support.cpp.o[0m
[11.863s] [35m[1mScanning dependencies of target dwb_msgs__rosidl_typesupport_introspection_cpp[0m
[11.962s] [ 25%] [32mBuilding CXX object CMakeFiles/dwb_msgs__rosidl_typesupport_cpp.dir/rosidl_typesupport_cpp/dwb_msgs/srv/generate_twists__type_support.cpp.o[0m
[11.999s] [ 26%] [32mBuilding CXX object CMakeFiles/dwb_msgs__rosidl_typesupport_introspection_cpp.dir/rosidl_typesupport_introspection_cpp/dwb_msgs/msg/detail/critic_score__type_support.cpp.o[0m
[12.081s] [ 27%] [32mBuilding CXX object CMakeFiles/dwb_msgs__rosidl_typesupport_cpp.dir/rosidl_typesupport_cpp/dwb_msgs/srv/get_critic_score__type_support.cpp.o[0m
[12.347s] [35m[1mScanning dependencies of target dwb_msgs__rosidl_typesupport_fastrtps_cpp[0m
[12.462s] [ 28%] [32mBuilding CXX object CMakeFiles/dwb_msgs__rosidl_typesupport_fastrtps_cpp.dir/rosidl_typesupport_fastrtps_cpp/dwb_msgs/msg/detail/dds_fastrtps/critic_score__type_support.cpp.o[0m
[13.013s] [ 29%] [32mBuilding CXX object CMakeFiles/dwb_msgs__rosidl_typesupport_cpp.dir/rosidl_typesupport_cpp/dwb_msgs/srv/score_trajectory__type_support.cpp.o[0m
[13.045s] [ 30%] [32mBuilding CXX object CMakeFiles/dwb_msgs__rosidl_typesupport_fastrtps_cpp.dir/rosidl_typesupport_fastrtps_cpp/dwb_msgs/msg/detail/dds_fastrtps/local_plan_evaluation__type_support.cpp.o[0m
[13.218s] [ 31%] [32mBuilding CXX object CMakeFiles/dwb_msgs__rosidl_typesupport_fastrtps_cpp.dir/rosidl_typesupport_fastrtps_cpp/dwb_msgs/msg/detail/dds_fastrtps/trajectory2_d__type_support.cpp.o[0m
[13.378s] [ 32%] [32mBuilding CXX object CMakeFiles/dwb_msgs__rosidl_typesupport_introspection_cpp.dir/rosidl_typesupport_introspection_cpp/dwb_msgs/msg/detail/local_plan_evaluation__type_support.cpp.o[0m
[13.394s] [ 33%] [32mBuilding CXX object CMakeFiles/dwb_msgs__rosidl_typesupport_fastrtps_cpp.dir/rosidl_typesupport_fastrtps_cpp/dwb_msgs/msg/detail/dds_fastrtps/trajectory_score__type_support.cpp.o[0m
[13.514s] [35m[1mScanning dependencies of target dwb_msgs__rosidl_typesupport_c[0m
[13.627s] [ 34%] [32mBuilding CXX object CMakeFiles/dwb_msgs__rosidl_typesupport_c.dir/rosidl_typesupport_c/dwb_msgs/msg/critic_score__type_support.cpp.o[0m
[13.817s] [ 35%] [32mBuilding CXX object CMakeFiles/dwb_msgs__rosidl_typesupport_c.dir/rosidl_typesupport_c/dwb_msgs/msg/local_plan_evaluation__type_support.cpp.o[0m
[13.928s] [ 36%] [32mBuilding CXX object CMakeFiles/dwb_msgs__rosidl_typesupport_c.dir/rosidl_typesupport_c/dwb_msgs/msg/trajectory2_d__type_support.cpp.o[0m
[13.944s] [ 37%] [32mBuilding CXX object CMakeFiles/dwb_msgs__rosidl_typesupport_introspection_cpp.dir/rosidl_typesupport_introspection_cpp/dwb_msgs/msg/detail/trajectory2_d__type_support.cpp.o[0m
[14.044s] [ 38%] [32m[1mLinking CXX shared library libdwb_msgs__rosidl_typesupport_cpp.so[0m
[14.065s] [ 40%] [32mBuilding CXX object CMakeFiles/dwb_msgs__rosidl_typesupport_c.dir/rosidl_typesupport_c/dwb_msgs/msg/trajectory_score__type_support.cpp.o[0m
[14.139s] [35m[1mScanning dependencies of target dwb_msgs__rosidl_typesupport_introspection_c[0m
[14.181s] [ 41%] [32mBuilding CXX object CMakeFiles/dwb_msgs__rosidl_typesupport_c.dir/rosidl_typesupport_c/dwb_msgs/srv/debug_local_plan__type_support.cpp.o[0m
[14.205s] [ 41%] Built target dwb_msgs__rosidl_typesupport_cpp
[14.238s] [ 42%] [32mBuilding C object CMakeFiles/dwb_msgs__rosidl_typesupport_introspection_c.dir/rosidl_typesupport_introspection_c/dwb_msgs/msg/detail/critic_score__type_support.c.o[0m
[14.254s] [ 43%] [32mBuilding CXX object CMakeFiles/dwb_msgs__rosidl_typesupport_c.dir/rosidl_typesupport_c/dwb_msgs/srv/generate_trajectory__type_support.cpp.o[0m
[14.321s] [ 44%] [32mBuilding C object CMakeFiles/dwb_msgs__rosidl_typesupport_introspection_c.dir/rosidl_typesupport_introspection_c/dwb_msgs/msg/detail/local_plan_evaluation__type_support.c.o[0m
[14.337s] [ 45%] [32mBuilding CXX object CMakeFiles/dwb_msgs__rosidl_typesupport_c.dir/rosidl_typesupport_c/dwb_msgs/srv/generate_twists__type_support.cpp.o[0m
[14.365s] [ 46%] [32mBuilding C object CMakeFiles/dwb_msgs__rosidl_typesupport_introspection_c.dir/rosidl_typesupport_introspection_c/dwb_msgs/msg/detail/trajectory2_d__type_support.c.o[0m
[14.459s] [ 47%] [32mBuilding CXX object CMakeFiles/dwb_msgs__rosidl_typesupport_c.dir/rosidl_typesupport_c/dwb_msgs/srv/get_critic_score__type_support.cpp.o[0m
[14.471s] [ 48%] [32mBuilding CXX object CMakeFiles/dwb_msgs__rosidl_typesupport_introspection_cpp.dir/rosidl_typesupport_introspection_cpp/dwb_msgs/msg/detail/trajectory_score__type_support.cpp.o[0m
[14.517s] [ 49%] [32mBuilding C object CMakeFiles/dwb_msgs__rosidl_typesupport_introspection_c.dir/rosidl_typesupport_introspection_c/dwb_msgs/msg/detail/trajectory_score__type_support.c.o[0m
[14.558s] [ 50%] [32mBuilding CXX object CMakeFiles/dwb_msgs__rosidl_typesupport_c.dir/rosidl_typesupport_c/dwb_msgs/srv/score_trajectory__type_support.cpp.o[0m
[14.663s] [ 51%] [32mBuilding CXX object CMakeFiles/dwb_msgs__rosidl_typesupport_fastrtps_cpp.dir/rosidl_typesupport_fastrtps_cpp/dwb_msgs/srv/detail/dds_fastrtps/debug_local_plan__type_support.cpp.o[0m
[14.663s] [ 52%] [32mBuilding CXX object CMakeFiles/dwb_msgs__rosidl_typesupport_introspection_cpp.dir/rosidl_typesupport_introspection_cpp/dwb_msgs/srv/detail/debug_local_plan__type_support.cpp.o[0m
[14.671s] [ 53%] [32mBuilding C object CMakeFiles/dwb_msgs__rosidl_typesupport_introspection_c.dir/rosidl_typesupport_introspection_c/dwb_msgs/srv/detail/debug_local_plan__type_support.c.o[0m
[14.674s] [ 54%] [32mBuilding C object CMakeFiles/dwb_msgs__rosidl_typesupport_introspection_c.dir/rosidl_typesupport_introspection_c/dwb_msgs/srv/detail/generate_trajectory__type_support.c.o[0m
[14.693s] [ 55%] [32m[1mLinking CXX shared library libdwb_msgs__rosidl_typesupport_c.so[0m
[14.756s] [ 56%] [32mBuilding CXX object CMakeFiles/dwb_msgs__rosidl_typesupport_introspection_cpp.dir/rosidl_typesupport_introspection_cpp/dwb_msgs/srv/detail/generate_trajectory__type_support.cpp.o[0m
[14.778s] [ 57%] [32mBuilding C object CMakeFiles/dwb_msgs__rosidl_typesupport_introspection_c.dir/rosidl_typesupport_introspection_c/dwb_msgs/srv/detail/generate_twists__type_support.c.o[0m
[14.811s] [ 58%] [32mBuilding C object CMakeFiles/dwb_msgs__rosidl_typesupport_introspection_c.dir/rosidl_typesupport_introspection_c/dwb_msgs/srv/detail/get_critic_score__type_support.c.o[0m
[14.817s] [ 60%] [32mBuilding CXX object CMakeFiles/dwb_msgs__rosidl_typesupport_fastrtps_cpp.dir/rosidl_typesupport_fastrtps_cpp/dwb_msgs/srv/detail/dds_fastrtps/generate_trajectory__type_support.cpp.o[0m
[14.851s] [ 60%] Built target dwb_msgs__rosidl_typesupport_c
[14.871s] [ 61%] [32mBuilding CXX object CMakeFiles/dwb_msgs__rosidl_typesupport_fastrtps_cpp.dir/rosidl_typesupport_fastrtps_cpp/dwb_msgs/srv/detail/dds_fastrtps/generate_twists__type_support.cpp.o[0m
[14.894s] [ 62%] [32mBuilding C object CMakeFiles/dwb_msgs__rosidl_typesupport_introspection_c.dir/rosidl_typesupport_introspection_c/dwb_msgs/srv/detail/score_trajectory__type_support.c.o[0m
[14.932s] [ 63%] [32mBuilding CXX object CMakeFiles/dwb_msgs__rosidl_typesupport_introspection_cpp.dir/rosidl_typesupport_introspection_cpp/dwb_msgs/srv/detail/generate_twists__type_support.cpp.o[0m
[15.033s] [ 64%] [32m[1mLinking C shared library libdwb_msgs__rosidl_typesupport_introspection_c.so[0m
[15.198s] [ 64%] Built target dwb_msgs__rosidl_typesupport_introspection_c
[15.230s] [ 65%] [32mBuilding CXX object CMakeFiles/dwb_msgs__rosidl_typesupport_fastrtps_cpp.dir/rosidl_typesupport_fastrtps_cpp/dwb_msgs/srv/detail/dds_fastrtps/get_critic_score__type_support.cpp.o[0m
[15.326s] [ 66%] [32mBuilding CXX object CMakeFiles/dwb_msgs__rosidl_typesupport_fastrtps_cpp.dir/rosidl_typesupport_fastrtps_cpp/dwb_msgs/srv/detail/dds_fastrtps/score_trajectory__type_support.cpp.o[0m
[15.442s] [ 67%] [32mBuilding CXX object CMakeFiles/dwb_msgs__rosidl_typesupport_introspection_cpp.dir/rosidl_typesupport_introspection_cpp/dwb_msgs/srv/detail/get_critic_score__type_support.cpp.o[0m
[15.468s] [ 68%] [32mBuilding CXX object CMakeFiles/dwb_msgs__rosidl_typesupport_introspection_cpp.dir/rosidl_typesupport_introspection_cpp/dwb_msgs/srv/detail/score_trajectory__type_support.cpp.o[0m
[15.985s] [ 69%] [32m[1mLinking CXX shared library libdwb_msgs__rosidl_typesupport_introspection_cpp.so[0m
[16.087s] [ 70%] [32m[1mLinking CXX shared library libdwb_msgs__rosidl_typesupport_fastrtps_cpp.so[0m
[16.121s] [ 70%] Built target dwb_msgs__rosidl_typesupport_introspection_cpp
[16.224s] [ 70%] Built target dwb_msgs__rosidl_typesupport_fastrtps_cpp
[16.238s] [ 71%] [34m[1mGenerating C type support for eProsima Fast-RTPS[0m
[17.093s] [35m[1mScanning dependencies of target dwb_msgs__rosidl_typesupport_fastrtps_c[0m
[17.148s] [ 72%] [32mBuilding CXX object CMakeFiles/dwb_msgs__rosidl_typesupport_fastrtps_c.dir/rosidl_typesupport_fastrtps_c/dwb_msgs/msg/detail/critic_score__type_support_c.cpp.o[0m
[17.148s] [ 73%] [32mBuilding CXX object CMakeFiles/dwb_msgs__rosidl_typesupport_fastrtps_c.dir/rosidl_typesupport_fastrtps_c/dwb_msgs/msg/detail/trajectory_score__type_support_c.cpp.o[0m
[17.150s] [ 74%] [32mBuilding CXX object CMakeFiles/dwb_msgs__rosidl_typesupport_fastrtps_c.dir/rosidl_typesupport_fastrtps_c/dwb_msgs/msg/detail/local_plan_evaluation__type_support_c.cpp.o[0m
[17.151s] [ 75%] [32mBuilding CXX object CMakeFiles/dwb_msgs__rosidl_typesupport_fastrtps_c.dir/rosidl_typesupport_fastrtps_c/dwb_msgs/msg/detail/trajectory2_d__type_support_c.cpp.o[0m
[17.152s] [ 76%] [32mBuilding CXX object CMakeFiles/dwb_msgs__rosidl_typesupport_fastrtps_c.dir/rosidl_typesupport_fastrtps_c/dwb_msgs/srv/detail/debug_local_plan__type_support_c.cpp.o[0m
[17.153s] [ 77%] [32mBuilding CXX object CMakeFiles/dwb_msgs__rosidl_typesupport_fastrtps_c.dir/rosidl_typesupport_fastrtps_c/dwb_msgs/srv/detail/generate_twists__type_support_c.cpp.o[0m
[17.163s] [ 78%] [32mBuilding CXX object CMakeFiles/dwb_msgs__rosidl_typesupport_fastrtps_c.dir/rosidl_typesupport_fastrtps_c/dwb_msgs/srv/detail/generate_trajectory__type_support_c.cpp.o[0m
[17.165s] [ 80%] [32mBuilding CXX object CMakeFiles/dwb_msgs__rosidl_typesupport_fastrtps_c.dir/rosidl_typesupport_fastrtps_c/dwb_msgs/srv/detail/get_critic_score__type_support_c.cpp.o[0m
[17.840s] [ 81%] [32mBuilding CXX object CMakeFiles/dwb_msgs__rosidl_typesupport_fastrtps_c.dir/rosidl_typesupport_fastrtps_c/dwb_msgs/srv/detail/score_trajectory__type_support_c.cpp.o[0m
[18.267s] [ 82%] [32m[1mLinking CXX shared library libdwb_msgs__rosidl_typesupport_fastrtps_c.so[0m
[18.388s] [ 82%] Built target dwb_msgs__rosidl_typesupport_fastrtps_c
[18.401s] [35m[1mScanning dependencies of target dwb_msgs[0m
[18.415s] [ 82%] Built target dwb_msgs
[18.429s] [35m[1mScanning dependencies of target dwb_msgs__py[0m
[18.444s] [ 83%] [34m[1mGenerating Python code for ROS interfaces[0m
[21.797s] [ 83%] Built target dwb_msgs__py
[21.812s] [35m[1mScanning dependencies of target dwb_msgs__python[0m
[21.868s] [ 84%] [32mBuilding C object CMakeFiles/dwb_msgs__python.dir/rosidl_generator_py/dwb_msgs/msg/_local_plan_evaluation_s.c.o[0m
[21.868s] [ 86%] [32mBuilding C object CMakeFiles/dwb_msgs__python.dir/rosidl_generator_py/dwb_msgs/msg/_critic_score_s.c.o[0m
[21.868s] [ 87%] [32mBuilding C object CMakeFiles/dwb_msgs__python.dir/rosidl_generator_py/dwb_msgs/msg/_trajectory2_d_s.c.o[0m
[21.868s] [ 86%] [32mBuilding C object CMakeFiles/dwb_msgs__python.dir/rosidl_generator_py/dwb_msgs/srv/_debug_local_plan_s.c.o[0m
[21.869s] [ 88%] [32mBuilding C object CMakeFiles/dwb_msgs__python.dir/rosidl_generator_py/dwb_msgs/msg/_trajectory_score_s.c.o[0m
[21.871s] [ 90%] [32mBuilding C object CMakeFiles/dwb_msgs__python.dir/rosidl_generator_py/dwb_msgs/srv/_generate_twists_s.c.o[0m
[21.871s] [ 90%] [32mBuilding C object CMakeFiles/dwb_msgs__python.dir/rosidl_generator_py/dwb_msgs/srv/_generate_trajectory_s.c.o[0m
[21.884s] [ 91%] [32mBuilding C object CMakeFiles/dwb_msgs__python.dir/rosidl_generator_py/dwb_msgs/srv/_get_critic_score_s.c.o[0m
[22.054s] [ 92%] [32mBuilding C object CMakeFiles/dwb_msgs__python.dir/rosidl_generator_py/dwb_msgs/srv/_score_trajectory_s.c.o[0m
[22.170s] [ 93%] [32m[1mLinking C shared library rosidl_generator_py/dwb_msgs/libdwb_msgs__python.so[0m
[22.239s] [ 93%] Built target dwb_msgs__python
[22.252s] [35m[1mScanning dependencies of target dwb_msgs__rosidl_typesupport_introspection_c__pyext[0m
[22.252s] [35m[1mScanning dependencies of target dwb_msgs__rosidl_typesupport_c__pyext[0m
[22.253s] [35m[1mScanning dependencies of target dwb_msgs__rosidl_typesupport_fastrtps_c__pyext[0m
[22.281s] [ 94%] [32mBuilding C object CMakeFiles/dwb_msgs__rosidl_typesupport_c__pyext.dir/rosidl_generator_py/dwb_msgs/_dwb_msgs_s.ep.rosidl_typesupport_c.c.o[0m
[22.281s] [ 95%] [32mBuilding C object CMakeFiles/dwb_msgs__rosidl_typesupport_introspection_c__pyext.dir/rosidl_generator_py/dwb_msgs/_dwb_msgs_s.ep.rosidl_typesupport_introspection_c.c.o[0m
[22.286s] [ 96%] [32mBuilding C object CMakeFiles/dwb_msgs__rosidl_typesupport_fastrtps_c__pyext.dir/rosidl_generator_py/dwb_msgs/_dwb_msgs_s.ep.rosidl_typesupport_fastrtps_c.c.o[0m
[22.426s] [ 97%] [32m[1mLinking C shared library rosidl_generator_py/dwb_msgs/dwb_msgs_s__rosidl_typesupport_introspection_c.cpython-38-x86_64-linux-gnu.so[0m
[22.428s] [ 98%] [32m[1mLinking C shared library rosidl_generator_py/dwb_msgs/dwb_msgs_s__rosidl_typesupport_c.cpython-38-x86_64-linux-gnu.so[0m
[22.442s] [100%] [32m[1mLinking CXX shared library rosidl_generator_py/dwb_msgs/dwb_msgs_s__rosidl_typesupport_fastrtps_c.cpython-38-x86_64-linux-gnu.so[0m
[22.501s] [100%] Built target dwb_msgs__rosidl_typesupport_c__pyext
[22.502s] [100%] Built target dwb_msgs__rosidl_typesupport_introspection_c__pyext
[22.543s] [100%] Built target dwb_msgs__rosidl_typesupport_fastrtps_c__pyext
[22.568s] Invoked command in '/home/terra/nav2_ws/build/dwb_msgs' returned '0': AMENT_PREFIX_PATH=/home/terra/nav2_ws/install/nav_2d_msgs:${AMENT_PREFIX_PATH} CMAKE_PREFIX_PATH=/home/terra/nav2_ws/install/nav_2d_msgs:/opt/ros/foxy LD_LIBRARY_PATH=/home/terra/nav2_ws/install/nav_2d_msgs/lib:${LD_LIBRARY_PATH} PYTHONPATH=/home/terra/nav2_ws/install/nav_2d_msgs/lib/python3.8/site-packages:${PYTHONPATH} /usr/bin/cmake --build /home/terra/nav2_ws/build/dwb_msgs -- -j8 -l8
[22.782s] Invoking command in '/home/terra/nav2_ws/build/dwb_msgs': AMENT_PREFIX_PATH=/home/terra/nav2_ws/install/nav_2d_msgs:${AMENT_PREFIX_PATH} CMAKE_PREFIX_PATH=/home/terra/nav2_ws/install/nav_2d_msgs:/opt/ros/foxy LD_LIBRARY_PATH=/home/terra/nav2_ws/install/nav_2d_msgs/lib:${LD_LIBRARY_PATH} PYTHONPATH=/home/terra/nav2_ws/install/nav_2d_msgs/lib/python3.8/site-packages:${PYTHONPATH} /usr/bin/cmake --install /home/terra/nav2_ws/build/dwb_msgs
[22.796s] -- Install configuration: ""
[22.797s] -- Execute custom install script
[22.797s] -- Symlinking: /home/terra/nav2_ws/install/dwb_msgs/share/ament_index/resource_index/rosidl_interfaces/dwb_msgs
[22.810s] -- Symlinking: /home/terra/nav2_ws/install/dwb_msgs/include/dwb_msgs/msg/critic_score.h
[22.822s] -- Symlinking: /home/terra/nav2_ws/install/dwb_msgs/include/dwb_msgs/msg/detail/critic_score__functions.h
[22.834s] -- Symlinking: /home/terra/nav2_ws/install/dwb_msgs/include/dwb_msgs/msg/detail/critic_score__struct.h
[22.845s] -- Symlinking: /home/terra/nav2_ws/install/dwb_msgs/include/dwb_msgs/msg/detail/critic_score__type_support.h
[22.856s] -- Symlinking: /home/terra/nav2_ws/install/dwb_msgs/include/dwb_msgs/msg/detail/local_plan_evaluation__functions.h
[22.868s] -- Symlinking: /home/terra/nav2_ws/install/dwb_msgs/include/dwb_msgs/msg/detail/local_plan_evaluation__struct.h
[22.879s] -- Symlinking: /home/terra/nav2_ws/install/dwb_msgs/include/dwb_msgs/msg/detail/local_plan_evaluation__type_support.h
[22.891s] -- Symlinking: /home/terra/nav2_ws/install/dwb_msgs/include/dwb_msgs/msg/detail/trajectory2_d__functions.h
[22.902s] -- Symlinking: /home/terra/nav2_ws/install/dwb_msgs/include/dwb_msgs/msg/detail/trajectory2_d__struct.h
[22.914s] -- Symlinking: /home/terra/nav2_ws/install/dwb_msgs/include/dwb_msgs/msg/detail/trajectory2_d__type_support.h
[22.926s] -- Symlinking: /home/terra/nav2_ws/install/dwb_msgs/include/dwb_msgs/msg/detail/trajectory_score__functions.h
[22.937s] -- Symlinking: /home/terra/nav2_ws/install/dwb_msgs/include/dwb_msgs/msg/detail/trajectory_score__struct.h
[22.949s] -- Symlinking: /home/terra/nav2_ws/install/dwb_msgs/include/dwb_msgs/msg/detail/trajectory_score__type_support.h
[22.960s] -- Symlinking: /home/terra/nav2_ws/install/dwb_msgs/include/dwb_msgs/msg/local_plan_evaluation.h
[22.971s] -- Symlinking: /home/terra/nav2_ws/install/dwb_msgs/include/dwb_msgs/msg/rosidl_generator_c__visibility_control.h
[22.983s] -- Symlinking: /home/terra/nav2_ws/install/dwb_msgs/include/dwb_msgs/msg/trajectory2_d.h
[22.994s] -- Symlinking: /home/terra/nav2_ws/install/dwb_msgs/include/dwb_msgs/msg/trajectory_score.h
[23.005s] -- Symlinking: /home/terra/nav2_ws/install/dwb_msgs/include/dwb_msgs/srv/debug_local_plan.h
[23.018s] -- Symlinking: /home/terra/nav2_ws/install/dwb_msgs/include/dwb_msgs/srv/detail/debug_local_plan__functions.h
[23.030s] -- Symlinking: /home/terra/nav2_ws/install/dwb_msgs/include/dwb_msgs/srv/detail/debug_local_plan__struct.h
[23.041s] -- Symlinking: /home/terra/nav2_ws/install/dwb_msgs/include/dwb_msgs/srv/detail/debug_local_plan__type_support.h
[23.053s] -- Symlinking: /home/terra/nav2_ws/install/dwb_msgs/include/dwb_msgs/srv/detail/generate_trajectory__functions.h
[23.064s] -- Symlinking: /home/terra/nav2_ws/install/dwb_msgs/include/dwb_msgs/srv/detail/generate_trajectory__struct.h
[23.076s] -- Symlinking: /home/terra/nav2_ws/install/dwb_msgs/include/dwb_msgs/srv/detail/generate_trajectory__type_support.h
[23.087s] -- Symlinking: /home/terra/nav2_ws/install/dwb_msgs/include/dwb_msgs/srv/detail/generate_twists__functions.h
[23.098s] -- Symlinking: /home/terra/nav2_ws/install/dwb_msgs/include/dwb_msgs/srv/detail/generate_twists__struct.h
[23.110s] -- Symlinking: /home/terra/nav2_ws/install/dwb_msgs/include/dwb_msgs/srv/detail/generate_twists__type_support.h
[23.121s] -- Symlinking: /home/terra/nav2_ws/install/dwb_msgs/include/dwb_msgs/srv/detail/get_critic_score__functions.h
[23.133s] -- Symlinking: /home/terra/nav2_ws/install/dwb_msgs/include/dwb_msgs/srv/detail/get_critic_score__struct.h
[23.144s] -- Symlinking: /home/terra/nav2_ws/install/dwb_msgs/include/dwb_msgs/srv/detail/get_critic_score__type_support.h
[23.156s] -- Symlinking: /home/terra/nav2_ws/install/dwb_msgs/include/dwb_msgs/srv/detail/score_trajectory__functions.h
[23.167s] -- Symlinking: /home/terra/nav2_ws/install/dwb_msgs/include/dwb_msgs/srv/detail/score_trajectory__struct.h
[23.178s] -- Symlinking: /home/terra/nav2_ws/install/dwb_msgs/include/dwb_msgs/srv/detail/score_trajectory__type_support.h
[23.189s] -- Symlinking: /home/terra/nav2_ws/install/dwb_msgs/include/dwb_msgs/srv/generate_trajectory.h
[23.201s] -- Symlinking: /home/terra/nav2_ws/install/dwb_msgs/include/dwb_msgs/srv/generate_twists.h
[23.213s] -- Symlinking: /home/terra/nav2_ws/install/dwb_msgs/include/dwb_msgs/srv/get_critic_score.h
[23.224s] -- Symlinking: /home/terra/nav2_ws/install/dwb_msgs/include/dwb_msgs/srv/score_trajectory.h
[23.236s] -- Symlinking: /home/terra/nav2_ws/install/dwb_msgs/share/dwb_msgs/environment/library_path.sh
[23.247s] -- Symlinking: /home/terra/nav2_ws/install/dwb_msgs/share/dwb_msgs/environment/library_path.dsv
[23.259s] -- Symlinking: /home/terra/nav2_ws/install/dwb_msgs/include/dwb_msgs/msg/detail/critic_score__rosidl_typesupport_fastrtps_c.h
[23.270s] -- Symlinking: /home/terra/nav2_ws/install/dwb_msgs/include/dwb_msgs/msg/detail/local_plan_evaluation__rosidl_typesupport_fastrtps_c.h
[23.282s] -- Symlinking: /home/terra/nav2_ws/install/dwb_msgs/include/dwb_msgs/msg/detail/trajectory2_d__rosidl_typesupport_fastrtps_c.h
[23.293s] -- Symlinking: /home/terra/nav2_ws/install/dwb_msgs/include/dwb_msgs/msg/detail/trajectory_score__rosidl_typesupport_fastrtps_c.h
[23.304s] -- Symlinking: /home/terra/nav2_ws/install/dwb_msgs/include/dwb_msgs/msg/rosidl_typesupport_fastrtps_c__visibility_control.h
[23.316s] -- Symlinking: /home/terra/nav2_ws/install/dwb_msgs/include/dwb_msgs/srv/detail/debug_local_plan__rosidl_typesupport_fastrtps_c.h
[23.328s] -- Symlinking: /home/terra/nav2_ws/install/dwb_msgs/include/dwb_msgs/srv/detail/generate_trajectory__rosidl_typesupport_fastrtps_c.h
[23.339s] -- Symlinking: /home/terra/nav2_ws/install/dwb_msgs/include/dwb_msgs/srv/detail/generate_twists__rosidl_typesupport_fastrtps_c.h
[23.351s] -- Symlinking: /home/terra/nav2_ws/install/dwb_msgs/include/dwb_msgs/srv/detail/get_critic_score__rosidl_typesupport_fastrtps_c.h
[23.362s] -- Symlinking: /home/terra/nav2_ws/install/dwb_msgs/include/dwb_msgs/srv/detail/score_trajectory__rosidl_typesupport_fastrtps_c.h
[23.374s] -- Symlinking: /home/terra/nav2_ws/install/dwb_msgs/lib/libdwb_msgs__rosidl_typesupport_fastrtps_c.so
[23.387s] -- Symlinking: /home/terra/nav2_ws/install/dwb_msgs/include/dwb_msgs/msg/detail/critic_score__rosidl_typesupport_fastrtps_cpp.hpp
[23.398s] -- Symlinking: /home/terra/nav2_ws/install/dwb_msgs/include/dwb_msgs/msg/detail/local_plan_evaluation__rosidl_typesupport_fastrtps_cpp.hpp
[23.410s] -- Symlinking: /home/terra/nav2_ws/install/dwb_msgs/include/dwb_msgs/msg/detail/trajectory2_d__rosidl_typesupport_fastrtps_cpp.hpp
[23.421s] -- Symlinking: /home/terra/nav2_ws/install/dwb_msgs/include/dwb_msgs/msg/detail/trajectory_score__rosidl_typesupport_fastrtps_cpp.hpp
[23.433s] -- Symlinking: /home/terra/nav2_ws/install/dwb_msgs/include/dwb_msgs/msg/rosidl_typesupport_fastrtps_cpp__visibility_control.h
[23.444s] -- Symlinking: /home/terra/nav2_ws/install/dwb_msgs/include/dwb_msgs/srv/detail/debug_local_plan__rosidl_typesupport_fastrtps_cpp.hpp
[23.455s] -- Symlinking: /home/terra/nav2_ws/install/dwb_msgs/include/dwb_msgs/srv/detail/generate_trajectory__rosidl_typesupport_fastrtps_cpp.hpp
[23.466s] -- Symlinking: /home/terra/nav2_ws/install/dwb_msgs/include/dwb_msgs/srv/detail/generate_twists__rosidl_typesupport_fastrtps_cpp.hpp
[23.478s] -- Symlinking: /home/terra/nav2_ws/install/dwb_msgs/include/dwb_msgs/srv/detail/get_critic_score__rosidl_typesupport_fastrtps_cpp.hpp
[23.489s] -- Symlinking: /home/terra/nav2_ws/install/dwb_msgs/include/dwb_msgs/srv/detail/score_trajectory__rosidl_typesupport_fastrtps_cpp.hpp
[23.501s] -- Symlinking: /home/terra/nav2_ws/install/dwb_msgs/lib/libdwb_msgs__rosidl_typesupport_fastrtps_cpp.so
[23.514s] -- Symlinking: /home/terra/nav2_ws/install/dwb_msgs/include/dwb_msgs/msg/detail/critic_score__rosidl_typesupport_introspection_c.h
[23.525s] -- Symlinking: /home/terra/nav2_ws/install/dwb_msgs/include/dwb_msgs/msg/detail/local_plan_evaluation__rosidl_typesupport_introspection_c.h
[23.536s] -- Symlinking: /home/terra/nav2_ws/install/dwb_msgs/include/dwb_msgs/msg/detail/trajectory2_d__rosidl_typesupport_introspection_c.h
[23.547s] -- Symlinking: /home/terra/nav2_ws/install/dwb_msgs/include/dwb_msgs/msg/detail/trajectory_score__rosidl_typesupport_introspection_c.h
[23.559s] -- Symlinking: /home/terra/nav2_ws/install/dwb_msgs/include/dwb_msgs/msg/rosidl_typesupport_introspection_c__visibility_control.h
[23.570s] -- Symlinking: /home/terra/nav2_ws/install/dwb_msgs/include/dwb_msgs/srv/detail/debug_local_plan__rosidl_typesupport_introspection_c.h
[23.582s] -- Symlinking: /home/terra/nav2_ws/install/dwb_msgs/include/dwb_msgs/srv/detail/generate_trajectory__rosidl_typesupport_introspection_c.h
[23.593s] -- Symlinking: /home/terra/nav2_ws/install/dwb_msgs/include/dwb_msgs/srv/detail/generate_twists__rosidl_typesupport_introspection_c.h
[23.605s] -- Symlinking: /home/terra/nav2_ws/install/dwb_msgs/include/dwb_msgs/srv/detail/get_critic_score__rosidl_typesupport_introspection_c.h
[23.617s] -- Symlinking: /home/terra/nav2_ws/install/dwb_msgs/include/dwb_msgs/srv/detail/score_trajectory__rosidl_typesupport_introspection_c.h
[23.629s] -- Symlinking: /home/terra/nav2_ws/install/dwb_msgs/include/dwb_msgs/msg/critic_score.hpp
[23.640s] -- Symlinking: /home/terra/nav2_ws/install/dwb_msgs/include/dwb_msgs/msg/detail/critic_score__builder.hpp
[23.652s] -- Symlinking: /home/terra/nav2_ws/install/dwb_msgs/include/dwb_msgs/msg/detail/critic_score__struct.hpp
[23.664s] -- Symlinking: /home/terra/nav2_ws/install/dwb_msgs/include/dwb_msgs/msg/detail/critic_score__traits.hpp
[23.675s] -- Symlinking: /home/terra/nav2_ws/install/dwb_msgs/include/dwb_msgs/msg/detail/local_plan_evaluation__builder.hpp
[23.686s] -- Symlinking: /home/terra/nav2_ws/install/dwb_msgs/include/dwb_msgs/msg/detail/local_plan_evaluation__struct.hpp
[23.698s] -- Symlinking: /home/terra/nav2_ws/install/dwb_msgs/include/dwb_msgs/msg/detail/local_plan_evaluation__traits.hpp
[23.709s] -- Symlinking: /home/terra/nav2_ws/install/dwb_msgs/include/dwb_msgs/msg/detail/trajectory2_d__builder.hpp
[23.721s] -- Symlinking: /home/terra/nav2_ws/install/dwb_msgs/include/dwb_msgs/msg/detail/trajectory2_d__struct.hpp
[23.733s] -- Symlinking: /home/terra/nav2_ws/install/dwb_msgs/include/dwb_msgs/msg/detail/trajectory2_d__traits.hpp
[23.756s] -- Symlinking: /home/terra/nav2_ws/install/dwb_msgs/include/dwb_msgs/msg/detail/trajectory_score__builder.hpp
[23.769s] -- Symlinking: /home/terra/nav2_ws/install/dwb_msgs/include/dwb_msgs/msg/detail/trajectory_score__struct.hpp
[23.781s] -- Symlinking: /home/terra/nav2_ws/install/dwb_msgs/include/dwb_msgs/msg/detail/trajectory_score__traits.hpp
[23.792s] -- Symlinking: /home/terra/nav2_ws/install/dwb_msgs/include/dwb_msgs/msg/local_plan_evaluation.hpp
[23.804s] -- Symlinking: /home/terra/nav2_ws/install/dwb_msgs/include/dwb_msgs/msg/trajectory2_d.hpp
[23.816s] -- Symlinking: /home/terra/nav2_ws/install/dwb_msgs/include/dwb_msgs/msg/trajectory_score.hpp
[23.828s] -- Symlinking: /home/terra/nav2_ws/install/dwb_msgs/include/dwb_msgs/srv/debug_local_plan.hpp
[23.839s] -- Symlinking: /home/terra/nav2_ws/install/dwb_msgs/include/dwb_msgs/srv/detail/debug_local_plan__builder.hpp
[23.851s] -- Symlinking: /home/terra/nav2_ws/install/dwb_msgs/include/dwb_msgs/srv/detail/debug_local_plan__struct.hpp
[23.862s] -- Symlinking: /home/terra/nav2_ws/install/dwb_msgs/include/dwb_msgs/srv/detail/debug_local_plan__traits.hpp
[23.873s] -- Symlinking: /home/terra/nav2_ws/install/dwb_msgs/include/dwb_msgs/srv/detail/generate_trajectory__builder.hpp
[23.885s] -- Symlinking: /home/terra/nav2_ws/install/dwb_msgs/include/dwb_msgs/srv/detail/generate_trajectory__struct.hpp
[23.896s] -- Symlinking: /home/terra/nav2_ws/install/dwb_msgs/include/dwb_msgs/srv/detail/generate_trajectory__traits.hpp
[23.908s] -- Symlinking: /home/terra/nav2_ws/install/dwb_msgs/include/dwb_msgs/srv/detail/generate_twists__builder.hpp
[23.920s] -- Symlinking: /home/terra/nav2_ws/install/dwb_msgs/include/dwb_msgs/srv/detail/generate_twists__struct.hpp
[23.932s] -- Symlinking: /home/terra/nav2_ws/install/dwb_msgs/include/dwb_msgs/srv/detail/generate_twists__traits.hpp
[23.944s] -- Symlinking: /home/terra/nav2_ws/install/dwb_msgs/include/dwb_msgs/srv/detail/get_critic_score__builder.hpp
[23.955s] -- Symlinking: /home/terra/nav2_ws/install/dwb_msgs/include/dwb_msgs/srv/detail/get_critic_score__struct.hpp
[23.966s] -- Symlinking: /home/terra/nav2_ws/install/dwb_msgs/include/dwb_msgs/srv/detail/get_critic_score__traits.hpp
[23.978s] -- Symlinking: /home/terra/nav2_ws/install/dwb_msgs/include/dwb_msgs/srv/detail/score_trajectory__builder.hpp
[23.989s] -- Symlinking: /home/terra/nav2_ws/install/dwb_msgs/include/dwb_msgs/srv/detail/score_trajectory__struct.hpp
[24.001s] -- Symlinking: /home/terra/nav2_ws/install/dwb_msgs/include/dwb_msgs/srv/detail/score_trajectory__traits.hpp
[24.013s] -- Symlinking: /home/terra/nav2_ws/install/dwb_msgs/include/dwb_msgs/srv/generate_trajectory.hpp
[24.023s] -- Symlinking: /home/terra/nav2_ws/install/dwb_msgs/include/dwb_msgs/srv/generate_twists.hpp
[24.035s] -- Symlinking: /home/terra/nav2_ws/install/dwb_msgs/include/dwb_msgs/srv/get_critic_score.hpp
[24.046s] -- Symlinking: /home/terra/nav2_ws/install/dwb_msgs/include/dwb_msgs/srv/score_trajectory.hpp
[24.058s] -- Symlinking: /home/terra/nav2_ws/install/dwb_msgs/include/dwb_msgs/msg/detail/critic_score__rosidl_typesupport_introspection_cpp.hpp
[24.070s] -- Symlinking: /home/terra/nav2_ws/install/dwb_msgs/include/dwb_msgs/msg/detail/local_plan_evaluation__rosidl_typesupport_introspection_cpp.hpp
[24.081s] -- Symlinking: /home/terra/nav2_ws/install/dwb_msgs/include/dwb_msgs/msg/detail/trajectory2_d__rosidl_typesupport_introspection_cpp.hpp
[24.093s] -- Symlinking: /home/terra/nav2_ws/install/dwb_msgs/include/dwb_msgs/msg/detail/trajectory_score__rosidl_typesupport_introspection_cpp.hpp
[24.108s] -- Symlinking: /home/terra/nav2_ws/install/dwb_msgs/include/dwb_msgs/srv/detail/debug_local_plan__rosidl_typesupport_introspection_cpp.hpp
[24.120s] -- Symlinking: /home/terra/nav2_ws/install/dwb_msgs/include/dwb_msgs/srv/detail/generate_trajectory__rosidl_typesupport_introspection_cpp.hpp
[24.131s] -- Symlinking: /home/terra/nav2_ws/install/dwb_msgs/include/dwb_msgs/srv/detail/generate_twists__rosidl_typesupport_introspection_cpp.hpp
[24.142s] -- Symlinking: /home/terra/nav2_ws/install/dwb_msgs/include/dwb_msgs/srv/detail/get_critic_score__rosidl_typesupport_introspection_cpp.hpp
[24.153s] -- Symlinking: /home/terra/nav2_ws/install/dwb_msgs/include/dwb_msgs/srv/detail/score_trajectory__rosidl_typesupport_introspection_cpp.hpp
[24.164s] -- Symlinking: /home/terra/nav2_ws/install/dwb_msgs/share/dwb_msgs/environment/pythonpath.sh
[24.176s] -- Symlinking: /home/terra/nav2_ws/install/dwb_msgs/share/dwb_msgs/environment/pythonpath.dsv
[24.187s] -- Symlinking: /home/terra/nav2_ws/install/dwb_msgs/lib/python3.8/site-packages/dwb_msgs/__init__.py
[24.199s] -- Symlinking: /home/terra/nav2_ws/install/dwb_msgs/lib/python3.8/site-packages/dwb_msgs/msg/__init__.py
[24.210s] -- Symlinking: /home/terra/nav2_ws/install/dwb_msgs/lib/python3.8/site-packages/dwb_msgs/msg/_critic_score.py
[24.226s] -- Symlinking: /home/terra/nav2_ws/install/dwb_msgs/lib/python3.8/site-packages/dwb_msgs/msg/_local_plan_evaluation.py
[24.237s] -- Symlinking: /home/terra/nav2_ws/install/dwb_msgs/lib/python3.8/site-packages/dwb_msgs/msg/_trajectory2_d.py
[24.249s] -- Symlinking: /home/terra/nav2_ws/install/dwb_msgs/lib/python3.8/site-packages/dwb_msgs/msg/_trajectory_score.py
[24.260s] -- Symlinking: /home/terra/nav2_ws/install/dwb_msgs/lib/python3.8/site-packages/dwb_msgs/srv/__init__.py
[24.272s] -- Symlinking: /home/terra/nav2_ws/install/dwb_msgs/lib/python3.8/site-packages/dwb_msgs/srv/_debug_local_plan.py
[24.283s] -- Symlinking: /home/terra/nav2_ws/install/dwb_msgs/lib/python3.8/site-packages/dwb_msgs/srv/_generate_trajectory.py
[24.294s] -- Symlinking: /home/terra/nav2_ws/install/dwb_msgs/lib/python3.8/site-packages/dwb_msgs/srv/_generate_twists.py
[24.305s] -- Symlinking: /home/terra/nav2_ws/install/dwb_msgs/lib/python3.8/site-packages/dwb_msgs/srv/_get_critic_score.py
[24.317s] -- Symlinking: /home/terra/nav2_ws/install/dwb_msgs/lib/python3.8/site-packages/dwb_msgs/srv/_score_trajectory.py
[24.329s] -- Symlinking: /home/terra/nav2_ws/install/dwb_msgs/lib/python3.8/site-packages/dwb_msgs/dwb_msgs_s__rosidl_typesupport_fastrtps_c.cpython-38-x86_64-linux-gnu.so
[24.341s] -- Symlinking: /home/terra/nav2_ws/install/dwb_msgs/lib/python3.8/site-packages/dwb_msgs/dwb_msgs_s__rosidl_typesupport_introspection_c.cpython-38-x86_64-linux-gnu.so
[24.352s] -- Symlinking: /home/terra/nav2_ws/install/dwb_msgs/lib/python3.8/site-packages/dwb_msgs/dwb_msgs_s__rosidl_typesupport_c.cpython-38-x86_64-linux-gnu.so
[24.364s] -- Symlinking: /home/terra/nav2_ws/install/dwb_msgs/lib/libdwb_msgs__python.so
[24.375s] -- Symlinking: /home/terra/nav2_ws/install/dwb_msgs/share/dwb_msgs/msg/CriticScore.idl
[24.387s] -- Symlinking: /home/terra/nav2_ws/install/dwb_msgs/share/dwb_msgs/msg/LocalPlanEvaluation.idl
[24.398s] -- Symlinking: /home/terra/nav2_ws/install/dwb_msgs/share/dwb_msgs/msg/Trajectory2D.idl
[24.409s] -- Symlinking: /home/terra/nav2_ws/install/dwb_msgs/share/dwb_msgs/msg/TrajectoryScore.idl
[24.421s] -- Symlinking: /home/terra/nav2_ws/install/dwb_msgs/share/dwb_msgs/srv/DebugLocalPlan.idl
[24.433s] -- Symlinking: /home/terra/nav2_ws/install/dwb_msgs/share/dwb_msgs/srv/GenerateTrajectory.idl
[24.444s] -- Symlinking: /home/terra/nav2_ws/install/dwb_msgs/share/dwb_msgs/srv/GenerateTwists.idl
[24.456s] -- Symlinking: /home/terra/nav2_ws/install/dwb_msgs/share/dwb_msgs/srv/GetCriticScore.idl
[24.467s] -- Symlinking: /home/terra/nav2_ws/install/dwb_msgs/share/dwb_msgs/srv/ScoreTrajectory.idl
[24.479s] -- Symlinking: /home/terra/nav2_ws/install/dwb_msgs/share/dwb_msgs/msg/CriticScore.msg
[24.490s] -- Symlinking: /home/terra/nav2_ws/install/dwb_msgs/share/dwb_msgs/msg/LocalPlanEvaluation.msg
[24.501s] -- Symlinking: /home/terra/nav2_ws/install/dwb_msgs/share/dwb_msgs/msg/Trajectory2D.msg
[24.513s] -- Symlinking: /home/terra/nav2_ws/install/dwb_msgs/share/dwb_msgs/msg/TrajectoryScore.msg
[24.525s] -- Symlinking: /home/terra/nav2_ws/install/dwb_msgs/share/dwb_msgs/srv/DebugLocalPlan.srv
[24.536s] -- Symlinking: /home/terra/nav2_ws/install/dwb_msgs/share/dwb_msgs/srv/DebugLocalPlan_Request.msg
[24.547s] -- Symlinking: /home/terra/nav2_ws/install/dwb_msgs/share/dwb_msgs/srv/DebugLocalPlan_Response.msg
[24.559s] -- Symlinking: /home/terra/nav2_ws/install/dwb_msgs/share/dwb_msgs/srv/GenerateTrajectory.srv
[24.570s] -- Symlinking: /home/terra/nav2_ws/install/dwb_msgs/share/dwb_msgs/srv/GenerateTrajectory_Request.msg
[24.581s] -- Symlinking: /home/terra/nav2_ws/install/dwb_msgs/share/dwb_msgs/srv/GenerateTrajectory_Response.msg
[24.593s] -- Symlinking: /home/terra/nav2_ws/install/dwb_msgs/share/dwb_msgs/srv/GenerateTwists.srv
[24.604s] -- Symlinking: /home/terra/nav2_ws/install/dwb_msgs/share/dwb_msgs/srv/GenerateTwists_Request.msg
[24.616s] -- Symlinking: /home/terra/nav2_ws/install/dwb_msgs/share/dwb_msgs/srv/GenerateTwists_Response.msg
[24.627s] -- Symlinking: /home/terra/nav2_ws/install/dwb_msgs/share/dwb_msgs/srv/GetCriticScore.srv
[24.639s] -- Symlinking: /home/terra/nav2_ws/install/dwb_msgs/share/dwb_msgs/srv/GetCriticScore_Request.msg
[24.650s] -- Symlinking: /home/terra/nav2_ws/install/dwb_msgs/share/dwb_msgs/srv/GetCriticScore_Response.msg
[24.661s] -- Symlinking: /home/terra/nav2_ws/install/dwb_msgs/share/dwb_msgs/srv/ScoreTrajectory.srv
[24.672s] -- Symlinking: /home/terra/nav2_ws/install/dwb_msgs/share/dwb_msgs/srv/ScoreTrajectory_Request.msg
[24.683s] -- Symlinking: /home/terra/nav2_ws/install/dwb_msgs/share/dwb_msgs/srv/ScoreTrajectory_Response.msg
[24.695s] -- Symlinking: /home/terra/nav2_ws/install/dwb_msgs/share/ament_index/resource_index/package_run_dependencies/dwb_msgs
[24.707s] -- Symlinking: /home/terra/nav2_ws/install/dwb_msgs/share/ament_index/resource_index/parent_prefix_path/dwb_msgs
[24.719s] -- Symlinking: /home/terra/nav2_ws/install/dwb_msgs/share/dwb_msgs/environment/ament_prefix_path.sh
[24.731s] -- Symlinking: /home/terra/nav2_ws/install/dwb_msgs/share/dwb_msgs/environment/ament_prefix_path.dsv
[24.742s] -- Symlinking: /home/terra/nav2_ws/install/dwb_msgs/share/dwb_msgs/environment/path.sh
[24.753s] -- Symlinking: /home/terra/nav2_ws/install/dwb_msgs/share/dwb_msgs/environment/path.dsv
[24.765s] -- Symlinking: /home/terra/nav2_ws/install/dwb_msgs/share/dwb_msgs/local_setup.bash
[24.776s] -- Symlinking: /home/terra/nav2_ws/install/dwb_msgs/share/dwb_msgs/local_setup.sh
[24.788s] -- Symlinking: /home/terra/nav2_ws/install/dwb_msgs/share/dwb_msgs/local_setup.zsh
[24.799s] -- Symlinking: /home/terra/nav2_ws/install/dwb_msgs/share/dwb_msgs/local_setup.dsv
[24.811s] -- Symlinking: /home/terra/nav2_ws/install/dwb_msgs/share/dwb_msgs/package.dsv
[24.823s] -- Symlinking: /home/terra/nav2_ws/install/dwb_msgs/share/ament_index/resource_index/packages/dwb_msgs
[24.835s] -- Symlinking: /home/terra/nav2_ws/install/dwb_msgs/share/dwb_msgs/cmake/rosidl_cmake-extras.cmake
[24.846s] -- Symlinking: /home/terra/nav2_ws/install/dwb_msgs/share/dwb_msgs/cmake/ament_cmake_export_dependencies-extras.cmake
[24.858s] -- Symlinking: /home/terra/nav2_ws/install/dwb_msgs/share/dwb_msgs/cmake/ament_cmake_export_libraries-extras.cmake
[24.869s] -- Symlinking: /home/terra/nav2_ws/install/dwb_msgs/share/dwb_msgs/cmake/ament_cmake_export_targets-extras.cmake
[24.881s] -- Symlinking: /home/terra/nav2_ws/install/dwb_msgs/share/dwb_msgs/cmake/ament_cmake_export_include_directories-extras.cmake
[24.892s] -- Symlinking: /home/terra/nav2_ws/install/dwb_msgs/share/dwb_msgs/cmake/rosidl_cmake_export_typesupport_libraries-extras.cmake
[24.904s] -- Symlinking: /home/terra/nav2_ws/install/dwb_msgs/share/dwb_msgs/cmake/rosidl_cmake_export_typesupport_targets-extras.cmake
[24.916s] -- Symlinking: /home/terra/nav2_ws/install/dwb_msgs/share/dwb_msgs/cmake/dwb_msgsConfig.cmake
[24.928s] -- Symlinking: /home/terra/nav2_ws/install/dwb_msgs/share/dwb_msgs/cmake/dwb_msgsConfig-version.cmake
[24.939s] -- Symlinking: /home/terra/nav2_ws/install/dwb_msgs/share/dwb_msgs/package.xml
[24.950s] -- Installing: /home/terra/nav2_ws/install/dwb_msgs/lib/libdwb_msgs__rosidl_generator_c.so
[24.951s] -- Set runtime path of "/home/terra/nav2_ws/install/dwb_msgs/lib/libdwb_msgs__rosidl_generator_c.so" to ""
[24.951s] -- Installing: /home/terra/nav2_ws/install/dwb_msgs/lib/libdwb_msgs__rosidl_typesupport_introspection_c.so
[24.952s] -- Set runtime path of "/home/terra/nav2_ws/install/dwb_msgs/lib/libdwb_msgs__rosidl_typesupport_introspection_c.so" to ""
[24.952s] -- Installing: /home/terra/nav2_ws/install/dwb_msgs/lib/libdwb_msgs__rosidl_typesupport_c.so
[24.953s] -- Set runtime path of "/home/terra/nav2_ws/install/dwb_msgs/lib/libdwb_msgs__rosidl_typesupport_c.so" to ""
[24.953s] -- Installing: /home/terra/nav2_ws/install/dwb_msgs/lib/libdwb_msgs__rosidl_typesupport_introspection_cpp.so
[24.954s] -- Set runtime path of "/home/terra/nav2_ws/install/dwb_msgs/lib/libdwb_msgs__rosidl_typesupport_introspection_cpp.so" to ""
[24.954s] -- Installing: /home/terra/nav2_ws/install/dwb_msgs/lib/libdwb_msgs__rosidl_typesupport_cpp.so
[24.955s] -- Set runtime path of "/home/terra/nav2_ws/install/dwb_msgs/lib/libdwb_msgs__rosidl_typesupport_cpp.so" to ""
[24.988s] Compiling '/home/terra/nav2_ws/install/dwb_msgs/lib/python3.8/site-packages/dwb_msgs/__init__.py'...
[24.992s] -- Installing: /home/terra/nav2_ws/install/dwb_msgs/share/dwb_msgs/cmake/dwb_msgs__rosidl_generator_cExport.cmake
[24.993s] -- Installing: /home/terra/nav2_ws/install/dwb_msgs/share/dwb_msgs/cmake/dwb_msgs__rosidl_generator_cExport-noconfig.cmake
[24.993s] -- Installing: /home/terra/nav2_ws/install/dwb_msgs/share/dwb_msgs/cmake/dwb_msgs__rosidl_typesupport_introspection_cExport.cmake
[24.993s] -- Installing: /home/terra/nav2_ws/install/dwb_msgs/share/dwb_msgs/cmake/dwb_msgs__rosidl_typesupport_introspection_cExport-noconfig.cmake
[24.993s] -- Installing: /home/terra/nav2_ws/install/dwb_msgs/share/dwb_msgs/cmake/dwb_msgs__rosidl_typesupport_cExport.cmake
[24.994s] -- Installing: /home/terra/nav2_ws/install/dwb_msgs/share/dwb_msgs/cmake/dwb_msgs__rosidl_typesupport_cExport-noconfig.cmake
[24.994s] -- Installing: /home/terra/nav2_ws/install/dwb_msgs/share/dwb_msgs/cmake/dwb_msgs__rosidl_generator_cppExport.cmake
[24.994s] -- Installing: /home/terra/nav2_ws/install/dwb_msgs/share/dwb_msgs/cmake/dwb_msgs__rosidl_typesupport_introspection_cppExport.cmake
[24.995s] -- Installing: /home/terra/nav2_ws/install/dwb_msgs/share/dwb_msgs/cmake/dwb_msgs__rosidl_typesupport_introspection_cppExport-noconfig.cmake
[24.995s] -- Installing: /home/terra/nav2_ws/install/dwb_msgs/share/dwb_msgs/cmake/dwb_msgs__rosidl_typesupport_cppExport.cmake
[24.995s] -- Installing: /home/terra/nav2_ws/install/dwb_msgs/share/dwb_msgs/cmake/dwb_msgs__rosidl_typesupport_cppExport-noconfig.cmake
[25.002s] Invoked command in '/home/terra/nav2_ws/build/dwb_msgs' returned '0': AMENT_PREFIX_PATH=/home/terra/nav2_ws/install/nav_2d_msgs:${AMENT_PREFIX_PATH} CMAKE_PREFIX_PATH=/home/terra/nav2_ws/install/nav_2d_msgs:/opt/ros/foxy LD_LIBRARY_PATH=/home/terra/nav2_ws/install/nav_2d_msgs/lib:${LD_LIBRARY_PATH} PYTHONPATH=/home/terra/nav2_ws/install/nav_2d_msgs/lib/python3.8/site-packages:${PYTHONPATH} /usr/bin/cmake --install /home/terra/nav2_ws/build/dwb_msgs
