[0.051s] Invoking command in '/home/terra/nav2_ws/build/nav2_amcl': AMENT_PREFIX_PATH=/home/terra/nav2_ws/install/nav2_util:/home/terra/nav2_ws/install/nav2_msgs:/home/terra/nav2_ws/install/nav2_common:${AMENT_PREFIX_PATH} CMAKE_PREFIX_PATH=/home/terra/nav2_ws/install/nav2_util:/home/terra/nav2_ws/install/nav2_msgs:/home/terra/nav2_ws/install/nav2_common:/opt/ros/foxy LD_LIBRARY_PATH=/home/terra/nav2_ws/install/nav2_util/lib:/home/terra/nav2_ws/install/nav2_msgs/lib:${LD_LIBRARY_PATH} PYTHONPATH=/home/terra/nav2_ws/install/nav2_msgs/lib/python3.8/site-packages:/home/terra/nav2_ws/install/nav2_common/lib/python3.8/site-packages:${PYTHONPATH} /usr/bin/cmake /home/terra/nav2_ws/src/nav2_amcl -DAMENT_CMAKE_SYMLINK_INSTALL=1 -DCMAKE_INSTALL_PREFIX=/home/terra/nav2_ws/install/nav2_amcl
[0.151s] -- The C compiler identification is GNU 9.4.0
[0.247s] -- The CXX compiler identification is GNU 9.4.0
[0.256s] -- Check for working C compiler: /usr/bin/cc
[0.376s] -- Check for working C compiler: /usr/bin/cc -- works
[0.377s] -- Detecting C compiler ABI info
[0.496s] -- Detecting C compiler ABI info - done
[0.510s] -- Detecting C compile features
[0.510s] -- Detecting C compile features - done
[0.514s] -- Check for working CXX compiler: /usr/bin/c++
[0.657s] -- Check for working CXX compiler: /usr/bin/c++ -- works
[0.659s] -- Detecting CXX compiler ABI info
[0.802s] -- Detecting CXX compiler ABI info - done
[0.828s] -- Detecting CXX compile features
[0.829s] -- Detecting CXX compile features - done
[0.834s] -- Found ament_cmake: 0.9.9 (/opt/ros/foxy/share/ament_cmake/cmake)
[0.878s] -- Found PythonInterp: /usr/bin/python3 (found suitable version "3.8.10", minimum required is "3") 
[0.878s] -- Using PYTHON_EXECUTABLE: /usr/bin/python3
[1.188s] -- Override CMake install command with custom implementation using symlinks instead of copying resources
[1.230s] -- Found nav2_common: 0.4.7 (/home/terra/nav2_ws/install/nav2_common/share/nav2_common/cmake)
[1.234s] -- Found rclcpp: 2.4.1 (/opt/ros/foxy/share/rclcpp/cmake)
[1.334s] -- Using all available rosidl_typesupport_c: rosidl_typesupport_fastrtps_c;rosidl_typesupport_introspection_c
[1.352s] -- Found rosidl_adapter: 1.2.1 (/opt/ros/foxy/share/rosidl_adapter/cmake)
[1.482s] -- Found OpenSSL: /usr/lib/x86_64-linux-gnu/libcrypto.so (found version "1.1.1f")  
[1.534s] -- Found FastRTPS: /opt/ros/foxy/include  
[1.642s] -- Using all available rosidl_typesupport_cpp: rosidl_typesupport_fastrtps_cpp;rosidl_typesupport_introspection_cpp
[1.747s] -- Found rmw_implementation_cmake: 1.0.3 (/opt/ros/foxy/share/rmw_implementation_cmake/cmake)
[1.750s] -- Using RMW implementation 'rmw_fastrtps_cpp' as default
[1.752s] -- Looking for pthread.h
[1.870s] -- Looking for pthread.h - found
[1.871s] -- Performing Test CMAKE_HAVE_LIBC_PTHREAD
[2.000s] -- Performing Test CMAKE_HAVE_LIBC_PTHREAD - Failed
[2.000s] -- Looking for pthread_create in pthreads
[2.106s] -- Looking for pthread_create in pthreads - not found
[2.106s] -- Looking for pthread_create in pthread
[2.217s] -- Looking for pthread_create in pthread - found
[2.219s] -- Found Threads: TRUE  
[2.464s] -- Found rclcpp_lifecycle: 2.4.1 (/opt/ros/foxy/share/rclcpp_lifecycle/cmake)
[2.519s] -- Found message_filters: 3.2.5 (/opt/ros/foxy/share/message_filters/cmake)
[2.524s] -- Found tf2_geometry_msgs: 0.13.13 (/opt/ros/foxy/share/tf2_geometry_msgs/cmake)
[2.597s] -- Found eigen3_cmake_module: 0.1.1 (/opt/ros/foxy/share/eigen3_cmake_module/cmake)
[2.604s] -- Found Eigen3: TRUE (found version "3.3.7") 
[3.157s] -- Found nav_msgs: 2.0.5 (/opt/ros/foxy/share/nav_msgs/cmake)
[3.267s] -- Found sensor_msgs: 2.0.5 (/opt/ros/foxy/share/sensor_msgs/cmake)
[3.366s] -- Found std_srvs: 2.0.5 (/opt/ros/foxy/share/std_srvs/cmake)
[3.377s] -- Found nav2_util: 0.4.7 (/home/terra/nav2_ws/install/nav2_util/share/nav2_util/cmake)
[3.945s] -- Setting build type to Release as none was specified.
[3.946s] -- Looking for drand48
[4.039s] -- Looking for drand48 - found
[5.692s] -- Found ament_lint_auto: 0.9.6 (/opt/ros/foxy/share/ament_lint_auto/cmake)
[5.858s] -- Added test 'cppcheck' to perform static code analysis on C / C++ code
[5.859s] -- Configured cppcheck include dirs: /home/terra/nav2_ws/src/nav2_amcl/include;/home/terra/nav2_ws/src/nav2_amcl/src/include
[5.859s] -- Configured cppcheck exclude dirs and/or files: 
[5.862s] -- Added test 'lint_cmake' to check CMake code style
[5.869s] -- Added test 'uncrustify' to check C / C++ code style
[5.869s] -- Configured uncrustify additional arguments: 
[5.871s] -- Added test 'xmllint' to check XML markup files
[5.887s] -- Configuring done
[6.225s] -- Generating done
[6.230s] -- Build files have been written to: /home/terra/nav2_ws/build/nav2_amcl
[6.253s] Invoked command in '/home/terra/nav2_ws/build/nav2_amcl' returned '0': AMENT_PREFIX_PATH=/home/terra/nav2_ws/install/nav2_util:/home/terra/nav2_ws/install/nav2_msgs:/home/terra/nav2_ws/install/nav2_common:${AMENT_PREFIX_PATH} CMAKE_PREFIX_PATH=/home/terra/nav2_ws/install/nav2_util:/home/terra/nav2_ws/install/nav2_msgs:/home/terra/nav2_ws/install/nav2_common:/opt/ros/foxy LD_LIBRARY_PATH=/home/terra/nav2_ws/install/nav2_util/lib:/home/terra/nav2_ws/install/nav2_msgs/lib:${LD_LIBRARY_PATH} PYTHONPATH=/home/terra/nav2_ws/install/nav2_msgs/lib/python3.8/site-packages:/home/terra/nav2_ws/install/nav2_common/lib/python3.8/site-packages:${PYTHONPATH} /usr/bin/cmake /home/terra/nav2_ws/src/nav2_amcl -DAMENT_CMAKE_SYMLINK_INSTALL=1 -DCMAKE_INSTALL_PREFIX=/home/terra/nav2_ws/install/nav2_amcl
[6.257s] Invoking command in '/home/terra/nav2_ws/build/nav2_amcl': AMENT_PREFIX_PATH=/home/terra/nav2_ws/install/nav2_util:/home/terra/nav2_ws/install/nav2_msgs:/home/terra/nav2_ws/install/nav2_common:${AMENT_PREFIX_PATH} CMAKE_PREFIX_PATH=/home/terra/nav2_ws/install/nav2_util:/home/terra/nav2_ws/install/nav2_msgs:/home/terra/nav2_ws/install/nav2_common:/opt/ros/foxy LD_LIBRARY_PATH=/home/terra/nav2_ws/install/nav2_util/lib:/home/terra/nav2_ws/install/nav2_msgs/lib:${LD_LIBRARY_PATH} PYTHONPATH=/home/terra/nav2_ws/install/nav2_msgs/lib/python3.8/site-packages:/home/terra/nav2_ws/install/nav2_common/lib/python3.8/site-packages:${PYTHONPATH} /usr/bin/cmake --build /home/terra/nav2_ws/build/nav2_amcl -- -j8 -l8
[6.463s] [35m[1mScanning dependencies of target map_lib[0m
[6.510s] [35m[1mScanning dependencies of target pf_lib[0m
[6.533s] [  3%] [32mBuilding C object src/map/CMakeFiles/map_lib.dir/map.c.o[0m
[6.545s] [  7%] [32mBuilding C object src/map/CMakeFiles/map_lib.dir/map_store.c.o[0m
[6.568s] [ 11%] [32mBuilding C object src/map/CMakeFiles/map_lib.dir/map_range.c.o[0m
[6.592s] [ 15%] [32mBuilding C object src/pf/CMakeFiles/pf_lib.dir/pf.c.o[0m
[6.596s] [ 19%] [32mBuilding C object src/map/CMakeFiles/map_lib.dir/map_draw.c.o[0m
[6.620s] [ 23%] [32mBuilding C object src/pf/CMakeFiles/pf_lib.dir/pf_kdtree.c.o[0m
[6.630s] [ 26%] [32mBuilding C object src/pf/CMakeFiles/pf_lib.dir/pf_pdf.c.o[0m
[6.667s] [ 30%] [32mBuilding C object src/pf/CMakeFiles/pf_lib.dir/pf_vector.c.o[0m
[6.718s] [ 34%] [32mBuilding CXX object src/map/CMakeFiles/map_lib.dir/map_cspace.cpp.o[0m
[6.739s] [ 38%] [32mBuilding C object src/pf/CMakeFiles/pf_lib.dir/eig3.c.o[0m
[6.888s] [ 42%] [32mBuilding C object src/pf/CMakeFiles/pf_lib.dir/pf_draw.c.o[0m
[7.292s] [ 46%] [32m[1mLinking C shared library libpf_lib.so[0m
[7.520s] [ 46%] Built target pf_lib
[7.572s] [35m[1mScanning dependencies of target motions_lib[0m
[7.636s] [ 50%] [32mBuilding CXX object src/motion_model/CMakeFiles/motions_lib.dir/omni_motion_model.cpp.o[0m
[7.644s] [ 53%] [32m[1mLinking CXX shared library libmap_lib.so[0m
[7.660s] [ 57%] [32mBuilding CXX object src/motion_model/CMakeFiles/motions_lib.dir/differential_motion_model.cpp.o[0m
[7.703s] [ 61%] [32mBuilding CXX object src/motion_model/CMakeFiles/motions_lib.dir/motion_model.cpp.o[0m
[8.053s] [ 61%] Built target map_lib
[8.123s] [35m[1mScanning dependencies of target sensors_lib[0m
[8.230s] [ 65%] [32mBuilding CXX object src/sensors/CMakeFiles/sensors_lib.dir/laser/laser.cpp.o[0m
[8.241s] [ 69%] [32mBuilding CXX object src/sensors/CMakeFiles/sensors_lib.dir/laser/beam_model.cpp.o[0m
[8.246s] [ 73%] [32mBuilding CXX object src/sensors/CMakeFiles/sensors_lib.dir/laser/likelihood_field_model.cpp.o[0m
[8.260s] [ 76%] [32mBuilding CXX object src/sensors/CMakeFiles/sensors_lib.dir/laser/likelihood_field_model_prob.cpp.o[0m
[8.888s] [ 80%] [32m[1mLinking CXX shared library libmotions_lib.so[0m
[9.312s] [ 84%] [32m[1mLinking CXX shared library libsensors_lib.so[0m
[9.552s] [ 84%] Built target motions_lib
[9.624s] [ 84%] Built target sensors_lib
[9.713s] [35m[1mScanning dependencies of target amcl_core[0m
[9.915s] [ 88%] [32mBuilding CXX object CMakeFiles/amcl_core.dir/src/amcl_node.cpp.o[0m
[53.000s] [ 92%] [32m[1mLinking CXX shared library libamcl_core.so[0m
[53.440s] [ 92%] Built target amcl_core
[53.455s] [35m[1mScanning dependencies of target amcl[0m
[53.522s] [ 96%] [32mBuilding CXX object CMakeFiles/amcl.dir/src/main.cpp.o[0m
[56.285s] [100%] [32m[1mLinking CXX executable amcl[0m
[56.590s] [100%] Built target amcl
[56.607s] Invoked command in '/home/terra/nav2_ws/build/nav2_amcl' returned '0': AMENT_PREFIX_PATH=/home/terra/nav2_ws/install/nav2_util:/home/terra/nav2_ws/install/nav2_msgs:/home/terra/nav2_ws/install/nav2_common:${AMENT_PREFIX_PATH} CMAKE_PREFIX_PATH=/home/terra/nav2_ws/install/nav2_util:/home/terra/nav2_ws/install/nav2_msgs:/home/terra/nav2_ws/install/nav2_common:/opt/ros/foxy LD_LIBRARY_PATH=/home/terra/nav2_ws/install/nav2_util/lib:/home/terra/nav2_ws/install/nav2_msgs/lib:${LD_LIBRARY_PATH} PYTHONPATH=/home/terra/nav2_ws/install/nav2_msgs/lib/python3.8/site-packages:/home/terra/nav2_ws/install/nav2_common/lib/python3.8/site-packages:${PYTHONPATH} /usr/bin/cmake --build /home/terra/nav2_ws/build/nav2_amcl -- -j8 -l8
[56.651s] Invoking command in '/home/terra/nav2_ws/build/nav2_amcl': AMENT_PREFIX_PATH=/home/terra/nav2_ws/install/nav2_util:/home/terra/nav2_ws/install/nav2_msgs:/home/terra/nav2_ws/install/nav2_common:${AMENT_PREFIX_PATH} CMAKE_PREFIX_PATH=/home/terra/nav2_ws/install/nav2_util:/home/terra/nav2_ws/install/nav2_msgs:/home/terra/nav2_ws/install/nav2_common:/opt/ros/foxy LD_LIBRARY_PATH=/home/terra/nav2_ws/install/nav2_util/lib:/home/terra/nav2_ws/install/nav2_msgs/lib:${LD_LIBRARY_PATH} PYTHONPATH=/home/terra/nav2_ws/install/nav2_msgs/lib/python3.8/site-packages:/home/terra/nav2_ws/install/nav2_common/lib/python3.8/site-packages:${PYTHONPATH} /usr/bin/cmake --install /home/terra/nav2_ws/build/nav2_amcl
[56.661s] -- Install configuration: "Release"
[56.662s] -- Execute custom install script
[56.663s] -- Symlinking: /home/terra/nav2_ws/install/nav2_amcl/lib/libpf_lib.so
[56.675s] -- Symlinking: /home/terra/nav2_ws/install/nav2_amcl/lib/libmap_lib.so
[56.687s] -- Symlinking: /home/terra/nav2_ws/install/nav2_amcl/lib/libmotions_lib.so
[56.699s] -- Symlinking: /home/terra/nav2_ws/install/nav2_amcl/lib/libsensors_lib.so
[56.711s] -- Symlinking: /home/terra/nav2_ws/install/nav2_amcl/lib/libamcl_core.so
[56.724s] -- Symlinking: /home/terra/nav2_ws/install/nav2_amcl/lib/nav2_amcl/amcl
[56.737s] -- Symlinking: /home/terra/nav2_ws/install/nav2_amcl/include//nav2_amcl/amcl_node.hpp
[56.749s] -- Symlinking: /home/terra/nav2_ws/install/nav2_amcl/include//nav2_amcl/angleutils.hpp
[56.761s] -- Symlinking: /home/terra/nav2_ws/install/nav2_amcl/include//nav2_amcl/map/map.hpp
[56.773s] -- Symlinking: /home/terra/nav2_ws/install/nav2_amcl/include//nav2_amcl/motion_model/motion_model.hpp
[56.785s] -- Symlinking: /home/terra/nav2_ws/install/nav2_amcl/include//nav2_amcl/pf/eig3.hpp
[56.797s] -- Symlinking: /home/terra/nav2_ws/install/nav2_amcl/include//nav2_amcl/pf/pf.hpp
[56.810s] -- Symlinking: /home/terra/nav2_ws/install/nav2_amcl/include//nav2_amcl/pf/pf_kdtree.hpp
[56.822s] -- Symlinking: /home/terra/nav2_ws/install/nav2_amcl/include//nav2_amcl/pf/pf_pdf.hpp
[56.837s] -- Symlinking: /home/terra/nav2_ws/install/nav2_amcl/include//nav2_amcl/pf/pf_vector.hpp
[56.850s] -- Symlinking: /home/terra/nav2_ws/install/nav2_amcl/include//nav2_amcl/sensors/laser/laser.hpp
[56.863s] -- Symlinking: /home/terra/nav2_ws/install/nav2_amcl/share/nav2_amcl/environment/library_path.sh
[56.876s] -- Symlinking: /home/terra/nav2_ws/install/nav2_amcl/share/nav2_amcl/environment/library_path.dsv
[56.888s] -- Symlinking: /home/terra/nav2_ws/install/nav2_amcl/share/ament_index/resource_index/package_run_dependencies/nav2_amcl
[56.901s] -- Symlinking: /home/terra/nav2_ws/install/nav2_amcl/share/ament_index/resource_index/parent_prefix_path/nav2_amcl
[56.913s] -- Symlinking: /home/terra/nav2_ws/install/nav2_amcl/share/nav2_amcl/environment/ament_prefix_path.sh
[56.926s] -- Symlinking: /home/terra/nav2_ws/install/nav2_amcl/share/nav2_amcl/environment/ament_prefix_path.dsv
[56.938s] -- Symlinking: /home/terra/nav2_ws/install/nav2_amcl/share/nav2_amcl/environment/path.sh
[56.950s] -- Symlinking: /home/terra/nav2_ws/install/nav2_amcl/share/nav2_amcl/environment/path.dsv
[56.962s] -- Symlinking: /home/terra/nav2_ws/install/nav2_amcl/share/nav2_amcl/local_setup.bash
[56.974s] -- Symlinking: /home/terra/nav2_ws/install/nav2_amcl/share/nav2_amcl/local_setup.sh
[56.987s] -- Symlinking: /home/terra/nav2_ws/install/nav2_amcl/share/nav2_amcl/local_setup.zsh
[56.999s] -- Symlinking: /home/terra/nav2_ws/install/nav2_amcl/share/nav2_amcl/local_setup.dsv
[57.011s] -- Symlinking: /home/terra/nav2_ws/install/nav2_amcl/share/nav2_amcl/package.dsv
[57.024s] -- Symlinking: /home/terra/nav2_ws/install/nav2_amcl/share/ament_index/resource_index/packages/nav2_amcl
[57.036s] -- Symlinking: /home/terra/nav2_ws/install/nav2_amcl/share/nav2_amcl/cmake/ament_cmake_export_include_directories-extras.cmake
[57.048s] -- Symlinking: /home/terra/nav2_ws/install/nav2_amcl/share/nav2_amcl/cmake/ament_cmake_export_libraries-extras.cmake
[57.061s] -- Symlinking: /home/terra/nav2_ws/install/nav2_amcl/share/nav2_amcl/cmake/ament_cmake_export_dependencies-extras.cmake
[57.073s] -- Symlinking: /home/terra/nav2_ws/install/nav2_amcl/share/nav2_amcl/cmake/nav2_amclConfig.cmake
[57.085s] -- Symlinking: /home/terra/nav2_ws/install/nav2_amcl/share/nav2_amcl/cmake/nav2_amclConfig-version.cmake
[57.098s] -- Symlinking: /home/terra/nav2_ws/install/nav2_amcl/share/nav2_amcl/package.xml
[57.117s] Invoked command in '/home/terra/nav2_ws/build/nav2_amcl' returned '0': AMENT_PREFIX_PATH=/home/terra/nav2_ws/install/nav2_util:/home/terra/nav2_ws/install/nav2_msgs:/home/terra/nav2_ws/install/nav2_common:${AMENT_PREFIX_PATH} CMAKE_PREFIX_PATH=/home/terra/nav2_ws/install/nav2_util:/home/terra/nav2_ws/install/nav2_msgs:/home/terra/nav2_ws/install/nav2_common:/opt/ros/foxy LD_LIBRARY_PATH=/home/terra/nav2_ws/install/nav2_util/lib:/home/terra/nav2_ws/install/nav2_msgs/lib:${LD_LIBRARY_PATH} PYTHONPATH=/home/terra/nav2_ws/install/nav2_msgs/lib/python3.8/site-packages:/home/terra/nav2_ws/install/nav2_common/lib/python3.8/site-packages:${PYTHONPATH} /usr/bin/cmake --install /home/terra/nav2_ws/build/nav2_amcl
