[0.039s] Invoking command in '/home/terra/nav2_ws/build/nav2_sms_behavior': AMENT_PREFIX_PATH=/home/terra/nav2_ws/install/nav2_core:/home/terra/nav2_ws/install/nav2_costmap_2d:/home/terra/nav2_ws/install/nav2_util:/home/terra/nav2_ws/install/nav2_voxel_grid:/home/terra/nav2_ws/install/nav2_msgs:/home/terra/nav2_ws/install/nav2_common:${AMENT_PREFIX_PATH} CMAKE_PREFIX_PATH=/home/terra/nav2_ws/install/nav2_core:/home/terra/nav2_ws/install/nav2_costmap_2d:/home/terra/nav2_ws/install/nav2_util:/home/terra/nav2_ws/install/nav2_voxel_grid:/home/terra/nav2_ws/install/nav2_msgs:/home/terra/nav2_ws/install/nav2_common:/opt/ros/foxy LD_LIBRARY_PATH=/home/terra/nav2_ws/install/nav2_costmap_2d/lib:/home/terra/nav2_ws/install/nav2_util/lib:/home/terra/nav2_ws/install/nav2_voxel_grid/lib:/home/terra/nav2_ws/install/nav2_msgs/lib:${LD_LIBRARY_PATH} PYTHONPATH=/home/terra/nav2_ws/install/nav2_msgs/lib/python3.8/site-packages:/home/terra/nav2_ws/install/nav2_common/lib/python3.8/site-packages:${PYTHONPATH} /usr/bin/cmake /home/terra/nav2_ws/src/navigation2_tutorials/nav2_sms_behavior -DCMAKE_INSTALL_PREFIX=/home/terra/nav2_ws/install/nav2_sms_behavior
[0.416s] -- The C compiler identification is GNU 9.4.0
[0.663s] -- The CXX compiler identification is GNU 9.4.0
[0.673s] -- Check for working C compiler: /usr/bin/cc
[0.798s] -- Check for working C compiler: /usr/bin/cc -- works
[0.800s] -- Detecting C compiler ABI info
[0.942s] -- Detecting C compiler ABI info - done
[0.953s] -- Detecting C compile features
[0.954s] -- Detecting C compile features - done
[0.958s] -- Check for working CXX compiler: /usr/bin/c++
[1.093s] -- Check for working CXX compiler: /usr/bin/c++ -- works
[1.095s] -- Detecting CXX compiler ABI info
[1.241s] -- Detecting CXX compiler ABI info - done
[1.264s] -- Detecting CXX compile features
[1.265s] -- Detecting CXX compile features - done
[1.270s] -- Found ament_cmake: 0.9.9 (/opt/ros/foxy/share/ament_cmake/cmake)
[1.308s] -- Found PythonInterp: /usr/bin/python3 (found suitable version "3.8.10", minimum required is "3") 
[1.308s] -- Using PYTHON_EXECUTABLE: /usr/bin/python3
[1.633s] -- Found rclcpp: 2.4.1 (/opt/ros/foxy/share/rclcpp/cmake)
[1.729s] -- Using all available rosidl_typesupport_c: rosidl_typesupport_fastrtps_c;rosidl_typesupport_introspection_c
[1.743s] -- Found rosidl_adapter: 1.2.1 (/opt/ros/foxy/share/rosidl_adapter/cmake)
[1.907s] -- Found OpenSSL: /usr/lib/x86_64-linux-gnu/libcrypto.so (found version "1.1.1f")  
[1.954s] -- Found FastRTPS: /opt/ros/foxy/include  
[2.081s] -- Using all available rosidl_typesupport_cpp: rosidl_typesupport_fastrtps_cpp;rosidl_typesupport_introspection_cpp
[2.175s] -- Found rmw_implementation_cmake: 1.0.3 (/opt/ros/foxy/share/rmw_implementation_cmake/cmake)
[2.177s] -- Using RMW implementation 'rmw_fastrtps_cpp' as default
[2.178s] -- Looking for pthread.h
[2.299s] -- Looking for pthread.h - found
[2.300s] -- Performing Test CMAKE_HAVE_LIBC_PTHREAD
[2.427s] -- Performing Test CMAKE_HAVE_LIBC_PTHREAD - Failed
[2.428s] -- Looking for pthread_create in pthreads
[2.539s] -- Looking for pthread_create in pthreads - not found
[2.539s] -- Looking for pthread_create in pthread
[2.657s] -- Looking for pthread_create in pthread - found
[2.659s] -- Found Threads: TRUE  
[3.040s] -- Found rclcpp_action: 2.4.1 (/opt/ros/foxy/share/rclcpp_action/cmake)
[3.231s] -- Found rclcpp_lifecycle: 2.4.1 (/opt/ros/foxy/share/rclcpp_lifecycle/cmake)
[3.291s] -- Found visualization_msgs: 2.0.5 (/opt/ros/foxy/share/visualization_msgs/cmake)
[3.503s] -- Found nav2_util: 0.4.7 (/home/terra/nav2_ws/install/nav2_util/share/nav2_util/cmake)
[4.627s] -- Found eigen3_cmake_module: 0.1.1 (/opt/ros/foxy/share/eigen3_cmake_module/cmake)
[4.632s] -- Found Eigen3: TRUE (found version "3.3.7") 
[4.880s] -- Found nav2_costmap_2d: 0.4.7 (/home/terra/nav2_ws/install/nav2_costmap_2d/share/nav2_costmap_2d/cmake)
[6.074s] -- Found nav2_core: 0.4.7 (/home/terra/nav2_ws/install/nav2_core/share/nav2_core/cmake)
[6.938s] CMake Error at CMakeLists.txt:22 (find_package):
[6.938s]   By not providing "Findnav2_behaviors.cmake" in CMAKE_MODULE_PATH this
[6.938s]   project has asked CMake to find a package configuration file provided by
[6.938s]   "nav2_behaviors", but CMake did not find one.
[6.938s] 
[6.938s]   Could not find a package configuration file provided by "nav2_behaviors"
[6.939s]   with any of the following names:
[6.939s] 
[6.939s]     nav2_behaviorsConfig.cmake
[6.939s]     nav2_behaviors-config.cmake
[6.939s] 
[6.939s]   Add the installation prefix of "nav2_behaviors" to CMAKE_PREFIX_PATH or set
[6.939s]   "nav2_behaviors_DIR" to a directory containing one of the above files.  If
[6.940s]   "nav2_behaviors" provides a separate development package or SDK, be sure it
[6.940s]   has been installed.
[6.940s] 
[6.940s] 
[6.942s] -- Configuring incomplete, errors occurred!
[6.943s] See also "/home/terra/nav2_ws/build/nav2_sms_behavior/CMakeFiles/CMakeOutput.log".
[6.943s] See also "/home/terra/nav2_ws/build/nav2_sms_behavior/CMakeFiles/CMakeError.log".
[6.958s] Invoked command in '/home/terra/nav2_ws/build/nav2_sms_behavior' returned '1': AMENT_PREFIX_PATH=/home/terra/nav2_ws/install/nav2_core:/home/terra/nav2_ws/install/nav2_costmap_2d:/home/terra/nav2_ws/install/nav2_util:/home/terra/nav2_ws/install/nav2_voxel_grid:/home/terra/nav2_ws/install/nav2_msgs:/home/terra/nav2_ws/install/nav2_common:${AMENT_PREFIX_PATH} CMAKE_PREFIX_PATH=/home/terra/nav2_ws/install/nav2_core:/home/terra/nav2_ws/install/nav2_costmap_2d:/home/terra/nav2_ws/install/nav2_util:/home/terra/nav2_ws/install/nav2_voxel_grid:/home/terra/nav2_ws/install/nav2_msgs:/home/terra/nav2_ws/install/nav2_common:/opt/ros/foxy LD_LIBRARY_PATH=/home/terra/nav2_ws/install/nav2_costmap_2d/lib:/home/terra/nav2_ws/install/nav2_util/lib:/home/terra/nav2_ws/install/nav2_voxel_grid/lib:/home/terra/nav2_ws/install/nav2_msgs/lib:${LD_LIBRARY_PATH} PYTHONPATH=/home/terra/nav2_ws/install/nav2_msgs/lib/python3.8/site-packages:/home/terra/nav2_ws/install/nav2_common/lib/python3.8/site-packages:${PYTHONPATH} /usr/bin/cmake /home/terra/nav2_ws/src/navigation2_tutorials/nav2_sms_behavior -DCMAKE_INSTALL_PREFIX=/home/terra/nav2_ws/install/nav2_sms_behavior
