[0.240s] DEBUG:colcon:Command line arguments: ['/usr/bin/colcon', 'build', '--symlink-install', '--cmake-args', '-DCMAKE_BUILD_TYPE=RelWithDebInfo', '--packages-select', 'nav2_straightline_demo']
[0.240s] DEBUG:colcon:Parsed command line arguments: Namespace(allow_overriding=[], ament_cmake_args=None, base_paths=['.'], build_base='build', catkin_cmake_args=None, catkin_skip_building_tests=False, cmake_args=['-DCMAKE_BUILD_TYPE=RelWithDebInfo'], cmake_clean_cache=False, cmake_clean_first=False, cmake_force_configure=False, cmake_target=None, cmake_target_skip_unavailable=False, continue_on_error=False, event_handlers=None, executor='parallel', ignore_user_meta=False, install_base='install', log_base=None, log_level=None, main=<bound method BuildVerb.main of <colcon_core.verb.build.BuildVerb object at 0x7febe86d4e50>>, merge_install=False, metas=['./colcon.meta'], packages_above=None, packages_above_and_dependencies=None, packages_above_depth=None, packages_end=None, packages_ignore=None, packages_ignore_regex=None, packages_select=['nav2_straightline_demo'], packages_select_build_failed=False, packages_select_by_dep=None, packages_select_regex=None, packages_select_test_failures=False, packages_skip=None, packages_skip_build_finished=False, packages_skip_by_dep=None, packages_skip_regex=None, packages_skip_test_passed=False, packages_skip_up_to=None, packages_start=None, packages_up_to=None, packages_up_to_regex=None, parallel_workers=8, paths=None, symlink_install=True, test_result_base=None, verb_extension=<colcon_core.verb.build.BuildVerb object at 0x7febe86d4e50>, verb_name='build', verb_parser=<colcon_defaults.argument_parser.defaults.DefaultArgumentsDecorator object at 0x7febe86df400>)
[0.280s] Level 1:colcon.colcon_core.package_discovery:discover_packages(colcon_meta) check parameters
[0.280s] Level 1:colcon.colcon_core.package_discovery:discover_packages(recursive) check parameters
[0.280s] Level 1:colcon.colcon_core.package_discovery:discover_packages(ignore) check parameters
[0.281s] Level 1:colcon.colcon_core.package_discovery:discover_packages(path) check parameters
[0.281s] Level 1:colcon.colcon_core.package_discovery:discover_packages(colcon_meta) discover
[0.281s] Level 1:colcon.colcon_core.package_discovery:discover_packages(recursive) discover
[0.281s] INFO:colcon.colcon_core.package_discovery:Crawling recursively for packages in '/home/terra/nav2_ws'
[0.281s] Level 1:colcon.colcon_core.package_identification:_identify(.) by extensions ['ignore', 'ignore_ament_install']
[0.281s] Level 1:colcon.colcon_core.package_identification:_identify(.) by extension 'ignore'
[0.281s] Level 1:colcon.colcon_core.package_identification:_identify(.) by extension 'ignore_ament_install'
[0.281s] Level 1:colcon.colcon_core.package_identification:_identify(.) by extensions ['colcon_pkg']
[0.282s] Level 1:colcon.colcon_core.package_identification:_identify(.) by extension 'colcon_pkg'
[0.282s] Level 1:colcon.colcon_core.package_identification:_identify(.) by extensions ['colcon_meta']
[0.282s] Level 1:colcon.colcon_core.package_identification:_identify(.) by extension 'colcon_meta'
[0.282s] Level 1:colcon.colcon_core.package_identification:_identify(.) by extensions ['ros']
[0.282s] Level 1:colcon.colcon_core.package_identification:_identify(.) by extension 'ros'
[0.309s] Level 1:colcon.colcon_core.package_identification:_identify(.) by extensions ['cmake', 'python']
[0.309s] Level 1:colcon.colcon_core.package_identification:_identify(.) by extension 'cmake'
[0.309s] Level 1:colcon.colcon_core.package_identification:_identify(.) by extension 'python'
[0.309s] Level 1:colcon.colcon_core.package_identification:_identify(.) by extensions ['python_setup_py']
[0.309s] Level 1:colcon.colcon_core.package_identification:_identify(.) by extension 'python_setup_py'
[0.309s] Level 1:colcon.colcon_core.package_identification:_identify(build) by extensions ['ignore', 'ignore_ament_install']
[0.309s] Level 1:colcon.colcon_core.package_identification:_identify(build) by extension 'ignore'
[0.310s] Level 1:colcon.colcon_core.package_identification:_identify(build) ignored
[0.310s] Level 1:colcon.colcon_core.package_identification:_identify(install) by extensions ['ignore', 'ignore_ament_install']
[0.310s] Level 1:colcon.colcon_core.package_identification:_identify(install) by extension 'ignore'
[0.310s] Level 1:colcon.colcon_core.package_identification:_identify(install) ignored
[0.310s] Level 1:colcon.colcon_core.package_identification:_identify(log) by extensions ['ignore', 'ignore_ament_install']
[0.310s] Level 1:colcon.colcon_core.package_identification:_identify(log) by extension 'ignore'
[0.310s] Level 1:colcon.colcon_core.package_identification:_identify(log) ignored
[0.311s] Level 1:colcon.colcon_core.package_identification:_identify(src) by extensions ['ignore', 'ignore_ament_install']
[0.311s] Level 1:colcon.colcon_core.package_identification:_identify(src) by extension 'ignore'
[0.311s] Level 1:colcon.colcon_core.package_identification:_identify(src) by extension 'ignore_ament_install'
[0.311s] Level 1:colcon.colcon_core.package_identification:_identify(src) by extensions ['colcon_pkg']
[0.311s] Level 1:colcon.colcon_core.package_identification:_identify(src) by extension 'colcon_pkg'
[0.311s] Level 1:colcon.colcon_core.package_identification:_identify(src) by extensions ['colcon_meta']
[0.311s] Level 1:colcon.colcon_core.package_identification:_identify(src) by extension 'colcon_meta'
[0.311s] Level 1:colcon.colcon_core.package_identification:_identify(src) by extensions ['ros']
[0.311s] Level 1:colcon.colcon_core.package_identification:_identify(src) by extension 'ros'
[0.311s] Level 1:colcon.colcon_core.package_identification:_identify(src) by extensions ['cmake', 'python']
[0.311s] Level 1:colcon.colcon_core.package_identification:_identify(src) by extension 'cmake'
[0.311s] Level 1:colcon.colcon_core.package_identification:_identify(src) by extension 'python'
[0.312s] Level 1:colcon.colcon_core.package_identification:_identify(src) by extensions ['python_setup_py']
[0.312s] Level 1:colcon.colcon_core.package_identification:_identify(src) by extension 'python_setup_py'
[0.312s] Level 1:colcon.colcon_core.package_identification:_identify(src/doc) by extensions ['ignore', 'ignore_ament_install']
[0.312s] Level 1:colcon.colcon_core.package_identification:_identify(src/doc) by extension 'ignore'
[0.312s] Level 1:colcon.colcon_core.package_identification:_identify(src/doc) by extension 'ignore_ament_install'
[0.312s] Level 1:colcon.colcon_core.package_identification:_identify(src/doc) by extensions ['colcon_pkg']
[0.312s] Level 1:colcon.colcon_core.package_identification:_identify(src/doc) by extension 'colcon_pkg'
[0.312s] Level 1:colcon.colcon_core.package_identification:_identify(src/doc) by extensions ['colcon_meta']
[0.312s] Level 1:colcon.colcon_core.package_identification:_identify(src/doc) by extension 'colcon_meta'
[0.313s] Level 1:colcon.colcon_core.package_identification:_identify(src/doc) by extensions ['ros']
[0.313s] Level 1:colcon.colcon_core.package_identification:_identify(src/doc) by extension 'ros'
[0.313s] Level 1:colcon.colcon_core.package_identification:_identify(src/doc) by extensions ['cmake', 'python']
[0.313s] Level 1:colcon.colcon_core.package_identification:_identify(src/doc) by extension 'cmake'
[0.313s] Level 1:colcon.colcon_core.package_identification:_identify(src/doc) by extension 'python'
[0.313s] Level 1:colcon.colcon_core.package_identification:_identify(src/doc) by extensions ['python_setup_py']
[0.313s] Level 1:colcon.colcon_core.package_identification:_identify(src/doc) by extension 'python_setup_py'
[0.313s] Level 1:colcon.colcon_core.package_identification:_identify(src/doc/architecture) by extensions ['ignore', 'ignore_ament_install']
[0.313s] Level 1:colcon.colcon_core.package_identification:_identify(src/doc/architecture) by extension 'ignore'
[0.314s] Level 1:colcon.colcon_core.package_identification:_identify(src/doc/architecture) by extension 'ignore_ament_install'
[0.314s] Level 1:colcon.colcon_core.package_identification:_identify(src/doc/architecture) by extensions ['colcon_pkg']
[0.314s] Level 1:colcon.colcon_core.package_identification:_identify(src/doc/architecture) by extension 'colcon_pkg'
[0.314s] Level 1:colcon.colcon_core.package_identification:_identify(src/doc/architecture) by extensions ['colcon_meta']
[0.314s] Level 1:colcon.colcon_core.package_identification:_identify(src/doc/architecture) by extension 'colcon_meta'
[0.314s] Level 1:colcon.colcon_core.package_identification:_identify(src/doc/architecture) by extensions ['ros']
[0.314s] Level 1:colcon.colcon_core.package_identification:_identify(src/doc/architecture) by extension 'ros'
[0.314s] Level 1:colcon.colcon_core.package_identification:_identify(src/doc/architecture) by extensions ['cmake', 'python']
[0.314s] Level 1:colcon.colcon_core.package_identification:_identify(src/doc/architecture) by extension 'cmake'
[0.314s] Level 1:colcon.colcon_core.package_identification:_identify(src/doc/architecture) by extension 'python'
[0.314s] Level 1:colcon.colcon_core.package_identification:_identify(src/doc/architecture) by extensions ['python_setup_py']
[0.314s] Level 1:colcon.colcon_core.package_identification:_identify(src/doc/architecture) by extension 'python_setup_py'
[0.315s] Level 1:colcon.colcon_core.package_identification:_identify(src/doc/design) by extensions ['ignore', 'ignore_ament_install']
[0.315s] Level 1:colcon.colcon_core.package_identification:_identify(src/doc/design) by extension 'ignore'
[0.315s] Level 1:colcon.colcon_core.package_identification:_identify(src/doc/design) by extension 'ignore_ament_install'
[0.315s] Level 1:colcon.colcon_core.package_identification:_identify(src/doc/design) by extensions ['colcon_pkg']
[0.315s] Level 1:colcon.colcon_core.package_identification:_identify(src/doc/design) by extension 'colcon_pkg'
[0.315s] Level 1:colcon.colcon_core.package_identification:_identify(src/doc/design) by extensions ['colcon_meta']
[0.315s] Level 1:colcon.colcon_core.package_identification:_identify(src/doc/design) by extension 'colcon_meta'
[0.315s] Level 1:colcon.colcon_core.package_identification:_identify(src/doc/design) by extensions ['ros']
[0.315s] Level 1:colcon.colcon_core.package_identification:_identify(src/doc/design) by extension 'ros'
[0.315s] Level 1:colcon.colcon_core.package_identification:_identify(src/doc/design) by extensions ['cmake', 'python']
[0.315s] Level 1:colcon.colcon_core.package_identification:_identify(src/doc/design) by extension 'cmake'
[0.316s] Level 1:colcon.colcon_core.package_identification:_identify(src/doc/design) by extension 'python'
[0.316s] Level 1:colcon.colcon_core.package_identification:_identify(src/doc/design) by extensions ['python_setup_py']
[0.316s] Level 1:colcon.colcon_core.package_identification:_identify(src/doc/design) by extension 'python_setup_py'
[0.316s] Level 1:colcon.colcon_core.package_identification:_identify(src/doc/parameters) by extensions ['ignore', 'ignore_ament_install']
[0.316s] Level 1:colcon.colcon_core.package_identification:_identify(src/doc/parameters) by extension 'ignore'
[0.316s] Level 1:colcon.colcon_core.package_identification:_identify(src/doc/parameters) by extension 'ignore_ament_install'
[0.316s] Level 1:colcon.colcon_core.package_identification:_identify(src/doc/parameters) by extensions ['colcon_pkg']
[0.316s] Level 1:colcon.colcon_core.package_identification:_identify(src/doc/parameters) by extension 'colcon_pkg'
[0.316s] Level 1:colcon.colcon_core.package_identification:_identify(src/doc/parameters) by extensions ['colcon_meta']
[0.316s] Level 1:colcon.colcon_core.package_identification:_identify(src/doc/parameters) by extension 'colcon_meta'
[0.317s] Level 1:colcon.colcon_core.package_identification:_identify(src/doc/parameters) by extensions ['ros']
[0.317s] Level 1:colcon.colcon_core.package_identification:_identify(src/doc/parameters) by extension 'ros'
[0.317s] Level 1:colcon.colcon_core.package_identification:_identify(src/doc/parameters) by extensions ['cmake', 'python']
[0.317s] Level 1:colcon.colcon_core.package_identification:_identify(src/doc/parameters) by extension 'cmake'
[0.317s] Level 1:colcon.colcon_core.package_identification:_identify(src/doc/parameters) by extension 'python'
[0.317s] Level 1:colcon.colcon_core.package_identification:_identify(src/doc/parameters) by extensions ['python_setup_py']
[0.317s] Level 1:colcon.colcon_core.package_identification:_identify(src/doc/parameters) by extension 'python_setup_py'
[0.317s] Level 1:colcon.colcon_core.package_identification:_identify(src/doc/process) by extensions ['ignore', 'ignore_ament_install']
[0.317s] Level 1:colcon.colcon_core.package_identification:_identify(src/doc/process) by extension 'ignore'
[0.317s] Level 1:colcon.colcon_core.package_identification:_identify(src/doc/process) by extension 'ignore_ament_install'
[0.318s] Level 1:colcon.colcon_core.package_identification:_identify(src/doc/process) by extensions ['colcon_pkg']
[0.318s] Level 1:colcon.colcon_core.package_identification:_identify(src/doc/process) by extension 'colcon_pkg'
[0.318s] Level 1:colcon.colcon_core.package_identification:_identify(src/doc/process) by extensions ['colcon_meta']
[0.318s] Level 1:colcon.colcon_core.package_identification:_identify(src/doc/process) by extension 'colcon_meta'
[0.318s] Level 1:colcon.colcon_core.package_identification:_identify(src/doc/process) by extensions ['ros']
[0.318s] Level 1:colcon.colcon_core.package_identification:_identify(src/doc/process) by extension 'ros'
[0.318s] Level 1:colcon.colcon_core.package_identification:_identify(src/doc/process) by extensions ['cmake', 'python']
[0.318s] Level 1:colcon.colcon_core.package_identification:_identify(src/doc/process) by extension 'cmake'
[0.318s] Level 1:colcon.colcon_core.package_identification:_identify(src/doc/process) by extension 'python'
[0.318s] Level 1:colcon.colcon_core.package_identification:_identify(src/doc/process) by extensions ['python_setup_py']
[0.318s] Level 1:colcon.colcon_core.package_identification:_identify(src/doc/process) by extension 'python_setup_py'
[0.319s] Level 1:colcon.colcon_core.package_identification:_identify(src/doc/requirements) by extensions ['ignore', 'ignore_ament_install']
[0.319s] Level 1:colcon.colcon_core.package_identification:_identify(src/doc/requirements) by extension 'ignore'
[0.319s] Level 1:colcon.colcon_core.package_identification:_identify(src/doc/requirements) by extension 'ignore_ament_install'
[0.319s] Level 1:colcon.colcon_core.package_identification:_identify(src/doc/requirements) by extensions ['colcon_pkg']
[0.319s] Level 1:colcon.colcon_core.package_identification:_identify(src/doc/requirements) by extension 'colcon_pkg'
[0.319s] Level 1:colcon.colcon_core.package_identification:_identify(src/doc/requirements) by extensions ['colcon_meta']
[0.319s] Level 1:colcon.colcon_core.package_identification:_identify(src/doc/requirements) by extension 'colcon_meta'
[0.319s] Level 1:colcon.colcon_core.package_identification:_identify(src/doc/requirements) by extensions ['ros']
[0.319s] Level 1:colcon.colcon_core.package_identification:_identify(src/doc/requirements) by extension 'ros'
[0.319s] Level 1:colcon.colcon_core.package_identification:_identify(src/doc/requirements) by extensions ['cmake', 'python']
[0.319s] Level 1:colcon.colcon_core.package_identification:_identify(src/doc/requirements) by extension 'cmake'
[0.320s] Level 1:colcon.colcon_core.package_identification:_identify(src/doc/requirements) by extension 'python'
[0.320s] Level 1:colcon.colcon_core.package_identification:_identify(src/doc/requirements) by extensions ['python_setup_py']
[0.320s] Level 1:colcon.colcon_core.package_identification:_identify(src/doc/requirements) by extension 'python_setup_py'
[0.320s] Level 1:colcon.colcon_core.package_identification:_identify(src/doc/requirements/images) by extensions ['ignore', 'ignore_ament_install']
[0.320s] Level 1:colcon.colcon_core.package_identification:_identify(src/doc/requirements/images) by extension 'ignore'
[0.320s] Level 1:colcon.colcon_core.package_identification:_identify(src/doc/requirements/images) by extension 'ignore_ament_install'
[0.320s] Level 1:colcon.colcon_core.package_identification:_identify(src/doc/requirements/images) by extensions ['colcon_pkg']
[0.320s] Level 1:colcon.colcon_core.package_identification:_identify(src/doc/requirements/images) by extension 'colcon_pkg'
[0.320s] Level 1:colcon.colcon_core.package_identification:_identify(src/doc/requirements/images) by extensions ['colcon_meta']
[0.320s] Level 1:colcon.colcon_core.package_identification:_identify(src/doc/requirements/images) by extension 'colcon_meta'
[0.321s] Level 1:colcon.colcon_core.package_identification:_identify(src/doc/requirements/images) by extensions ['ros']
[0.321s] Level 1:colcon.colcon_core.package_identification:_identify(src/doc/requirements/images) by extension 'ros'
[0.321s] Level 1:colcon.colcon_core.package_identification:_identify(src/doc/requirements/images) by extensions ['cmake', 'python']
[0.321s] Level 1:colcon.colcon_core.package_identification:_identify(src/doc/requirements/images) by extension 'cmake'
[0.321s] Level 1:colcon.colcon_core.package_identification:_identify(src/doc/requirements/images) by extension 'python'
[0.321s] Level 1:colcon.colcon_core.package_identification:_identify(src/doc/requirements/images) by extensions ['python_setup_py']
[0.321s] Level 1:colcon.colcon_core.package_identification:_identify(src/doc/requirements/images) by extension 'python_setup_py'
[0.321s] Level 1:colcon.colcon_core.package_identification:_identify(src/doc/use_cases) by extensions ['ignore', 'ignore_ament_install']
[0.321s] Level 1:colcon.colcon_core.package_identification:_identify(src/doc/use_cases) by extension 'ignore'
[0.322s] Level 1:colcon.colcon_core.package_identification:_identify(src/doc/use_cases) by extension 'ignore_ament_install'
[0.322s] Level 1:colcon.colcon_core.package_identification:_identify(src/doc/use_cases) by extensions ['colcon_pkg']
[0.322s] Level 1:colcon.colcon_core.package_identification:_identify(src/doc/use_cases) by extension 'colcon_pkg'
[0.322s] Level 1:colcon.colcon_core.package_identification:_identify(src/doc/use_cases) by extensions ['colcon_meta']
[0.322s] Level 1:colcon.colcon_core.package_identification:_identify(src/doc/use_cases) by extension 'colcon_meta'
[0.322s] Level 1:colcon.colcon_core.package_identification:_identify(src/doc/use_cases) by extensions ['ros']
[0.322s] Level 1:colcon.colcon_core.package_identification:_identify(src/doc/use_cases) by extension 'ros'
[0.322s] Level 1:colcon.colcon_core.package_identification:_identify(src/doc/use_cases) by extensions ['cmake', 'python']
[0.322s] Level 1:colcon.colcon_core.package_identification:_identify(src/doc/use_cases) by extension 'cmake'
[0.322s] Level 1:colcon.colcon_core.package_identification:_identify(src/doc/use_cases) by extension 'python'
[0.322s] Level 1:colcon.colcon_core.package_identification:_identify(src/doc/use_cases) by extensions ['python_setup_py']
[0.323s] Level 1:colcon.colcon_core.package_identification:_identify(src/doc/use_cases) by extension 'python_setup_py'
[0.323s] Level 1:colcon.colcon_core.package_identification:_identify(src/nav2_amcl) by extensions ['ignore', 'ignore_ament_install']
[0.323s] Level 1:colcon.colcon_core.package_identification:_identify(src/nav2_amcl) by extension 'ignore'
[0.323s] Level 1:colcon.colcon_core.package_identification:_identify(src/nav2_amcl) by extension 'ignore_ament_install'
[0.323s] Level 1:colcon.colcon_core.package_identification:_identify(src/nav2_amcl) by extensions ['colcon_pkg']
[0.323s] Level 1:colcon.colcon_core.package_identification:_identify(src/nav2_amcl) by extension 'colcon_pkg'
[0.323s] Level 1:colcon.colcon_core.package_identification:_identify(src/nav2_amcl) by extensions ['colcon_meta']
[0.323s] Level 1:colcon.colcon_core.package_identification:_identify(src/nav2_amcl) by extension 'colcon_meta'
[0.323s] Level 1:colcon.colcon_core.package_identification:_identify(src/nav2_amcl) by extensions ['ros']
[0.323s] Level 1:colcon.colcon_core.package_identification:_identify(src/nav2_amcl) by extension 'ros'
[0.330s] DEBUG:colcon.colcon_core.package_identification:Package 'src/nav2_amcl' with type 'ros.ament_cmake' and name 'nav2_amcl'
[0.331s] Level 1:colcon.colcon_core.package_identification:_identify(src/nav2_behavior_tree) by extensions ['ignore', 'ignore_ament_install']
[0.331s] Level 1:colcon.colcon_core.package_identification:_identify(src/nav2_behavior_tree) by extension 'ignore'
[0.331s] Level 1:colcon.colcon_core.package_identification:_identify(src/nav2_behavior_tree) by extension 'ignore_ament_install'
[0.331s] Level 1:colcon.colcon_core.package_identification:_identify(src/nav2_behavior_tree) by extensions ['colcon_pkg']
[0.331s] Level 1:colcon.colcon_core.package_identification:_identify(src/nav2_behavior_tree) by extension 'colcon_pkg'
[0.331s] Level 1:colcon.colcon_core.package_identification:_identify(src/nav2_behavior_tree) by extensions ['colcon_meta']
[0.331s] Level 1:colcon.colcon_core.package_identification:_identify(src/nav2_behavior_tree) by extension 'colcon_meta'
[0.332s] Level 1:colcon.colcon_core.package_identification:_identify(src/nav2_behavior_tree) by extensions ['ros']
[0.332s] Level 1:colcon.colcon_core.package_identification:_identify(src/nav2_behavior_tree) by extension 'ros'
[0.334s] DEBUG:colcon.colcon_core.package_identification:Package 'src/nav2_behavior_tree' with type 'ros.ament_cmake' and name 'nav2_behavior_tree'
[0.334s] Level 1:colcon.colcon_core.package_identification:_identify(src/nav2_bringup) by extensions ['ignore', 'ignore_ament_install']
[0.334s] Level 1:colcon.colcon_core.package_identification:_identify(src/nav2_bringup) by extension 'ignore'
[0.334s] Level 1:colcon.colcon_core.package_identification:_identify(src/nav2_bringup) by extension 'ignore_ament_install'
[0.334s] Level 1:colcon.colcon_core.package_identification:_identify(src/nav2_bringup) by extensions ['colcon_pkg']
[0.334s] Level 1:colcon.colcon_core.package_identification:_identify(src/nav2_bringup) by extension 'colcon_pkg'
[0.335s] Level 1:colcon.colcon_core.package_identification:_identify(src/nav2_bringup) by extensions ['colcon_meta']
[0.335s] Level 1:colcon.colcon_core.package_identification:_identify(src/nav2_bringup) by extension 'colcon_meta'
[0.335s] Level 1:colcon.colcon_core.package_identification:_identify(src/nav2_bringup) by extensions ['ros']
[0.335s] Level 1:colcon.colcon_core.package_identification:_identify(src/nav2_bringup) by extension 'ros'
[0.335s] Level 1:colcon.colcon_core.package_identification:_identify(src/nav2_bringup) by extensions ['cmake', 'python']
[0.335s] Level 1:colcon.colcon_core.package_identification:_identify(src/nav2_bringup) by extension 'cmake'
[0.335s] Level 1:colcon.colcon_core.package_identification:_identify(src/nav2_bringup) by extension 'python'
[0.335s] Level 1:colcon.colcon_core.package_identification:_identify(src/nav2_bringup) by extensions ['python_setup_py']
[0.336s] Level 1:colcon.colcon_core.package_identification:_identify(src/nav2_bringup) by extension 'python_setup_py'
[0.336s] Level 1:colcon.colcon_core.package_identification:_identify(src/nav2_bringup/bringup) by extensions ['ignore', 'ignore_ament_install']
[0.336s] Level 1:colcon.colcon_core.package_identification:_identify(src/nav2_bringup/bringup) by extension 'ignore'
[0.336s] Level 1:colcon.colcon_core.package_identification:_identify(src/nav2_bringup/bringup) by extension 'ignore_ament_install'
[0.336s] Level 1:colcon.colcon_core.package_identification:_identify(src/nav2_bringup/bringup) by extensions ['colcon_pkg']
[0.336s] Level 1:colcon.colcon_core.package_identification:_identify(src/nav2_bringup/bringup) by extension 'colcon_pkg'
[0.336s] Level 1:colcon.colcon_core.package_identification:_identify(src/nav2_bringup/bringup) by extensions ['colcon_meta']
[0.337s] Level 1:colcon.colcon_core.package_identification:_identify(src/nav2_bringup/bringup) by extension 'colcon_meta'
[0.337s] Level 1:colcon.colcon_core.package_identification:_identify(src/nav2_bringup/bringup) by extensions ['ros']
[0.337s] Level 1:colcon.colcon_core.package_identification:_identify(src/nav2_bringup/bringup) by extension 'ros'
[0.338s] DEBUG:colcon.colcon_core.package_identification:Package 'src/nav2_bringup/bringup' with type 'ros.ament_cmake' and name 'nav2_bringup'
[0.338s] Level 1:colcon.colcon_core.package_identification:_identify(src/nav2_bringup/nav2_gazebo_spawner) by extensions ['ignore', 'ignore_ament_install']
[0.338s] Level 1:colcon.colcon_core.package_identification:_identify(src/nav2_bringup/nav2_gazebo_spawner) by extension 'ignore'
[0.338s] Level 1:colcon.colcon_core.package_identification:_identify(src/nav2_bringup/nav2_gazebo_spawner) by extension 'ignore_ament_install'
[0.339s] Level 1:colcon.colcon_core.package_identification:_identify(src/nav2_bringup/nav2_gazebo_spawner) by extensions ['colcon_pkg']
[0.339s] Level 1:colcon.colcon_core.package_identification:_identify(src/nav2_bringup/nav2_gazebo_spawner) by extension 'colcon_pkg'
[0.339s] Level 1:colcon.colcon_core.package_identification:_identify(src/nav2_bringup/nav2_gazebo_spawner) by extensions ['colcon_meta']
[0.339s] Level 1:colcon.colcon_core.package_identification:_identify(src/nav2_bringup/nav2_gazebo_spawner) by extension 'colcon_meta'
[0.339s] Level 1:colcon.colcon_core.package_identification:_identify(src/nav2_bringup/nav2_gazebo_spawner) by extensions ['ros']
[0.339s] Level 1:colcon.colcon_core.package_identification:_identify(src/nav2_bringup/nav2_gazebo_spawner) by extension 'ros'
[0.340s] DEBUG:colcon.colcon_core.package_identification:Package 'src/nav2_bringup/nav2_gazebo_spawner' with type 'ros.ament_python' and name 'nav2_gazebo_spawner'
[0.340s] Level 1:colcon.colcon_core.package_identification:_identify(src/nav2_bt_navigator) by extensions ['ignore', 'ignore_ament_install']
[0.340s] Level 1:colcon.colcon_core.package_identification:_identify(src/nav2_bt_navigator) by extension 'ignore'
[0.340s] Level 1:colcon.colcon_core.package_identification:_identify(src/nav2_bt_navigator) by extension 'ignore_ament_install'
[0.341s] Level 1:colcon.colcon_core.package_identification:_identify(src/nav2_bt_navigator) by extensions ['colcon_pkg']
[0.341s] Level 1:colcon.colcon_core.package_identification:_identify(src/nav2_bt_navigator) by extension 'colcon_pkg'
[0.341s] Level 1:colcon.colcon_core.package_identification:_identify(src/nav2_bt_navigator) by extensions ['colcon_meta']
[0.341s] Level 1:colcon.colcon_core.package_identification:_identify(src/nav2_bt_navigator) by extension 'colcon_meta'
[0.341s] Level 1:colcon.colcon_core.package_identification:_identify(src/nav2_bt_navigator) by extensions ['ros']
[0.341s] Level 1:colcon.colcon_core.package_identification:_identify(src/nav2_bt_navigator) by extension 'ros'
[0.342s] DEBUG:colcon.colcon_core.package_identification:Package 'src/nav2_bt_navigator' with type 'ros.ament_cmake' and name 'nav2_bt_navigator'
[0.342s] Level 1:colcon.colcon_core.package_identification:_identify(src/nav2_common) by extensions ['ignore', 'ignore_ament_install']
[0.343s] Level 1:colcon.colcon_core.package_identification:_identify(src/nav2_common) by extension 'ignore'
[0.343s] Level 1:colcon.colcon_core.package_identification:_identify(src/nav2_common) by extension 'ignore_ament_install'
[0.343s] Level 1:colcon.colcon_core.package_identification:_identify(src/nav2_common) by extensions ['colcon_pkg']
[0.343s] Level 1:colcon.colcon_core.package_identification:_identify(src/nav2_common) by extension 'colcon_pkg'
[0.343s] Level 1:colcon.colcon_core.package_identification:_identify(src/nav2_common) by extensions ['colcon_meta']
[0.343s] Level 1:colcon.colcon_core.package_identification:_identify(src/nav2_common) by extension 'colcon_meta'
[0.343s] Level 1:colcon.colcon_core.package_identification:_identify(src/nav2_common) by extensions ['ros']
[0.343s] Level 1:colcon.colcon_core.package_identification:_identify(src/nav2_common) by extension 'ros'
[0.345s] DEBUG:colcon.colcon_core.package_identification:Package 'src/nav2_common' with type 'ros.ament_cmake' and name 'nav2_common'
[0.345s] Level 1:colcon.colcon_core.package_identification:_identify(src/nav2_controller) by extensions ['ignore', 'ignore_ament_install']
[0.345s] Level 1:colcon.colcon_core.package_identification:_identify(src/nav2_controller) by extension 'ignore'
[0.345s] Level 1:colcon.colcon_core.package_identification:_identify(src/nav2_controller) by extension 'ignore_ament_install'
[0.345s] Level 1:colcon.colcon_core.package_identification:_identify(src/nav2_controller) by extensions ['colcon_pkg']
[0.345s] Level 1:colcon.colcon_core.package_identification:_identify(src/nav2_controller) by extension 'colcon_pkg'
[0.345s] Level 1:colcon.colcon_core.package_identification:_identify(src/nav2_controller) by extensions ['colcon_meta']
[0.345s] Level 1:colcon.colcon_core.package_identification:_identify(src/nav2_controller) by extension 'colcon_meta'
[0.346s] Level 1:colcon.colcon_core.package_identification:_identify(src/nav2_controller) by extensions ['ros']
[0.346s] Level 1:colcon.colcon_core.package_identification:_identify(src/nav2_controller) by extension 'ros'
[0.348s] DEBUG:colcon.colcon_core.package_identification:Package 'src/nav2_controller' with type 'ros.ament_cmake' and name 'nav2_controller'
[0.348s] Level 1:colcon.colcon_core.package_identification:_identify(src/nav2_core) by extensions ['ignore', 'ignore_ament_install']
[0.348s] Level 1:colcon.colcon_core.package_identification:_identify(src/nav2_core) by extension 'ignore'
[0.348s] Level 1:colcon.colcon_core.package_identification:_identify(src/nav2_core) by extension 'ignore_ament_install'
[0.348s] Level 1:colcon.colcon_core.package_identification:_identify(src/nav2_core) by extensions ['colcon_pkg']
[0.349s] Level 1:colcon.colcon_core.package_identification:_identify(src/nav2_core) by extension 'colcon_pkg'
[0.349s] Level 1:colcon.colcon_core.package_identification:_identify(src/nav2_core) by extensions ['colcon_meta']
[0.349s] Level 1:colcon.colcon_core.package_identification:_identify(src/nav2_core) by extension 'colcon_meta'
[0.349s] Level 1:colcon.colcon_core.package_identification:_identify(src/nav2_core) by extensions ['ros']
[0.349s] Level 1:colcon.colcon_core.package_identification:_identify(src/nav2_core) by extension 'ros'
[0.351s] DEBUG:colcon.colcon_core.package_identification:Package 'src/nav2_core' with type 'ros.ament_cmake' and name 'nav2_core'
[0.351s] Level 1:colcon.colcon_core.package_identification:_identify(src/nav2_costmap_2d) by extensions ['ignore', 'ignore_ament_install']
[0.351s] Level 1:colcon.colcon_core.package_identification:_identify(src/nav2_costmap_2d) by extension 'ignore'
[0.351s] Level 1:colcon.colcon_core.package_identification:_identify(src/nav2_costmap_2d) by extension 'ignore_ament_install'
[0.351s] Level 1:colcon.colcon_core.package_identification:_identify(src/nav2_costmap_2d) by extensions ['colcon_pkg']
[0.351s] Level 1:colcon.colcon_core.package_identification:_identify(src/nav2_costmap_2d) by extension 'colcon_pkg'
[0.351s] Level 1:colcon.colcon_core.package_identification:_identify(src/nav2_costmap_2d) by extensions ['colcon_meta']
[0.351s] Level 1:colcon.colcon_core.package_identification:_identify(src/nav2_costmap_2d) by extension 'colcon_meta'
[0.351s] Level 1:colcon.colcon_core.package_identification:_identify(src/nav2_costmap_2d) by extensions ['ros']
[0.351s] Level 1:colcon.colcon_core.package_identification:_identify(src/nav2_costmap_2d) by extension 'ros'
[0.354s] DEBUG:colcon.colcon_core.package_identification:Package 'src/nav2_costmap_2d' with type 'ros.ament_cmake' and name 'nav2_costmap_2d'
[0.354s] Level 1:colcon.colcon_core.package_identification:_identify(src/nav2_dwb_controller) by extensions ['ignore', 'ignore_ament_install']
[0.354s] Level 1:colcon.colcon_core.package_identification:_identify(src/nav2_dwb_controller) by extension 'ignore'
[0.354s] Level 1:colcon.colcon_core.package_identification:_identify(src/nav2_dwb_controller) by extension 'ignore_ament_install'
[0.354s] Level 1:colcon.colcon_core.package_identification:_identify(src/nav2_dwb_controller) by extensions ['colcon_pkg']
[0.354s] Level 1:colcon.colcon_core.package_identification:_identify(src/nav2_dwb_controller) by extension 'colcon_pkg'
[0.354s] Level 1:colcon.colcon_core.package_identification:_identify(src/nav2_dwb_controller) by extensions ['colcon_meta']
[0.354s] Level 1:colcon.colcon_core.package_identification:_identify(src/nav2_dwb_controller) by extension 'colcon_meta'
[0.354s] Level 1:colcon.colcon_core.package_identification:_identify(src/nav2_dwb_controller) by extensions ['ros']
[0.354s] Level 1:colcon.colcon_core.package_identification:_identify(src/nav2_dwb_controller) by extension 'ros'
[0.355s] Level 1:colcon.colcon_core.package_identification:_identify(src/nav2_dwb_controller) by extensions ['cmake', 'python']
[0.355s] Level 1:colcon.colcon_core.package_identification:_identify(src/nav2_dwb_controller) by extension 'cmake'
[0.355s] Level 1:colcon.colcon_core.package_identification:_identify(src/nav2_dwb_controller) by extension 'python'
[0.355s] Level 1:colcon.colcon_core.package_identification:_identify(src/nav2_dwb_controller) by extensions ['python_setup_py']
[0.355s] Level 1:colcon.colcon_core.package_identification:_identify(src/nav2_dwb_controller) by extension 'python_setup_py'
[0.355s] Level 1:colcon.colcon_core.package_identification:_identify(src/nav2_dwb_controller/costmap_queue) by extensions ['ignore', 'ignore_ament_install']
[0.355s] Level 1:colcon.colcon_core.package_identification:_identify(src/nav2_dwb_controller/costmap_queue) by extension 'ignore'
[0.355s] Level 1:colcon.colcon_core.package_identification:_identify(src/nav2_dwb_controller/costmap_queue) by extension 'ignore_ament_install'
[0.355s] Level 1:colcon.colcon_core.package_identification:_identify(src/nav2_dwb_controller/costmap_queue) by extensions ['colcon_pkg']
[0.355s] Level 1:colcon.colcon_core.package_identification:_identify(src/nav2_dwb_controller/costmap_queue) by extension 'colcon_pkg'
[0.355s] Level 1:colcon.colcon_core.package_identification:_identify(src/nav2_dwb_controller/costmap_queue) by extensions ['colcon_meta']
[0.355s] Level 1:colcon.colcon_core.package_identification:_identify(src/nav2_dwb_controller/costmap_queue) by extension 'colcon_meta'
[0.355s] Level 1:colcon.colcon_core.package_identification:_identify(src/nav2_dwb_controller/costmap_queue) by extensions ['ros']
[0.355s] Level 1:colcon.colcon_core.package_identification:_identify(src/nav2_dwb_controller/costmap_queue) by extension 'ros'
[0.356s] DEBUG:colcon.colcon_core.package_identification:Package 'src/nav2_dwb_controller/costmap_queue' with type 'ros.ament_cmake' and name 'costmap_queue'
[0.356s] Level 1:colcon.colcon_core.package_identification:_identify(src/nav2_dwb_controller/dwb_core) by extensions ['ignore', 'ignore_ament_install']
[0.356s] Level 1:colcon.colcon_core.package_identification:_identify(src/nav2_dwb_controller/dwb_core) by extension 'ignore'
[0.356s] Level 1:colcon.colcon_core.package_identification:_identify(src/nav2_dwb_controller/dwb_core) by extension 'ignore_ament_install'
[0.357s] Level 1:colcon.colcon_core.package_identification:_identify(src/nav2_dwb_controller/dwb_core) by extensions ['colcon_pkg']
[0.357s] Level 1:colcon.colcon_core.package_identification:_identify(src/nav2_dwb_controller/dwb_core) by extension 'colcon_pkg'
[0.357s] Level 1:colcon.colcon_core.package_identification:_identify(src/nav2_dwb_controller/dwb_core) by extensions ['colcon_meta']
[0.357s] Level 1:colcon.colcon_core.package_identification:_identify(src/nav2_dwb_controller/dwb_core) by extension 'colcon_meta'
[0.357s] Level 1:colcon.colcon_core.package_identification:_identify(src/nav2_dwb_controller/dwb_core) by extensions ['ros']
[0.357s] Level 1:colcon.colcon_core.package_identification:_identify(src/nav2_dwb_controller/dwb_core) by extension 'ros'
[0.358s] DEBUG:colcon.colcon_core.package_identification:Package 'src/nav2_dwb_controller/dwb_core' with type 'ros.ament_cmake' and name 'dwb_core'
[0.358s] Level 1:colcon.colcon_core.package_identification:_identify(src/nav2_dwb_controller/dwb_critics) by extensions ['ignore', 'ignore_ament_install']
[0.359s] Level 1:colcon.colcon_core.package_identification:_identify(src/nav2_dwb_controller/dwb_critics) by extension 'ignore'
[0.359s] Level 1:colcon.colcon_core.package_identification:_identify(src/nav2_dwb_controller/dwb_critics) by extension 'ignore_ament_install'
[0.359s] Level 1:colcon.colcon_core.package_identification:_identify(src/nav2_dwb_controller/dwb_critics) by extensions ['colcon_pkg']
[0.359s] Level 1:colcon.colcon_core.package_identification:_identify(src/nav2_dwb_controller/dwb_critics) by extension 'colcon_pkg'
[0.359s] Level 1:colcon.colcon_core.package_identification:_identify(src/nav2_dwb_controller/dwb_critics) by extensions ['colcon_meta']
[0.359s] Level 1:colcon.colcon_core.package_identification:_identify(src/nav2_dwb_controller/dwb_critics) by extension 'colcon_meta'
[0.359s] Level 1:colcon.colcon_core.package_identification:_identify(src/nav2_dwb_controller/dwb_critics) by extensions ['ros']
[0.359s] Level 1:colcon.colcon_core.package_identification:_identify(src/nav2_dwb_controller/dwb_critics) by extension 'ros'
[0.361s] DEBUG:colcon.colcon_core.package_identification:Package 'src/nav2_dwb_controller/dwb_critics' with type 'ros.ament_cmake' and name 'dwb_critics'
[0.361s] Level 1:colcon.colcon_core.package_identification:_identify(src/nav2_dwb_controller/dwb_msgs) by extensions ['ignore', 'ignore_ament_install']
[0.361s] Level 1:colcon.colcon_core.package_identification:_identify(src/nav2_dwb_controller/dwb_msgs) by extension 'ignore'
[0.361s] Level 1:colcon.colcon_core.package_identification:_identify(src/nav2_dwb_controller/dwb_msgs) by extension 'ignore_ament_install'
[0.361s] Level 1:colcon.colcon_core.package_identification:_identify(src/nav2_dwb_controller/dwb_msgs) by extensions ['colcon_pkg']
[0.361s] Level 1:colcon.colcon_core.package_identification:_identify(src/nav2_dwb_controller/dwb_msgs) by extension 'colcon_pkg'
[0.361s] Level 1:colcon.colcon_core.package_identification:_identify(src/nav2_dwb_controller/dwb_msgs) by extensions ['colcon_meta']
[0.361s] Level 1:colcon.colcon_core.package_identification:_identify(src/nav2_dwb_controller/dwb_msgs) by extension 'colcon_meta'
[0.361s] Level 1:colcon.colcon_core.package_identification:_identify(src/nav2_dwb_controller/dwb_msgs) by extensions ['ros']
[0.362s] Level 1:colcon.colcon_core.package_identification:_identify(src/nav2_dwb_controller/dwb_msgs) by extension 'ros'
[0.362s] DEBUG:colcon.colcon_core.package_identification:Package 'src/nav2_dwb_controller/dwb_msgs' with type 'ros.ament_cmake' and name 'dwb_msgs'
[0.363s] Level 1:colcon.colcon_core.package_identification:_identify(src/nav2_dwb_controller/dwb_plugins) by extensions ['ignore', 'ignore_ament_install']
[0.363s] Level 1:colcon.colcon_core.package_identification:_identify(src/nav2_dwb_controller/dwb_plugins) by extension 'ignore'
[0.363s] Level 1:colcon.colcon_core.package_identification:_identify(src/nav2_dwb_controller/dwb_plugins) by extension 'ignore_ament_install'
[0.363s] Level 1:colcon.colcon_core.package_identification:_identify(src/nav2_dwb_controller/dwb_plugins) by extensions ['colcon_pkg']
[0.363s] Level 1:colcon.colcon_core.package_identification:_identify(src/nav2_dwb_controller/dwb_plugins) by extension 'colcon_pkg'
[0.363s] Level 1:colcon.colcon_core.package_identification:_identify(src/nav2_dwb_controller/dwb_plugins) by extensions ['colcon_meta']
[0.363s] Level 1:colcon.colcon_core.package_identification:_identify(src/nav2_dwb_controller/dwb_plugins) by extension 'colcon_meta'
[0.363s] Level 1:colcon.colcon_core.package_identification:_identify(src/nav2_dwb_controller/dwb_plugins) by extensions ['ros']
[0.363s] Level 1:colcon.colcon_core.package_identification:_identify(src/nav2_dwb_controller/dwb_plugins) by extension 'ros'
[0.364s] DEBUG:colcon.colcon_core.package_identification:Package 'src/nav2_dwb_controller/dwb_plugins' with type 'ros.ament_cmake' and name 'dwb_plugins'
[0.365s] Level 1:colcon.colcon_core.package_identification:_identify(src/nav2_dwb_controller/images) by extensions ['ignore', 'ignore_ament_install']
[0.365s] Level 1:colcon.colcon_core.package_identification:_identify(src/nav2_dwb_controller/images) by extension 'ignore'
[0.365s] Level 1:colcon.colcon_core.package_identification:_identify(src/nav2_dwb_controller/images) by extension 'ignore_ament_install'
[0.365s] Level 1:colcon.colcon_core.package_identification:_identify(src/nav2_dwb_controller/images) by extensions ['colcon_pkg']
[0.365s] Level 1:colcon.colcon_core.package_identification:_identify(src/nav2_dwb_controller/images) by extension 'colcon_pkg'
[0.365s] Level 1:colcon.colcon_core.package_identification:_identify(src/nav2_dwb_controller/images) by extensions ['colcon_meta']
[0.365s] Level 1:colcon.colcon_core.package_identification:_identify(src/nav2_dwb_controller/images) by extension 'colcon_meta'
[0.365s] Level 1:colcon.colcon_core.package_identification:_identify(src/nav2_dwb_controller/images) by extensions ['ros']
[0.365s] Level 1:colcon.colcon_core.package_identification:_identify(src/nav2_dwb_controller/images) by extension 'ros'
[0.365s] Level 1:colcon.colcon_core.package_identification:_identify(src/nav2_dwb_controller/images) by extensions ['cmake', 'python']
[0.365s] Level 1:colcon.colcon_core.package_identification:_identify(src/nav2_dwb_controller/images) by extension 'cmake'
[0.365s] Level 1:colcon.colcon_core.package_identification:_identify(src/nav2_dwb_controller/images) by extension 'python'
[0.365s] Level 1:colcon.colcon_core.package_identification:_identify(src/nav2_dwb_controller/images) by extensions ['python_setup_py']
[0.365s] Level 1:colcon.colcon_core.package_identification:_identify(src/nav2_dwb_controller/images) by extension 'python_setup_py'
[0.366s] Level 1:colcon.colcon_core.package_identification:_identify(src/nav2_dwb_controller/nav2_dwb_controller) by extensions ['ignore', 'ignore_ament_install']
[0.366s] Level 1:colcon.colcon_core.package_identification:_identify(src/nav2_dwb_controller/nav2_dwb_controller) by extension 'ignore'
[0.366s] Level 1:colcon.colcon_core.package_identification:_identify(src/nav2_dwb_controller/nav2_dwb_controller) by extension 'ignore_ament_install'
[0.366s] Level 1:colcon.colcon_core.package_identification:_identify(src/nav2_dwb_controller/nav2_dwb_controller) by extensions ['colcon_pkg']
[0.366s] Level 1:colcon.colcon_core.package_identification:_identify(src/nav2_dwb_controller/nav2_dwb_controller) by extension 'colcon_pkg'
[0.366s] Level 1:colcon.colcon_core.package_identification:_identify(src/nav2_dwb_controller/nav2_dwb_controller) by extensions ['colcon_meta']
[0.366s] Level 1:colcon.colcon_core.package_identification:_identify(src/nav2_dwb_controller/nav2_dwb_controller) by extension 'colcon_meta'
[0.366s] Level 1:colcon.colcon_core.package_identification:_identify(src/nav2_dwb_controller/nav2_dwb_controller) by extensions ['ros']
[0.366s] Level 1:colcon.colcon_core.package_identification:_identify(src/nav2_dwb_controller/nav2_dwb_controller) by extension 'ros'
[0.367s] DEBUG:colcon.colcon_core.package_identification:Package 'src/nav2_dwb_controller/nav2_dwb_controller' with type 'ros.ament_cmake' and name 'nav2_dwb_controller'
[0.368s] Level 1:colcon.colcon_core.package_identification:_identify(src/nav2_dwb_controller/nav_2d_msgs) by extensions ['ignore', 'ignore_ament_install']
[0.368s] Level 1:colcon.colcon_core.package_identification:_identify(src/nav2_dwb_controller/nav_2d_msgs) by extension 'ignore'
[0.368s] Level 1:colcon.colcon_core.package_identification:_identify(src/nav2_dwb_controller/nav_2d_msgs) by extension 'ignore_ament_install'
[0.368s] Level 1:colcon.colcon_core.package_identification:_identify(src/nav2_dwb_controller/nav_2d_msgs) by extensions ['colcon_pkg']
[0.368s] Level 1:colcon.colcon_core.package_identification:_identify(src/nav2_dwb_controller/nav_2d_msgs) by extension 'colcon_pkg'
[0.368s] Level 1:colcon.colcon_core.package_identification:_identify(src/nav2_dwb_controller/nav_2d_msgs) by extensions ['colcon_meta']
[0.368s] Level 1:colcon.colcon_core.package_identification:_identify(src/nav2_dwb_controller/nav_2d_msgs) by extension 'colcon_meta'
[0.368s] Level 1:colcon.colcon_core.package_identification:_identify(src/nav2_dwb_controller/nav_2d_msgs) by extensions ['ros']
[0.368s] Level 1:colcon.colcon_core.package_identification:_identify(src/nav2_dwb_controller/nav_2d_msgs) by extension 'ros'
[0.370s] DEBUG:colcon.colcon_core.package_identification:Package 'src/nav2_dwb_controller/nav_2d_msgs' with type 'ros.ament_cmake' and name 'nav_2d_msgs'
[0.370s] Level 1:colcon.colcon_core.package_identification:_identify(src/nav2_dwb_controller/nav_2d_utils) by extensions ['ignore', 'ignore_ament_install']
[0.370s] Level 1:colcon.colcon_core.package_identification:_identify(src/nav2_dwb_controller/nav_2d_utils) by extension 'ignore'
[0.370s] Level 1:colcon.colcon_core.package_identification:_identify(src/nav2_dwb_controller/nav_2d_utils) by extension 'ignore_ament_install'
[0.370s] Level 1:colcon.colcon_core.package_identification:_identify(src/nav2_dwb_controller/nav_2d_utils) by extensions ['colcon_pkg']
[0.370s] Level 1:colcon.colcon_core.package_identification:_identify(src/nav2_dwb_controller/nav_2d_utils) by extension 'colcon_pkg'
[0.370s] Level 1:colcon.colcon_core.package_identification:_identify(src/nav2_dwb_controller/nav_2d_utils) by extensions ['colcon_meta']
[0.371s] Level 1:colcon.colcon_core.package_identification:_identify(src/nav2_dwb_controller/nav_2d_utils) by extension 'colcon_meta'
[0.371s] Level 1:colcon.colcon_core.package_identification:_identify(src/nav2_dwb_controller/nav_2d_utils) by extensions ['ros']
[0.371s] Level 1:colcon.colcon_core.package_identification:_identify(src/nav2_dwb_controller/nav_2d_utils) by extension 'ros'
[0.372s] DEBUG:colcon.colcon_core.package_identification:Package 'src/nav2_dwb_controller/nav_2d_utils' with type 'ros.ament_cmake' and name 'nav_2d_utils'
[0.372s] Level 1:colcon.colcon_core.package_identification:_identify(src/nav2_lifecycle_manager) by extensions ['ignore', 'ignore_ament_install']
[0.372s] Level 1:colcon.colcon_core.package_identification:_identify(src/nav2_lifecycle_manager) by extension 'ignore'
[0.372s] Level 1:colcon.colcon_core.package_identification:_identify(src/nav2_lifecycle_manager) by extension 'ignore_ament_install'
[0.373s] Level 1:colcon.colcon_core.package_identification:_identify(src/nav2_lifecycle_manager) by extensions ['colcon_pkg']
[0.373s] Level 1:colcon.colcon_core.package_identification:_identify(src/nav2_lifecycle_manager) by extension 'colcon_pkg'
[0.373s] Level 1:colcon.colcon_core.package_identification:_identify(src/nav2_lifecycle_manager) by extensions ['colcon_meta']
[0.373s] Level 1:colcon.colcon_core.package_identification:_identify(src/nav2_lifecycle_manager) by extension 'colcon_meta'
[0.373s] Level 1:colcon.colcon_core.package_identification:_identify(src/nav2_lifecycle_manager) by extensions ['ros']
[0.373s] Level 1:colcon.colcon_core.package_identification:_identify(src/nav2_lifecycle_manager) by extension 'ros'
[0.374s] DEBUG:colcon.colcon_core.package_identification:Package 'src/nav2_lifecycle_manager' with type 'ros.ament_cmake' and name 'nav2_lifecycle_manager'
[0.374s] Level 1:colcon.colcon_core.package_identification:_identify(src/nav2_map_server) by extensions ['ignore', 'ignore_ament_install']
[0.374s] Level 1:colcon.colcon_core.package_identification:_identify(src/nav2_map_server) by extension 'ignore'
[0.374s] Level 1:colcon.colcon_core.package_identification:_identify(src/nav2_map_server) by extension 'ignore_ament_install'
[0.375s] Level 1:colcon.colcon_core.package_identification:_identify(src/nav2_map_server) by extensions ['colcon_pkg']
[0.375s] Level 1:colcon.colcon_core.package_identification:_identify(src/nav2_map_server) by extension 'colcon_pkg'
[0.375s] Level 1:colcon.colcon_core.package_identification:_identify(src/nav2_map_server) by extensions ['colcon_meta']
[0.375s] Level 1:colcon.colcon_core.package_identification:_identify(src/nav2_map_server) by extension 'colcon_meta'
[0.375s] Level 1:colcon.colcon_core.package_identification:_identify(src/nav2_map_server) by extensions ['ros']
[0.375s] Level 1:colcon.colcon_core.package_identification:_identify(src/nav2_map_server) by extension 'ros'
[0.378s] DEBUG:colcon.colcon_core.package_identification:Package 'src/nav2_map_server' with type 'ros.ament_cmake' and name 'nav2_map_server'
[0.378s] Level 1:colcon.colcon_core.package_identification:_identify(src/nav2_msgs) by extensions ['ignore', 'ignore_ament_install']
[0.378s] Level 1:colcon.colcon_core.package_identification:_identify(src/nav2_msgs) by extension 'ignore'
[0.378s] Level 1:colcon.colcon_core.package_identification:_identify(src/nav2_msgs) by extension 'ignore_ament_install'
[0.378s] Level 1:colcon.colcon_core.package_identification:_identify(src/nav2_msgs) by extensions ['colcon_pkg']
[0.378s] Level 1:colcon.colcon_core.package_identification:_identify(src/nav2_msgs) by extension 'colcon_pkg'
[0.378s] Level 1:colcon.colcon_core.package_identification:_identify(src/nav2_msgs) by extensions ['colcon_meta']
[0.378s] Level 1:colcon.colcon_core.package_identification:_identify(src/nav2_msgs) by extension 'colcon_meta'
[0.378s] Level 1:colcon.colcon_core.package_identification:_identify(src/nav2_msgs) by extensions ['ros']
[0.379s] Level 1:colcon.colcon_core.package_identification:_identify(src/nav2_msgs) by extension 'ros'
[0.380s] DEBUG:colcon.colcon_core.package_identification:Package 'src/nav2_msgs' with type 'ros.ament_cmake' and name 'nav2_msgs'
[0.380s] Level 1:colcon.colcon_core.package_identification:_identify(src/nav2_navfn_planner) by extensions ['ignore', 'ignore_ament_install']
[0.380s] Level 1:colcon.colcon_core.package_identification:_identify(src/nav2_navfn_planner) by extension 'ignore'
[0.380s] Level 1:colcon.colcon_core.package_identification:_identify(src/nav2_navfn_planner) by extension 'ignore_ament_install'
[0.381s] Level 1:colcon.colcon_core.package_identification:_identify(src/nav2_navfn_planner) by extensions ['colcon_pkg']
[0.381s] Level 1:colcon.colcon_core.package_identification:_identify(src/nav2_navfn_planner) by extension 'colcon_pkg'
[0.381s] Level 1:colcon.colcon_core.package_identification:_identify(src/nav2_navfn_planner) by extensions ['colcon_meta']
[0.381s] Level 1:colcon.colcon_core.package_identification:_identify(src/nav2_navfn_planner) by extension 'colcon_meta'
[0.381s] Level 1:colcon.colcon_core.package_identification:_identify(src/nav2_navfn_planner) by extensions ['ros']
[0.381s] Level 1:colcon.colcon_core.package_identification:_identify(src/nav2_navfn_planner) by extension 'ros'
[0.384s] DEBUG:colcon.colcon_core.package_identification:Package 'src/nav2_navfn_planner' with type 'ros.ament_cmake' and name 'nav2_navfn_planner'
[0.385s] Level 1:colcon.colcon_core.package_identification:_identify(src/nav2_planner) by extensions ['ignore', 'ignore_ament_install']
[0.385s] Level 1:colcon.colcon_core.package_identification:_identify(src/nav2_planner) by extension 'ignore'
[0.385s] Level 1:colcon.colcon_core.package_identification:_identify(src/nav2_planner) by extension 'ignore_ament_install'
[0.385s] Level 1:colcon.colcon_core.package_identification:_identify(src/nav2_planner) by extensions ['colcon_pkg']
[0.385s] Level 1:colcon.colcon_core.package_identification:_identify(src/nav2_planner) by extension 'colcon_pkg'
[0.385s] Level 1:colcon.colcon_core.package_identification:_identify(src/nav2_planner) by extensions ['colcon_meta']
[0.385s] Level 1:colcon.colcon_core.package_identification:_identify(src/nav2_planner) by extension 'colcon_meta'
[0.385s] Level 1:colcon.colcon_core.package_identification:_identify(src/nav2_planner) by extensions ['ros']
[0.385s] Level 1:colcon.colcon_core.package_identification:_identify(src/nav2_planner) by extension 'ros'
[0.389s] DEBUG:colcon.colcon_core.package_identification:Package 'src/nav2_planner' with type 'ros.ament_cmake' and name 'nav2_planner'
[0.389s] Level 1:colcon.colcon_core.package_identification:_identify(src/nav2_recoveries) by extensions ['ignore', 'ignore_ament_install']
[0.389s] Level 1:colcon.colcon_core.package_identification:_identify(src/nav2_recoveries) by extension 'ignore'
[0.389s] Level 1:colcon.colcon_core.package_identification:_identify(src/nav2_recoveries) by extension 'ignore_ament_install'
[0.389s] Level 1:colcon.colcon_core.package_identification:_identify(src/nav2_recoveries) by extensions ['colcon_pkg']
[0.389s] Level 1:colcon.colcon_core.package_identification:_identify(src/nav2_recoveries) by extension 'colcon_pkg'
[0.389s] Level 1:colcon.colcon_core.package_identification:_identify(src/nav2_recoveries) by extensions ['colcon_meta']
[0.389s] Level 1:colcon.colcon_core.package_identification:_identify(src/nav2_recoveries) by extension 'colcon_meta'
[0.389s] Level 1:colcon.colcon_core.package_identification:_identify(src/nav2_recoveries) by extensions ['ros']
[0.389s] Level 1:colcon.colcon_core.package_identification:_identify(src/nav2_recoveries) by extension 'ros'
[0.392s] DEBUG:colcon.colcon_core.package_identification:Package 'src/nav2_recoveries' with type 'ros.ament_cmake' and name 'nav2_recoveries'
[0.392s] Level 1:colcon.colcon_core.package_identification:_identify(src/nav2_regulated_pure_pursuit_controller) by extensions ['ignore', 'ignore_ament_install']
[0.392s] Level 1:colcon.colcon_core.package_identification:_identify(src/nav2_regulated_pure_pursuit_controller) by extension 'ignore'
[0.392s] Level 1:colcon.colcon_core.package_identification:_identify(src/nav2_regulated_pure_pursuit_controller) by extension 'ignore_ament_install'
[0.392s] Level 1:colcon.colcon_core.package_identification:_identify(src/nav2_regulated_pure_pursuit_controller) by extensions ['colcon_pkg']
[0.392s] Level 1:colcon.colcon_core.package_identification:_identify(src/nav2_regulated_pure_pursuit_controller) by extension 'colcon_pkg'
[0.392s] Level 1:colcon.colcon_core.package_identification:_identify(src/nav2_regulated_pure_pursuit_controller) by extensions ['colcon_meta']
[0.392s] Level 1:colcon.colcon_core.package_identification:_identify(src/nav2_regulated_pure_pursuit_controller) by extension 'colcon_meta'
[0.392s] Level 1:colcon.colcon_core.package_identification:_identify(src/nav2_regulated_pure_pursuit_controller) by extensions ['ros']
[0.392s] Level 1:colcon.colcon_core.package_identification:_identify(src/nav2_regulated_pure_pursuit_controller) by extension 'ros'
[0.395s] DEBUG:colcon.colcon_core.package_identification:Package 'src/nav2_regulated_pure_pursuit_controller' with type 'ros.ament_cmake' and name 'nav2_regulated_pure_pursuit_controller'
[0.395s] Level 1:colcon.colcon_core.package_identification:_identify(src/nav2_rviz_plugins) by extensions ['ignore', 'ignore_ament_install']
[0.395s] Level 1:colcon.colcon_core.package_identification:_identify(src/nav2_rviz_plugins) by extension 'ignore'
[0.395s] Level 1:colcon.colcon_core.package_identification:_identify(src/nav2_rviz_plugins) by extension 'ignore_ament_install'
[0.395s] Level 1:colcon.colcon_core.package_identification:_identify(src/nav2_rviz_plugins) by extensions ['colcon_pkg']
[0.395s] Level 1:colcon.colcon_core.package_identification:_identify(src/nav2_rviz_plugins) by extension 'colcon_pkg'
[0.395s] Level 1:colcon.colcon_core.package_identification:_identify(src/nav2_rviz_plugins) by extensions ['colcon_meta']
[0.395s] Level 1:colcon.colcon_core.package_identification:_identify(src/nav2_rviz_plugins) by extension 'colcon_meta'
[0.395s] Level 1:colcon.colcon_core.package_identification:_identify(src/nav2_rviz_plugins) by extensions ['ros']
[0.395s] Level 1:colcon.colcon_core.package_identification:_identify(src/nav2_rviz_plugins) by extension 'ros'
[0.398s] DEBUG:colcon.colcon_core.package_identification:Package 'src/nav2_rviz_plugins' with type 'ros.ament_cmake' and name 'nav2_rviz_plugins'
[0.399s] Level 1:colcon.colcon_core.package_identification:_identify(src/nav2_straightline_demo) by extensions ['ignore', 'ignore_ament_install']
[0.399s] Level 1:colcon.colcon_core.package_identification:_identify(src/nav2_straightline_demo) by extension 'ignore'
[0.399s] Level 1:colcon.colcon_core.package_identification:_identify(src/nav2_straightline_demo) by extension 'ignore_ament_install'
[0.399s] Level 1:colcon.colcon_core.package_identification:_identify(src/nav2_straightline_demo) by extensions ['colcon_pkg']
[0.399s] Level 1:colcon.colcon_core.package_identification:_identify(src/nav2_straightline_demo) by extension 'colcon_pkg'
[0.399s] Level 1:colcon.colcon_core.package_identification:_identify(src/nav2_straightline_demo) by extensions ['colcon_meta']
[0.399s] Level 1:colcon.colcon_core.package_identification:_identify(src/nav2_straightline_demo) by extension 'colcon_meta'
[0.399s] Level 1:colcon.colcon_core.package_identification:_identify(src/nav2_straightline_demo) by extensions ['ros']
[0.399s] Level 1:colcon.colcon_core.package_identification:_identify(src/nav2_straightline_demo) by extension 'ros'
[0.400s] DEBUG:colcon.colcon_core.package_identification:Package 'src/nav2_straightline_demo' with type 'ros.ament_cmake' and name 'nav2_straightline_demo'
[0.400s] Level 1:colcon.colcon_core.package_identification:_identify(src/nav2_system_tests) by extensions ['ignore', 'ignore_ament_install']
[0.400s] Level 1:colcon.colcon_core.package_identification:_identify(src/nav2_system_tests) by extension 'ignore'
[0.400s] Level 1:colcon.colcon_core.package_identification:_identify(src/nav2_system_tests) by extension 'ignore_ament_install'
[0.400s] Level 1:colcon.colcon_core.package_identification:_identify(src/nav2_system_tests) by extensions ['colcon_pkg']
[0.401s] Level 1:colcon.colcon_core.package_identification:_identify(src/nav2_system_tests) by extension 'colcon_pkg'
[0.401s] Level 1:colcon.colcon_core.package_identification:_identify(src/nav2_system_tests) by extensions ['colcon_meta']
[0.401s] Level 1:colcon.colcon_core.package_identification:_identify(src/nav2_system_tests) by extension 'colcon_meta'
[0.401s] Level 1:colcon.colcon_core.package_identification:_identify(src/nav2_system_tests) by extensions ['ros']
[0.401s] Level 1:colcon.colcon_core.package_identification:_identify(src/nav2_system_tests) by extension 'ros'
[0.402s] DEBUG:colcon.colcon_core.package_identification:Package 'src/nav2_system_tests' with type 'ros.ament_cmake' and name 'nav2_system_tests'
[0.402s] Level 1:colcon.colcon_core.package_identification:_identify(src/nav2_util) by extensions ['ignore', 'ignore_ament_install']
[0.402s] Level 1:colcon.colcon_core.package_identification:_identify(src/nav2_util) by extension 'ignore'
[0.403s] Level 1:colcon.colcon_core.package_identification:_identify(src/nav2_util) by extension 'ignore_ament_install'
[0.403s] Level 1:colcon.colcon_core.package_identification:_identify(src/nav2_util) by extensions ['colcon_pkg']
[0.403s] Level 1:colcon.colcon_core.package_identification:_identify(src/nav2_util) by extension 'colcon_pkg'
[0.403s] Level 1:colcon.colcon_core.package_identification:_identify(src/nav2_util) by extensions ['colcon_meta']
[0.403s] Level 1:colcon.colcon_core.package_identification:_identify(src/nav2_util) by extension 'colcon_meta'
[0.403s] Level 1:colcon.colcon_core.package_identification:_identify(src/nav2_util) by extensions ['ros']
[0.403s] Level 1:colcon.colcon_core.package_identification:_identify(src/nav2_util) by extension 'ros'
[0.406s] DEBUG:colcon.colcon_core.package_identification:Package 'src/nav2_util' with type 'ros.ament_cmake' and name 'nav2_util'
[0.406s] Level 1:colcon.colcon_core.package_identification:_identify(src/nav2_voxel_grid) by extensions ['ignore', 'ignore_ament_install']
[0.407s] Level 1:colcon.colcon_core.package_identification:_identify(src/nav2_voxel_grid) by extension 'ignore'
[0.407s] Level 1:colcon.colcon_core.package_identification:_identify(src/nav2_voxel_grid) by extension 'ignore_ament_install'
[0.407s] Level 1:colcon.colcon_core.package_identification:_identify(src/nav2_voxel_grid) by extensions ['colcon_pkg']
[0.407s] Level 1:colcon.colcon_core.package_identification:_identify(src/nav2_voxel_grid) by extension 'colcon_pkg'
[0.407s] Level 1:colcon.colcon_core.package_identification:_identify(src/nav2_voxel_grid) by extensions ['colcon_meta']
[0.407s] Level 1:colcon.colcon_core.package_identification:_identify(src/nav2_voxel_grid) by extension 'colcon_meta'
[0.407s] Level 1:colcon.colcon_core.package_identification:_identify(src/nav2_voxel_grid) by extensions ['ros']
[0.407s] Level 1:colcon.colcon_core.package_identification:_identify(src/nav2_voxel_grid) by extension 'ros'
[0.408s] DEBUG:colcon.colcon_core.package_identification:Package 'src/nav2_voxel_grid' with type 'ros.ament_cmake' and name 'nav2_voxel_grid'
[0.408s] Level 1:colcon.colcon_core.package_identification:_identify(src/nav2_waypoint_follower) by extensions ['ignore', 'ignore_ament_install']
[0.408s] Level 1:colcon.colcon_core.package_identification:_identify(src/nav2_waypoint_follower) by extension 'ignore'
[0.408s] Level 1:colcon.colcon_core.package_identification:_identify(src/nav2_waypoint_follower) by extension 'ignore_ament_install'
[0.408s] Level 1:colcon.colcon_core.package_identification:_identify(src/nav2_waypoint_follower) by extensions ['colcon_pkg']
[0.409s] Level 1:colcon.colcon_core.package_identification:_identify(src/nav2_waypoint_follower) by extension 'colcon_pkg'
[0.409s] Level 1:colcon.colcon_core.package_identification:_identify(src/nav2_waypoint_follower) by extensions ['colcon_meta']
[0.409s] Level 1:colcon.colcon_core.package_identification:_identify(src/nav2_waypoint_follower) by extension 'colcon_meta'
[0.409s] Level 1:colcon.colcon_core.package_identification:_identify(src/nav2_waypoint_follower) by extensions ['ros']
[0.409s] Level 1:colcon.colcon_core.package_identification:_identify(src/nav2_waypoint_follower) by extension 'ros'
[0.410s] DEBUG:colcon.colcon_core.package_identification:Package 'src/nav2_waypoint_follower' with type 'ros.ament_cmake' and name 'nav2_waypoint_follower'
[0.410s] Level 1:colcon.colcon_core.package_identification:_identify(src/navigation2) by extensions ['ignore', 'ignore_ament_install']
[0.411s] Level 1:colcon.colcon_core.package_identification:_identify(src/navigation2) by extension 'ignore'
[0.411s] Level 1:colcon.colcon_core.package_identification:_identify(src/navigation2) by extension 'ignore_ament_install'
[0.411s] Level 1:colcon.colcon_core.package_identification:_identify(src/navigation2) by extensions ['colcon_pkg']
[0.411s] Level 1:colcon.colcon_core.package_identification:_identify(src/navigation2) by extension 'colcon_pkg'
[0.411s] Level 1:colcon.colcon_core.package_identification:_identify(src/navigation2) by extensions ['colcon_meta']
[0.411s] Level 1:colcon.colcon_core.package_identification:_identify(src/navigation2) by extension 'colcon_meta'
[0.411s] Level 1:colcon.colcon_core.package_identification:_identify(src/navigation2) by extensions ['ros']
[0.411s] Level 1:colcon.colcon_core.package_identification:_identify(src/navigation2) by extension 'ros'
[0.413s] DEBUG:colcon.colcon_core.package_identification:Package 'src/navigation2' with type 'ros.ament_cmake' and name 'navigation2'
[0.413s] Level 1:colcon.colcon_core.package_identification:_identify(src/navigation2_tutorials) by extensions ['ignore', 'ignore_ament_install']
[0.413s] Level 1:colcon.colcon_core.package_identification:_identify(src/navigation2_tutorials) by extension 'ignore'
[0.413s] Level 1:colcon.colcon_core.package_identification:_identify(src/navigation2_tutorials) by extension 'ignore_ament_install'
[0.413s] Level 1:colcon.colcon_core.package_identification:_identify(src/navigation2_tutorials) by extensions ['colcon_pkg']
[0.413s] Level 1:colcon.colcon_core.package_identification:_identify(src/navigation2_tutorials) by extension 'colcon_pkg'
[0.413s] Level 1:colcon.colcon_core.package_identification:_identify(src/navigation2_tutorials) by extensions ['colcon_meta']
[0.413s] Level 1:colcon.colcon_core.package_identification:_identify(src/navigation2_tutorials) by extension 'colcon_meta'
[0.413s] Level 1:colcon.colcon_core.package_identification:_identify(src/navigation2_tutorials) by extensions ['ros']
[0.414s] Level 1:colcon.colcon_core.package_identification:_identify(src/navigation2_tutorials) by extension 'ros'
[0.414s] Level 1:colcon.colcon_core.package_identification:_identify(src/navigation2_tutorials) by extensions ['cmake', 'python']
[0.414s] Level 1:colcon.colcon_core.package_identification:_identify(src/navigation2_tutorials) by extension 'cmake'
[0.414s] Level 1:colcon.colcon_core.package_identification:_identify(src/navigation2_tutorials) by extension 'python'
[0.414s] Level 1:colcon.colcon_core.package_identification:_identify(src/navigation2_tutorials) by extensions ['python_setup_py']
[0.414s] Level 1:colcon.colcon_core.package_identification:_identify(src/navigation2_tutorials) by extension 'python_setup_py'
[0.414s] Level 1:colcon.colcon_core.package_identification:_identify(src/navigation2_tutorials/nav2_costmap_filters_demo) by extensions ['ignore', 'ignore_ament_install']
[0.414s] Level 1:colcon.colcon_core.package_identification:_identify(src/navigation2_tutorials/nav2_costmap_filters_demo) by extension 'ignore'
[0.414s] Level 1:colcon.colcon_core.package_identification:_identify(src/navigation2_tutorials/nav2_costmap_filters_demo) by extension 'ignore_ament_install'
[0.414s] Level 1:colcon.colcon_core.package_identification:_identify(src/navigation2_tutorials/nav2_costmap_filters_demo) by extensions ['colcon_pkg']
[0.415s] Level 1:colcon.colcon_core.package_identification:_identify(src/navigation2_tutorials/nav2_costmap_filters_demo) by extension 'colcon_pkg'
[0.415s] Level 1:colcon.colcon_core.package_identification:_identify(src/navigation2_tutorials/nav2_costmap_filters_demo) by extensions ['colcon_meta']
[0.415s] Level 1:colcon.colcon_core.package_identification:_identify(src/navigation2_tutorials/nav2_costmap_filters_demo) by extension 'colcon_meta'
[0.415s] Level 1:colcon.colcon_core.package_identification:_identify(src/navigation2_tutorials/nav2_costmap_filters_demo) by extensions ['ros']
[0.415s] Level 1:colcon.colcon_core.package_identification:_identify(src/navigation2_tutorials/nav2_costmap_filters_demo) by extension 'ros'
[0.416s] DEBUG:colcon.colcon_core.package_identification:Package 'src/navigation2_tutorials/nav2_costmap_filters_demo' with type 'ros.ament_cmake' and name 'nav2_costmap_filters_demo'
[0.416s] Level 1:colcon.colcon_core.package_identification:_identify(src/navigation2_tutorials/nav2_gradient_costmap_plugin) by extensions ['ignore', 'ignore_ament_install']
[0.416s] Level 1:colcon.colcon_core.package_identification:_identify(src/navigation2_tutorials/nav2_gradient_costmap_plugin) by extension 'ignore'
[0.416s] Level 1:colcon.colcon_core.package_identification:_identify(src/navigation2_tutorials/nav2_gradient_costmap_plugin) by extension 'ignore_ament_install'
[0.416s] Level 1:colcon.colcon_core.package_identification:_identify(src/navigation2_tutorials/nav2_gradient_costmap_plugin) by extensions ['colcon_pkg']
[0.416s] Level 1:colcon.colcon_core.package_identification:_identify(src/navigation2_tutorials/nav2_gradient_costmap_plugin) by extension 'colcon_pkg'
[0.416s] Level 1:colcon.colcon_core.package_identification:_identify(src/navigation2_tutorials/nav2_gradient_costmap_plugin) by extensions ['colcon_meta']
[0.416s] Level 1:colcon.colcon_core.package_identification:_identify(src/navigation2_tutorials/nav2_gradient_costmap_plugin) by extension 'colcon_meta'
[0.416s] Level 1:colcon.colcon_core.package_identification:_identify(src/navigation2_tutorials/nav2_gradient_costmap_plugin) by extensions ['ros']
[0.416s] Level 1:colcon.colcon_core.package_identification:_identify(src/navigation2_tutorials/nav2_gradient_costmap_plugin) by extension 'ros'
[0.417s] DEBUG:colcon.colcon_core.package_identification:Package 'src/navigation2_tutorials/nav2_gradient_costmap_plugin' with type 'ros.ament_cmake' and name 'nav2_gradient_costmap_plugin'
[0.417s] Level 1:colcon.colcon_core.package_identification:_identify(src/navigation2_tutorials/nav2_sms_behavior) by extensions ['ignore', 'ignore_ament_install']
[0.418s] Level 1:colcon.colcon_core.package_identification:_identify(src/navigation2_tutorials/nav2_sms_behavior) by extension 'ignore'
[0.418s] Level 1:colcon.colcon_core.package_identification:_identify(src/navigation2_tutorials/nav2_sms_behavior) by extension 'ignore_ament_install'
[0.418s] Level 1:colcon.colcon_core.package_identification:_identify(src/navigation2_tutorials/nav2_sms_behavior) by extensions ['colcon_pkg']
[0.418s] Level 1:colcon.colcon_core.package_identification:_identify(src/navigation2_tutorials/nav2_sms_behavior) by extension 'colcon_pkg'
[0.418s] Level 1:colcon.colcon_core.package_identification:_identify(src/navigation2_tutorials/nav2_sms_behavior) by extensions ['colcon_meta']
[0.418s] Level 1:colcon.colcon_core.package_identification:_identify(src/navigation2_tutorials/nav2_sms_behavior) by extension 'colcon_meta'
[0.418s] Level 1:colcon.colcon_core.package_identification:_identify(src/navigation2_tutorials/nav2_sms_behavior) by extensions ['ros']
[0.418s] Level 1:colcon.colcon_core.package_identification:_identify(src/navigation2_tutorials/nav2_sms_behavior) by extension 'ros'
[0.421s] DEBUG:colcon.colcon_core.package_identification:Package 'src/navigation2_tutorials/nav2_sms_behavior' with type 'ros.ament_cmake' and name 'nav2_sms_behavior'
[0.421s] Level 1:colcon.colcon_core.package_identification:_identify(src/navigation2_tutorials/nav2_straightline_planner) by extensions ['ignore', 'ignore_ament_install']
[0.421s] Level 1:colcon.colcon_core.package_identification:_identify(src/navigation2_tutorials/nav2_straightline_planner) by extension 'ignore'
[0.421s] Level 1:colcon.colcon_core.package_identification:_identify(src/navigation2_tutorials/nav2_straightline_planner) by extension 'ignore_ament_install'
[0.421s] Level 1:colcon.colcon_core.package_identification:_identify(src/navigation2_tutorials/nav2_straightline_planner) by extensions ['colcon_pkg']
[0.421s] Level 1:colcon.colcon_core.package_identification:_identify(src/navigation2_tutorials/nav2_straightline_planner) by extension 'colcon_pkg'
[0.421s] Level 1:colcon.colcon_core.package_identification:_identify(src/navigation2_tutorials/nav2_straightline_planner) by extensions ['colcon_meta']
[0.421s] Level 1:colcon.colcon_core.package_identification:_identify(src/navigation2_tutorials/nav2_straightline_planner) by extension 'colcon_meta'
[0.421s] Level 1:colcon.colcon_core.package_identification:_identify(src/navigation2_tutorials/nav2_straightline_planner) by extensions ['ros']
[0.421s] Level 1:colcon.colcon_core.package_identification:_identify(src/navigation2_tutorials/nav2_straightline_planner) by extension 'ros'
[0.424s] DEBUG:colcon.colcon_core.package_identification:Package 'src/navigation2_tutorials/nav2_straightline_planner' with type 'ros.ament_cmake' and name 'nav2_straightline_planner'
[0.424s] Level 1:colcon.colcon_core.package_identification:_identify(src/navigation2_tutorials/sam_bot_description) by extensions ['ignore', 'ignore_ament_install']
[0.424s] Level 1:colcon.colcon_core.package_identification:_identify(src/navigation2_tutorials/sam_bot_description) by extension 'ignore'
[0.424s] Level 1:colcon.colcon_core.package_identification:_identify(src/navigation2_tutorials/sam_bot_description) by extension 'ignore_ament_install'
[0.424s] Level 1:colcon.colcon_core.package_identification:_identify(src/navigation2_tutorials/sam_bot_description) by extensions ['colcon_pkg']
[0.424s] Level 1:colcon.colcon_core.package_identification:_identify(src/navigation2_tutorials/sam_bot_description) by extension 'colcon_pkg'
[0.424s] Level 1:colcon.colcon_core.package_identification:_identify(src/navigation2_tutorials/sam_bot_description) by extensions ['colcon_meta']
[0.424s] Level 1:colcon.colcon_core.package_identification:_identify(src/navigation2_tutorials/sam_bot_description) by extension 'colcon_meta'
[0.425s] Level 1:colcon.colcon_core.package_identification:_identify(src/navigation2_tutorials/sam_bot_description) by extensions ['ros']
[0.425s] Level 1:colcon.colcon_core.package_identification:_identify(src/navigation2_tutorials/sam_bot_description) by extension 'ros'
[0.425s] DEBUG:colcon.colcon_core.package_identification:Package 'src/navigation2_tutorials/sam_bot_description' with type 'ros.ament_cmake' and name 'sam_bot_description'
[0.425s] Level 1:colcon.colcon_core.package_identification:_identify(src/smac_planner) by extensions ['ignore', 'ignore_ament_install']
[0.426s] Level 1:colcon.colcon_core.package_identification:_identify(src/smac_planner) by extension 'ignore'
[0.426s] Level 1:colcon.colcon_core.package_identification:_identify(src/smac_planner) by extension 'ignore_ament_install'
[0.426s] Level 1:colcon.colcon_core.package_identification:_identify(src/smac_planner) by extensions ['colcon_pkg']
[0.426s] Level 1:colcon.colcon_core.package_identification:_identify(src/smac_planner) by extension 'colcon_pkg'
[0.426s] Level 1:colcon.colcon_core.package_identification:_identify(src/smac_planner) by extensions ['colcon_meta']
[0.426s] Level 1:colcon.colcon_core.package_identification:_identify(src/smac_planner) by extension 'colcon_meta'
[0.426s] Level 1:colcon.colcon_core.package_identification:_identify(src/smac_planner) by extensions ['ros']
[0.426s] Level 1:colcon.colcon_core.package_identification:_identify(src/smac_planner) by extension 'ros'
[0.429s] DEBUG:colcon.colcon_core.package_identification:Package 'src/smac_planner' with type 'ros.ament_cmake' and name 'smac_planner'
[0.429s] Level 1:colcon.colcon_core.package_identification:_identify(src/tools) by extensions ['ignore', 'ignore_ament_install']
[0.429s] Level 1:colcon.colcon_core.package_identification:_identify(src/tools) by extension 'ignore'
[0.429s] Level 1:colcon.colcon_core.package_identification:_identify(src/tools) by extension 'ignore_ament_install'
[0.429s] Level 1:colcon.colcon_core.package_identification:_identify(src/tools) by extensions ['colcon_pkg']
[0.429s] Level 1:colcon.colcon_core.package_identification:_identify(src/tools) by extension 'colcon_pkg'
[0.429s] Level 1:colcon.colcon_core.package_identification:_identify(src/tools) by extensions ['colcon_meta']
[0.429s] Level 1:colcon.colcon_core.package_identification:_identify(src/tools) by extension 'colcon_meta'
[0.429s] Level 1:colcon.colcon_core.package_identification:_identify(src/tools) by extensions ['ros']
[0.429s] Level 1:colcon.colcon_core.package_identification:_identify(src/tools) by extension 'ros'
[0.430s] Level 1:colcon.colcon_core.package_identification:_identify(src/tools) by extensions ['cmake', 'python']
[0.430s] Level 1:colcon.colcon_core.package_identification:_identify(src/tools) by extension 'cmake'
[0.430s] Level 1:colcon.colcon_core.package_identification:_identify(src/tools) by extension 'python'
[0.430s] Level 1:colcon.colcon_core.package_identification:_identify(src/tools) by extensions ['python_setup_py']
[0.430s] Level 1:colcon.colcon_core.package_identification:_identify(src/tools) by extension 'python_setup_py'
[0.430s] Level 1:colcon.colcon_core.package_discovery:discover_packages(recursive) using defaults
[0.430s] Level 1:colcon.colcon_core.package_discovery:discover_packages(ignore) discover
[0.430s] Level 1:colcon.colcon_core.package_discovery:discover_packages(ignore) using defaults
[0.430s] Level 1:colcon.colcon_core.package_discovery:discover_packages(path) discover
[0.430s] Level 1:colcon.colcon_core.package_discovery:discover_packages(path) using defaults
[0.469s] INFO:colcon.colcon_core.package_selection:Skipping not selected package 'nav2_common' in 'src/nav2_common'
[0.469s] INFO:colcon.colcon_core.package_selection:Skipping not selected package 'nav2_costmap_filters_demo' in 'src/navigation2_tutorials/nav2_costmap_filters_demo'
[0.469s] INFO:colcon.colcon_core.package_selection:Skipping not selected package 'nav2_gazebo_spawner' in 'src/nav2_bringup/nav2_gazebo_spawner'
[0.469s] INFO:colcon.colcon_core.package_selection:Skipping not selected package 'nav_2d_msgs' in 'src/nav2_dwb_controller/nav_2d_msgs'
[0.469s] INFO:colcon.colcon_core.package_selection:Skipping not selected package 'sam_bot_description' in 'src/navigation2_tutorials/sam_bot_description'
[0.469s] INFO:colcon.colcon_core.package_selection:Skipping not selected package 'dwb_msgs' in 'src/nav2_dwb_controller/dwb_msgs'
[0.469s] INFO:colcon.colcon_core.package_selection:Skipping not selected package 'nav2_msgs' in 'src/nav2_msgs'
[0.469s] INFO:colcon.colcon_core.package_selection:Skipping not selected package 'nav2_voxel_grid' in 'src/nav2_voxel_grid'
[0.469s] INFO:colcon.colcon_core.package_selection:Skipping not selected package 'nav2_util' in 'src/nav2_util'
[0.469s] INFO:colcon.colcon_core.package_selection:Skipping not selected package 'nav2_amcl' in 'src/nav2_amcl'
[0.469s] INFO:colcon.colcon_core.package_selection:Skipping not selected package 'nav2_behavior_tree' in 'src/nav2_behavior_tree'
[0.469s] INFO:colcon.colcon_core.package_selection:Skipping not selected package 'nav2_lifecycle_manager' in 'src/nav2_lifecycle_manager'
[0.470s] INFO:colcon.colcon_core.package_selection:Skipping not selected package 'nav2_map_server' in 'src/nav2_map_server'
[0.470s] INFO:colcon.colcon_core.package_selection:Skipping not selected package 'nav2_waypoint_follower' in 'src/nav2_waypoint_follower'
[0.470s] INFO:colcon.colcon_core.package_selection:Skipping not selected package 'nav_2d_utils' in 'src/nav2_dwb_controller/nav_2d_utils'
[0.470s] INFO:colcon.colcon_core.package_selection:Skipping not selected package 'nav2_bt_navigator' in 'src/nav2_bt_navigator'
[0.470s] INFO:colcon.colcon_core.package_selection:Skipping not selected package 'nav2_costmap_2d' in 'src/nav2_costmap_2d'
[0.470s] INFO:colcon.colcon_core.package_selection:Skipping not selected package 'nav2_rviz_plugins' in 'src/nav2_rviz_plugins'
[0.470s] INFO:colcon.colcon_core.package_selection:Skipping not selected package 'costmap_queue' in 'src/nav2_dwb_controller/costmap_queue'
[0.470s] INFO:colcon.colcon_core.package_selection:Skipping not selected package 'nav2_core' in 'src/nav2_core'
[0.470s] INFO:colcon.colcon_core.package_selection:Skipping not selected package 'nav2_gradient_costmap_plugin' in 'src/navigation2_tutorials/nav2_gradient_costmap_plugin'
[0.470s] INFO:colcon.colcon_core.package_selection:Skipping not selected package 'dwb_core' in 'src/nav2_dwb_controller/dwb_core'
[0.470s] INFO:colcon.colcon_core.package_selection:Skipping not selected package 'nav2_controller' in 'src/nav2_controller'
[0.470s] INFO:colcon.colcon_core.package_selection:Skipping not selected package 'nav2_navfn_planner' in 'src/nav2_navfn_planner'
[0.470s] INFO:colcon.colcon_core.package_selection:Skipping not selected package 'nav2_planner' in 'src/nav2_planner'
[0.470s] INFO:colcon.colcon_core.package_selection:Skipping not selected package 'nav2_recoveries' in 'src/nav2_recoveries'
[0.470s] INFO:colcon.colcon_core.package_selection:Skipping not selected package 'nav2_regulated_pure_pursuit_controller' in 'src/nav2_regulated_pure_pursuit_controller'
[0.470s] INFO:colcon.colcon_core.package_selection:Skipping not selected package 'nav2_sms_behavior' in 'src/navigation2_tutorials/nav2_sms_behavior'
[0.470s] INFO:colcon.colcon_core.package_selection:Skipping not selected package 'nav2_straightline_planner' in 'src/navigation2_tutorials/nav2_straightline_planner'
[0.470s] INFO:colcon.colcon_core.package_selection:Skipping not selected package 'smac_planner' in 'src/smac_planner'
[0.471s] INFO:colcon.colcon_core.package_selection:Skipping not selected package 'dwb_critics' in 'src/nav2_dwb_controller/dwb_critics'
[0.471s] INFO:colcon.colcon_core.package_selection:Skipping not selected package 'dwb_plugins' in 'src/nav2_dwb_controller/dwb_plugins'
[0.471s] INFO:colcon.colcon_core.package_selection:Skipping not selected package 'nav2_dwb_controller' in 'src/nav2_dwb_controller/nav2_dwb_controller'
[0.471s] INFO:colcon.colcon_core.package_selection:Skipping not selected package 'navigation2' in 'src/navigation2'
[0.471s] INFO:colcon.colcon_core.package_selection:Skipping not selected package 'nav2_bringup' in 'src/nav2_bringup/bringup'
[0.471s] INFO:colcon.colcon_core.package_selection:Skipping not selected package 'nav2_system_tests' in 'src/nav2_system_tests'
[0.472s] Level 1:colcon.colcon_core.package_discovery:discover_packages(prefix_path) check parameters
[0.472s] Level 1:colcon.colcon_core.package_discovery:discover_packages(prefix_path) discover
[0.481s] DEBUG:colcon.colcon_installed_package_information.package_discovery:Found 34 installed packages in /home/terra/nav2_ws/install
[0.487s] DEBUG:colcon.colcon_installed_package_information.package_discovery:Found 317 installed packages in /opt/ros/foxy
[0.491s] Level 1:colcon.colcon_core.package_discovery:discover_packages(prefix_path) using defaults
[0.605s] Level 5:colcon.colcon_core.verb:set package 'nav2_straightline_demo' build argument 'cmake_args' from command line to '['-DCMAKE_BUILD_TYPE=RelWithDebInfo']'
[0.605s] Level 5:colcon.colcon_core.verb:set package 'nav2_straightline_demo' build argument 'cmake_target' from command line to 'None'
[0.605s] Level 5:colcon.colcon_core.verb:set package 'nav2_straightline_demo' build argument 'cmake_target_skip_unavailable' from command line to 'False'
[0.605s] Level 5:colcon.colcon_core.verb:set package 'nav2_straightline_demo' build argument 'cmake_clean_cache' from command line to 'False'
[0.605s] Level 5:colcon.colcon_core.verb:set package 'nav2_straightline_demo' build argument 'cmake_clean_first' from command line to 'False'
[0.605s] Level 5:colcon.colcon_core.verb:set package 'nav2_straightline_demo' build argument 'cmake_force_configure' from command line to 'False'
[0.605s] Level 5:colcon.colcon_core.verb:set package 'nav2_straightline_demo' build argument 'ament_cmake_args' from command line to 'None'
[0.605s] Level 5:colcon.colcon_core.verb:set package 'nav2_straightline_demo' build argument 'catkin_cmake_args' from command line to 'None'
[0.605s] Level 5:colcon.colcon_core.verb:set package 'nav2_straightline_demo' build argument 'catkin_skip_building_tests' from command line to 'False'
[0.605s] DEBUG:colcon.colcon_core.verb:Building package 'nav2_straightline_demo' with the following arguments: {'ament_cmake_args': None, 'build_base': '/home/terra/nav2_ws/build/nav2_straightline_demo', 'catkin_cmake_args': None, 'catkin_skip_building_tests': False, 'cmake_args': ['-DCMAKE_BUILD_TYPE=RelWithDebInfo'], 'cmake_clean_cache': False, 'cmake_clean_first': False, 'cmake_force_configure': False, 'cmake_target': None, 'cmake_target_skip_unavailable': False, 'install_base': '/home/terra/nav2_ws/install/nav2_straightline_demo', 'merge_install': False, 'path': '/home/terra/nav2_ws/src/nav2_straightline_demo', 'symlink_install': True, 'test_result_base': None}
[0.608s] INFO:colcon.colcon_core.executor:Executing jobs using 'parallel' executor
[0.617s] DEBUG:colcon.colcon_parallel_executor.executor.parallel:run_until_complete
[0.618s] INFO:colcon.colcon_ros.task.ament_cmake.build:Building ROS package in '/home/terra/nav2_ws/src/nav2_straightline_demo' with build type 'ament_cmake'
[0.618s] INFO:colcon.colcon_cmake.task.cmake.build:Building CMake package in '/home/terra/nav2_ws/src/nav2_straightline_demo'
[0.629s] INFO:colcon.colcon_core.plugin_system:Skipping extension 'colcon_core.shell.bat': Not used on non-Windows systems
[0.629s] INFO:colcon.colcon_core.shell:Skip shell extension 'powershell' for command environment: Not usable outside of PowerShell
[0.629s] DEBUG:colcon.colcon_core.shell:Skip shell extension 'dsv' for command environment
[0.654s] DEBUG:colcon.colcon_core.event_handler.log_command:Invoking command in '/home/terra/nav2_ws/build/nav2_straightline_demo': CMAKE_PREFIX_PATH=${CMAKE_PREFIX_PATH}:/home/terra/nav2_ws/install/nav2_gazebo_spawner:/opt/ros/foxy /usr/bin/cmake --build /home/terra/nav2_ws/build/nav2_straightline_demo -- -j8 -l8
[14.000s] DEBUG:colcon.colcon_core.event_handler.log_command:Invoked command in '/home/terra/nav2_ws/build/nav2_straightline_demo' returned '0': CMAKE_PREFIX_PATH=${CMAKE_PREFIX_PATH}:/home/terra/nav2_ws/install/nav2_gazebo_spawner:/opt/ros/foxy /usr/bin/cmake --build /home/terra/nav2_ws/build/nav2_straightline_demo -- -j8 -l8
[14.084s] DEBUG:colcon.colcon_core.event_handler.log_command:Invoking command in '/home/terra/nav2_ws/build/nav2_straightline_demo': CMAKE_PREFIX_PATH=${CMAKE_PREFIX_PATH}:/home/terra/nav2_ws/install/nav2_gazebo_spawner:/opt/ros/foxy /usr/bin/cmake --install /home/terra/nav2_ws/build/nav2_straightline_demo
[14.129s] Level 1:colcon.colcon_core.environment:create_environment_scripts_only(nav2_straightline_demo)
[14.131s] DEBUG:colcon.colcon_core.event_handler.log_command:Invoked command in '/home/terra/nav2_ws/build/nav2_straightline_demo' returned '0': CMAKE_PREFIX_PATH=${CMAKE_PREFIX_PATH}:/home/terra/nav2_ws/install/nav2_gazebo_spawner:/opt/ros/foxy /usr/bin/cmake --install /home/terra/nav2_ws/build/nav2_straightline_demo
[14.142s] Level 1:colcon.colcon_core.environment:checking '/home/terra/nav2_ws/install/nav2_straightline_demo' for CMake module files
[14.142s] Level 1:colcon.colcon_core.environment:checking '/home/terra/nav2_ws/install/nav2_straightline_demo' for CMake config files
[14.143s] Level 1:colcon.colcon_core.shell:create_environment_hook('nav2_straightline_demo', 'cmake_prefix_path')
[14.147s] INFO:colcon.colcon_core.shell:Creating environment hook '/home/terra/nav2_ws/install/nav2_straightline_demo/share/nav2_straightline_demo/hook/cmake_prefix_path.ps1'
[14.148s] INFO:colcon.colcon_core.shell:Creating environment descriptor '/home/terra/nav2_ws/install/nav2_straightline_demo/share/nav2_straightline_demo/hook/cmake_prefix_path.dsv'
[14.148s] INFO:colcon.colcon_core.shell:Creating environment hook '/home/terra/nav2_ws/install/nav2_straightline_demo/share/nav2_straightline_demo/hook/cmake_prefix_path.sh'
[14.150s] Level 1:colcon.colcon_core.environment:checking '/home/terra/nav2_ws/install/nav2_straightline_demo/lib'
[14.150s] Level 1:colcon.colcon_core.environment:checking '/home/terra/nav2_ws/install/nav2_straightline_demo/bin'
[14.150s] Level 1:colcon.colcon_core.environment:checking '/home/terra/nav2_ws/install/nav2_straightline_demo/lib/pkgconfig/nav2_straightline_demo.pc'
[14.150s] Level 1:colcon.colcon_core.environment:checking '/home/terra/nav2_ws/install/nav2_straightline_demo/lib/python3.8/site-packages'
[14.151s] Level 1:colcon.colcon_core.environment:checking '/home/terra/nav2_ws/install/nav2_straightline_demo/bin'
[14.155s] INFO:colcon.colcon_core.shell:Creating package script '/home/terra/nav2_ws/install/nav2_straightline_demo/share/nav2_straightline_demo/package.ps1'
[14.156s] INFO:colcon.colcon_core.shell:Creating package descriptor '/home/terra/nav2_ws/install/nav2_straightline_demo/share/nav2_straightline_demo/package.dsv'
[14.157s] INFO:colcon.colcon_core.shell:Creating package script '/home/terra/nav2_ws/install/nav2_straightline_demo/share/nav2_straightline_demo/package.sh'
[14.158s] INFO:colcon.colcon_core.shell:Creating package script '/home/terra/nav2_ws/install/nav2_straightline_demo/share/nav2_straightline_demo/package.bash'
[14.159s] INFO:colcon.colcon_core.shell:Creating package script '/home/terra/nav2_ws/install/nav2_straightline_demo/share/nav2_straightline_demo/package.zsh'
[14.160s] Level 1:colcon.colcon_core.environment:create_file_with_runtime_dependencies(/home/terra/nav2_ws/install/nav2_straightline_demo/share/colcon-core/packages/nav2_straightline_demo)
[14.222s] Level 1:colcon.colcon_core.environment:create_environment_scripts_only(nav2_straightline_demo)
[14.228s] Level 1:colcon.colcon_core.environment:checking '/home/terra/nav2_ws/install/nav2_straightline_demo' for CMake module files
[14.229s] Level 1:colcon.colcon_core.environment:checking '/home/terra/nav2_ws/install/nav2_straightline_demo' for CMake config files
[14.229s] Level 1:colcon.colcon_core.shell:create_environment_hook('nav2_straightline_demo', 'cmake_prefix_path')
[14.234s] INFO:colcon.colcon_core.shell:Creating environment hook '/home/terra/nav2_ws/install/nav2_straightline_demo/share/nav2_straightline_demo/hook/cmake_prefix_path.ps1'
[14.235s] INFO:colcon.colcon_core.shell:Creating environment descriptor '/home/terra/nav2_ws/install/nav2_straightline_demo/share/nav2_straightline_demo/hook/cmake_prefix_path.dsv'
[14.235s] INFO:colcon.colcon_core.shell:Creating environment hook '/home/terra/nav2_ws/install/nav2_straightline_demo/share/nav2_straightline_demo/hook/cmake_prefix_path.sh'
[14.236s] Level 1:colcon.colcon_core.environment:checking '/home/terra/nav2_ws/install/nav2_straightline_demo/lib'
[14.236s] Level 1:colcon.colcon_core.environment:checking '/home/terra/nav2_ws/install/nav2_straightline_demo/bin'
[14.237s] Level 1:colcon.colcon_core.environment:checking '/home/terra/nav2_ws/install/nav2_straightline_demo/lib/pkgconfig/nav2_straightline_demo.pc'
[14.237s] Level 1:colcon.colcon_core.environment:checking '/home/terra/nav2_ws/install/nav2_straightline_demo/lib/python3.8/site-packages'
[14.237s] Level 1:colcon.colcon_core.environment:checking '/home/terra/nav2_ws/install/nav2_straightline_demo/bin'
[14.241s] INFO:colcon.colcon_core.shell:Creating package script '/home/terra/nav2_ws/install/nav2_straightline_demo/share/nav2_straightline_demo/package.ps1'
[14.242s] INFO:colcon.colcon_core.shell:Creating package descriptor '/home/terra/nav2_ws/install/nav2_straightline_demo/share/nav2_straightline_demo/package.dsv'
[14.242s] INFO:colcon.colcon_core.shell:Creating package script '/home/terra/nav2_ws/install/nav2_straightline_demo/share/nav2_straightline_demo/package.sh'
[14.243s] INFO:colcon.colcon_core.shell:Creating package script '/home/terra/nav2_ws/install/nav2_straightline_demo/share/nav2_straightline_demo/package.bash'
[14.243s] INFO:colcon.colcon_core.shell:Creating package script '/home/terra/nav2_ws/install/nav2_straightline_demo/share/nav2_straightline_demo/package.zsh'
[14.244s] Level 1:colcon.colcon_core.environment:create_file_with_runtime_dependencies(/home/terra/nav2_ws/install/nav2_straightline_demo/share/colcon-core/packages/nav2_straightline_demo)
[14.245s] DEBUG:colcon.colcon_parallel_executor.executor.parallel:closing loop
[14.245s] DEBUG:colcon.colcon_parallel_executor.executor.parallel:loop closed
[14.245s] DEBUG:colcon.colcon_parallel_executor.executor.parallel:run_until_complete finished with '0'
[14.246s] DEBUG:colcon.colcon_core.event_reactor:joining thread
[14.257s] INFO:colcon.colcon_core.plugin_system:Skipping extension 'colcon_notification.desktop_notification.terminal_notifier': Not used on non-Darwin systems
[14.257s] INFO:colcon.colcon_core.plugin_system:Skipping extension 'colcon_notification.desktop_notification.win32': Not used on non-Windows systems
[14.257s] INFO:colcon.colcon_notification.desktop_notification:Sending desktop notification using 'notify2'
[14.279s] DEBUG:colcon.colcon_core.event_reactor:joined thread
[14.285s] INFO:colcon.colcon_core.shell:Creating prefix script '/home/terra/nav2_ws/install/local_setup.ps1'
[14.286s] INFO:colcon.colcon_core.shell:Creating prefix util module '/home/terra/nav2_ws/install/_local_setup_util_ps1.py'
[14.289s] INFO:colcon.colcon_core.shell:Creating prefix chain script '/home/terra/nav2_ws/install/setup.ps1'
[14.294s] INFO:colcon.colcon_core.shell:Creating prefix script '/home/terra/nav2_ws/install/local_setup.sh'
[14.295s] INFO:colcon.colcon_core.shell:Creating prefix util module '/home/terra/nav2_ws/install/_local_setup_util_sh.py'
[14.296s] INFO:colcon.colcon_core.shell:Creating prefix chain script '/home/terra/nav2_ws/install/setup.sh'
[14.301s] INFO:colcon.colcon_core.shell:Creating prefix script '/home/terra/nav2_ws/install/local_setup.bash'
[14.301s] INFO:colcon.colcon_core.shell:Creating prefix chain script '/home/terra/nav2_ws/install/setup.bash'
[14.306s] INFO:colcon.colcon_core.shell:Creating prefix script '/home/terra/nav2_ws/install/local_setup.zsh'
[14.307s] INFO:colcon.colcon_core.shell:Creating prefix chain script '/home/terra/nav2_ws/install/setup.zsh'
