[0.087s] Invoking command in '/home/terra/nav2_ws/build/dwb_plugins': AMENT_PREFIX_PATH=/home/terra/nav2_ws/install/dwb_core:/home/terra/nav2_ws/install/nav2_core:/home/terra/nav2_ws/install/nav2_costmap_2d:/home/terra/nav2_ws/install/nav_2d_utils:/home/terra/nav2_ws/install/nav2_util:/home/terra/nav2_ws/install/nav2_voxel_grid:/home/terra/nav2_ws/install/nav2_msgs:/home/terra/nav2_ws/install/dwb_msgs:/home/terra/nav2_ws/install/nav_2d_msgs:/home/terra/nav2_ws/install/nav2_common:${AMENT_PREFIX_PATH} CMAKE_PREFIX_PATH=/home/terra/nav2_ws/install/dwb_core:/home/terra/nav2_ws/install/nav2_core:/home/terra/nav2_ws/install/nav2_costmap_2d:/home/terra/nav2_ws/install/nav_2d_utils:/home/terra/nav2_ws/install/nav2_util:/home/terra/nav2_ws/install/nav2_voxel_grid:/home/terra/nav2_ws/install/nav2_msgs:/home/terra/nav2_ws/install/dwb_msgs:/home/terra/nav2_ws/install/nav_2d_msgs:/home/terra/nav2_ws/install/nav2_common:/opt/ros/foxy LD_LIBRARY_PATH=/home/terra/nav2_ws/install/dwb_core/lib:/home/terra/nav2_ws/install/nav2_costmap_2d/lib:/home/terra/nav2_ws/install/nav_2d_utils/lib:/home/terra/nav2_ws/install/nav2_util/lib:/home/terra/nav2_ws/install/nav2_voxel_grid/lib:/home/terra/nav2_ws/install/nav2_msgs/lib:/home/terra/nav2_ws/install/dwb_msgs/lib:/home/terra/nav2_ws/install/nav_2d_msgs/lib:${LD_LIBRARY_PATH} PYTHONPATH=/home/terra/nav2_ws/install/nav2_msgs/lib/python3.8/site-packages:/home/terra/nav2_ws/install/dwb_msgs/lib/python3.8/site-packages:/home/terra/nav2_ws/install/nav_2d_msgs/lib/python3.8/site-packages:/home/terra/nav2_ws/install/nav2_common/lib/python3.8/site-packages:${PYTHONPATH} /usr/bin/cmake /home/terra/nav2_ws/src/nav2_dwb_controller/dwb_plugins -DAMENT_CMAKE_SYMLINK_INSTALL=1 -DCMAKE_INSTALL_PREFIX=/home/terra/nav2_ws/install/dwb_plugins
[5.412s] -- The C compiler identification is GNU 9.4.0
[5.412s] -- The CXX compiler identification is GNU 9.4.0
[5.412s] -- Check for working C compiler: /usr/bin/cc
[5.413s] -- Check for working C compiler: /usr/bin/cc -- works
[5.413s] -- Detecting C compiler ABI info
[5.413s] -- Detecting C compiler ABI info - done
[5.413s] -- Detecting C compile features
[5.413s] -- Detecting C compile features - done
[5.413s] -- Check for working CXX compiler: /usr/bin/c++
[5.413s] -- Check for working CXX compiler: /usr/bin/c++ -- works
[5.413s] -- Detecting CXX compiler ABI info
[5.414s] -- Detecting CXX compiler ABI info - done
[5.414s] -- Detecting CXX compile features
[5.414s] -- Detecting CXX compile features - done
[5.414s] -- Found ament_cmake: 0.9.9 (/opt/ros/foxy/share/ament_cmake/cmake)
[5.414s] -- Found PythonInterp: /usr/bin/python3 (found suitable version "3.8.10", minimum required is "3") 
[5.414s] -- Using PYTHON_EXECUTABLE: /usr/bin/python3
[5.414s] -- Override CMake install command with custom implementation using symlinks instead of copying resources
[5.414s] -- Found nav2_common: 0.4.7 (/home/terra/nav2_ws/install/nav2_common/share/nav2_common/cmake)
[5.414s] -- Found angles: 1.12.3 (/opt/ros/foxy/share/angles/cmake)
[5.415s] -- Found dwb_core: 0.4.7 (/home/terra/nav2_ws/install/dwb_core/share/dwb_core/cmake)
[5.415s] -- Using all available rosidl_typesupport_c: rosidl_typesupport_fastrtps_c;rosidl_typesupport_introspection_c
[5.415s] -- Found rosidl_adapter: 1.2.1 (/opt/ros/foxy/share/rosidl_adapter/cmake)
[5.415s] -- Found OpenSSL: /usr/lib/x86_64-linux-gnu/libcrypto.so (found version "1.1.1f")  
[5.415s] -- Found FastRTPS: /opt/ros/foxy/include  
[5.415s] -- Using all available rosidl_typesupport_cpp: rosidl_typesupport_fastrtps_cpp;rosidl_typesupport_introspection_cpp
[5.415s] -- Found rmw_implementation_cmake: 1.0.3 (/opt/ros/foxy/share/rmw_implementation_cmake/cmake)
[5.415s] -- Using RMW implementation 'rmw_fastrtps_cpp' as default
[5.416s] -- Looking for pthread.h
[5.416s] -- Looking for pthread.h - found
[5.416s] -- Performing Test CMAKE_HAVE_LIBC_PTHREAD
[5.416s] -- Performing Test CMAKE_HAVE_LIBC_PTHREAD - Failed
[5.416s] -- Looking for pthread_create in pthreads
[5.416s] -- Looking for pthread_create in pthreads - not found
[5.416s] -- Looking for pthread_create in pthread
[5.416s] -- Looking for pthread_create in pthread - found
[5.416s] -- Found Threads: TRUE  
[7.026s] -- Found Eigen3: TRUE (found version "3.3.7") 
[12.854s] -- Setting build type to Release as none was specified.
[18.017s] -- Found ament_lint_auto: 0.9.6 (/opt/ros/foxy/share/ament_lint_auto/cmake)
[18.185s] -- Found gtest sources under '/opt/ros/foxy/src/gtest_vendor': C++ tests using 'Google Test' will be built
[18.189s] -- Check if compiler accepts -pthread
[18.334s] -- Check if compiler accepts -pthread - yes
[18.359s] -- Added test 'cppcheck' to perform static code analysis on C / C++ code
[18.359s] -- Configured cppcheck include dirs: /home/terra/nav2_ws/src/nav2_dwb_controller/dwb_plugins/include
[18.360s] -- Configured cppcheck exclude dirs and/or files: 
[18.363s] -- Added test 'cpplint' to check C / C++ code against the Google style
[18.363s] -- Configured cpplint exclude dirs and/or files: 
[18.365s] -- Added test 'lint_cmake' to check CMake code style
[18.369s] -- Added test 'uncrustify' to check C / C++ code style
[18.369s] -- Configured uncrustify additional arguments: 
[18.370s] -- Added test 'xmllint' to check XML markup files
[18.386s] -- Configuring done
[18.585s] -- Generating done
[18.588s] -- Build files have been written to: /home/terra/nav2_ws/build/dwb_plugins
[18.604s] Invoked command in '/home/terra/nav2_ws/build/dwb_plugins' returned '0': AMENT_PREFIX_PATH=/home/terra/nav2_ws/install/dwb_core:/home/terra/nav2_ws/install/nav2_core:/home/terra/nav2_ws/install/nav2_costmap_2d:/home/terra/nav2_ws/install/nav_2d_utils:/home/terra/nav2_ws/install/nav2_util:/home/terra/nav2_ws/install/nav2_voxel_grid:/home/terra/nav2_ws/install/nav2_msgs:/home/terra/nav2_ws/install/dwb_msgs:/home/terra/nav2_ws/install/nav_2d_msgs:/home/terra/nav2_ws/install/nav2_common:${AMENT_PREFIX_PATH} CMAKE_PREFIX_PATH=/home/terra/nav2_ws/install/dwb_core:/home/terra/nav2_ws/install/nav2_core:/home/terra/nav2_ws/install/nav2_costmap_2d:/home/terra/nav2_ws/install/nav_2d_utils:/home/terra/nav2_ws/install/nav2_util:/home/terra/nav2_ws/install/nav2_voxel_grid:/home/terra/nav2_ws/install/nav2_msgs:/home/terra/nav2_ws/install/dwb_msgs:/home/terra/nav2_ws/install/nav_2d_msgs:/home/terra/nav2_ws/install/nav2_common:/opt/ros/foxy LD_LIBRARY_PATH=/home/terra/nav2_ws/install/dwb_core/lib:/home/terra/nav2_ws/install/nav2_costmap_2d/lib:/home/terra/nav2_ws/install/nav_2d_utils/lib:/home/terra/nav2_ws/install/nav2_util/lib:/home/terra/nav2_ws/install/nav2_voxel_grid/lib:/home/terra/nav2_ws/install/nav2_msgs/lib:/home/terra/nav2_ws/install/dwb_msgs/lib:/home/terra/nav2_ws/install/nav_2d_msgs/lib:${LD_LIBRARY_PATH} PYTHONPATH=/home/terra/nav2_ws/install/nav2_msgs/lib/python3.8/site-packages:/home/terra/nav2_ws/install/dwb_msgs/lib/python3.8/site-packages:/home/terra/nav2_ws/install/nav_2d_msgs/lib/python3.8/site-packages:/home/terra/nav2_ws/install/nav2_common/lib/python3.8/site-packages:${PYTHONPATH} /usr/bin/cmake /home/terra/nav2_ws/src/nav2_dwb_controller/dwb_plugins -DAMENT_CMAKE_SYMLINK_INSTALL=1 -DCMAKE_INSTALL_PREFIX=/home/terra/nav2_ws/install/dwb_plugins
[18.605s] Invoking command in '/home/terra/nav2_ws/build/dwb_plugins': AMENT_PREFIX_PATH=/home/terra/nav2_ws/install/dwb_core:/home/terra/nav2_ws/install/nav2_core:/home/terra/nav2_ws/install/nav2_costmap_2d:/home/terra/nav2_ws/install/nav_2d_utils:/home/terra/nav2_ws/install/nav2_util:/home/terra/nav2_ws/install/nav2_voxel_grid:/home/terra/nav2_ws/install/nav2_msgs:/home/terra/nav2_ws/install/dwb_msgs:/home/terra/nav2_ws/install/nav_2d_msgs:/home/terra/nav2_ws/install/nav2_common:${AMENT_PREFIX_PATH} CMAKE_PREFIX_PATH=/home/terra/nav2_ws/install/dwb_core:/home/terra/nav2_ws/install/nav2_core:/home/terra/nav2_ws/install/nav2_costmap_2d:/home/terra/nav2_ws/install/nav_2d_utils:/home/terra/nav2_ws/install/nav2_util:/home/terra/nav2_ws/install/nav2_voxel_grid:/home/terra/nav2_ws/install/nav2_msgs:/home/terra/nav2_ws/install/dwb_msgs:/home/terra/nav2_ws/install/nav_2d_msgs:/home/terra/nav2_ws/install/nav2_common:/opt/ros/foxy LD_LIBRARY_PATH=/home/terra/nav2_ws/install/dwb_core/lib:/home/terra/nav2_ws/install/nav2_costmap_2d/lib:/home/terra/nav2_ws/install/nav_2d_utils/lib:/home/terra/nav2_ws/install/nav2_util/lib:/home/terra/nav2_ws/install/nav2_voxel_grid/lib:/home/terra/nav2_ws/install/nav2_msgs/lib:/home/terra/nav2_ws/install/dwb_msgs/lib:/home/terra/nav2_ws/install/nav_2d_msgs/lib:${LD_LIBRARY_PATH} PYTHONPATH=/home/terra/nav2_ws/install/nav2_msgs/lib/python3.8/site-packages:/home/terra/nav2_ws/install/dwb_msgs/lib/python3.8/site-packages:/home/terra/nav2_ws/install/nav_2d_msgs/lib/python3.8/site-packages:/home/terra/nav2_ws/install/nav2_common/lib/python3.8/site-packages:${PYTHONPATH} /usr/bin/cmake --build /home/terra/nav2_ws/build/dwb_plugins -- -j8 -l8
[18.672s] [35m[1mScanning dependencies of target standard_traj_generator[0m
[18.766s] [  7%] [32mBuilding CXX object CMakeFiles/standard_traj_generator.dir/src/standard_traj_generator.cpp.o[0m
[22.258s] [ 15%] [32mBuilding CXX object CMakeFiles/standard_traj_generator.dir/src/xy_theta_iterator.cpp.o[0m
[24.871s] [ 23%] [32mBuilding CXX object CMakeFiles/standard_traj_generator.dir/src/kinematic_parameters.cpp.o[0m
[38.099s] [ 30%] [32mBuilding CXX object CMakeFiles/standard_traj_generator.dir/src/limited_accel_generator.cpp.o[0m
[42.596s] [ 38%] [32m[1mLinking CXX shared library libstandard_traj_generator.so[0m
[43.038s] [ 38%] Built target standard_traj_generator
[43.059s] [35m[1mScanning dependencies of target gtest_main[0m
[43.088s] [ 46%] [32mBuilding CXX object gtest/CMakeFiles/gtest_main.dir/src/gtest_main.cc.o[0m
[44.426s] [ 53%] [32m[1mLinking CXX static library libgtest_main.a[0m
[44.493s] [ 53%] Built target gtest_main
[44.514s] [35m[1mScanning dependencies of target gtest[0m
[44.548s] [ 61%] [32mBuilding CXX object gtest/CMakeFiles/gtest.dir/src/gtest-all.cc.o[0m
[58.237s] [ 69%] [32m[1mLinking CXX static library libgtest.a[0m
[58.331s] [ 69%] Built target gtest
[58.356s] [35m[1mScanning dependencies of target twist_gen_test[0m
[58.469s] [ 76%] [32mBuilding CXX object test/CMakeFiles/twist_gen_test.dir/twist_gen.cpp.o[0m
[64.703s] [ 84%] [32m[1mLinking CXX executable twist_gen_test[0m
[65.037s] [ 84%] Built target twist_gen_test
[65.054s] [35m[1mScanning dependencies of target vtest[0m
[65.077s] [ 92%] [32mBuilding CXX object test/CMakeFiles/vtest.dir/velocity_iterator_test.cpp.o[0m
[67.129s] [100%] [32m[1mLinking CXX executable vtest[0m
[67.337s] [100%] Built target vtest
[67.361s] Invoked command in '/home/terra/nav2_ws/build/dwb_plugins' returned '0': AMENT_PREFIX_PATH=/home/terra/nav2_ws/install/dwb_core:/home/terra/nav2_ws/install/nav2_core:/home/terra/nav2_ws/install/nav2_costmap_2d:/home/terra/nav2_ws/install/nav_2d_utils:/home/terra/nav2_ws/install/nav2_util:/home/terra/nav2_ws/install/nav2_voxel_grid:/home/terra/nav2_ws/install/nav2_msgs:/home/terra/nav2_ws/install/dwb_msgs:/home/terra/nav2_ws/install/nav_2d_msgs:/home/terra/nav2_ws/install/nav2_common:${AMENT_PREFIX_PATH} CMAKE_PREFIX_PATH=/home/terra/nav2_ws/install/dwb_core:/home/terra/nav2_ws/install/nav2_core:/home/terra/nav2_ws/install/nav2_costmap_2d:/home/terra/nav2_ws/install/nav_2d_utils:/home/terra/nav2_ws/install/nav2_util:/home/terra/nav2_ws/install/nav2_voxel_grid:/home/terra/nav2_ws/install/nav2_msgs:/home/terra/nav2_ws/install/dwb_msgs:/home/terra/nav2_ws/install/nav_2d_msgs:/home/terra/nav2_ws/install/nav2_common:/opt/ros/foxy LD_LIBRARY_PATH=/home/terra/nav2_ws/install/dwb_core/lib:/home/terra/nav2_ws/install/nav2_costmap_2d/lib:/home/terra/nav2_ws/install/nav_2d_utils/lib:/home/terra/nav2_ws/install/nav2_util/lib:/home/terra/nav2_ws/install/nav2_voxel_grid/lib:/home/terra/nav2_ws/install/nav2_msgs/lib:/home/terra/nav2_ws/install/dwb_msgs/lib:/home/terra/nav2_ws/install/nav_2d_msgs/lib:${LD_LIBRARY_PATH} PYTHONPATH=/home/terra/nav2_ws/install/nav2_msgs/lib/python3.8/site-packages:/home/terra/nav2_ws/install/dwb_msgs/lib/python3.8/site-packages:/home/terra/nav2_ws/install/nav_2d_msgs/lib/python3.8/site-packages:/home/terra/nav2_ws/install/nav2_common/lib/python3.8/site-packages:${PYTHONPATH} /usr/bin/cmake --build /home/terra/nav2_ws/build/dwb_plugins -- -j8 -l8
[67.428s] Invoking command in '/home/terra/nav2_ws/build/dwb_plugins': AMENT_PREFIX_PATH=/home/terra/nav2_ws/install/dwb_core:/home/terra/nav2_ws/install/nav2_core:/home/terra/nav2_ws/install/nav2_costmap_2d:/home/terra/nav2_ws/install/nav_2d_utils:/home/terra/nav2_ws/install/nav2_util:/home/terra/nav2_ws/install/nav2_voxel_grid:/home/terra/nav2_ws/install/nav2_msgs:/home/terra/nav2_ws/install/dwb_msgs:/home/terra/nav2_ws/install/nav_2d_msgs:/home/terra/nav2_ws/install/nav2_common:${AMENT_PREFIX_PATH} CMAKE_PREFIX_PATH=/home/terra/nav2_ws/install/dwb_core:/home/terra/nav2_ws/install/nav2_core:/home/terra/nav2_ws/install/nav2_costmap_2d:/home/terra/nav2_ws/install/nav_2d_utils:/home/terra/nav2_ws/install/nav2_util:/home/terra/nav2_ws/install/nav2_voxel_grid:/home/terra/nav2_ws/install/nav2_msgs:/home/terra/nav2_ws/install/dwb_msgs:/home/terra/nav2_ws/install/nav_2d_msgs:/home/terra/nav2_ws/install/nav2_common:/opt/ros/foxy LD_LIBRARY_PATH=/home/terra/nav2_ws/install/dwb_core/lib:/home/terra/nav2_ws/install/nav2_costmap_2d/lib:/home/terra/nav2_ws/install/nav_2d_utils/lib:/home/terra/nav2_ws/install/nav2_util/lib:/home/terra/nav2_ws/install/nav2_voxel_grid/lib:/home/terra/nav2_ws/install/nav2_msgs/lib:/home/terra/nav2_ws/install/dwb_msgs/lib:/home/terra/nav2_ws/install/nav_2d_msgs/lib:${LD_LIBRARY_PATH} PYTHONPATH=/home/terra/nav2_ws/install/nav2_msgs/lib/python3.8/site-packages:/home/terra/nav2_ws/install/dwb_msgs/lib/python3.8/site-packages:/home/terra/nav2_ws/install/nav_2d_msgs/lib/python3.8/site-packages:/home/terra/nav2_ws/install/nav2_common/lib/python3.8/site-packages:${PYTHONPATH} /usr/bin/cmake --install /home/terra/nav2_ws/build/dwb_plugins
[67.447s] -- Install configuration: "Release"
[67.448s] -- Execute custom install script
[67.449s] -- Symlinking: /home/terra/nav2_ws/install/dwb_plugins/lib/libstandard_traj_generator.so
[67.471s] -- Symlinking: /home/terra/nav2_ws/install/dwb_plugins/include//dwb_plugins/kinematic_parameters.hpp
[67.494s] -- Symlinking: /home/terra/nav2_ws/install/dwb_plugins/include//dwb_plugins/limited_accel_generator.hpp
[67.517s] -- Symlinking: /home/terra/nav2_ws/install/dwb_plugins/include//dwb_plugins/one_d_velocity_iterator.hpp
[67.541s] -- Symlinking: /home/terra/nav2_ws/install/dwb_plugins/include//dwb_plugins/standard_traj_generator.hpp
[67.560s] -- Symlinking: /home/terra/nav2_ws/install/dwb_plugins/include//dwb_plugins/velocity_iterator.hpp
[67.581s] -- Symlinking: /home/terra/nav2_ws/install/dwb_plugins/include//dwb_plugins/xy_theta_iterator.hpp
[67.604s] -- Symlinking: /home/terra/nav2_ws/install/dwb_plugins/share/dwb_plugins/plugins.xml
[67.625s] -- Symlinking: /home/terra/nav2_ws/install/dwb_plugins/share/dwb_plugins/environment/library_path.sh
[67.646s] -- Symlinking: /home/terra/nav2_ws/install/dwb_plugins/share/dwb_plugins/environment/library_path.dsv
[67.667s] -- Up-to-date symlink: /home/terra/nav2_ws/install/dwb_plugins/share/dwb_plugins//plugins.xml
[67.667s] -- Symlinking: /home/terra/nav2_ws/install/dwb_plugins/share/ament_index/resource_index/package_run_dependencies/dwb_plugins
[67.688s] -- Symlinking: /home/terra/nav2_ws/install/dwb_plugins/share/ament_index/resource_index/parent_prefix_path/dwb_plugins
[67.707s] -- Symlinking: /home/terra/nav2_ws/install/dwb_plugins/share/dwb_plugins/environment/ament_prefix_path.sh
[67.727s] -- Symlinking: /home/terra/nav2_ws/install/dwb_plugins/share/dwb_plugins/environment/ament_prefix_path.dsv
[67.748s] -- Symlinking: /home/terra/nav2_ws/install/dwb_plugins/share/dwb_plugins/environment/path.sh
[67.769s] -- Symlinking: /home/terra/nav2_ws/install/dwb_plugins/share/dwb_plugins/environment/path.dsv
[67.789s] -- Symlinking: /home/terra/nav2_ws/install/dwb_plugins/share/dwb_plugins/local_setup.bash
[67.810s] -- Symlinking: /home/terra/nav2_ws/install/dwb_plugins/share/dwb_plugins/local_setup.sh
[67.829s] -- Symlinking: /home/terra/nav2_ws/install/dwb_plugins/share/dwb_plugins/local_setup.zsh
[67.849s] -- Symlinking: /home/terra/nav2_ws/install/dwb_plugins/share/dwb_plugins/local_setup.dsv
[67.867s] -- Symlinking: /home/terra/nav2_ws/install/dwb_plugins/share/dwb_plugins/package.dsv
[67.886s] -- Symlinking: /home/terra/nav2_ws/install/dwb_plugins/share/ament_index/resource_index/packages/dwb_plugins
[67.907s] -- Symlinking: /home/terra/nav2_ws/install/dwb_plugins/share/ament_index/resource_index/dwb_core__pluginlib__plugin/dwb_plugins
[67.929s] -- Symlinking: /home/terra/nav2_ws/install/dwb_plugins/share/dwb_plugins/cmake/ament_cmake_export_include_directories-extras.cmake
[67.948s] -- Symlinking: /home/terra/nav2_ws/install/dwb_plugins/share/dwb_plugins/cmake/ament_cmake_export_libraries-extras.cmake
[67.966s] -- Symlinking: /home/terra/nav2_ws/install/dwb_plugins/share/dwb_plugins/cmake/ament_cmake_export_definitions-extras.cmake
[67.984s] -- Symlinking: /home/terra/nav2_ws/install/dwb_plugins/share/dwb_plugins/cmake/dwb_pluginsConfig.cmake
[68.004s] -- Symlinking: /home/terra/nav2_ws/install/dwb_plugins/share/dwb_plugins/cmake/dwb_pluginsConfig-version.cmake
[68.021s] -- Symlinking: /home/terra/nav2_ws/install/dwb_plugins/share/dwb_plugins/package.xml
[68.050s] Invoked command in '/home/terra/nav2_ws/build/dwb_plugins' returned '0': AMENT_PREFIX_PATH=/home/terra/nav2_ws/install/dwb_core:/home/terra/nav2_ws/install/nav2_core:/home/terra/nav2_ws/install/nav2_costmap_2d:/home/terra/nav2_ws/install/nav_2d_utils:/home/terra/nav2_ws/install/nav2_util:/home/terra/nav2_ws/install/nav2_voxel_grid:/home/terra/nav2_ws/install/nav2_msgs:/home/terra/nav2_ws/install/dwb_msgs:/home/terra/nav2_ws/install/nav_2d_msgs:/home/terra/nav2_ws/install/nav2_common:${AMENT_PREFIX_PATH} CMAKE_PREFIX_PATH=/home/terra/nav2_ws/install/dwb_core:/home/terra/nav2_ws/install/nav2_core:/home/terra/nav2_ws/install/nav2_costmap_2d:/home/terra/nav2_ws/install/nav_2d_utils:/home/terra/nav2_ws/install/nav2_util:/home/terra/nav2_ws/install/nav2_voxel_grid:/home/terra/nav2_ws/install/nav2_msgs:/home/terra/nav2_ws/install/dwb_msgs:/home/terra/nav2_ws/install/nav_2d_msgs:/home/terra/nav2_ws/install/nav2_common:/opt/ros/foxy LD_LIBRARY_PATH=/home/terra/nav2_ws/install/dwb_core/lib:/home/terra/nav2_ws/install/nav2_costmap_2d/lib:/home/terra/nav2_ws/install/nav_2d_utils/lib:/home/terra/nav2_ws/install/nav2_util/lib:/home/terra/nav2_ws/install/nav2_voxel_grid/lib:/home/terra/nav2_ws/install/nav2_msgs/lib:/home/terra/nav2_ws/install/dwb_msgs/lib:/home/terra/nav2_ws/install/nav_2d_msgs/lib:${LD_LIBRARY_PATH} PYTHONPATH=/home/terra/nav2_ws/install/nav2_msgs/lib/python3.8/site-packages:/home/terra/nav2_ws/install/dwb_msgs/lib/python3.8/site-packages:/home/terra/nav2_ws/install/nav_2d_msgs/lib/python3.8/site-packages:/home/terra/nav2_ws/install/nav2_common/lib/python3.8/site-packages:${PYTHONPATH} /usr/bin/cmake --install /home/terra/nav2_ws/build/dwb_plugins
