[0.111s] Invoking command in '/home/terra/nav2_ws/build/dwb_critics': AMENT_PREFIX_PATH=/home/terra/nav2_ws/install/dwb_core:/home/terra/nav2_ws/install/nav2_core:/home/terra/nav2_ws/install/costmap_queue:/home/terra/nav2_ws/install/nav2_costmap_2d:/home/terra/nav2_ws/install/nav_2d_utils:/home/terra/nav2_ws/install/nav2_util:/home/terra/nav2_ws/install/nav2_voxel_grid:/home/terra/nav2_ws/install/nav2_msgs:/home/terra/nav2_ws/install/dwb_msgs:/home/terra/nav2_ws/install/nav_2d_msgs:/home/terra/nav2_ws/install/nav2_common:${AMENT_PREFIX_PATH} CMAKE_PREFIX_PATH=/home/terra/nav2_ws/install/dwb_core:/home/terra/nav2_ws/install/nav2_core:/home/terra/nav2_ws/install/costmap_queue:/home/terra/nav2_ws/install/nav2_costmap_2d:/home/terra/nav2_ws/install/nav_2d_utils:/home/terra/nav2_ws/install/nav2_util:/home/terra/nav2_ws/install/nav2_voxel_grid:/home/terra/nav2_ws/install/nav2_msgs:/home/terra/nav2_ws/install/dwb_msgs:/home/terra/nav2_ws/install/nav_2d_msgs:/home/terra/nav2_ws/install/nav2_common:/opt/ros/foxy LD_LIBRARY_PATH=/home/terra/nav2_ws/install/dwb_core/lib:/home/terra/nav2_ws/install/costmap_queue/lib:/home/terra/nav2_ws/install/nav2_costmap_2d/lib:/home/terra/nav2_ws/install/nav_2d_utils/lib:/home/terra/nav2_ws/install/nav2_util/lib:/home/terra/nav2_ws/install/nav2_voxel_grid/lib:/home/terra/nav2_ws/install/nav2_msgs/lib:/home/terra/nav2_ws/install/dwb_msgs/lib:/home/terra/nav2_ws/install/nav_2d_msgs/lib:${LD_LIBRARY_PATH} PYTHONPATH=/home/terra/nav2_ws/install/nav2_msgs/lib/python3.8/site-packages:/home/terra/nav2_ws/install/dwb_msgs/lib/python3.8/site-packages:/home/terra/nav2_ws/install/nav_2d_msgs/lib/python3.8/site-packages:/home/terra/nav2_ws/install/nav2_common/lib/python3.8/site-packages:${PYTHONPATH} /usr/bin/cmake /home/terra/nav2_ws/src/nav2_dwb_controller/dwb_critics -DAMENT_CMAKE_SYMLINK_INSTALL=1 -DCMAKE_INSTALL_PREFIX=/home/terra/nav2_ws/install/dwb_critics
[0.305s] -- The C compiler identification is GNU 9.4.0
[0.444s] -- The CXX compiler identification is GNU 9.4.0
[0.455s] -- Check for working C compiler: /usr/bin/cc
[0.616s] -- Check for working C compiler: /usr/bin/cc -- works
[0.618s] -- Detecting C compiler ABI info
[0.755s] -- Detecting C compiler ABI info - done
[0.793s] -- Detecting C compile features
[0.794s] -- Detecting C compile features - done
[0.798s] -- Check for working CXX compiler: /usr/bin/c++
[1.042s] -- Check for working CXX compiler: /usr/bin/c++ -- works
[1.044s] -- Detecting CXX compiler ABI info
[1.216s] -- Detecting CXX compiler ABI info - done
[1.243s] -- Detecting CXX compile features
[1.244s] -- Detecting CXX compile features - done
[1.251s] -- Found ament_cmake: 0.9.9 (/opt/ros/foxy/share/ament_cmake/cmake)
[1.329s] -- Found PythonInterp: /usr/bin/python3 (found suitable version "3.8.10", minimum required is "3") 
[1.334s] -- Using PYTHON_EXECUTABLE: /usr/bin/python3
[1.744s] -- Override CMake install command with custom implementation using symlinks instead of copying resources
[1.828s] -- Found nav2_common: 0.4.7 (/home/terra/nav2_ws/install/nav2_common/share/nav2_common/cmake)
[1.833s] -- Found angles: 1.12.3 (/opt/ros/foxy/share/angles/cmake)
[1.837s] -- Found nav2_costmap_2d: 0.4.7 (/home/terra/nav2_ws/install/nav2_costmap_2d/share/nav2_costmap_2d/cmake)
[1.939s] -- Using all available rosidl_typesupport_c: rosidl_typesupport_fastrtps_c;rosidl_typesupport_introspection_c
[1.960s] -- Found rosidl_adapter: 1.2.1 (/opt/ros/foxy/share/rosidl_adapter/cmake)
[2.190s] -- Found OpenSSL: /usr/lib/x86_64-linux-gnu/libcrypto.so (found version "1.1.1f")  
[2.254s] -- Found FastRTPS: /opt/ros/foxy/include  
[2.435s] -- Using all available rosidl_typesupport_cpp: rosidl_typesupport_fastrtps_cpp;rosidl_typesupport_introspection_cpp
[4.578s] -- Found rmw_implementation_cmake: 1.0.3 (/opt/ros/foxy/share/rmw_implementation_cmake/cmake)
[4.583s] -- Using RMW implementation 'rmw_fastrtps_cpp' as default
[4.585s] -- Looking for pthread.h
[4.741s] -- Looking for pthread.h - found
[4.742s] -- Performing Test CMAKE_HAVE_LIBC_PTHREAD
[4.895s] -- Performing Test CMAKE_HAVE_LIBC_PTHREAD - Failed
[4.896s] -- Looking for pthread_create in pthreads
[5.035s] -- Looking for pthread_create in pthreads - not found
[5.035s] -- Looking for pthread_create in pthread
[5.202s] -- Looking for pthread_create in pthread - found
[5.205s] -- Found Threads: TRUE  
[6.308s] -- Found Eigen3: TRUE (found version "3.3.7") 
[7.497s] -- Found costmap_queue: 0.4.7 (/home/terra/nav2_ws/install/costmap_queue/share/costmap_queue/cmake)
[7.502s] -- Found dwb_core: 0.4.7 (/home/terra/nav2_ws/install/dwb_core/share/dwb_core/cmake)
[12.154s] -- Setting build type to Release as none was specified.
[17.505s] -- Found ament_lint_auto: 0.9.6 (/opt/ros/foxy/share/ament_lint_auto/cmake)
[17.622s] -- Added test 'cppcheck' to perform static code analysis on C / C++ code
[17.623s] -- Configured cppcheck include dirs: /home/terra/nav2_ws/src/nav2_dwb_controller/dwb_critics/include
[17.623s] -- Configured cppcheck exclude dirs and/or files: 
[17.626s] -- Added test 'cpplint' to check C / C++ code against the Google style
[17.626s] -- Configured cpplint exclude dirs and/or files: 
[17.628s] -- Added test 'lint_cmake' to check CMake code style
[17.631s] -- Added test 'uncrustify' to check C / C++ code style
[17.631s] -- Configured uncrustify additional arguments: 
[17.632s] -- Added test 'xmllint' to check XML markup files
[17.643s] -- Configuring done
[17.732s] -- Generating done
[17.734s] -- Build files have been written to: /home/terra/nav2_ws/build/dwb_critics
[17.749s] Invoked command in '/home/terra/nav2_ws/build/dwb_critics' returned '0': AMENT_PREFIX_PATH=/home/terra/nav2_ws/install/dwb_core:/home/terra/nav2_ws/install/nav2_core:/home/terra/nav2_ws/install/costmap_queue:/home/terra/nav2_ws/install/nav2_costmap_2d:/home/terra/nav2_ws/install/nav_2d_utils:/home/terra/nav2_ws/install/nav2_util:/home/terra/nav2_ws/install/nav2_voxel_grid:/home/terra/nav2_ws/install/nav2_msgs:/home/terra/nav2_ws/install/dwb_msgs:/home/terra/nav2_ws/install/nav_2d_msgs:/home/terra/nav2_ws/install/nav2_common:${AMENT_PREFIX_PATH} CMAKE_PREFIX_PATH=/home/terra/nav2_ws/install/dwb_core:/home/terra/nav2_ws/install/nav2_core:/home/terra/nav2_ws/install/costmap_queue:/home/terra/nav2_ws/install/nav2_costmap_2d:/home/terra/nav2_ws/install/nav_2d_utils:/home/terra/nav2_ws/install/nav2_util:/home/terra/nav2_ws/install/nav2_voxel_grid:/home/terra/nav2_ws/install/nav2_msgs:/home/terra/nav2_ws/install/dwb_msgs:/home/terra/nav2_ws/install/nav_2d_msgs:/home/terra/nav2_ws/install/nav2_common:/opt/ros/foxy LD_LIBRARY_PATH=/home/terra/nav2_ws/install/dwb_core/lib:/home/terra/nav2_ws/install/costmap_queue/lib:/home/terra/nav2_ws/install/nav2_costmap_2d/lib:/home/terra/nav2_ws/install/nav_2d_utils/lib:/home/terra/nav2_ws/install/nav2_util/lib:/home/terra/nav2_ws/install/nav2_voxel_grid/lib:/home/terra/nav2_ws/install/nav2_msgs/lib:/home/terra/nav2_ws/install/dwb_msgs/lib:/home/terra/nav2_ws/install/nav_2d_msgs/lib:${LD_LIBRARY_PATH} PYTHONPATH=/home/terra/nav2_ws/install/nav2_msgs/lib/python3.8/site-packages:/home/terra/nav2_ws/install/dwb_msgs/lib/python3.8/site-packages:/home/terra/nav2_ws/install/nav_2d_msgs/lib/python3.8/site-packages:/home/terra/nav2_ws/install/nav2_common/lib/python3.8/site-packages:${PYTHONPATH} /usr/bin/cmake /home/terra/nav2_ws/src/nav2_dwb_controller/dwb_critics -DAMENT_CMAKE_SYMLINK_INSTALL=1 -DCMAKE_INSTALL_PREFIX=/home/terra/nav2_ws/install/dwb_critics
[17.754s] Invoking command in '/home/terra/nav2_ws/build/dwb_critics': AMENT_PREFIX_PATH=/home/terra/nav2_ws/install/dwb_core:/home/terra/nav2_ws/install/nav2_core:/home/terra/nav2_ws/install/costmap_queue:/home/terra/nav2_ws/install/nav2_costmap_2d:/home/terra/nav2_ws/install/nav_2d_utils:/home/terra/nav2_ws/install/nav2_util:/home/terra/nav2_ws/install/nav2_voxel_grid:/home/terra/nav2_ws/install/nav2_msgs:/home/terra/nav2_ws/install/dwb_msgs:/home/terra/nav2_ws/install/nav_2d_msgs:/home/terra/nav2_ws/install/nav2_common:${AMENT_PREFIX_PATH} CMAKE_PREFIX_PATH=/home/terra/nav2_ws/install/dwb_core:/home/terra/nav2_ws/install/nav2_core:/home/terra/nav2_ws/install/costmap_queue:/home/terra/nav2_ws/install/nav2_costmap_2d:/home/terra/nav2_ws/install/nav_2d_utils:/home/terra/nav2_ws/install/nav2_util:/home/terra/nav2_ws/install/nav2_voxel_grid:/home/terra/nav2_ws/install/nav2_msgs:/home/terra/nav2_ws/install/dwb_msgs:/home/terra/nav2_ws/install/nav_2d_msgs:/home/terra/nav2_ws/install/nav2_common:/opt/ros/foxy LD_LIBRARY_PATH=/home/terra/nav2_ws/install/dwb_core/lib:/home/terra/nav2_ws/install/costmap_queue/lib:/home/terra/nav2_ws/install/nav2_costmap_2d/lib:/home/terra/nav2_ws/install/nav_2d_utils/lib:/home/terra/nav2_ws/install/nav2_util/lib:/home/terra/nav2_ws/install/nav2_voxel_grid/lib:/home/terra/nav2_ws/install/nav2_msgs/lib:/home/terra/nav2_ws/install/dwb_msgs/lib:/home/terra/nav2_ws/install/nav_2d_msgs/lib:${LD_LIBRARY_PATH} PYTHONPATH=/home/terra/nav2_ws/install/nav2_msgs/lib/python3.8/site-packages:/home/terra/nav2_ws/install/dwb_msgs/lib/python3.8/site-packages:/home/terra/nav2_ws/install/nav_2d_msgs/lib/python3.8/site-packages:/home/terra/nav2_ws/install/nav2_common/lib/python3.8/site-packages:${PYTHONPATH} /usr/bin/cmake --build /home/terra/nav2_ws/build/dwb_critics -- -j8 -l8
[17.818s] [35m[1mScanning dependencies of target dwb_critics[0m
[18.018s] [  7%] [32mBuilding CXX object CMakeFiles/dwb_critics.dir/src/alignment_util.cpp.o[0m
[18.566s] [ 15%] [32mBuilding CXX object CMakeFiles/dwb_critics.dir/src/obstacle_footprint.cpp.o[0m
[24.671s] [ 23%] [32mBuilding CXX object CMakeFiles/dwb_critics.dir/src/oscillation.cpp.o[0m
[27.694s] [ 30%] [32mBuilding CXX object CMakeFiles/dwb_critics.dir/src/prefer_forward.cpp.o[0m
[28.724s] [ 38%] [32mBuilding CXX object CMakeFiles/dwb_critics.dir/src/base_obstacle.cpp.o[0m
[29.746s] [ 46%] [32mBuilding CXX object CMakeFiles/dwb_critics.dir/src/path_align.cpp.o[0m
[30.808s] [ 53%] [32mBuilding CXX object CMakeFiles/dwb_critics.dir/src/goal_align.cpp.o[0m
[31.785s] [ 61%] [32mBuilding CXX object CMakeFiles/dwb_critics.dir/src/path_dist.cpp.o[0m
[40.207s] [ 69%] [32mBuilding CXX object CMakeFiles/dwb_critics.dir/src/twirling.cpp.o[0m
[46.934s] [ 76%] [32mBuilding CXX object CMakeFiles/dwb_critics.dir/src/rotate_to_goal.cpp.o[0m
[54.154s] [ 84%] [32mBuilding CXX object CMakeFiles/dwb_critics.dir/src/goal_dist.cpp.o[0m
[60.206s] [ 92%] [32mBuilding CXX object CMakeFiles/dwb_critics.dir/src/map_grid.cpp.o[0m
[65.191s] [100%] [32m[1mLinking CXX shared library libdwb_critics.so[0m
[65.702s] [100%] Built target dwb_critics
[65.726s] Invoked command in '/home/terra/nav2_ws/build/dwb_critics' returned '0': AMENT_PREFIX_PATH=/home/terra/nav2_ws/install/dwb_core:/home/terra/nav2_ws/install/nav2_core:/home/terra/nav2_ws/install/costmap_queue:/home/terra/nav2_ws/install/nav2_costmap_2d:/home/terra/nav2_ws/install/nav_2d_utils:/home/terra/nav2_ws/install/nav2_util:/home/terra/nav2_ws/install/nav2_voxel_grid:/home/terra/nav2_ws/install/nav2_msgs:/home/terra/nav2_ws/install/dwb_msgs:/home/terra/nav2_ws/install/nav_2d_msgs:/home/terra/nav2_ws/install/nav2_common:${AMENT_PREFIX_PATH} CMAKE_PREFIX_PATH=/home/terra/nav2_ws/install/dwb_core:/home/terra/nav2_ws/install/nav2_core:/home/terra/nav2_ws/install/costmap_queue:/home/terra/nav2_ws/install/nav2_costmap_2d:/home/terra/nav2_ws/install/nav_2d_utils:/home/terra/nav2_ws/install/nav2_util:/home/terra/nav2_ws/install/nav2_voxel_grid:/home/terra/nav2_ws/install/nav2_msgs:/home/terra/nav2_ws/install/dwb_msgs:/home/terra/nav2_ws/install/nav_2d_msgs:/home/terra/nav2_ws/install/nav2_common:/opt/ros/foxy LD_LIBRARY_PATH=/home/terra/nav2_ws/install/dwb_core/lib:/home/terra/nav2_ws/install/costmap_queue/lib:/home/terra/nav2_ws/install/nav2_costmap_2d/lib:/home/terra/nav2_ws/install/nav_2d_utils/lib:/home/terra/nav2_ws/install/nav2_util/lib:/home/terra/nav2_ws/install/nav2_voxel_grid/lib:/home/terra/nav2_ws/install/nav2_msgs/lib:/home/terra/nav2_ws/install/dwb_msgs/lib:/home/terra/nav2_ws/install/nav_2d_msgs/lib:${LD_LIBRARY_PATH} PYTHONPATH=/home/terra/nav2_ws/install/nav2_msgs/lib/python3.8/site-packages:/home/terra/nav2_ws/install/dwb_msgs/lib/python3.8/site-packages:/home/terra/nav2_ws/install/nav_2d_msgs/lib/python3.8/site-packages:/home/terra/nav2_ws/install/nav2_common/lib/python3.8/site-packages:${PYTHONPATH} /usr/bin/cmake --build /home/terra/nav2_ws/build/dwb_critics -- -j8 -l8
[65.813s] Invoking command in '/home/terra/nav2_ws/build/dwb_critics': AMENT_PREFIX_PATH=/home/terra/nav2_ws/install/dwb_core:/home/terra/nav2_ws/install/nav2_core:/home/terra/nav2_ws/install/costmap_queue:/home/terra/nav2_ws/install/nav2_costmap_2d:/home/terra/nav2_ws/install/nav_2d_utils:/home/terra/nav2_ws/install/nav2_util:/home/terra/nav2_ws/install/nav2_voxel_grid:/home/terra/nav2_ws/install/nav2_msgs:/home/terra/nav2_ws/install/dwb_msgs:/home/terra/nav2_ws/install/nav_2d_msgs:/home/terra/nav2_ws/install/nav2_common:${AMENT_PREFIX_PATH} CMAKE_PREFIX_PATH=/home/terra/nav2_ws/install/dwb_core:/home/terra/nav2_ws/install/nav2_core:/home/terra/nav2_ws/install/costmap_queue:/home/terra/nav2_ws/install/nav2_costmap_2d:/home/terra/nav2_ws/install/nav_2d_utils:/home/terra/nav2_ws/install/nav2_util:/home/terra/nav2_ws/install/nav2_voxel_grid:/home/terra/nav2_ws/install/nav2_msgs:/home/terra/nav2_ws/install/dwb_msgs:/home/terra/nav2_ws/install/nav_2d_msgs:/home/terra/nav2_ws/install/nav2_common:/opt/ros/foxy LD_LIBRARY_PATH=/home/terra/nav2_ws/install/dwb_core/lib:/home/terra/nav2_ws/install/costmap_queue/lib:/home/terra/nav2_ws/install/nav2_costmap_2d/lib:/home/terra/nav2_ws/install/nav_2d_utils/lib:/home/terra/nav2_ws/install/nav2_util/lib:/home/terra/nav2_ws/install/nav2_voxel_grid/lib:/home/terra/nav2_ws/install/nav2_msgs/lib:/home/terra/nav2_ws/install/dwb_msgs/lib:/home/terra/nav2_ws/install/nav_2d_msgs/lib:${LD_LIBRARY_PATH} PYTHONPATH=/home/terra/nav2_ws/install/nav2_msgs/lib/python3.8/site-packages:/home/terra/nav2_ws/install/dwb_msgs/lib/python3.8/site-packages:/home/terra/nav2_ws/install/nav_2d_msgs/lib/python3.8/site-packages:/home/terra/nav2_ws/install/nav2_common/lib/python3.8/site-packages:${PYTHONPATH} /usr/bin/cmake --install /home/terra/nav2_ws/build/dwb_critics
[65.831s] -- Install configuration: "Release"
[65.831s] -- Execute custom install script
[65.832s] -- Symlinking: /home/terra/nav2_ws/install/dwb_critics/lib/libdwb_critics.so
[65.855s] -- Symlinking: /home/terra/nav2_ws/install/dwb_critics/include//dwb_critics/alignment_util.hpp
[65.874s] -- Symlinking: /home/terra/nav2_ws/install/dwb_critics/include//dwb_critics/base_obstacle.hpp
[65.894s] -- Symlinking: /home/terra/nav2_ws/install/dwb_critics/include//dwb_critics/goal_align.hpp
[65.913s] -- Symlinking: /home/terra/nav2_ws/install/dwb_critics/include//dwb_critics/goal_dist.hpp
[65.933s] -- Symlinking: /home/terra/nav2_ws/install/dwb_critics/include//dwb_critics/line_iterator.hpp
[65.953s] -- Symlinking: /home/terra/nav2_ws/install/dwb_critics/include//dwb_critics/map_grid.hpp
[65.972s] -- Symlinking: /home/terra/nav2_ws/install/dwb_critics/include//dwb_critics/obstacle_footprint.hpp
[65.993s] -- Symlinking: /home/terra/nav2_ws/install/dwb_critics/include//dwb_critics/oscillation.hpp
[66.016s] -- Symlinking: /home/terra/nav2_ws/install/dwb_critics/include//dwb_critics/path_align.hpp
[66.036s] -- Symlinking: /home/terra/nav2_ws/install/dwb_critics/include//dwb_critics/path_dist.hpp
[66.056s] -- Symlinking: /home/terra/nav2_ws/install/dwb_critics/include//dwb_critics/prefer_forward.hpp
[66.075s] -- Symlinking: /home/terra/nav2_ws/install/dwb_critics/include//dwb_critics/rotate_to_goal.hpp
[66.096s] -- Symlinking: /home/terra/nav2_ws/install/dwb_critics/include//dwb_critics/twirling.hpp
[66.116s] -- Symlinking: /home/terra/nav2_ws/install/dwb_critics/share/dwb_critics/default_critics.xml
[66.136s] -- Symlinking: /home/terra/nav2_ws/install/dwb_critics/share/dwb_critics/environment/library_path.sh
[66.155s] -- Symlinking: /home/terra/nav2_ws/install/dwb_critics/share/dwb_critics/environment/library_path.dsv
[66.175s] -- Up-to-date symlink: /home/terra/nav2_ws/install/dwb_critics/share/dwb_critics//default_critics.xml
[66.176s] -- Symlinking: /home/terra/nav2_ws/install/dwb_critics/share/ament_index/resource_index/package_run_dependencies/dwb_critics
[66.196s] -- Symlinking: /home/terra/nav2_ws/install/dwb_critics/share/ament_index/resource_index/parent_prefix_path/dwb_critics
[66.215s] -- Symlinking: /home/terra/nav2_ws/install/dwb_critics/share/dwb_critics/environment/ament_prefix_path.sh
[66.233s] -- Symlinking: /home/terra/nav2_ws/install/dwb_critics/share/dwb_critics/environment/ament_prefix_path.dsv
[66.252s] -- Symlinking: /home/terra/nav2_ws/install/dwb_critics/share/dwb_critics/environment/path.sh
[66.271s] -- Symlinking: /home/terra/nav2_ws/install/dwb_critics/share/dwb_critics/environment/path.dsv
[66.292s] -- Symlinking: /home/terra/nav2_ws/install/dwb_critics/share/dwb_critics/local_setup.bash
[66.317s] -- Symlinking: /home/terra/nav2_ws/install/dwb_critics/share/dwb_critics/local_setup.sh
[66.335s] -- Symlinking: /home/terra/nav2_ws/install/dwb_critics/share/dwb_critics/local_setup.zsh
[66.356s] -- Symlinking: /home/terra/nav2_ws/install/dwb_critics/share/dwb_critics/local_setup.dsv
[66.376s] -- Symlinking: /home/terra/nav2_ws/install/dwb_critics/share/dwb_critics/package.dsv
[66.398s] -- Symlinking: /home/terra/nav2_ws/install/dwb_critics/share/ament_index/resource_index/packages/dwb_critics
[66.419s] -- Symlinking: /home/terra/nav2_ws/install/dwb_critics/share/ament_index/resource_index/dwb_core__pluginlib__plugin/dwb_critics
[66.439s] -- Symlinking: /home/terra/nav2_ws/install/dwb_critics/share/dwb_critics/cmake/ament_cmake_export_include_directories-extras.cmake
[66.463s] -- Symlinking: /home/terra/nav2_ws/install/dwb_critics/share/dwb_critics/cmake/ament_cmake_export_libraries-extras.cmake
[66.482s] -- Symlinking: /home/terra/nav2_ws/install/dwb_critics/share/dwb_critics/cmake/ament_cmake_export_dependencies-extras.cmake
[66.504s] -- Symlinking: /home/terra/nav2_ws/install/dwb_critics/share/dwb_critics/cmake/ament_cmake_export_definitions-extras.cmake
[66.528s] -- Symlinking: /home/terra/nav2_ws/install/dwb_critics/share/dwb_critics/cmake/dwb_criticsConfig.cmake
[66.549s] -- Symlinking: /home/terra/nav2_ws/install/dwb_critics/share/dwb_critics/cmake/dwb_criticsConfig-version.cmake
[66.571s] -- Symlinking: /home/terra/nav2_ws/install/dwb_critics/share/dwb_critics/package.xml
[66.604s] Invoked command in '/home/terra/nav2_ws/build/dwb_critics' returned '0': AMENT_PREFIX_PATH=/home/terra/nav2_ws/install/dwb_core:/home/terra/nav2_ws/install/nav2_core:/home/terra/nav2_ws/install/costmap_queue:/home/terra/nav2_ws/install/nav2_costmap_2d:/home/terra/nav2_ws/install/nav_2d_utils:/home/terra/nav2_ws/install/nav2_util:/home/terra/nav2_ws/install/nav2_voxel_grid:/home/terra/nav2_ws/install/nav2_msgs:/home/terra/nav2_ws/install/dwb_msgs:/home/terra/nav2_ws/install/nav_2d_msgs:/home/terra/nav2_ws/install/nav2_common:${AMENT_PREFIX_PATH} CMAKE_PREFIX_PATH=/home/terra/nav2_ws/install/dwb_core:/home/terra/nav2_ws/install/nav2_core:/home/terra/nav2_ws/install/costmap_queue:/home/terra/nav2_ws/install/nav2_costmap_2d:/home/terra/nav2_ws/install/nav_2d_utils:/home/terra/nav2_ws/install/nav2_util:/home/terra/nav2_ws/install/nav2_voxel_grid:/home/terra/nav2_ws/install/nav2_msgs:/home/terra/nav2_ws/install/dwb_msgs:/home/terra/nav2_ws/install/nav_2d_msgs:/home/terra/nav2_ws/install/nav2_common:/opt/ros/foxy LD_LIBRARY_PATH=/home/terra/nav2_ws/install/dwb_core/lib:/home/terra/nav2_ws/install/costmap_queue/lib:/home/terra/nav2_ws/install/nav2_costmap_2d/lib:/home/terra/nav2_ws/install/nav_2d_utils/lib:/home/terra/nav2_ws/install/nav2_util/lib:/home/terra/nav2_ws/install/nav2_voxel_grid/lib:/home/terra/nav2_ws/install/nav2_msgs/lib:/home/terra/nav2_ws/install/dwb_msgs/lib:/home/terra/nav2_ws/install/nav_2d_msgs/lib:${LD_LIBRARY_PATH} PYTHONPATH=/home/terra/nav2_ws/install/nav2_msgs/lib/python3.8/site-packages:/home/terra/nav2_ws/install/dwb_msgs/lib/python3.8/site-packages:/home/terra/nav2_ws/install/nav_2d_msgs/lib/python3.8/site-packages:/home/terra/nav2_ws/install/nav2_common/lib/python3.8/site-packages:${PYTHONPATH} /usr/bin/cmake --install /home/terra/nav2_ws/build/dwb_critics
