[0.292s] Invoking command in '/home/terra/nav2_ws/build/smac_planner': AMENT_PREFIX_PATH=/home/terra/nav2_ws/install/nav2_core:/home/terra/nav2_ws/install/nav2_costmap_2d:/home/terra/nav2_ws/install/nav2_util:/home/terra/nav2_ws/install/nav2_voxel_grid:/home/terra/nav2_ws/install/nav2_msgs:/home/terra/nav2_ws/install/nav2_common:${AMENT_PREFIX_PATH} CMAKE_PREFIX_PATH=/home/terra/nav2_ws/install/nav2_core:/home/terra/nav2_ws/install/nav2_costmap_2d:/home/terra/nav2_ws/install/nav2_util:/home/terra/nav2_ws/install/nav2_voxel_grid:/home/terra/nav2_ws/install/nav2_msgs:/home/terra/nav2_ws/install/nav2_common:/opt/ros/foxy LD_LIBRARY_PATH=/home/terra/nav2_ws/install/nav2_costmap_2d/lib:/home/terra/nav2_ws/install/nav2_util/lib:/home/terra/nav2_ws/install/nav2_voxel_grid/lib:/home/terra/nav2_ws/install/nav2_msgs/lib:${LD_LIBRARY_PATH} PYTHONPATH=/home/terra/nav2_ws/install/nav2_msgs/lib/python3.8/site-packages:/home/terra/nav2_ws/install/nav2_common/lib/python3.8/site-packages:${PYTHONPATH} /usr/bin/cmake /home/terra/nav2_ws/src/smac_planner -DAMENT_CMAKE_SYMLINK_INSTALL=1 -DCMAKE_INSTALL_PREFIX=/home/terra/nav2_ws/install/smac_planner
[1.786s] -- The C compiler identification is GNU 9.4.0
[1.786s] -- The CXX compiler identification is GNU 9.4.0
[1.786s] -- Check for working C compiler: /usr/bin/cc
[1.787s] -- Check for working C compiler: /usr/bin/cc -- works
[1.787s] -- Detecting C compiler ABI info
[1.791s] -- Detecting C compiler ABI info - done
[1.792s] -- Detecting C compile features
[1.792s] -- Detecting C compile features - done
[1.792s] -- Check for working CXX compiler: /usr/bin/c++
[1.792s] -- Check for working CXX compiler: /usr/bin/c++ -- works
[1.793s] -- Detecting CXX compiler ABI info
[1.795s] -- Detecting CXX compiler ABI info - done
[1.836s] -- Detecting CXX compile features
[1.837s] -- Detecting CXX compile features - done
[1.858s] -- Found ament_cmake: 0.9.9 (/opt/ros/foxy/share/ament_cmake/cmake)
[1.945s] -- Found PythonInterp: /usr/bin/python3 (found suitable version "3.8.10", minimum required is "3") 
[1.945s] -- Using PYTHON_EXECUTABLE: /usr/bin/python3
[2.326s] -- Override CMake install command with custom implementation using symlinks instead of copying resources
[2.416s] -- Found nav2_common: 0.4.7 (/home/terra/nav2_ws/install/nav2_common/share/nav2_common/cmake)
[2.420s] -- Found rclcpp: 2.4.1 (/opt/ros/foxy/share/rclcpp/cmake)
[2.520s] -- Using all available rosidl_typesupport_c: rosidl_typesupport_fastrtps_c;rosidl_typesupport_introspection_c
[2.538s] -- Found rosidl_adapter: 1.2.1 (/opt/ros/foxy/share/rosidl_adapter/cmake)
[2.736s] -- Found OpenSSL: /usr/lib/x86_64-linux-gnu/libcrypto.so (found version "1.1.1f")  
[2.814s] -- Found FastRTPS: /opt/ros/foxy/include  
[2.989s] -- Using all available rosidl_typesupport_cpp: rosidl_typesupport_fastrtps_cpp;rosidl_typesupport_introspection_cpp
[3.142s] -- Found rmw_implementation_cmake: 1.0.3 (/opt/ros/foxy/share/rmw_implementation_cmake/cmake)
[3.146s] -- Using RMW implementation 'rmw_fastrtps_cpp' as default
[3.147s] -- Looking for pthread.h
[3.286s] -- Looking for pthread.h - found
[3.286s] -- Performing Test CMAKE_HAVE_LIBC_PTHREAD
[3.434s] -- Performing Test CMAKE_HAVE_LIBC_PTHREAD - Failed
[3.435s] -- Looking for pthread_create in pthreads
[3.549s] -- Looking for pthread_create in pthreads - not found
[3.549s] -- Looking for pthread_create in pthread
[3.679s] -- Looking for pthread_create in pthread - found
[3.681s] -- Found Threads: TRUE  
[4.064s] -- Found rclcpp_action: 2.4.1 (/opt/ros/foxy/share/rclcpp_action/cmake)
[4.271s] -- Found rclcpp_lifecycle: 2.4.1 (/opt/ros/foxy/share/rclcpp_lifecycle/cmake)
[4.340s] -- Found visualization_msgs: 2.0.5 (/opt/ros/foxy/share/visualization_msgs/cmake)
[4.635s] -- Found nav2_util: 0.4.7 (/home/terra/nav2_ws/install/nav2_util/share/nav2_util/cmake)
[6.226s] -- Found eigen3_cmake_module: 0.1.1 (/opt/ros/foxy/share/eigen3_cmake_module/cmake)
[6.231s] -- Found Eigen3: TRUE (found version "3.3.7") 
[6.614s] -- Found nav2_core: 0.4.7 (/home/terra/nav2_ws/install/nav2_core/share/nav2_core/cmake)
[9.635s] -- Found installed version of Eigen: /usr/lib/cmake/eigen3
[9.637s] -- Found required Ceres dependency: Eigen version 3.3.7 in /usr/include/eigen3
[9.645s] -- Found required Ceres dependency: glog
[9.653s] -- Found installed version of gflags: /usr/lib/x86_64-linux-gnu/cmake/gflags
[9.653s] -- Detected gflags version: 2.2.2
[9.657s] -- Found required Ceres dependency: gflags
[9.659s] -- Found Ceres version: 1.14.0 installed in: /usr with components: [EigenSparse, SparseLinearAlgebraLibrary, LAPACK, SuiteSparse, CXSparse, SchurSpecializations, OpenMP, Multithreading]
[9.670s] -- Found ompl: /opt/ros/foxy/include/ompl-1.5;/usr/include/eigen3  
[10.169s] -- Found OpenMP_C: -fopenmp (found version "4.5") 
[10.348s] -- Found OpenMP_CXX: -fopenmp (found version "4.5") 
[10.349s] -- Found OpenMP: TRUE (found version "4.5")  
[20.375s] -- Found ament_lint_auto: 0.9.6 (/opt/ros/foxy/share/ament_lint_auto/cmake)
[20.534s] -- Found ament_cmake_gtest: 0.9.9 (/opt/ros/foxy/share/ament_cmake_gtest/cmake)
[20.546s] -- Found gtest sources under '/opt/ros/foxy/src/gtest_vendor': C++ tests using 'Google Test' will be built
[20.551s] -- Check if compiler accepts -pthread
[20.731s] -- Check if compiler accepts -pthread - yes
[60.302s] -- Added test 'copyright' to check source files copyright and LICENSE
[60.305s] -- Added test 'cppcheck' to perform static code analysis on C / C++ code
[60.306s] -- Configured cppcheck include dirs: /home/terra/nav2_ws/src/smac_planner/include
[60.306s] -- Configured cppcheck exclude dirs and/or files: 
[60.309s] -- Added test 'cpplint' to check C / C++ code against the Google style
[60.309s] -- Configured cpplint exclude dirs and/or files: 
[60.311s] -- Added test 'lint_cmake' to check CMake code style
[60.315s] -- Added test 'uncrustify' to check C / C++ code style
[60.315s] -- Configured uncrustify additional arguments: 
[60.316s] -- Added test 'xmllint' to check XML markup files
[60.328s] -- Configuring done
[63.821s] -- Generating done
[64.088s] -- Build files have been written to: /home/terra/nav2_ws/build/smac_planner
[64.111s] Invoked command in '/home/terra/nav2_ws/build/smac_planner' returned '0': AMENT_PREFIX_PATH=/home/terra/nav2_ws/install/nav2_core:/home/terra/nav2_ws/install/nav2_costmap_2d:/home/terra/nav2_ws/install/nav2_util:/home/terra/nav2_ws/install/nav2_voxel_grid:/home/terra/nav2_ws/install/nav2_msgs:/home/terra/nav2_ws/install/nav2_common:${AMENT_PREFIX_PATH} CMAKE_PREFIX_PATH=/home/terra/nav2_ws/install/nav2_core:/home/terra/nav2_ws/install/nav2_costmap_2d:/home/terra/nav2_ws/install/nav2_util:/home/terra/nav2_ws/install/nav2_voxel_grid:/home/terra/nav2_ws/install/nav2_msgs:/home/terra/nav2_ws/install/nav2_common:/opt/ros/foxy LD_LIBRARY_PATH=/home/terra/nav2_ws/install/nav2_costmap_2d/lib:/home/terra/nav2_ws/install/nav2_util/lib:/home/terra/nav2_ws/install/nav2_voxel_grid/lib:/home/terra/nav2_ws/install/nav2_msgs/lib:${LD_LIBRARY_PATH} PYTHONPATH=/home/terra/nav2_ws/install/nav2_msgs/lib/python3.8/site-packages:/home/terra/nav2_ws/install/nav2_common/lib/python3.8/site-packages:${PYTHONPATH} /usr/bin/cmake /home/terra/nav2_ws/src/smac_planner -DAMENT_CMAKE_SYMLINK_INSTALL=1 -DCMAKE_INSTALL_PREFIX=/home/terra/nav2_ws/install/smac_planner
[64.117s] Invoking command in '/home/terra/nav2_ws/build/smac_planner': AMENT_PREFIX_PATH=/home/terra/nav2_ws/install/nav2_core:/home/terra/nav2_ws/install/nav2_costmap_2d:/home/terra/nav2_ws/install/nav2_util:/home/terra/nav2_ws/install/nav2_voxel_grid:/home/terra/nav2_ws/install/nav2_msgs:/home/terra/nav2_ws/install/nav2_common:${AMENT_PREFIX_PATH} CMAKE_PREFIX_PATH=/home/terra/nav2_ws/install/nav2_core:/home/terra/nav2_ws/install/nav2_costmap_2d:/home/terra/nav2_ws/install/nav2_util:/home/terra/nav2_ws/install/nav2_voxel_grid:/home/terra/nav2_ws/install/nav2_msgs:/home/terra/nav2_ws/install/nav2_common:/opt/ros/foxy LD_LIBRARY_PATH=/home/terra/nav2_ws/install/nav2_costmap_2d/lib:/home/terra/nav2_ws/install/nav2_util/lib:/home/terra/nav2_ws/install/nav2_voxel_grid/lib:/home/terra/nav2_ws/install/nav2_msgs/lib:${LD_LIBRARY_PATH} PYTHONPATH=/home/terra/nav2_ws/install/nav2_msgs/lib/python3.8/site-packages:/home/terra/nav2_ws/install/nav2_common/lib/python3.8/site-packages:${PYTHONPATH} /usr/bin/cmake --build /home/terra/nav2_ws/build/smac_planner -- -j8 -l8
[64.211s] [35m[1mScanning dependencies of target smac_planner_2d[0m
[64.754s] [  2%] [32mBuilding CXX object CMakeFiles/smac_planner_2d.dir/src/smac_planner_2d.cpp.o[0m
[80.232s] [  8%] [32mBuilding CXX object CMakeFiles/smac_planner_2d.dir/src/costmap_downsampler.cpp.o[0m
[80.232s] [  8%] [32mBuilding CXX object CMakeFiles/smac_planner_2d.dir/src/node_2d.cpp.o[0m
[83.427s] [ 11%] [32mBuilding CXX object CMakeFiles/smac_planner_2d.dir/src/a_star.cpp.o[0m
[83.431s] [ 14%] [32mBuilding CXX object CMakeFiles/smac_planner_2d.dir/src/node_se2.cpp.o[0m
[90.498s] [ 17%] [32m[1mLinking CXX shared library libsmac_planner_2d.so[0m
[91.668s] [ 17%] Built target smac_planner_2d
[91.682s] [35m[1mScanning dependencies of target gtest[0m
[91.683s] [35m[1mScanning dependencies of target smac_planner[0m
[91.686s] [35m[1mScanning dependencies of target gtest_main[0m
[91.710s] [ 20%] [32mBuilding CXX object gtest/CMakeFiles/gtest.dir/src/gtest-all.cc.o[0m
[91.714s] [ 23%] [32mBuilding CXX object gtest/CMakeFiles/gtest_main.dir/src/gtest_main.cc.o[0m
[91.830s] [ 29%] [32mBuilding CXX object CMakeFiles/smac_planner.dir/src/a_star.cpp.o[0m
[91.830s] [ 29%] [32mBuilding CXX object CMakeFiles/smac_planner.dir/src/smac_planner.cpp.o[0m
[91.833s] [ 32%] [32mBuilding CXX object CMakeFiles/smac_planner.dir/src/costmap_downsampler.cpp.o[0m
[91.842s] [ 35%] [32mBuilding CXX object CMakeFiles/smac_planner.dir/src/node_se2.cpp.o[0m
[92.987s] [ 38%] [32m[1mLinking CXX static library libgtest_main.a[0m
[93.058s] [ 38%] Built target gtest_main
[97.998s] [ 41%] [32mBuilding CXX object CMakeFiles/smac_planner.dir/src/node_2d.cpp.o[0m
[101.694s] [ 44%] [32m[1mLinking CXX static library libgtest.a[0m
[101.759s] [ 44%] Built target gtest
[101.774s] [35m[1mScanning dependencies of target test_smoother[0m
[101.774s] [35m[1mScanning dependencies of target test_smac_2d[0m
[101.868s] [ 47%] [32mBuilding CXX object test/CMakeFiles/test_smoother.dir/test_smoother.cpp.o[0m
[101.890s] [ 50%] [32mBuilding CXX object test/CMakeFiles/test_smac_2d.dir/test_smac_2d.cpp.o[0m
[102.920s] [ 52%] [32m[1mLinking CXX shared library libsmac_planner.so[0m
[103.791s] [ 52%] Built target smac_planner
[103.810s] [35m[1mScanning dependencies of target test_node2d[0m
[103.810s] [35m[1mScanning dependencies of target test_nodese2[0m
[103.813s] [35m[1mScanning dependencies of target test_a_star[0m
[103.814s] [35m[1mScanning dependencies of target test_costmap_downsampler[0m
[103.895s] [ 55%] [32mBuilding CXX object test/CMakeFiles/test_node2d.dir/test_node2d.cpp.o[0m
[103.922s] [ 58%] [32mBuilding CXX object test/CMakeFiles/test_nodese2.dir/test_nodese2.cpp.o[0m
[103.940s] [ 61%] [32mBuilding CXX object test/CMakeFiles/test_costmap_downsampler.dir/test_costmap_downsampler.cpp.o[0m
[103.961s] [ 64%] [32mBuilding CXX object test/CMakeFiles/test_a_star.dir/test_a_star.cpp.o[0m
[104.948s] [35m[1mScanning dependencies of target test_smac_se2[0m
[104.950s] [35m[1mScanning dependencies of target test_nodebasic[0m
[105.123s] [ 67%] [32mBuilding CXX object test/CMakeFiles/test_nodebasic.dir/test_nodebasic.cpp.o[0m
[105.137s] [ 70%] [32mBuilding CXX object test/CMakeFiles/test_smac_se2.dir/test_smac_se2.cpp.o[0m
[109.657s] [ 73%] [32m[1mLinking CXX executable test_node2d[0m
[110.696s] [ 73%] Built target test_node2d
[110.720s] [35m[1mScanning dependencies of target test_collision_checker[0m
[110.940s] [ 76%] [32mBuilding CXX object test/CMakeFiles/test_collision_checker.dir/test_collision_checker.cpp.o[0m
[111.152s] [ 79%] [32m[1mLinking CXX executable test_costmap_downsampler[0m
[111.819s] [ 82%] [32m[1mLinking CXX executable test_smac_2d[0m
[112.228s] [ 82%] Built target test_costmap_downsampler
[112.263s] [ 85%] [32m[1mLinking CXX executable test_smoother[0m
[112.387s] [ 88%] [32m[1mLinking CXX executable test_nodese2[0m
[112.608s] [ 91%] [32m[1mLinking CXX executable test_a_star[0m
[113.087s] [ 91%] Built target test_smac_2d
[113.597s] [ 94%] [32m[1mLinking CXX executable test_nodebasic[0m
[113.614s] [ 94%] Built target test_a_star
[113.737s] [ 94%] Built target test_smoother
[113.751s] [ 94%] Built target test_nodese2
[114.028s] [ 94%] Built target test_nodebasic
[115.619s] [ 97%] [32m[1mLinking CXX executable test_collision_checker[0m
[116.009s] [ 97%] Built target test_collision_checker
[116.034s] [100%] [32m[1mLinking CXX executable test_smac_se2[0m
[116.540s] [100%] Built target test_smac_se2
[116.556s] Invoked command in '/home/terra/nav2_ws/build/smac_planner' returned '0': AMENT_PREFIX_PATH=/home/terra/nav2_ws/install/nav2_core:/home/terra/nav2_ws/install/nav2_costmap_2d:/home/terra/nav2_ws/install/nav2_util:/home/terra/nav2_ws/install/nav2_voxel_grid:/home/terra/nav2_ws/install/nav2_msgs:/home/terra/nav2_ws/install/nav2_common:${AMENT_PREFIX_PATH} CMAKE_PREFIX_PATH=/home/terra/nav2_ws/install/nav2_core:/home/terra/nav2_ws/install/nav2_costmap_2d:/home/terra/nav2_ws/install/nav2_util:/home/terra/nav2_ws/install/nav2_voxel_grid:/home/terra/nav2_ws/install/nav2_msgs:/home/terra/nav2_ws/install/nav2_common:/opt/ros/foxy LD_LIBRARY_PATH=/home/terra/nav2_ws/install/nav2_costmap_2d/lib:/home/terra/nav2_ws/install/nav2_util/lib:/home/terra/nav2_ws/install/nav2_voxel_grid/lib:/home/terra/nav2_ws/install/nav2_msgs/lib:${LD_LIBRARY_PATH} PYTHONPATH=/home/terra/nav2_ws/install/nav2_msgs/lib/python3.8/site-packages:/home/terra/nav2_ws/install/nav2_common/lib/python3.8/site-packages:${PYTHONPATH} /usr/bin/cmake --build /home/terra/nav2_ws/build/smac_planner -- -j8 -l8
[116.614s] Invoking command in '/home/terra/nav2_ws/build/smac_planner': AMENT_PREFIX_PATH=/home/terra/nav2_ws/install/nav2_core:/home/terra/nav2_ws/install/nav2_costmap_2d:/home/terra/nav2_ws/install/nav2_util:/home/terra/nav2_ws/install/nav2_voxel_grid:/home/terra/nav2_ws/install/nav2_msgs:/home/terra/nav2_ws/install/nav2_common:${AMENT_PREFIX_PATH} CMAKE_PREFIX_PATH=/home/terra/nav2_ws/install/nav2_core:/home/terra/nav2_ws/install/nav2_costmap_2d:/home/terra/nav2_ws/install/nav2_util:/home/terra/nav2_ws/install/nav2_voxel_grid:/home/terra/nav2_ws/install/nav2_msgs:/home/terra/nav2_ws/install/nav2_common:/opt/ros/foxy LD_LIBRARY_PATH=/home/terra/nav2_ws/install/nav2_costmap_2d/lib:/home/terra/nav2_ws/install/nav2_util/lib:/home/terra/nav2_ws/install/nav2_voxel_grid/lib:/home/terra/nav2_ws/install/nav2_msgs/lib:${LD_LIBRARY_PATH} PYTHONPATH=/home/terra/nav2_ws/install/nav2_msgs/lib/python3.8/site-packages:/home/terra/nav2_ws/install/nav2_common/lib/python3.8/site-packages:${PYTHONPATH} /usr/bin/cmake --install /home/terra/nav2_ws/build/smac_planner
[116.625s] -- Install configuration: "Release"
[116.626s] -- Execute custom install script
[116.626s] -- Symlinking: /home/terra/nav2_ws/install/smac_planner/share/smac_planner//smac_plugin.xml
[116.640s] -- Symlinking: /home/terra/nav2_ws/install/smac_planner/share/smac_planner//smac_plugin_2d.xml
[116.654s] -- Symlinking: /home/terra/nav2_ws/install/smac_planner/lib/libsmac_planner.so
[116.666s] -- Symlinking: /home/terra/nav2_ws/install/smac_planner/lib/libsmac_planner_2d.so
[116.678s] -- Symlinking: /home/terra/nav2_ws/install/smac_planner/include//smac_planner/a_star.hpp
[116.690s] -- Symlinking: /home/terra/nav2_ws/install/smac_planner/include//smac_planner/collision_checker.hpp
[116.702s] -- Symlinking: /home/terra/nav2_ws/install/smac_planner/include//smac_planner/constants.hpp
[116.714s] -- Symlinking: /home/terra/nav2_ws/install/smac_planner/include//smac_planner/costmap_downsampler.hpp
[116.725s] -- Symlinking: /home/terra/nav2_ws/install/smac_planner/include//smac_planner/node_2d.hpp
[116.735s] -- Symlinking: /home/terra/nav2_ws/install/smac_planner/include//smac_planner/node_basic.hpp
[116.747s] -- Symlinking: /home/terra/nav2_ws/install/smac_planner/include//smac_planner/node_se2.hpp
[116.759s] -- Symlinking: /home/terra/nav2_ws/install/smac_planner/include//smac_planner/options.hpp
[116.771s] -- Symlinking: /home/terra/nav2_ws/install/smac_planner/include//smac_planner/smac_planner.hpp
[116.783s] -- Symlinking: /home/terra/nav2_ws/install/smac_planner/include//smac_planner/smac_planner_2d.hpp
[116.795s] -- Symlinking: /home/terra/nav2_ws/install/smac_planner/include//smac_planner/smoother.hpp
[116.806s] -- Symlinking: /home/terra/nav2_ws/install/smac_planner/include//smac_planner/smoother_cost_function.hpp
[116.818s] -- Symlinking: /home/terra/nav2_ws/install/smac_planner/include//smac_planner/types.hpp
[116.830s] -- Symlinking: /home/terra/nav2_ws/install/smac_planner/share/smac_planner/environment/library_path.sh
[116.841s] -- Symlinking: /home/terra/nav2_ws/install/smac_planner/share/smac_planner/environment/library_path.dsv
[116.853s] -- Symlinking: /home/terra/nav2_ws/install/smac_planner/share/ament_index/resource_index/package_run_dependencies/smac_planner
[116.864s] -- Symlinking: /home/terra/nav2_ws/install/smac_planner/share/ament_index/resource_index/parent_prefix_path/smac_planner
[116.876s] -- Symlinking: /home/terra/nav2_ws/install/smac_planner/share/smac_planner/environment/ament_prefix_path.sh
[116.888s] -- Symlinking: /home/terra/nav2_ws/install/smac_planner/share/smac_planner/environment/ament_prefix_path.dsv
[116.900s] -- Symlinking: /home/terra/nav2_ws/install/smac_planner/share/smac_planner/environment/path.sh
[116.912s] -- Symlinking: /home/terra/nav2_ws/install/smac_planner/share/smac_planner/environment/path.dsv
[116.923s] -- Symlinking: /home/terra/nav2_ws/install/smac_planner/share/smac_planner/local_setup.bash
[116.935s] -- Symlinking: /home/terra/nav2_ws/install/smac_planner/share/smac_planner/local_setup.sh
[116.946s] -- Symlinking: /home/terra/nav2_ws/install/smac_planner/share/smac_planner/local_setup.zsh
[116.958s] -- Symlinking: /home/terra/nav2_ws/install/smac_planner/share/smac_planner/local_setup.dsv
[116.970s] -- Symlinking: /home/terra/nav2_ws/install/smac_planner/share/smac_planner/package.dsv
[116.982s] -- Symlinking: /home/terra/nav2_ws/install/smac_planner/share/ament_index/resource_index/packages/smac_planner
[116.994s] -- Symlinking: /home/terra/nav2_ws/install/smac_planner/share/ament_index/resource_index/nav2_core__pluginlib__plugin/smac_planner
[117.006s] -- Symlinking: /home/terra/nav2_ws/install/smac_planner/share/smac_planner/cmake/ament_cmake_export_include_directories-extras.cmake
[117.018s] -- Symlinking: /home/terra/nav2_ws/install/smac_planner/share/smac_planner/cmake/ament_cmake_export_libraries-extras.cmake
[117.030s] -- Symlinking: /home/terra/nav2_ws/install/smac_planner/share/smac_planner/cmake/ament_cmake_export_dependencies-extras.cmake
[117.041s] -- Symlinking: /home/terra/nav2_ws/install/smac_planner/share/smac_planner/cmake/ament_cmake_export_definitions-extras.cmake
[117.053s] -- Symlinking: /home/terra/nav2_ws/install/smac_planner/share/smac_planner/cmake/smac_plannerConfig.cmake
[117.064s] -- Symlinking: /home/terra/nav2_ws/install/smac_planner/share/smac_planner/cmake/smac_plannerConfig-version.cmake
[117.077s] -- Symlinking: /home/terra/nav2_ws/install/smac_planner/share/smac_planner/package.xml
[117.095s] Invoked command in '/home/terra/nav2_ws/build/smac_planner' returned '0': AMENT_PREFIX_PATH=/home/terra/nav2_ws/install/nav2_core:/home/terra/nav2_ws/install/nav2_costmap_2d:/home/terra/nav2_ws/install/nav2_util:/home/terra/nav2_ws/install/nav2_voxel_grid:/home/terra/nav2_ws/install/nav2_msgs:/home/terra/nav2_ws/install/nav2_common:${AMENT_PREFIX_PATH} CMAKE_PREFIX_PATH=/home/terra/nav2_ws/install/nav2_core:/home/terra/nav2_ws/install/nav2_costmap_2d:/home/terra/nav2_ws/install/nav2_util:/home/terra/nav2_ws/install/nav2_voxel_grid:/home/terra/nav2_ws/install/nav2_msgs:/home/terra/nav2_ws/install/nav2_common:/opt/ros/foxy LD_LIBRARY_PATH=/home/terra/nav2_ws/install/nav2_costmap_2d/lib:/home/terra/nav2_ws/install/nav2_util/lib:/home/terra/nav2_ws/install/nav2_voxel_grid/lib:/home/terra/nav2_ws/install/nav2_msgs/lib:${LD_LIBRARY_PATH} PYTHONPATH=/home/terra/nav2_ws/install/nav2_msgs/lib/python3.8/site-packages:/home/terra/nav2_ws/install/nav2_common/lib/python3.8/site-packages:${PYTHONPATH} /usr/bin/cmake --install /home/terra/nav2_ws/build/smac_planner
