[0.234s] DEBUG:colcon:Command line arguments: ['/usr/bin/colcon', 'build', '--packages-select', 'nav_sms_begavior']
[0.234s] DEBUG:colcon:Parsed command line arguments: Namespace(allow_overriding=[], ament_cmake_args=None, base_paths=['.'], build_base='build', catkin_cmake_args=None, catkin_skip_building_tests=False, cmake_args=None, cmake_clean_cache=False, cmake_clean_first=False, cmake_force_configure=False, cmake_target=None, cmake_target_skip_unavailable=False, continue_on_error=False, event_handlers=None, executor='parallel', ignore_user_meta=False, install_base='install', log_base=None, log_level=None, main=<bound method BuildVerb.main of <colcon_core.verb.build.BuildVerb object at 0x7fa95db6b160>>, merge_install=False, metas=['./colcon.meta'], packages_above=None, packages_above_and_dependencies=None, packages_above_depth=None, packages_end=None, packages_ignore=None, packages_ignore_regex=None, packages_select=['nav_sms_begavior'], packages_select_build_failed=False, packages_select_by_dep=None, packages_select_regex=None, packages_select_test_failures=False, packages_skip=None, packages_skip_build_finished=False, packages_skip_by_dep=None, packages_skip_regex=None, packages_skip_test_passed=False, packages_skip_up_to=None, packages_start=None, packages_up_to=None, packages_up_to_regex=None, parallel_workers=8, paths=None, symlink_install=False, test_result_base=None, verb_extension=<colcon_core.verb.build.BuildVerb object at 0x7fa95db6b160>, verb_name='build', verb_parser=<colcon_defaults.argument_parser.defaults.DefaultArgumentsDecorator object at 0x7fa95db6b6a0>)
[0.275s] Level 1:colcon.colcon_core.package_discovery:discover_packages(colcon_meta) check parameters
[0.275s] Level 1:colcon.colcon_core.package_discovery:discover_packages(recursive) check parameters
[0.275s] Level 1:colcon.colcon_core.package_discovery:discover_packages(ignore) check parameters
[0.275s] Level 1:colcon.colcon_core.package_discovery:discover_packages(path) check parameters
[0.275s] Level 1:colcon.colcon_core.package_discovery:discover_packages(colcon_meta) discover
[0.275s] Level 1:colcon.colcon_core.package_discovery:discover_packages(recursive) discover
[0.276s] INFO:colcon.colcon_core.package_discovery:Crawling recursively for packages in '/home/terra/nav2_ws'
[0.276s] Level 1:colcon.colcon_core.package_identification:_identify(.) by extensions ['ignore', 'ignore_ament_install']
[0.276s] Level 1:colcon.colcon_core.package_identification:_identify(.) by extension 'ignore'
[0.276s] Level 1:colcon.colcon_core.package_identification:_identify(.) by extension 'ignore_ament_install'
[0.276s] Level 1:colcon.colcon_core.package_identification:_identify(.) by extensions ['colcon_pkg']
[0.276s] Level 1:colcon.colcon_core.package_identification:_identify(.) by extension 'colcon_pkg'
[0.276s] Level 1:colcon.colcon_core.package_identification:_identify(.) by extensions ['colcon_meta']
[0.276s] Level 1:colcon.colcon_core.package_identification:_identify(.) by extension 'colcon_meta'
[0.277s] Level 1:colcon.colcon_core.package_identification:_identify(.) by extensions ['ros']
[0.277s] Level 1:colcon.colcon_core.package_identification:_identify(.) by extension 'ros'
[0.293s] Level 1:colcon.colcon_core.package_identification:_identify(.) by extensions ['cmake', 'python']
[0.293s] Level 1:colcon.colcon_core.package_identification:_identify(.) by extension 'cmake'
[0.293s] Level 1:colcon.colcon_core.package_identification:_identify(.) by extension 'python'
[0.293s] Level 1:colcon.colcon_core.package_identification:_identify(.) by extensions ['python_setup_py']
[0.293s] Level 1:colcon.colcon_core.package_identification:_identify(.) by extension 'python_setup_py'
[0.294s] Level 1:colcon.colcon_core.package_identification:_identify(build) by extensions ['ignore', 'ignore_ament_install']
[0.294s] Level 1:colcon.colcon_core.package_identification:_identify(build) by extension 'ignore'
[0.294s] Level 1:colcon.colcon_core.package_identification:_identify(build) ignored
[0.294s] Level 1:colcon.colcon_core.package_identification:_identify(install) by extensions ['ignore', 'ignore_ament_install']
[0.294s] Level 1:colcon.colcon_core.package_identification:_identify(install) by extension 'ignore'
[0.294s] Level 1:colcon.colcon_core.package_identification:_identify(install) ignored
[0.295s] Level 1:colcon.colcon_core.package_identification:_identify(log) by extensions ['ignore', 'ignore_ament_install']
[0.295s] Level 1:colcon.colcon_core.package_identification:_identify(log) by extension 'ignore'
[0.295s] Level 1:colcon.colcon_core.package_identification:_identify(log) ignored
[0.295s] Level 1:colcon.colcon_core.package_identification:_identify(src) by extensions ['ignore', 'ignore_ament_install']
[0.295s] Level 1:colcon.colcon_core.package_identification:_identify(src) by extension 'ignore'
[0.295s] Level 1:colcon.colcon_core.package_identification:_identify(src) by extension 'ignore_ament_install'
[0.296s] Level 1:colcon.colcon_core.package_identification:_identify(src) by extensions ['colcon_pkg']
[0.296s] Level 1:colcon.colcon_core.package_identification:_identify(src) by extension 'colcon_pkg'
[0.296s] Level 1:colcon.colcon_core.package_identification:_identify(src) by extensions ['colcon_meta']
[0.296s] Level 1:colcon.colcon_core.package_identification:_identify(src) by extension 'colcon_meta'
[0.296s] Level 1:colcon.colcon_core.package_identification:_identify(src) by extensions ['ros']
[0.296s] Level 1:colcon.colcon_core.package_identification:_identify(src) by extension 'ros'
[0.296s] Level 1:colcon.colcon_core.package_identification:_identify(src) by extensions ['cmake', 'python']
[0.296s] Level 1:colcon.colcon_core.package_identification:_identify(src) by extension 'cmake'
[0.296s] Level 1:colcon.colcon_core.package_identification:_identify(src) by extension 'python'
[0.296s] Level 1:colcon.colcon_core.package_identification:_identify(src) by extensions ['python_setup_py']
[0.296s] Level 1:colcon.colcon_core.package_identification:_identify(src) by extension 'python_setup_py'
[0.297s] Level 1:colcon.colcon_core.package_identification:_identify(src/doc) by extensions ['ignore', 'ignore_ament_install']
[0.297s] Level 1:colcon.colcon_core.package_identification:_identify(src/doc) by extension 'ignore'
[0.297s] Level 1:colcon.colcon_core.package_identification:_identify(src/doc) by extension 'ignore_ament_install'
[0.297s] Level 1:colcon.colcon_core.package_identification:_identify(src/doc) by extensions ['colcon_pkg']
[0.297s] Level 1:colcon.colcon_core.package_identification:_identify(src/doc) by extension 'colcon_pkg'
[0.297s] Level 1:colcon.colcon_core.package_identification:_identify(src/doc) by extensions ['colcon_meta']
[0.297s] Level 1:colcon.colcon_core.package_identification:_identify(src/doc) by extension 'colcon_meta'
[0.297s] Level 1:colcon.colcon_core.package_identification:_identify(src/doc) by extensions ['ros']
[0.297s] Level 1:colcon.colcon_core.package_identification:_identify(src/doc) by extension 'ros'
[0.297s] Level 1:colcon.colcon_core.package_identification:_identify(src/doc) by extensions ['cmake', 'python']
[0.298s] Level 1:colcon.colcon_core.package_identification:_identify(src/doc) by extension 'cmake'
[0.298s] Level 1:colcon.colcon_core.package_identification:_identify(src/doc) by extension 'python'
[0.298s] Level 1:colcon.colcon_core.package_identification:_identify(src/doc) by extensions ['python_setup_py']
[0.298s] Level 1:colcon.colcon_core.package_identification:_identify(src/doc) by extension 'python_setup_py'
[0.298s] Level 1:colcon.colcon_core.package_identification:_identify(src/doc/architecture) by extensions ['ignore', 'ignore_ament_install']
[0.298s] Level 1:colcon.colcon_core.package_identification:_identify(src/doc/architecture) by extension 'ignore'
[0.298s] Level 1:colcon.colcon_core.package_identification:_identify(src/doc/architecture) by extension 'ignore_ament_install'
[0.298s] Level 1:colcon.colcon_core.package_identification:_identify(src/doc/architecture) by extensions ['colcon_pkg']
[0.298s] Level 1:colcon.colcon_core.package_identification:_identify(src/doc/architecture) by extension 'colcon_pkg'
[0.298s] Level 1:colcon.colcon_core.package_identification:_identify(src/doc/architecture) by extensions ['colcon_meta']
[0.299s] Level 1:colcon.colcon_core.package_identification:_identify(src/doc/architecture) by extension 'colcon_meta'
[0.299s] Level 1:colcon.colcon_core.package_identification:_identify(src/doc/architecture) by extensions ['ros']
[0.299s] Level 1:colcon.colcon_core.package_identification:_identify(src/doc/architecture) by extension 'ros'
[0.299s] Level 1:colcon.colcon_core.package_identification:_identify(src/doc/architecture) by extensions ['cmake', 'python']
[0.299s] Level 1:colcon.colcon_core.package_identification:_identify(src/doc/architecture) by extension 'cmake'
[0.299s] Level 1:colcon.colcon_core.package_identification:_identify(src/doc/architecture) by extension 'python'
[0.299s] Level 1:colcon.colcon_core.package_identification:_identify(src/doc/architecture) by extensions ['python_setup_py']
[0.299s] Level 1:colcon.colcon_core.package_identification:_identify(src/doc/architecture) by extension 'python_setup_py'
[0.299s] Level 1:colcon.colcon_core.package_identification:_identify(src/doc/design) by extensions ['ignore', 'ignore_ament_install']
[0.300s] Level 1:colcon.colcon_core.package_identification:_identify(src/doc/design) by extension 'ignore'
[0.300s] Level 1:colcon.colcon_core.package_identification:_identify(src/doc/design) by extension 'ignore_ament_install'
[0.300s] Level 1:colcon.colcon_core.package_identification:_identify(src/doc/design) by extensions ['colcon_pkg']
[0.300s] Level 1:colcon.colcon_core.package_identification:_identify(src/doc/design) by extension 'colcon_pkg'
[0.300s] Level 1:colcon.colcon_core.package_identification:_identify(src/doc/design) by extensions ['colcon_meta']
[0.300s] Level 1:colcon.colcon_core.package_identification:_identify(src/doc/design) by extension 'colcon_meta'
[0.300s] Level 1:colcon.colcon_core.package_identification:_identify(src/doc/design) by extensions ['ros']
[0.300s] Level 1:colcon.colcon_core.package_identification:_identify(src/doc/design) by extension 'ros'
[0.300s] Level 1:colcon.colcon_core.package_identification:_identify(src/doc/design) by extensions ['cmake', 'python']
[0.300s] Level 1:colcon.colcon_core.package_identification:_identify(src/doc/design) by extension 'cmake'
[0.301s] Level 1:colcon.colcon_core.package_identification:_identify(src/doc/design) by extension 'python'
[0.301s] Level 1:colcon.colcon_core.package_identification:_identify(src/doc/design) by extensions ['python_setup_py']
[0.301s] Level 1:colcon.colcon_core.package_identification:_identify(src/doc/design) by extension 'python_setup_py'
[0.301s] Level 1:colcon.colcon_core.package_identification:_identify(src/doc/parameters) by extensions ['ignore', 'ignore_ament_install']
[0.301s] Level 1:colcon.colcon_core.package_identification:_identify(src/doc/parameters) by extension 'ignore'
[0.301s] Level 1:colcon.colcon_core.package_identification:_identify(src/doc/parameters) by extension 'ignore_ament_install'
[0.301s] Level 1:colcon.colcon_core.package_identification:_identify(src/doc/parameters) by extensions ['colcon_pkg']
[0.301s] Level 1:colcon.colcon_core.package_identification:_identify(src/doc/parameters) by extension 'colcon_pkg'
[0.301s] Level 1:colcon.colcon_core.package_identification:_identify(src/doc/parameters) by extensions ['colcon_meta']
[0.301s] Level 1:colcon.colcon_core.package_identification:_identify(src/doc/parameters) by extension 'colcon_meta'
[0.301s] Level 1:colcon.colcon_core.package_identification:_identify(src/doc/parameters) by extensions ['ros']
[0.302s] Level 1:colcon.colcon_core.package_identification:_identify(src/doc/parameters) by extension 'ros'
[0.302s] Level 1:colcon.colcon_core.package_identification:_identify(src/doc/parameters) by extensions ['cmake', 'python']
[0.302s] Level 1:colcon.colcon_core.package_identification:_identify(src/doc/parameters) by extension 'cmake'
[0.302s] Level 1:colcon.colcon_core.package_identification:_identify(src/doc/parameters) by extension 'python'
[0.302s] Level 1:colcon.colcon_core.package_identification:_identify(src/doc/parameters) by extensions ['python_setup_py']
[0.302s] Level 1:colcon.colcon_core.package_identification:_identify(src/doc/parameters) by extension 'python_setup_py'
[0.302s] Level 1:colcon.colcon_core.package_identification:_identify(src/doc/process) by extensions ['ignore', 'ignore_ament_install']
[0.302s] Level 1:colcon.colcon_core.package_identification:_identify(src/doc/process) by extension 'ignore'
[0.302s] Level 1:colcon.colcon_core.package_identification:_identify(src/doc/process) by extension 'ignore_ament_install'
[0.303s] Level 1:colcon.colcon_core.package_identification:_identify(src/doc/process) by extensions ['colcon_pkg']
[0.303s] Level 1:colcon.colcon_core.package_identification:_identify(src/doc/process) by extension 'colcon_pkg'
[0.303s] Level 1:colcon.colcon_core.package_identification:_identify(src/doc/process) by extensions ['colcon_meta']
[0.303s] Level 1:colcon.colcon_core.package_identification:_identify(src/doc/process) by extension 'colcon_meta'
[0.303s] Level 1:colcon.colcon_core.package_identification:_identify(src/doc/process) by extensions ['ros']
[0.303s] Level 1:colcon.colcon_core.package_identification:_identify(src/doc/process) by extension 'ros'
[0.303s] Level 1:colcon.colcon_core.package_identification:_identify(src/doc/process) by extensions ['cmake', 'python']
[0.303s] Level 1:colcon.colcon_core.package_identification:_identify(src/doc/process) by extension 'cmake'
[0.303s] Level 1:colcon.colcon_core.package_identification:_identify(src/doc/process) by extension 'python'
[0.303s] Level 1:colcon.colcon_core.package_identification:_identify(src/doc/process) by extensions ['python_setup_py']
[0.304s] Level 1:colcon.colcon_core.package_identification:_identify(src/doc/process) by extension 'python_setup_py'
[0.304s] Level 1:colcon.colcon_core.package_identification:_identify(src/doc/requirements) by extensions ['ignore', 'ignore_ament_install']
[0.304s] Level 1:colcon.colcon_core.package_identification:_identify(src/doc/requirements) by extension 'ignore'
[0.304s] Level 1:colcon.colcon_core.package_identification:_identify(src/doc/requirements) by extension 'ignore_ament_install'
[0.304s] Level 1:colcon.colcon_core.package_identification:_identify(src/doc/requirements) by extensions ['colcon_pkg']
[0.304s] Level 1:colcon.colcon_core.package_identification:_identify(src/doc/requirements) by extension 'colcon_pkg'
[0.304s] Level 1:colcon.colcon_core.package_identification:_identify(src/doc/requirements) by extensions ['colcon_meta']
[0.304s] Level 1:colcon.colcon_core.package_identification:_identify(src/doc/requirements) by extension 'colcon_meta'
[0.304s] Level 1:colcon.colcon_core.package_identification:_identify(src/doc/requirements) by extensions ['ros']
[0.305s] Level 1:colcon.colcon_core.package_identification:_identify(src/doc/requirements) by extension 'ros'
[0.305s] Level 1:colcon.colcon_core.package_identification:_identify(src/doc/requirements) by extensions ['cmake', 'python']
[0.305s] Level 1:colcon.colcon_core.package_identification:_identify(src/doc/requirements) by extension 'cmake'
[0.305s] Level 1:colcon.colcon_core.package_identification:_identify(src/doc/requirements) by extension 'python'
[0.305s] Level 1:colcon.colcon_core.package_identification:_identify(src/doc/requirements) by extensions ['python_setup_py']
[0.305s] Level 1:colcon.colcon_core.package_identification:_identify(src/doc/requirements) by extension 'python_setup_py'
[0.305s] Level 1:colcon.colcon_core.package_identification:_identify(src/doc/requirements/images) by extensions ['ignore', 'ignore_ament_install']
[0.305s] Level 1:colcon.colcon_core.package_identification:_identify(src/doc/requirements/images) by extension 'ignore'
[0.305s] Level 1:colcon.colcon_core.package_identification:_identify(src/doc/requirements/images) by extension 'ignore_ament_install'
[0.306s] Level 1:colcon.colcon_core.package_identification:_identify(src/doc/requirements/images) by extensions ['colcon_pkg']
[0.306s] Level 1:colcon.colcon_core.package_identification:_identify(src/doc/requirements/images) by extension 'colcon_pkg'
[0.306s] Level 1:colcon.colcon_core.package_identification:_identify(src/doc/requirements/images) by extensions ['colcon_meta']
[0.306s] Level 1:colcon.colcon_core.package_identification:_identify(src/doc/requirements/images) by extension 'colcon_meta'
[0.306s] Level 1:colcon.colcon_core.package_identification:_identify(src/doc/requirements/images) by extensions ['ros']
[0.306s] Level 1:colcon.colcon_core.package_identification:_identify(src/doc/requirements/images) by extension 'ros'
[0.306s] Level 1:colcon.colcon_core.package_identification:_identify(src/doc/requirements/images) by extensions ['cmake', 'python']
[0.306s] Level 1:colcon.colcon_core.package_identification:_identify(src/doc/requirements/images) by extension 'cmake'
[0.306s] Level 1:colcon.colcon_core.package_identification:_identify(src/doc/requirements/images) by extension 'python'
[0.306s] Level 1:colcon.colcon_core.package_identification:_identify(src/doc/requirements/images) by extensions ['python_setup_py']
[0.306s] Level 1:colcon.colcon_core.package_identification:_identify(src/doc/requirements/images) by extension 'python_setup_py'
[0.307s] Level 1:colcon.colcon_core.package_identification:_identify(src/doc/use_cases) by extensions ['ignore', 'ignore_ament_install']
[0.307s] Level 1:colcon.colcon_core.package_identification:_identify(src/doc/use_cases) by extension 'ignore'
[0.307s] Level 1:colcon.colcon_core.package_identification:_identify(src/doc/use_cases) by extension 'ignore_ament_install'
[0.307s] Level 1:colcon.colcon_core.package_identification:_identify(src/doc/use_cases) by extensions ['colcon_pkg']
[0.307s] Level 1:colcon.colcon_core.package_identification:_identify(src/doc/use_cases) by extension 'colcon_pkg'
[0.307s] Level 1:colcon.colcon_core.package_identification:_identify(src/doc/use_cases) by extensions ['colcon_meta']
[0.307s] Level 1:colcon.colcon_core.package_identification:_identify(src/doc/use_cases) by extension 'colcon_meta'
[0.307s] Level 1:colcon.colcon_core.package_identification:_identify(src/doc/use_cases) by extensions ['ros']
[0.307s] Level 1:colcon.colcon_core.package_identification:_identify(src/doc/use_cases) by extension 'ros'
[0.308s] Level 1:colcon.colcon_core.package_identification:_identify(src/doc/use_cases) by extensions ['cmake', 'python']
[0.308s] Level 1:colcon.colcon_core.package_identification:_identify(src/doc/use_cases) by extension 'cmake'
[0.308s] Level 1:colcon.colcon_core.package_identification:_identify(src/doc/use_cases) by extension 'python'
[0.308s] Level 1:colcon.colcon_core.package_identification:_identify(src/doc/use_cases) by extensions ['python_setup_py']
[0.308s] Level 1:colcon.colcon_core.package_identification:_identify(src/doc/use_cases) by extension 'python_setup_py'
[0.308s] Level 1:colcon.colcon_core.package_identification:_identify(src/nav2_amcl) by extensions ['ignore', 'ignore_ament_install']
[0.308s] Level 1:colcon.colcon_core.package_identification:_identify(src/nav2_amcl) by extension 'ignore'
[0.308s] Level 1:colcon.colcon_core.package_identification:_identify(src/nav2_amcl) by extension 'ignore_ament_install'
[0.308s] Level 1:colcon.colcon_core.package_identification:_identify(src/nav2_amcl) by extensions ['colcon_pkg']
[0.309s] Level 1:colcon.colcon_core.package_identification:_identify(src/nav2_amcl) by extension 'colcon_pkg'
[0.309s] Level 1:colcon.colcon_core.package_identification:_identify(src/nav2_amcl) by extensions ['colcon_meta']
[0.309s] Level 1:colcon.colcon_core.package_identification:_identify(src/nav2_amcl) by extension 'colcon_meta'
[0.309s] Level 1:colcon.colcon_core.package_identification:_identify(src/nav2_amcl) by extensions ['ros']
[0.309s] Level 1:colcon.colcon_core.package_identification:_identify(src/nav2_amcl) by extension 'ros'
[0.326s] DEBUG:colcon.colcon_core.package_identification:Package 'src/nav2_amcl' with type 'ros.ament_cmake' and name 'nav2_amcl'
[0.326s] Level 1:colcon.colcon_core.package_identification:_identify(src/nav2_behavior_tree) by extensions ['ignore', 'ignore_ament_install']
[0.326s] Level 1:colcon.colcon_core.package_identification:_identify(src/nav2_behavior_tree) by extension 'ignore'
[0.326s] Level 1:colcon.colcon_core.package_identification:_identify(src/nav2_behavior_tree) by extension 'ignore_ament_install'
[0.327s] Level 1:colcon.colcon_core.package_identification:_identify(src/nav2_behavior_tree) by extensions ['colcon_pkg']
[0.327s] Level 1:colcon.colcon_core.package_identification:_identify(src/nav2_behavior_tree) by extension 'colcon_pkg'
[0.327s] Level 1:colcon.colcon_core.package_identification:_identify(src/nav2_behavior_tree) by extensions ['colcon_meta']
[0.327s] Level 1:colcon.colcon_core.package_identification:_identify(src/nav2_behavior_tree) by extension 'colcon_meta'
[0.327s] Level 1:colcon.colcon_core.package_identification:_identify(src/nav2_behavior_tree) by extensions ['ros']
[0.327s] Level 1:colcon.colcon_core.package_identification:_identify(src/nav2_behavior_tree) by extension 'ros'
[0.329s] DEBUG:colcon.colcon_core.package_identification:Package 'src/nav2_behavior_tree' with type 'ros.ament_cmake' and name 'nav2_behavior_tree'
[0.330s] Level 1:colcon.colcon_core.package_identification:_identify(src/nav2_bringup) by extensions ['ignore', 'ignore_ament_install']
[0.330s] Level 1:colcon.colcon_core.package_identification:_identify(src/nav2_bringup) by extension 'ignore'
[0.330s] Level 1:colcon.colcon_core.package_identification:_identify(src/nav2_bringup) by extension 'ignore_ament_install'
[0.330s] Level 1:colcon.colcon_core.package_identification:_identify(src/nav2_bringup) by extensions ['colcon_pkg']
[0.330s] Level 1:colcon.colcon_core.package_identification:_identify(src/nav2_bringup) by extension 'colcon_pkg'
[0.330s] Level 1:colcon.colcon_core.package_identification:_identify(src/nav2_bringup) by extensions ['colcon_meta']
[0.330s] Level 1:colcon.colcon_core.package_identification:_identify(src/nav2_bringup) by extension 'colcon_meta'
[0.331s] Level 1:colcon.colcon_core.package_identification:_identify(src/nav2_bringup) by extensions ['ros']
[0.331s] Level 1:colcon.colcon_core.package_identification:_identify(src/nav2_bringup) by extension 'ros'
[0.331s] Level 1:colcon.colcon_core.package_identification:_identify(src/nav2_bringup) by extensions ['cmake', 'python']
[0.331s] Level 1:colcon.colcon_core.package_identification:_identify(src/nav2_bringup) by extension 'cmake'
[0.331s] Level 1:colcon.colcon_core.package_identification:_identify(src/nav2_bringup) by extension 'python'
[0.331s] Level 1:colcon.colcon_core.package_identification:_identify(src/nav2_bringup) by extensions ['python_setup_py']
[0.331s] Level 1:colcon.colcon_core.package_identification:_identify(src/nav2_bringup) by extension 'python_setup_py'
[0.331s] Level 1:colcon.colcon_core.package_identification:_identify(src/nav2_bringup/bringup) by extensions ['ignore', 'ignore_ament_install']
[0.332s] Level 1:colcon.colcon_core.package_identification:_identify(src/nav2_bringup/bringup) by extension 'ignore'
[0.332s] Level 1:colcon.colcon_core.package_identification:_identify(src/nav2_bringup/bringup) by extension 'ignore_ament_install'
[0.332s] Level 1:colcon.colcon_core.package_identification:_identify(src/nav2_bringup/bringup) by extensions ['colcon_pkg']
[0.332s] Level 1:colcon.colcon_core.package_identification:_identify(src/nav2_bringup/bringup) by extension 'colcon_pkg'
[0.332s] Level 1:colcon.colcon_core.package_identification:_identify(src/nav2_bringup/bringup) by extensions ['colcon_meta']
[0.332s] Level 1:colcon.colcon_core.package_identification:_identify(src/nav2_bringup/bringup) by extension 'colcon_meta'
[0.332s] Level 1:colcon.colcon_core.package_identification:_identify(src/nav2_bringup/bringup) by extensions ['ros']
[0.332s] Level 1:colcon.colcon_core.package_identification:_identify(src/nav2_bringup/bringup) by extension 'ros'
[0.334s] DEBUG:colcon.colcon_core.package_identification:Package 'src/nav2_bringup/bringup' with type 'ros.ament_cmake' and name 'nav2_bringup'
[0.334s] Level 1:colcon.colcon_core.package_identification:_identify(src/nav2_bringup/nav2_gazebo_spawner) by extensions ['ignore', 'ignore_ament_install']
[0.334s] Level 1:colcon.colcon_core.package_identification:_identify(src/nav2_bringup/nav2_gazebo_spawner) by extension 'ignore'
[0.334s] Level 1:colcon.colcon_core.package_identification:_identify(src/nav2_bringup/nav2_gazebo_spawner) by extension 'ignore_ament_install'
[0.334s] Level 1:colcon.colcon_core.package_identification:_identify(src/nav2_bringup/nav2_gazebo_spawner) by extensions ['colcon_pkg']
[0.335s] Level 1:colcon.colcon_core.package_identification:_identify(src/nav2_bringup/nav2_gazebo_spawner) by extension 'colcon_pkg'
[0.335s] Level 1:colcon.colcon_core.package_identification:_identify(src/nav2_bringup/nav2_gazebo_spawner) by extensions ['colcon_meta']
[0.335s] Level 1:colcon.colcon_core.package_identification:_identify(src/nav2_bringup/nav2_gazebo_spawner) by extension 'colcon_meta'
[0.335s] Level 1:colcon.colcon_core.package_identification:_identify(src/nav2_bringup/nav2_gazebo_spawner) by extensions ['ros']
[0.335s] Level 1:colcon.colcon_core.package_identification:_identify(src/nav2_bringup/nav2_gazebo_spawner) by extension 'ros'
[0.337s] DEBUG:colcon.colcon_core.package_identification:Package 'src/nav2_bringup/nav2_gazebo_spawner' with type 'ros.ament_python' and name 'nav2_gazebo_spawner'
[0.337s] Level 1:colcon.colcon_core.package_identification:_identify(src/nav2_bt_navigator) by extensions ['ignore', 'ignore_ament_install']
[0.337s] Level 1:colcon.colcon_core.package_identification:_identify(src/nav2_bt_navigator) by extension 'ignore'
[0.337s] Level 1:colcon.colcon_core.package_identification:_identify(src/nav2_bt_navigator) by extension 'ignore_ament_install'
[0.338s] Level 1:colcon.colcon_core.package_identification:_identify(src/nav2_bt_navigator) by extensions ['colcon_pkg']
[0.338s] Level 1:colcon.colcon_core.package_identification:_identify(src/nav2_bt_navigator) by extension 'colcon_pkg'
[0.338s] Level 1:colcon.colcon_core.package_identification:_identify(src/nav2_bt_navigator) by extensions ['colcon_meta']
[0.338s] Level 1:colcon.colcon_core.package_identification:_identify(src/nav2_bt_navigator) by extension 'colcon_meta'
[0.338s] Level 1:colcon.colcon_core.package_identification:_identify(src/nav2_bt_navigator) by extensions ['ros']
[0.338s] Level 1:colcon.colcon_core.package_identification:_identify(src/nav2_bt_navigator) by extension 'ros'
[0.340s] DEBUG:colcon.colcon_core.package_identification:Package 'src/nav2_bt_navigator' with type 'ros.ament_cmake' and name 'nav2_bt_navigator'
[0.341s] Level 1:colcon.colcon_core.package_identification:_identify(src/nav2_common) by extensions ['ignore', 'ignore_ament_install']
[0.341s] Level 1:colcon.colcon_core.package_identification:_identify(src/nav2_common) by extension 'ignore'
[0.341s] Level 1:colcon.colcon_core.package_identification:_identify(src/nav2_common) by extension 'ignore_ament_install'
[0.341s] Level 1:colcon.colcon_core.package_identification:_identify(src/nav2_common) by extensions ['colcon_pkg']
[0.341s] Level 1:colcon.colcon_core.package_identification:_identify(src/nav2_common) by extension 'colcon_pkg'
[0.341s] Level 1:colcon.colcon_core.package_identification:_identify(src/nav2_common) by extensions ['colcon_meta']
[0.341s] Level 1:colcon.colcon_core.package_identification:_identify(src/nav2_common) by extension 'colcon_meta'
[0.341s] Level 1:colcon.colcon_core.package_identification:_identify(src/nav2_common) by extensions ['ros']
[0.341s] Level 1:colcon.colcon_core.package_identification:_identify(src/nav2_common) by extension 'ros'
[0.343s] DEBUG:colcon.colcon_core.package_identification:Package 'src/nav2_common' with type 'ros.ament_cmake' and name 'nav2_common'
[0.343s] Level 1:colcon.colcon_core.package_identification:_identify(src/nav2_controller) by extensions ['ignore', 'ignore_ament_install']
[0.343s] Level 1:colcon.colcon_core.package_identification:_identify(src/nav2_controller) by extension 'ignore'
[0.343s] Level 1:colcon.colcon_core.package_identification:_identify(src/nav2_controller) by extension 'ignore_ament_install'
[0.344s] Level 1:colcon.colcon_core.package_identification:_identify(src/nav2_controller) by extensions ['colcon_pkg']
[0.344s] Level 1:colcon.colcon_core.package_identification:_identify(src/nav2_controller) by extension 'colcon_pkg'
[0.344s] Level 1:colcon.colcon_core.package_identification:_identify(src/nav2_controller) by extensions ['colcon_meta']
[0.344s] Level 1:colcon.colcon_core.package_identification:_identify(src/nav2_controller) by extension 'colcon_meta'
[0.344s] Level 1:colcon.colcon_core.package_identification:_identify(src/nav2_controller) by extensions ['ros']
[0.344s] Level 1:colcon.colcon_core.package_identification:_identify(src/nav2_controller) by extension 'ros'
[0.347s] DEBUG:colcon.colcon_core.package_identification:Package 'src/nav2_controller' with type 'ros.ament_cmake' and name 'nav2_controller'
[0.347s] Level 1:colcon.colcon_core.package_identification:_identify(src/nav2_core) by extensions ['ignore', 'ignore_ament_install']
[0.347s] Level 1:colcon.colcon_core.package_identification:_identify(src/nav2_core) by extension 'ignore'
[0.347s] Level 1:colcon.colcon_core.package_identification:_identify(src/nav2_core) by extension 'ignore_ament_install'
[0.347s] Level 1:colcon.colcon_core.package_identification:_identify(src/nav2_core) by extensions ['colcon_pkg']
[0.347s] Level 1:colcon.colcon_core.package_identification:_identify(src/nav2_core) by extension 'colcon_pkg'
[0.347s] Level 1:colcon.colcon_core.package_identification:_identify(src/nav2_core) by extensions ['colcon_meta']
[0.347s] Level 1:colcon.colcon_core.package_identification:_identify(src/nav2_core) by extension 'colcon_meta'
[0.348s] Level 1:colcon.colcon_core.package_identification:_identify(src/nav2_core) by extensions ['ros']
[0.348s] Level 1:colcon.colcon_core.package_identification:_identify(src/nav2_core) by extension 'ros'
[0.350s] DEBUG:colcon.colcon_core.package_identification:Package 'src/nav2_core' with type 'ros.ament_cmake' and name 'nav2_core'
[0.350s] Level 1:colcon.colcon_core.package_identification:_identify(src/nav2_costmap_2d) by extensions ['ignore', 'ignore_ament_install']
[0.350s] Level 1:colcon.colcon_core.package_identification:_identify(src/nav2_costmap_2d) by extension 'ignore'
[0.351s] Level 1:colcon.colcon_core.package_identification:_identify(src/nav2_costmap_2d) by extension 'ignore_ament_install'
[0.351s] Level 1:colcon.colcon_core.package_identification:_identify(src/nav2_costmap_2d) by extensions ['colcon_pkg']
[0.351s] Level 1:colcon.colcon_core.package_identification:_identify(src/nav2_costmap_2d) by extension 'colcon_pkg'
[0.351s] Level 1:colcon.colcon_core.package_identification:_identify(src/nav2_costmap_2d) by extensions ['colcon_meta']
[0.351s] Level 1:colcon.colcon_core.package_identification:_identify(src/nav2_costmap_2d) by extension 'colcon_meta'
[0.351s] Level 1:colcon.colcon_core.package_identification:_identify(src/nav2_costmap_2d) by extensions ['ros']
[0.351s] Level 1:colcon.colcon_core.package_identification:_identify(src/nav2_costmap_2d) by extension 'ros'
[0.355s] DEBUG:colcon.colcon_core.package_identification:Package 'src/nav2_costmap_2d' with type 'ros.ament_cmake' and name 'nav2_costmap_2d'
[0.355s] Level 1:colcon.colcon_core.package_identification:_identify(src/nav2_dwb_controller) by extensions ['ignore', 'ignore_ament_install']
[0.356s] Level 1:colcon.colcon_core.package_identification:_identify(src/nav2_dwb_controller) by extension 'ignore'
[0.356s] Level 1:colcon.colcon_core.package_identification:_identify(src/nav2_dwb_controller) by extension 'ignore_ament_install'
[0.356s] Level 1:colcon.colcon_core.package_identification:_identify(src/nav2_dwb_controller) by extensions ['colcon_pkg']
[0.356s] Level 1:colcon.colcon_core.package_identification:_identify(src/nav2_dwb_controller) by extension 'colcon_pkg'
[0.356s] Level 1:colcon.colcon_core.package_identification:_identify(src/nav2_dwb_controller) by extensions ['colcon_meta']
[0.356s] Level 1:colcon.colcon_core.package_identification:_identify(src/nav2_dwb_controller) by extension 'colcon_meta'
[0.356s] Level 1:colcon.colcon_core.package_identification:_identify(src/nav2_dwb_controller) by extensions ['ros']
[0.356s] Level 1:colcon.colcon_core.package_identification:_identify(src/nav2_dwb_controller) by extension 'ros'
[0.357s] Level 1:colcon.colcon_core.package_identification:_identify(src/nav2_dwb_controller) by extensions ['cmake', 'python']
[0.357s] Level 1:colcon.colcon_core.package_identification:_identify(src/nav2_dwb_controller) by extension 'cmake'
[0.357s] Level 1:colcon.colcon_core.package_identification:_identify(src/nav2_dwb_controller) by extension 'python'
[0.357s] Level 1:colcon.colcon_core.package_identification:_identify(src/nav2_dwb_controller) by extensions ['python_setup_py']
[0.357s] Level 1:colcon.colcon_core.package_identification:_identify(src/nav2_dwb_controller) by extension 'python_setup_py'
[0.357s] Level 1:colcon.colcon_core.package_identification:_identify(src/nav2_dwb_controller/costmap_queue) by extensions ['ignore', 'ignore_ament_install']
[0.357s] Level 1:colcon.colcon_core.package_identification:_identify(src/nav2_dwb_controller/costmap_queue) by extension 'ignore'
[0.357s] Level 1:colcon.colcon_core.package_identification:_identify(src/nav2_dwb_controller/costmap_queue) by extension 'ignore_ament_install'
[0.358s] Level 1:colcon.colcon_core.package_identification:_identify(src/nav2_dwb_controller/costmap_queue) by extensions ['colcon_pkg']
[0.358s] Level 1:colcon.colcon_core.package_identification:_identify(src/nav2_dwb_controller/costmap_queue) by extension 'colcon_pkg'
[0.358s] Level 1:colcon.colcon_core.package_identification:_identify(src/nav2_dwb_controller/costmap_queue) by extensions ['colcon_meta']
[0.358s] Level 1:colcon.colcon_core.package_identification:_identify(src/nav2_dwb_controller/costmap_queue) by extension 'colcon_meta'
[0.358s] Level 1:colcon.colcon_core.package_identification:_identify(src/nav2_dwb_controller/costmap_queue) by extensions ['ros']
[0.358s] Level 1:colcon.colcon_core.package_identification:_identify(src/nav2_dwb_controller/costmap_queue) by extension 'ros'
[0.359s] DEBUG:colcon.colcon_core.package_identification:Package 'src/nav2_dwb_controller/costmap_queue' with type 'ros.ament_cmake' and name 'costmap_queue'
[0.359s] Level 1:colcon.colcon_core.package_identification:_identify(src/nav2_dwb_controller/dwb_core) by extensions ['ignore', 'ignore_ament_install']
[0.360s] Level 1:colcon.colcon_core.package_identification:_identify(src/nav2_dwb_controller/dwb_core) by extension 'ignore'
[0.360s] Level 1:colcon.colcon_core.package_identification:_identify(src/nav2_dwb_controller/dwb_core) by extension 'ignore_ament_install'
[0.360s] Level 1:colcon.colcon_core.package_identification:_identify(src/nav2_dwb_controller/dwb_core) by extensions ['colcon_pkg']
[0.360s] Level 1:colcon.colcon_core.package_identification:_identify(src/nav2_dwb_controller/dwb_core) by extension 'colcon_pkg'
[0.360s] Level 1:colcon.colcon_core.package_identification:_identify(src/nav2_dwb_controller/dwb_core) by extensions ['colcon_meta']
[0.360s] Level 1:colcon.colcon_core.package_identification:_identify(src/nav2_dwb_controller/dwb_core) by extension 'colcon_meta'
[0.360s] Level 1:colcon.colcon_core.package_identification:_identify(src/nav2_dwb_controller/dwb_core) by extensions ['ros']
[0.360s] Level 1:colcon.colcon_core.package_identification:_identify(src/nav2_dwb_controller/dwb_core) by extension 'ros'
[0.362s] DEBUG:colcon.colcon_core.package_identification:Package 'src/nav2_dwb_controller/dwb_core' with type 'ros.ament_cmake' and name 'dwb_core'
[0.362s] Level 1:colcon.colcon_core.package_identification:_identify(src/nav2_dwb_controller/dwb_critics) by extensions ['ignore', 'ignore_ament_install']
[0.363s] Level 1:colcon.colcon_core.package_identification:_identify(src/nav2_dwb_controller/dwb_critics) by extension 'ignore'
[0.363s] Level 1:colcon.colcon_core.package_identification:_identify(src/nav2_dwb_controller/dwb_critics) by extension 'ignore_ament_install'
[0.363s] Level 1:colcon.colcon_core.package_identification:_identify(src/nav2_dwb_controller/dwb_critics) by extensions ['colcon_pkg']
[0.363s] Level 1:colcon.colcon_core.package_identification:_identify(src/nav2_dwb_controller/dwb_critics) by extension 'colcon_pkg'
[0.363s] Level 1:colcon.colcon_core.package_identification:_identify(src/nav2_dwb_controller/dwb_critics) by extensions ['colcon_meta']
[0.363s] Level 1:colcon.colcon_core.package_identification:_identify(src/nav2_dwb_controller/dwb_critics) by extension 'colcon_meta'
[0.363s] Level 1:colcon.colcon_core.package_identification:_identify(src/nav2_dwb_controller/dwb_critics) by extensions ['ros']
[0.363s] Level 1:colcon.colcon_core.package_identification:_identify(src/nav2_dwb_controller/dwb_critics) by extension 'ros'
[0.367s] DEBUG:colcon.colcon_core.package_identification:Package 'src/nav2_dwb_controller/dwb_critics' with type 'ros.ament_cmake' and name 'dwb_critics'
[0.367s] Level 1:colcon.colcon_core.package_identification:_identify(src/nav2_dwb_controller/dwb_msgs) by extensions ['ignore', 'ignore_ament_install']
[0.367s] Level 1:colcon.colcon_core.package_identification:_identify(src/nav2_dwb_controller/dwb_msgs) by extension 'ignore'
[0.367s] Level 1:colcon.colcon_core.package_identification:_identify(src/nav2_dwb_controller/dwb_msgs) by extension 'ignore_ament_install'
[0.367s] Level 1:colcon.colcon_core.package_identification:_identify(src/nav2_dwb_controller/dwb_msgs) by extensions ['colcon_pkg']
[0.367s] Level 1:colcon.colcon_core.package_identification:_identify(src/nav2_dwb_controller/dwb_msgs) by extension 'colcon_pkg'
[0.367s] Level 1:colcon.colcon_core.package_identification:_identify(src/nav2_dwb_controller/dwb_msgs) by extensions ['colcon_meta']
[0.368s] Level 1:colcon.colcon_core.package_identification:_identify(src/nav2_dwb_controller/dwb_msgs) by extension 'colcon_meta'
[0.368s] Level 1:colcon.colcon_core.package_identification:_identify(src/nav2_dwb_controller/dwb_msgs) by extensions ['ros']
[0.368s] Level 1:colcon.colcon_core.package_identification:_identify(src/nav2_dwb_controller/dwb_msgs) by extension 'ros'
[0.370s] DEBUG:colcon.colcon_core.package_identification:Package 'src/nav2_dwb_controller/dwb_msgs' with type 'ros.ament_cmake' and name 'dwb_msgs'
[0.370s] Level 1:colcon.colcon_core.package_identification:_identify(src/nav2_dwb_controller/dwb_plugins) by extensions ['ignore', 'ignore_ament_install']
[0.370s] Level 1:colcon.colcon_core.package_identification:_identify(src/nav2_dwb_controller/dwb_plugins) by extension 'ignore'
[0.370s] Level 1:colcon.colcon_core.package_identification:_identify(src/nav2_dwb_controller/dwb_plugins) by extension 'ignore_ament_install'
[0.370s] Level 1:colcon.colcon_core.package_identification:_identify(src/nav2_dwb_controller/dwb_plugins) by extensions ['colcon_pkg']
[0.370s] Level 1:colcon.colcon_core.package_identification:_identify(src/nav2_dwb_controller/dwb_plugins) by extension 'colcon_pkg'
[0.370s] Level 1:colcon.colcon_core.package_identification:_identify(src/nav2_dwb_controller/dwb_plugins) by extensions ['colcon_meta']
[0.370s] Level 1:colcon.colcon_core.package_identification:_identify(src/nav2_dwb_controller/dwb_plugins) by extension 'colcon_meta'
[0.371s] Level 1:colcon.colcon_core.package_identification:_identify(src/nav2_dwb_controller/dwb_plugins) by extensions ['ros']
[0.371s] Level 1:colcon.colcon_core.package_identification:_identify(src/nav2_dwb_controller/dwb_plugins) by extension 'ros'
[0.373s] DEBUG:colcon.colcon_core.package_identification:Package 'src/nav2_dwb_controller/dwb_plugins' with type 'ros.ament_cmake' and name 'dwb_plugins'
[0.373s] Level 1:colcon.colcon_core.package_identification:_identify(src/nav2_dwb_controller/images) by extensions ['ignore', 'ignore_ament_install']
[0.373s] Level 1:colcon.colcon_core.package_identification:_identify(src/nav2_dwb_controller/images) by extension 'ignore'
[0.373s] Level 1:colcon.colcon_core.package_identification:_identify(src/nav2_dwb_controller/images) by extension 'ignore_ament_install'
[0.373s] Level 1:colcon.colcon_core.package_identification:_identify(src/nav2_dwb_controller/images) by extensions ['colcon_pkg']
[0.374s] Level 1:colcon.colcon_core.package_identification:_identify(src/nav2_dwb_controller/images) by extension 'colcon_pkg'
[0.374s] Level 1:colcon.colcon_core.package_identification:_identify(src/nav2_dwb_controller/images) by extensions ['colcon_meta']
[0.374s] Level 1:colcon.colcon_core.package_identification:_identify(src/nav2_dwb_controller/images) by extension 'colcon_meta'
[0.374s] Level 1:colcon.colcon_core.package_identification:_identify(src/nav2_dwb_controller/images) by extensions ['ros']
[0.374s] Level 1:colcon.colcon_core.package_identification:_identify(src/nav2_dwb_controller/images) by extension 'ros'
[0.374s] Level 1:colcon.colcon_core.package_identification:_identify(src/nav2_dwb_controller/images) by extensions ['cmake', 'python']
[0.374s] Level 1:colcon.colcon_core.package_identification:_identify(src/nav2_dwb_controller/images) by extension 'cmake'
[0.374s] Level 1:colcon.colcon_core.package_identification:_identify(src/nav2_dwb_controller/images) by extension 'python'
[0.374s] Level 1:colcon.colcon_core.package_identification:_identify(src/nav2_dwb_controller/images) by extensions ['python_setup_py']
[0.374s] Level 1:colcon.colcon_core.package_identification:_identify(src/nav2_dwb_controller/images) by extension 'python_setup_py'
[0.375s] Level 1:colcon.colcon_core.package_identification:_identify(src/nav2_dwb_controller/nav2_dwb_controller) by extensions ['ignore', 'ignore_ament_install']
[0.375s] Level 1:colcon.colcon_core.package_identification:_identify(src/nav2_dwb_controller/nav2_dwb_controller) by extension 'ignore'
[0.375s] Level 1:colcon.colcon_core.package_identification:_identify(src/nav2_dwb_controller/nav2_dwb_controller) by extension 'ignore_ament_install'
[0.375s] Level 1:colcon.colcon_core.package_identification:_identify(src/nav2_dwb_controller/nav2_dwb_controller) by extensions ['colcon_pkg']
[0.375s] Level 1:colcon.colcon_core.package_identification:_identify(src/nav2_dwb_controller/nav2_dwb_controller) by extension 'colcon_pkg'
[0.375s] Level 1:colcon.colcon_core.package_identification:_identify(src/nav2_dwb_controller/nav2_dwb_controller) by extensions ['colcon_meta']
[0.375s] Level 1:colcon.colcon_core.package_identification:_identify(src/nav2_dwb_controller/nav2_dwb_controller) by extension 'colcon_meta'
[0.375s] Level 1:colcon.colcon_core.package_identification:_identify(src/nav2_dwb_controller/nav2_dwb_controller) by extensions ['ros']
[0.376s] Level 1:colcon.colcon_core.package_identification:_identify(src/nav2_dwb_controller/nav2_dwb_controller) by extension 'ros'
[0.378s] DEBUG:colcon.colcon_core.package_identification:Package 'src/nav2_dwb_controller/nav2_dwb_controller' with type 'ros.ament_cmake' and name 'nav2_dwb_controller'
[0.378s] Level 1:colcon.colcon_core.package_identification:_identify(src/nav2_dwb_controller/nav_2d_msgs) by extensions ['ignore', 'ignore_ament_install']
[0.378s] Level 1:colcon.colcon_core.package_identification:_identify(src/nav2_dwb_controller/nav_2d_msgs) by extension 'ignore'
[0.378s] Level 1:colcon.colcon_core.package_identification:_identify(src/nav2_dwb_controller/nav_2d_msgs) by extension 'ignore_ament_install'
[0.378s] Level 1:colcon.colcon_core.package_identification:_identify(src/nav2_dwb_controller/nav_2d_msgs) by extensions ['colcon_pkg']
[0.378s] Level 1:colcon.colcon_core.package_identification:_identify(src/nav2_dwb_controller/nav_2d_msgs) by extension 'colcon_pkg'
[0.378s] Level 1:colcon.colcon_core.package_identification:_identify(src/nav2_dwb_controller/nav_2d_msgs) by extensions ['colcon_meta']
[0.378s] Level 1:colcon.colcon_core.package_identification:_identify(src/nav2_dwb_controller/nav_2d_msgs) by extension 'colcon_meta'
[0.378s] Level 1:colcon.colcon_core.package_identification:_identify(src/nav2_dwb_controller/nav_2d_msgs) by extensions ['ros']
[0.378s] Level 1:colcon.colcon_core.package_identification:_identify(src/nav2_dwb_controller/nav_2d_msgs) by extension 'ros'
[0.379s] DEBUG:colcon.colcon_core.package_identification:Package 'src/nav2_dwb_controller/nav_2d_msgs' with type 'ros.ament_cmake' and name 'nav_2d_msgs'
[0.379s] Level 1:colcon.colcon_core.package_identification:_identify(src/nav2_dwb_controller/nav_2d_utils) by extensions ['ignore', 'ignore_ament_install']
[0.380s] Level 1:colcon.colcon_core.package_identification:_identify(src/nav2_dwb_controller/nav_2d_utils) by extension 'ignore'
[0.380s] Level 1:colcon.colcon_core.package_identification:_identify(src/nav2_dwb_controller/nav_2d_utils) by extension 'ignore_ament_install'
[0.380s] Level 1:colcon.colcon_core.package_identification:_identify(src/nav2_dwb_controller/nav_2d_utils) by extensions ['colcon_pkg']
[0.380s] Level 1:colcon.colcon_core.package_identification:_identify(src/nav2_dwb_controller/nav_2d_utils) by extension 'colcon_pkg'
[0.380s] Level 1:colcon.colcon_core.package_identification:_identify(src/nav2_dwb_controller/nav_2d_utils) by extensions ['colcon_meta']
[0.380s] Level 1:colcon.colcon_core.package_identification:_identify(src/nav2_dwb_controller/nav_2d_utils) by extension 'colcon_meta'
[0.380s] Level 1:colcon.colcon_core.package_identification:_identify(src/nav2_dwb_controller/nav_2d_utils) by extensions ['ros']
[0.380s] Level 1:colcon.colcon_core.package_identification:_identify(src/nav2_dwb_controller/nav_2d_utils) by extension 'ros'
[0.381s] DEBUG:colcon.colcon_core.package_identification:Package 'src/nav2_dwb_controller/nav_2d_utils' with type 'ros.ament_cmake' and name 'nav_2d_utils'
[0.381s] Level 1:colcon.colcon_core.package_identification:_identify(src/nav2_lifecycle_manager) by extensions ['ignore', 'ignore_ament_install']
[0.382s] Level 1:colcon.colcon_core.package_identification:_identify(src/nav2_lifecycle_manager) by extension 'ignore'
[0.382s] Level 1:colcon.colcon_core.package_identification:_identify(src/nav2_lifecycle_manager) by extension 'ignore_ament_install'
[0.382s] Level 1:colcon.colcon_core.package_identification:_identify(src/nav2_lifecycle_manager) by extensions ['colcon_pkg']
[0.382s] Level 1:colcon.colcon_core.package_identification:_identify(src/nav2_lifecycle_manager) by extension 'colcon_pkg'
[0.382s] Level 1:colcon.colcon_core.package_identification:_identify(src/nav2_lifecycle_manager) by extensions ['colcon_meta']
[0.382s] Level 1:colcon.colcon_core.package_identification:_identify(src/nav2_lifecycle_manager) by extension 'colcon_meta'
[0.382s] Level 1:colcon.colcon_core.package_identification:_identify(src/nav2_lifecycle_manager) by extensions ['ros']
[0.382s] Level 1:colcon.colcon_core.package_identification:_identify(src/nav2_lifecycle_manager) by extension 'ros'
[0.384s] DEBUG:colcon.colcon_core.package_identification:Package 'src/nav2_lifecycle_manager' with type 'ros.ament_cmake' and name 'nav2_lifecycle_manager'
[0.384s] Level 1:colcon.colcon_core.package_identification:_identify(src/nav2_map_server) by extensions ['ignore', 'ignore_ament_install']
[0.384s] Level 1:colcon.colcon_core.package_identification:_identify(src/nav2_map_server) by extension 'ignore'
[0.384s] Level 1:colcon.colcon_core.package_identification:_identify(src/nav2_map_server) by extension 'ignore_ament_install'
[0.385s] Level 1:colcon.colcon_core.package_identification:_identify(src/nav2_map_server) by extensions ['colcon_pkg']
[0.385s] Level 1:colcon.colcon_core.package_identification:_identify(src/nav2_map_server) by extension 'colcon_pkg'
[0.385s] Level 1:colcon.colcon_core.package_identification:_identify(src/nav2_map_server) by extensions ['colcon_meta']
[0.385s] Level 1:colcon.colcon_core.package_identification:_identify(src/nav2_map_server) by extension 'colcon_meta'
[0.385s] Level 1:colcon.colcon_core.package_identification:_identify(src/nav2_map_server) by extensions ['ros']
[0.385s] Level 1:colcon.colcon_core.package_identification:_identify(src/nav2_map_server) by extension 'ros'
[0.387s] DEBUG:colcon.colcon_core.package_identification:Package 'src/nav2_map_server' with type 'ros.ament_cmake' and name 'nav2_map_server'
[0.388s] Level 1:colcon.colcon_core.package_identification:_identify(src/nav2_msgs) by extensions ['ignore', 'ignore_ament_install']
[0.388s] Level 1:colcon.colcon_core.package_identification:_identify(src/nav2_msgs) by extension 'ignore'
[0.388s] Level 1:colcon.colcon_core.package_identification:_identify(src/nav2_msgs) by extension 'ignore_ament_install'
[0.388s] Level 1:colcon.colcon_core.package_identification:_identify(src/nav2_msgs) by extensions ['colcon_pkg']
[0.388s] Level 1:colcon.colcon_core.package_identification:_identify(src/nav2_msgs) by extension 'colcon_pkg'
[0.388s] Level 1:colcon.colcon_core.package_identification:_identify(src/nav2_msgs) by extensions ['colcon_meta']
[0.388s] Level 1:colcon.colcon_core.package_identification:_identify(src/nav2_msgs) by extension 'colcon_meta'
[0.388s] Level 1:colcon.colcon_core.package_identification:_identify(src/nav2_msgs) by extensions ['ros']
[0.388s] Level 1:colcon.colcon_core.package_identification:_identify(src/nav2_msgs) by extension 'ros'
[0.391s] DEBUG:colcon.colcon_core.package_identification:Package 'src/nav2_msgs' with type 'ros.ament_cmake' and name 'nav2_msgs'
[0.391s] Level 1:colcon.colcon_core.package_identification:_identify(src/nav2_navfn_planner) by extensions ['ignore', 'ignore_ament_install']
[0.391s] Level 1:colcon.colcon_core.package_identification:_identify(src/nav2_navfn_planner) by extension 'ignore'
[0.391s] Level 1:colcon.colcon_core.package_identification:_identify(src/nav2_navfn_planner) by extension 'ignore_ament_install'
[0.391s] Level 1:colcon.colcon_core.package_identification:_identify(src/nav2_navfn_planner) by extensions ['colcon_pkg']
[0.391s] Level 1:colcon.colcon_core.package_identification:_identify(src/nav2_navfn_planner) by extension 'colcon_pkg'
[0.391s] Level 1:colcon.colcon_core.package_identification:_identify(src/nav2_navfn_planner) by extensions ['colcon_meta']
[0.391s] Level 1:colcon.colcon_core.package_identification:_identify(src/nav2_navfn_planner) by extension 'colcon_meta'
[0.392s] Level 1:colcon.colcon_core.package_identification:_identify(src/nav2_navfn_planner) by extensions ['ros']
[0.392s] Level 1:colcon.colcon_core.package_identification:_identify(src/nav2_navfn_planner) by extension 'ros'
[0.394s] DEBUG:colcon.colcon_core.package_identification:Package 'src/nav2_navfn_planner' with type 'ros.ament_cmake' and name 'nav2_navfn_planner'
[0.394s] Level 1:colcon.colcon_core.package_identification:_identify(src/nav2_planner) by extensions ['ignore', 'ignore_ament_install']
[0.395s] Level 1:colcon.colcon_core.package_identification:_identify(src/nav2_planner) by extension 'ignore'
[0.395s] Level 1:colcon.colcon_core.package_identification:_identify(src/nav2_planner) by extension 'ignore_ament_install'
[0.395s] Level 1:colcon.colcon_core.package_identification:_identify(src/nav2_planner) by extensions ['colcon_pkg']
[0.395s] Level 1:colcon.colcon_core.package_identification:_identify(src/nav2_planner) by extension 'colcon_pkg'
[0.395s] Level 1:colcon.colcon_core.package_identification:_identify(src/nav2_planner) by extensions ['colcon_meta']
[0.395s] Level 1:colcon.colcon_core.package_identification:_identify(src/nav2_planner) by extension 'colcon_meta'
[0.395s] Level 1:colcon.colcon_core.package_identification:_identify(src/nav2_planner) by extensions ['ros']
[0.395s] Level 1:colcon.colcon_core.package_identification:_identify(src/nav2_planner) by extension 'ros'
[0.398s] DEBUG:colcon.colcon_core.package_identification:Package 'src/nav2_planner' with type 'ros.ament_cmake' and name 'nav2_planner'
[0.398s] Level 1:colcon.colcon_core.package_identification:_identify(src/nav2_recoveries) by extensions ['ignore', 'ignore_ament_install']
[0.399s] Level 1:colcon.colcon_core.package_identification:_identify(src/nav2_recoveries) by extension 'ignore'
[0.399s] Level 1:colcon.colcon_core.package_identification:_identify(src/nav2_recoveries) by extension 'ignore_ament_install'
[0.399s] Level 1:colcon.colcon_core.package_identification:_identify(src/nav2_recoveries) by extensions ['colcon_pkg']
[0.399s] Level 1:colcon.colcon_core.package_identification:_identify(src/nav2_recoveries) by extension 'colcon_pkg'
[0.399s] Level 1:colcon.colcon_core.package_identification:_identify(src/nav2_recoveries) by extensions ['colcon_meta']
[0.399s] Level 1:colcon.colcon_core.package_identification:_identify(src/nav2_recoveries) by extension 'colcon_meta'
[0.399s] Level 1:colcon.colcon_core.package_identification:_identify(src/nav2_recoveries) by extensions ['ros']
[0.399s] Level 1:colcon.colcon_core.package_identification:_identify(src/nav2_recoveries) by extension 'ros'
[0.402s] DEBUG:colcon.colcon_core.package_identification:Package 'src/nav2_recoveries' with type 'ros.ament_cmake' and name 'nav2_recoveries'
[0.402s] Level 1:colcon.colcon_core.package_identification:_identify(src/nav2_regulated_pure_pursuit_controller) by extensions ['ignore', 'ignore_ament_install']
[0.402s] Level 1:colcon.colcon_core.package_identification:_identify(src/nav2_regulated_pure_pursuit_controller) by extension 'ignore'
[0.402s] Level 1:colcon.colcon_core.package_identification:_identify(src/nav2_regulated_pure_pursuit_controller) by extension 'ignore_ament_install'
[0.402s] Level 1:colcon.colcon_core.package_identification:_identify(src/nav2_regulated_pure_pursuit_controller) by extensions ['colcon_pkg']
[0.402s] Level 1:colcon.colcon_core.package_identification:_identify(src/nav2_regulated_pure_pursuit_controller) by extension 'colcon_pkg'
[0.402s] Level 1:colcon.colcon_core.package_identification:_identify(src/nav2_regulated_pure_pursuit_controller) by extensions ['colcon_meta']
[0.402s] Level 1:colcon.colcon_core.package_identification:_identify(src/nav2_regulated_pure_pursuit_controller) by extension 'colcon_meta'
[0.402s] Level 1:colcon.colcon_core.package_identification:_identify(src/nav2_regulated_pure_pursuit_controller) by extensions ['ros']
[0.402s] Level 1:colcon.colcon_core.package_identification:_identify(src/nav2_regulated_pure_pursuit_controller) by extension 'ros'
[0.405s] DEBUG:colcon.colcon_core.package_identification:Package 'src/nav2_regulated_pure_pursuit_controller' with type 'ros.ament_cmake' and name 'nav2_regulated_pure_pursuit_controller'
[0.405s] Level 1:colcon.colcon_core.package_identification:_identify(src/nav2_rviz_plugins) by extensions ['ignore', 'ignore_ament_install']
[0.405s] Level 1:colcon.colcon_core.package_identification:_identify(src/nav2_rviz_plugins) by extension 'ignore'
[0.405s] Level 1:colcon.colcon_core.package_identification:_identify(src/nav2_rviz_plugins) by extension 'ignore_ament_install'
[0.405s] Level 1:colcon.colcon_core.package_identification:_identify(src/nav2_rviz_plugins) by extensions ['colcon_pkg']
[0.405s] Level 1:colcon.colcon_core.package_identification:_identify(src/nav2_rviz_plugins) by extension 'colcon_pkg'
[0.405s] Level 1:colcon.colcon_core.package_identification:_identify(src/nav2_rviz_plugins) by extensions ['colcon_meta']
[0.406s] Level 1:colcon.colcon_core.package_identification:_identify(src/nav2_rviz_plugins) by extension 'colcon_meta'
[0.406s] Level 1:colcon.colcon_core.package_identification:_identify(src/nav2_rviz_plugins) by extensions ['ros']
[0.406s] Level 1:colcon.colcon_core.package_identification:_identify(src/nav2_rviz_plugins) by extension 'ros'
[0.409s] DEBUG:colcon.colcon_core.package_identification:Package 'src/nav2_rviz_plugins' with type 'ros.ament_cmake' and name 'nav2_rviz_plugins'
[0.409s] Level 1:colcon.colcon_core.package_identification:_identify(src/nav2_straightline_demo) by extensions ['ignore', 'ignore_ament_install']
[0.409s] Level 1:colcon.colcon_core.package_identification:_identify(src/nav2_straightline_demo) by extension 'ignore'
[0.409s] Level 1:colcon.colcon_core.package_identification:_identify(src/nav2_straightline_demo) by extension 'ignore_ament_install'
[0.410s] Level 1:colcon.colcon_core.package_identification:_identify(src/nav2_straightline_demo) by extensions ['colcon_pkg']
[0.410s] Level 1:colcon.colcon_core.package_identification:_identify(src/nav2_straightline_demo) by extension 'colcon_pkg'
[0.410s] Level 1:colcon.colcon_core.package_identification:_identify(src/nav2_straightline_demo) by extensions ['colcon_meta']
[0.410s] Level 1:colcon.colcon_core.package_identification:_identify(src/nav2_straightline_demo) by extension 'colcon_meta'
[0.410s] Level 1:colcon.colcon_core.package_identification:_identify(src/nav2_straightline_demo) by extensions ['ros']
[0.410s] Level 1:colcon.colcon_core.package_identification:_identify(src/nav2_straightline_demo) by extension 'ros'
[0.411s] DEBUG:colcon.colcon_core.package_identification:Package 'src/nav2_straightline_demo' with type 'ros.ament_cmake' and name 'nav2_straightline_demo'
[0.411s] Level 1:colcon.colcon_core.package_identification:_identify(src/nav2_system_tests) by extensions ['ignore', 'ignore_ament_install']
[0.411s] Level 1:colcon.colcon_core.package_identification:_identify(src/nav2_system_tests) by extension 'ignore'
[0.411s] Level 1:colcon.colcon_core.package_identification:_identify(src/nav2_system_tests) by extension 'ignore_ament_install'
[0.411s] Level 1:colcon.colcon_core.package_identification:_identify(src/nav2_system_tests) by extensions ['colcon_pkg']
[0.411s] Level 1:colcon.colcon_core.package_identification:_identify(src/nav2_system_tests) by extension 'colcon_pkg'
[0.411s] Level 1:colcon.colcon_core.package_identification:_identify(src/nav2_system_tests) by extensions ['colcon_meta']
[0.411s] Level 1:colcon.colcon_core.package_identification:_identify(src/nav2_system_tests) by extension 'colcon_meta'
[0.411s] Level 1:colcon.colcon_core.package_identification:_identify(src/nav2_system_tests) by extensions ['ros']
[0.412s] Level 1:colcon.colcon_core.package_identification:_identify(src/nav2_system_tests) by extension 'ros'
[0.413s] DEBUG:colcon.colcon_core.package_identification:Package 'src/nav2_system_tests' with type 'ros.ament_cmake' and name 'nav2_system_tests'
[0.413s] Level 1:colcon.colcon_core.package_identification:_identify(src/nav2_util) by extensions ['ignore', 'ignore_ament_install']
[0.413s] Level 1:colcon.colcon_core.package_identification:_identify(src/nav2_util) by extension 'ignore'
[0.413s] Level 1:colcon.colcon_core.package_identification:_identify(src/nav2_util) by extension 'ignore_ament_install'
[0.413s] Level 1:colcon.colcon_core.package_identification:_identify(src/nav2_util) by extensions ['colcon_pkg']
[0.413s] Level 1:colcon.colcon_core.package_identification:_identify(src/nav2_util) by extension 'colcon_pkg'
[0.414s] Level 1:colcon.colcon_core.package_identification:_identify(src/nav2_util) by extensions ['colcon_meta']
[0.414s] Level 1:colcon.colcon_core.package_identification:_identify(src/nav2_util) by extension 'colcon_meta'
[0.414s] Level 1:colcon.colcon_core.package_identification:_identify(src/nav2_util) by extensions ['ros']
[0.414s] Level 1:colcon.colcon_core.package_identification:_identify(src/nav2_util) by extension 'ros'
[0.417s] DEBUG:colcon.colcon_core.package_identification:Package 'src/nav2_util' with type 'ros.ament_cmake' and name 'nav2_util'
[0.417s] Level 1:colcon.colcon_core.package_identification:_identify(src/nav2_voxel_grid) by extensions ['ignore', 'ignore_ament_install']
[0.417s] Level 1:colcon.colcon_core.package_identification:_identify(src/nav2_voxel_grid) by extension 'ignore'
[0.418s] Level 1:colcon.colcon_core.package_identification:_identify(src/nav2_voxel_grid) by extension 'ignore_ament_install'
[0.418s] Level 1:colcon.colcon_core.package_identification:_identify(src/nav2_voxel_grid) by extensions ['colcon_pkg']
[0.418s] Level 1:colcon.colcon_core.package_identification:_identify(src/nav2_voxel_grid) by extension 'colcon_pkg'
[0.418s] Level 1:colcon.colcon_core.package_identification:_identify(src/nav2_voxel_grid) by extensions ['colcon_meta']
[0.418s] Level 1:colcon.colcon_core.package_identification:_identify(src/nav2_voxel_grid) by extension 'colcon_meta'
[0.418s] Level 1:colcon.colcon_core.package_identification:_identify(src/nav2_voxel_grid) by extensions ['ros']
[0.418s] Level 1:colcon.colcon_core.package_identification:_identify(src/nav2_voxel_grid) by extension 'ros'
[0.419s] DEBUG:colcon.colcon_core.package_identification:Package 'src/nav2_voxel_grid' with type 'ros.ament_cmake' and name 'nav2_voxel_grid'
[0.419s] Level 1:colcon.colcon_core.package_identification:_identify(src/nav2_waypoint_follower) by extensions ['ignore', 'ignore_ament_install']
[0.419s] Level 1:colcon.colcon_core.package_identification:_identify(src/nav2_waypoint_follower) by extension 'ignore'
[0.420s] Level 1:colcon.colcon_core.package_identification:_identify(src/nav2_waypoint_follower) by extension 'ignore_ament_install'
[0.420s] Level 1:colcon.colcon_core.package_identification:_identify(src/nav2_waypoint_follower) by extensions ['colcon_pkg']
[0.420s] Level 1:colcon.colcon_core.package_identification:_identify(src/nav2_waypoint_follower) by extension 'colcon_pkg'
[0.420s] Level 1:colcon.colcon_core.package_identification:_identify(src/nav2_waypoint_follower) by extensions ['colcon_meta']
[0.420s] Level 1:colcon.colcon_core.package_identification:_identify(src/nav2_waypoint_follower) by extension 'colcon_meta'
[0.420s] Level 1:colcon.colcon_core.package_identification:_identify(src/nav2_waypoint_follower) by extensions ['ros']
[0.420s] Level 1:colcon.colcon_core.package_identification:_identify(src/nav2_waypoint_follower) by extension 'ros'
[0.423s] DEBUG:colcon.colcon_core.package_identification:Package 'src/nav2_waypoint_follower' with type 'ros.ament_cmake' and name 'nav2_waypoint_follower'
[0.423s] Level 1:colcon.colcon_core.package_identification:_identify(src/navigation2) by extensions ['ignore', 'ignore_ament_install']
[0.424s] Level 1:colcon.colcon_core.package_identification:_identify(src/navigation2) by extension 'ignore'
[0.424s] Level 1:colcon.colcon_core.package_identification:_identify(src/navigation2) by extension 'ignore_ament_install'
[0.424s] Level 1:colcon.colcon_core.package_identification:_identify(src/navigation2) by extensions ['colcon_pkg']
[0.424s] Level 1:colcon.colcon_core.package_identification:_identify(src/navigation2) by extension 'colcon_pkg'
[0.424s] Level 1:colcon.colcon_core.package_identification:_identify(src/navigation2) by extensions ['colcon_meta']
[0.424s] Level 1:colcon.colcon_core.package_identification:_identify(src/navigation2) by extension 'colcon_meta'
[0.424s] Level 1:colcon.colcon_core.package_identification:_identify(src/navigation2) by extensions ['ros']
[0.424s] Level 1:colcon.colcon_core.package_identification:_identify(src/navigation2) by extension 'ros'
[0.426s] DEBUG:colcon.colcon_core.package_identification:Package 'src/navigation2' with type 'ros.ament_cmake' and name 'navigation2'
[0.426s] Level 1:colcon.colcon_core.package_identification:_identify(src/navigation2_tutorials) by extensions ['ignore', 'ignore_ament_install']
[0.426s] Level 1:colcon.colcon_core.package_identification:_identify(src/navigation2_tutorials) by extension 'ignore'
[0.426s] Level 1:colcon.colcon_core.package_identification:_identify(src/navigation2_tutorials) by extension 'ignore_ament_install'
[0.426s] Level 1:colcon.colcon_core.package_identification:_identify(src/navigation2_tutorials) by extensions ['colcon_pkg']
[0.426s] Level 1:colcon.colcon_core.package_identification:_identify(src/navigation2_tutorials) by extension 'colcon_pkg'
[0.427s] Level 1:colcon.colcon_core.package_identification:_identify(src/navigation2_tutorials) by extensions ['colcon_meta']
[0.427s] Level 1:colcon.colcon_core.package_identification:_identify(src/navigation2_tutorials) by extension 'colcon_meta'
[0.427s] Level 1:colcon.colcon_core.package_identification:_identify(src/navigation2_tutorials) by extensions ['ros']
[0.427s] Level 1:colcon.colcon_core.package_identification:_identify(src/navigation2_tutorials) by extension 'ros'
[0.427s] Level 1:colcon.colcon_core.package_identification:_identify(src/navigation2_tutorials) by extensions ['cmake', 'python']
[0.427s] Level 1:colcon.colcon_core.package_identification:_identify(src/navigation2_tutorials) by extension 'cmake'
[0.427s] Level 1:colcon.colcon_core.package_identification:_identify(src/navigation2_tutorials) by extension 'python'
[0.427s] Level 1:colcon.colcon_core.package_identification:_identify(src/navigation2_tutorials) by extensions ['python_setup_py']
[0.427s] Level 1:colcon.colcon_core.package_identification:_identify(src/navigation2_tutorials) by extension 'python_setup_py'
[0.428s] Level 1:colcon.colcon_core.package_identification:_identify(src/navigation2_tutorials/nav2_costmap_filters_demo) by extensions ['ignore', 'ignore_ament_install']
[0.428s] Level 1:colcon.colcon_core.package_identification:_identify(src/navigation2_tutorials/nav2_costmap_filters_demo) by extension 'ignore'
[0.428s] Level 1:colcon.colcon_core.package_identification:_identify(src/navigation2_tutorials/nav2_costmap_filters_demo) by extension 'ignore_ament_install'
[0.428s] Level 1:colcon.colcon_core.package_identification:_identify(src/navigation2_tutorials/nav2_costmap_filters_demo) by extensions ['colcon_pkg']
[0.428s] Level 1:colcon.colcon_core.package_identification:_identify(src/navigation2_tutorials/nav2_costmap_filters_demo) by extension 'colcon_pkg'
[0.428s] Level 1:colcon.colcon_core.package_identification:_identify(src/navigation2_tutorials/nav2_costmap_filters_demo) by extensions ['colcon_meta']
[0.428s] Level 1:colcon.colcon_core.package_identification:_identify(src/navigation2_tutorials/nav2_costmap_filters_demo) by extension 'colcon_meta'
[0.428s] Level 1:colcon.colcon_core.package_identification:_identify(src/navigation2_tutorials/nav2_costmap_filters_demo) by extensions ['ros']
[0.428s] Level 1:colcon.colcon_core.package_identification:_identify(src/navigation2_tutorials/nav2_costmap_filters_demo) by extension 'ros'
[0.429s] DEBUG:colcon.colcon_core.package_identification:Package 'src/navigation2_tutorials/nav2_costmap_filters_demo' with type 'ros.ament_cmake' and name 'nav2_costmap_filters_demo'
[0.429s] Level 1:colcon.colcon_core.package_identification:_identify(src/navigation2_tutorials/nav2_gradient_costmap_plugin) by extensions ['ignore', 'ignore_ament_install']
[0.430s] Level 1:colcon.colcon_core.package_identification:_identify(src/navigation2_tutorials/nav2_gradient_costmap_plugin) by extension 'ignore'
[0.430s] Level 1:colcon.colcon_core.package_identification:_identify(src/navigation2_tutorials/nav2_gradient_costmap_plugin) by extension 'ignore_ament_install'
[0.430s] Level 1:colcon.colcon_core.package_identification:_identify(src/navigation2_tutorials/nav2_gradient_costmap_plugin) by extensions ['colcon_pkg']
[0.430s] Level 1:colcon.colcon_core.package_identification:_identify(src/navigation2_tutorials/nav2_gradient_costmap_plugin) by extension 'colcon_pkg'
[0.430s] Level 1:colcon.colcon_core.package_identification:_identify(src/navigation2_tutorials/nav2_gradient_costmap_plugin) by extensions ['colcon_meta']
[0.430s] Level 1:colcon.colcon_core.package_identification:_identify(src/navigation2_tutorials/nav2_gradient_costmap_plugin) by extension 'colcon_meta'
[0.430s] Level 1:colcon.colcon_core.package_identification:_identify(src/navigation2_tutorials/nav2_gradient_costmap_plugin) by extensions ['ros']
[0.430s] Level 1:colcon.colcon_core.package_identification:_identify(src/navigation2_tutorials/nav2_gradient_costmap_plugin) by extension 'ros'
[0.431s] DEBUG:colcon.colcon_core.package_identification:Package 'src/navigation2_tutorials/nav2_gradient_costmap_plugin' with type 'ros.ament_cmake' and name 'nav2_gradient_costmap_plugin'
[0.431s] Level 1:colcon.colcon_core.package_identification:_identify(src/navigation2_tutorials/nav2_sms_behavior) by extensions ['ignore', 'ignore_ament_install']
[0.431s] Level 1:colcon.colcon_core.package_identification:_identify(src/navigation2_tutorials/nav2_sms_behavior) by extension 'ignore'
[0.432s] Level 1:colcon.colcon_core.package_identification:_identify(src/navigation2_tutorials/nav2_sms_behavior) by extension 'ignore_ament_install'
[0.432s] Level 1:colcon.colcon_core.package_identification:_identify(src/navigation2_tutorials/nav2_sms_behavior) by extensions ['colcon_pkg']
[0.432s] Level 1:colcon.colcon_core.package_identification:_identify(src/navigation2_tutorials/nav2_sms_behavior) by extension 'colcon_pkg'
[0.432s] Level 1:colcon.colcon_core.package_identification:_identify(src/navigation2_tutorials/nav2_sms_behavior) by extensions ['colcon_meta']
[0.432s] Level 1:colcon.colcon_core.package_identification:_identify(src/navigation2_tutorials/nav2_sms_behavior) by extension 'colcon_meta'
[0.432s] Level 1:colcon.colcon_core.package_identification:_identify(src/navigation2_tutorials/nav2_sms_behavior) by extensions ['ros']
[0.432s] Level 1:colcon.colcon_core.package_identification:_identify(src/navigation2_tutorials/nav2_sms_behavior) by extension 'ros'
[0.435s] DEBUG:colcon.colcon_core.package_identification:Package 'src/navigation2_tutorials/nav2_sms_behavior' with type 'ros.ament_cmake' and name 'nav2_sms_behavior'
[0.435s] Level 1:colcon.colcon_core.package_identification:_identify(src/navigation2_tutorials/nav2_straightline_planner) by extensions ['ignore', 'ignore_ament_install']
[0.435s] Level 1:colcon.colcon_core.package_identification:_identify(src/navigation2_tutorials/nav2_straightline_planner) by extension 'ignore'
[0.435s] Level 1:colcon.colcon_core.package_identification:_identify(src/navigation2_tutorials/nav2_straightline_planner) by extension 'ignore_ament_install'
[0.435s] Level 1:colcon.colcon_core.package_identification:_identify(src/navigation2_tutorials/nav2_straightline_planner) by extensions ['colcon_pkg']
[0.435s] Level 1:colcon.colcon_core.package_identification:_identify(src/navigation2_tutorials/nav2_straightline_planner) by extension 'colcon_pkg'
[0.435s] Level 1:colcon.colcon_core.package_identification:_identify(src/navigation2_tutorials/nav2_straightline_planner) by extensions ['colcon_meta']
[0.436s] Level 1:colcon.colcon_core.package_identification:_identify(src/navigation2_tutorials/nav2_straightline_planner) by extension 'colcon_meta'
[0.436s] Level 1:colcon.colcon_core.package_identification:_identify(src/navigation2_tutorials/nav2_straightline_planner) by extensions ['ros']
[0.436s] Level 1:colcon.colcon_core.package_identification:_identify(src/navigation2_tutorials/nav2_straightline_planner) by extension 'ros'
[0.438s] DEBUG:colcon.colcon_core.package_identification:Package 'src/navigation2_tutorials/nav2_straightline_planner' with type 'ros.ament_cmake' and name 'nav2_straightline_planner'
[0.438s] Level 1:colcon.colcon_core.package_identification:_identify(src/navigation2_tutorials/sam_bot_description) by extensions ['ignore', 'ignore_ament_install']
[0.438s] Level 1:colcon.colcon_core.package_identification:_identify(src/navigation2_tutorials/sam_bot_description) by extension 'ignore'
[0.438s] Level 1:colcon.colcon_core.package_identification:_identify(src/navigation2_tutorials/sam_bot_description) by extension 'ignore_ament_install'
[0.438s] Level 1:colcon.colcon_core.package_identification:_identify(src/navigation2_tutorials/sam_bot_description) by extensions ['colcon_pkg']
[0.439s] Level 1:colcon.colcon_core.package_identification:_identify(src/navigation2_tutorials/sam_bot_description) by extension 'colcon_pkg'
[0.439s] Level 1:colcon.colcon_core.package_identification:_identify(src/navigation2_tutorials/sam_bot_description) by extensions ['colcon_meta']
[0.439s] Level 1:colcon.colcon_core.package_identification:_identify(src/navigation2_tutorials/sam_bot_description) by extension 'colcon_meta'
[0.439s] Level 1:colcon.colcon_core.package_identification:_identify(src/navigation2_tutorials/sam_bot_description) by extensions ['ros']
[0.439s] Level 1:colcon.colcon_core.package_identification:_identify(src/navigation2_tutorials/sam_bot_description) by extension 'ros'
[0.439s] DEBUG:colcon.colcon_core.package_identification:Package 'src/navigation2_tutorials/sam_bot_description' with type 'ros.ament_cmake' and name 'sam_bot_description'
[0.440s] Level 1:colcon.colcon_core.package_identification:_identify(src/smac_planner) by extensions ['ignore', 'ignore_ament_install']
[0.440s] Level 1:colcon.colcon_core.package_identification:_identify(src/smac_planner) by extension 'ignore'
[0.440s] Level 1:colcon.colcon_core.package_identification:_identify(src/smac_planner) by extension 'ignore_ament_install'
[0.440s] Level 1:colcon.colcon_core.package_identification:_identify(src/smac_planner) by extensions ['colcon_pkg']
[0.440s] Level 1:colcon.colcon_core.package_identification:_identify(src/smac_planner) by extension 'colcon_pkg'
[0.440s] Level 1:colcon.colcon_core.package_identification:_identify(src/smac_planner) by extensions ['colcon_meta']
[0.440s] Level 1:colcon.colcon_core.package_identification:_identify(src/smac_planner) by extension 'colcon_meta'
[0.440s] Level 1:colcon.colcon_core.package_identification:_identify(src/smac_planner) by extensions ['ros']
[0.440s] Level 1:colcon.colcon_core.package_identification:_identify(src/smac_planner) by extension 'ros'
[0.445s] DEBUG:colcon.colcon_core.package_identification:Package 'src/smac_planner' with type 'ros.ament_cmake' and name 'smac_planner'
[0.445s] Level 1:colcon.colcon_core.package_identification:_identify(src/tools) by extensions ['ignore', 'ignore_ament_install']
[0.445s] Level 1:colcon.colcon_core.package_identification:_identify(src/tools) by extension 'ignore'
[0.446s] Level 1:colcon.colcon_core.package_identification:_identify(src/tools) by extension 'ignore_ament_install'
[0.446s] Level 1:colcon.colcon_core.package_identification:_identify(src/tools) by extensions ['colcon_pkg']
[0.446s] Level 1:colcon.colcon_core.package_identification:_identify(src/tools) by extension 'colcon_pkg'
[0.446s] Level 1:colcon.colcon_core.package_identification:_identify(src/tools) by extensions ['colcon_meta']
[0.446s] Level 1:colcon.colcon_core.package_identification:_identify(src/tools) by extension 'colcon_meta'
[0.446s] Level 1:colcon.colcon_core.package_identification:_identify(src/tools) by extensions ['ros']
[0.446s] Level 1:colcon.colcon_core.package_identification:_identify(src/tools) by extension 'ros'
[0.446s] Level 1:colcon.colcon_core.package_identification:_identify(src/tools) by extensions ['cmake', 'python']
[0.446s] Level 1:colcon.colcon_core.package_identification:_identify(src/tools) by extension 'cmake'
[0.446s] Level 1:colcon.colcon_core.package_identification:_identify(src/tools) by extension 'python'
[0.447s] Level 1:colcon.colcon_core.package_identification:_identify(src/tools) by extensions ['python_setup_py']
[0.447s] Level 1:colcon.colcon_core.package_identification:_identify(src/tools) by extension 'python_setup_py'
[0.447s] Level 1:colcon.colcon_core.package_discovery:discover_packages(recursive) using defaults
[0.447s] Level 1:colcon.colcon_core.package_discovery:discover_packages(ignore) discover
[0.447s] Level 1:colcon.colcon_core.package_discovery:discover_packages(ignore) using defaults
[0.447s] Level 1:colcon.colcon_core.package_discovery:discover_packages(path) discover
[0.447s] Level 1:colcon.colcon_core.package_discovery:discover_packages(path) using defaults
[0.451s] WARNING:colcon.colcon_core.package_selection:ignoring unknown package 'nav_sms_begavior' in --packages-select
[0.493s] INFO:colcon.colcon_core.package_selection:Skipping not selected package 'nav2_common' in 'src/nav2_common'
[0.493s] INFO:colcon.colcon_core.package_selection:Skipping not selected package 'nav2_costmap_filters_demo' in 'src/navigation2_tutorials/nav2_costmap_filters_demo'
[0.493s] INFO:colcon.colcon_core.package_selection:Skipping not selected package 'nav2_gazebo_spawner' in 'src/nav2_bringup/nav2_gazebo_spawner'
[0.493s] INFO:colcon.colcon_core.package_selection:Skipping not selected package 'nav2_straightline_demo' in 'src/nav2_straightline_demo'
[0.493s] INFO:colcon.colcon_core.package_selection:Skipping not selected package 'nav_2d_msgs' in 'src/nav2_dwb_controller/nav_2d_msgs'
[0.494s] INFO:colcon.colcon_core.package_selection:Skipping not selected package 'sam_bot_description' in 'src/navigation2_tutorials/sam_bot_description'
[0.494s] INFO:colcon.colcon_core.package_selection:Skipping not selected package 'dwb_msgs' in 'src/nav2_dwb_controller/dwb_msgs'
[0.494s] INFO:colcon.colcon_core.package_selection:Skipping not selected package 'nav2_msgs' in 'src/nav2_msgs'
[0.494s] INFO:colcon.colcon_core.package_selection:Skipping not selected package 'nav2_voxel_grid' in 'src/nav2_voxel_grid'
[0.494s] INFO:colcon.colcon_core.package_selection:Skipping not selected package 'nav2_util' in 'src/nav2_util'
[0.494s] INFO:colcon.colcon_core.package_selection:Skipping not selected package 'nav2_amcl' in 'src/nav2_amcl'
[0.494s] INFO:colcon.colcon_core.package_selection:Skipping not selected package 'nav2_behavior_tree' in 'src/nav2_behavior_tree'
[0.494s] INFO:colcon.colcon_core.package_selection:Skipping not selected package 'nav2_lifecycle_manager' in 'src/nav2_lifecycle_manager'
[0.494s] INFO:colcon.colcon_core.package_selection:Skipping not selected package 'nav2_map_server' in 'src/nav2_map_server'
[0.494s] INFO:colcon.colcon_core.package_selection:Skipping not selected package 'nav2_waypoint_follower' in 'src/nav2_waypoint_follower'
[0.494s] INFO:colcon.colcon_core.package_selection:Skipping not selected package 'nav_2d_utils' in 'src/nav2_dwb_controller/nav_2d_utils'
[0.494s] INFO:colcon.colcon_core.package_selection:Skipping not selected package 'nav2_bt_navigator' in 'src/nav2_bt_navigator'
[0.494s] INFO:colcon.colcon_core.package_selection:Skipping not selected package 'nav2_costmap_2d' in 'src/nav2_costmap_2d'
[0.494s] INFO:colcon.colcon_core.package_selection:Skipping not selected package 'nav2_rviz_plugins' in 'src/nav2_rviz_plugins'
[0.494s] INFO:colcon.colcon_core.package_selection:Skipping not selected package 'costmap_queue' in 'src/nav2_dwb_controller/costmap_queue'
[0.494s] INFO:colcon.colcon_core.package_selection:Skipping not selected package 'nav2_core' in 'src/nav2_core'
[0.494s] INFO:colcon.colcon_core.package_selection:Skipping not selected package 'nav2_gradient_costmap_plugin' in 'src/navigation2_tutorials/nav2_gradient_costmap_plugin'
[0.495s] INFO:colcon.colcon_core.package_selection:Skipping not selected package 'dwb_core' in 'src/nav2_dwb_controller/dwb_core'
[0.495s] INFO:colcon.colcon_core.package_selection:Skipping not selected package 'nav2_controller' in 'src/nav2_controller'
[0.495s] INFO:colcon.colcon_core.package_selection:Skipping not selected package 'nav2_navfn_planner' in 'src/nav2_navfn_planner'
[0.495s] INFO:colcon.colcon_core.package_selection:Skipping not selected package 'nav2_planner' in 'src/nav2_planner'
[0.495s] INFO:colcon.colcon_core.package_selection:Skipping not selected package 'nav2_recoveries' in 'src/nav2_recoveries'
[0.495s] INFO:colcon.colcon_core.package_selection:Skipping not selected package 'nav2_regulated_pure_pursuit_controller' in 'src/nav2_regulated_pure_pursuit_controller'
[0.495s] INFO:colcon.colcon_core.package_selection:Skipping not selected package 'nav2_sms_behavior' in 'src/navigation2_tutorials/nav2_sms_behavior'
[0.495s] INFO:colcon.colcon_core.package_selection:Skipping not selected package 'nav2_straightline_planner' in 'src/navigation2_tutorials/nav2_straightline_planner'
[0.495s] INFO:colcon.colcon_core.package_selection:Skipping not selected package 'smac_planner' in 'src/smac_planner'
[0.495s] INFO:colcon.colcon_core.package_selection:Skipping not selected package 'dwb_critics' in 'src/nav2_dwb_controller/dwb_critics'
[0.495s] INFO:colcon.colcon_core.package_selection:Skipping not selected package 'dwb_plugins' in 'src/nav2_dwb_controller/dwb_plugins'
[0.495s] INFO:colcon.colcon_core.package_selection:Skipping not selected package 'nav2_dwb_controller' in 'src/nav2_dwb_controller/nav2_dwb_controller'
[0.495s] INFO:colcon.colcon_core.package_selection:Skipping not selected package 'navigation2' in 'src/navigation2'
[0.495s] INFO:colcon.colcon_core.package_selection:Skipping not selected package 'nav2_bringup' in 'src/nav2_bringup/bringup'
[0.496s] INFO:colcon.colcon_core.package_selection:Skipping not selected package 'nav2_system_tests' in 'src/nav2_system_tests'
[0.498s] Level 1:colcon.colcon_core.package_discovery:discover_packages(prefix_path) check parameters
[0.498s] Level 1:colcon.colcon_core.package_discovery:discover_packages(prefix_path) discover
[0.504s] DEBUG:colcon.colcon_installed_package_information.package_discovery:Found 317 installed packages in /opt/ros/foxy
[0.508s] Level 1:colcon.colcon_core.package_discovery:discover_packages(prefix_path) using defaults
[0.619s] INFO:colcon.colcon_core.executor:Executing jobs using 'parallel' executor
[0.629s] DEBUG:colcon.colcon_parallel_executor.executor.parallel:run_until_complete
[0.630s] DEBUG:colcon.colcon_parallel_executor.executor.parallel:closing loop
[0.630s] DEBUG:colcon.colcon_parallel_executor.executor.parallel:loop closed
[0.630s] DEBUG:colcon.colcon_parallel_executor.executor.parallel:run_until_complete finished with '0'
[0.630s] DEBUG:colcon.colcon_core.event_reactor:joining thread
[0.643s] INFO:colcon.colcon_core.plugin_system:Skipping extension 'colcon_notification.desktop_notification.terminal_notifier': Not used on non-Darwin systems
[0.643s] INFO:colcon.colcon_core.plugin_system:Skipping extension 'colcon_notification.desktop_notification.win32': Not used on non-Windows systems
[0.643s] INFO:colcon.colcon_notification.desktop_notification:Sending desktop notification using 'notify2'
[0.662s] DEBUG:colcon.colcon_core.event_reactor:joined thread
[0.669s] INFO:colcon.colcon_core.plugin_system:Skipping extension 'colcon_core.shell.bat': Not used on non-Windows systems
[0.669s] INFO:colcon.colcon_core.shell:Creating prefix script '/home/terra/nav2_ws/install/local_setup.ps1'
[0.671s] INFO:colcon.colcon_core.shell:Creating prefix util module '/home/terra/nav2_ws/install/_local_setup_util_ps1.py'
[0.673s] INFO:colcon.colcon_core.shell:Creating prefix chain script '/home/terra/nav2_ws/install/setup.ps1'
[0.676s] INFO:colcon.colcon_core.shell:Creating prefix script '/home/terra/nav2_ws/install/local_setup.sh'
[0.677s] INFO:colcon.colcon_core.shell:Creating prefix util module '/home/terra/nav2_ws/install/_local_setup_util_sh.py'
[0.678s] INFO:colcon.colcon_core.shell:Creating prefix chain script '/home/terra/nav2_ws/install/setup.sh'
[0.680s] INFO:colcon.colcon_core.shell:Creating prefix script '/home/terra/nav2_ws/install/local_setup.bash'
[0.680s] INFO:colcon.colcon_core.shell:Creating prefix chain script '/home/terra/nav2_ws/install/setup.bash'
[0.682s] INFO:colcon.colcon_core.shell:Creating prefix script '/home/terra/nav2_ws/install/local_setup.zsh'
[0.682s] INFO:colcon.colcon_core.shell:Creating prefix chain script '/home/terra/nav2_ws/install/setup.zsh'
