[0.043s] Invoking command in '/home/terra/nav2_ws/build/nav2_straightline_planner': AMENT_PREFIX_PATH=/home/terra/nav2_ws/install/nav2_core:/home/terra/nav2_ws/install/nav2_costmap_2d:/home/terra/nav2_ws/install/nav2_util:/home/terra/nav2_ws/install/nav2_voxel_grid:/home/terra/nav2_ws/install/nav2_msgs:/home/terra/nav2_ws/install/nav2_common:${AMENT_PREFIX_PATH} CMAKE_PREFIX_PATH=/home/terra/nav2_ws/install/nav2_core:/home/terra/nav2_ws/install/nav2_costmap_2d:/home/terra/nav2_ws/install/nav2_util:/home/terra/nav2_ws/install/nav2_voxel_grid:/home/terra/nav2_ws/install/nav2_msgs:/home/terra/nav2_ws/install/nav2_common:/opt/ros/foxy LD_LIBRARY_PATH=/home/terra/nav2_ws/install/nav2_costmap_2d/lib:/home/terra/nav2_ws/install/nav2_util/lib:/home/terra/nav2_ws/install/nav2_voxel_grid/lib:/home/terra/nav2_ws/install/nav2_msgs/lib:${LD_LIBRARY_PATH} PYTHONPATH=/home/terra/nav2_ws/install/nav2_msgs/lib/python3.8/site-packages:/home/terra/nav2_ws/install/nav2_common/lib/python3.8/site-packages:${PYTHONPATH} /usr/bin/cmake --build /home/terra/nav2_ws/build/nav2_straightline_planner -- -j8 -l8
[0.113s] [35m[1mScanning dependencies of target nav2_straightline_planner_plugin[0m
[0.182s] [ 50%] [32mBuilding CXX object CMakeFiles/nav2_straightline_planner_plugin.dir/src/straight_line_planner.cpp.o[0m
[3.620s] [100%] [32m[1mLinking CXX shared library libnav2_straightline_planner_plugin.so[0m
[3.898s] [100%] Built target nav2_straightline_planner_plugin
[3.913s] Invoked command in '/home/terra/nav2_ws/build/nav2_straightline_planner' returned '0': AMENT_PREFIX_PATH=/home/terra/nav2_ws/install/nav2_core:/home/terra/nav2_ws/install/nav2_costmap_2d:/home/terra/nav2_ws/install/nav2_util:/home/terra/nav2_ws/install/nav2_voxel_grid:/home/terra/nav2_ws/install/nav2_msgs:/home/terra/nav2_ws/install/nav2_common:${AMENT_PREFIX_PATH} CMAKE_PREFIX_PATH=/home/terra/nav2_ws/install/nav2_core:/home/terra/nav2_ws/install/nav2_costmap_2d:/home/terra/nav2_ws/install/nav2_util:/home/terra/nav2_ws/install/nav2_voxel_grid:/home/terra/nav2_ws/install/nav2_msgs:/home/terra/nav2_ws/install/nav2_common:/opt/ros/foxy LD_LIBRARY_PATH=/home/terra/nav2_ws/install/nav2_costmap_2d/lib:/home/terra/nav2_ws/install/nav2_util/lib:/home/terra/nav2_ws/install/nav2_voxel_grid/lib:/home/terra/nav2_ws/install/nav2_msgs/lib:${LD_LIBRARY_PATH} PYTHONPATH=/home/terra/nav2_ws/install/nav2_msgs/lib/python3.8/site-packages:/home/terra/nav2_ws/install/nav2_common/lib/python3.8/site-packages:${PYTHONPATH} /usr/bin/cmake --build /home/terra/nav2_ws/build/nav2_straightline_planner -- -j8 -l8
[3.959s] Invoking command in '/home/terra/nav2_ws/build/nav2_straightline_planner': AMENT_PREFIX_PATH=/home/terra/nav2_ws/install/nav2_core:/home/terra/nav2_ws/install/nav2_costmap_2d:/home/terra/nav2_ws/install/nav2_util:/home/terra/nav2_ws/install/nav2_voxel_grid:/home/terra/nav2_ws/install/nav2_msgs:/home/terra/nav2_ws/install/nav2_common:${AMENT_PREFIX_PATH} CMAKE_PREFIX_PATH=/home/terra/nav2_ws/install/nav2_core:/home/terra/nav2_ws/install/nav2_costmap_2d:/home/terra/nav2_ws/install/nav2_util:/home/terra/nav2_ws/install/nav2_voxel_grid:/home/terra/nav2_ws/install/nav2_msgs:/home/terra/nav2_ws/install/nav2_common:/opt/ros/foxy LD_LIBRARY_PATH=/home/terra/nav2_ws/install/nav2_costmap_2d/lib:/home/terra/nav2_ws/install/nav2_util/lib:/home/terra/nav2_ws/install/nav2_voxel_grid/lib:/home/terra/nav2_ws/install/nav2_msgs/lib:${LD_LIBRARY_PATH} PYTHONPATH=/home/terra/nav2_ws/install/nav2_msgs/lib/python3.8/site-packages:/home/terra/nav2_ws/install/nav2_common/lib/python3.8/site-packages:${PYTHONPATH} /usr/bin/cmake --install /home/terra/nav2_ws/build/nav2_straightline_planner
[3.970s] -- Install configuration: ""
[3.970s] -- Execute custom install script
[3.971s] -- Up-to-date symlink: /home/terra/nav2_ws/install/nav2_straightline_planner/share/nav2_straightline_planner//global_planner_plugin.xml
[3.972s] -- Up-to-date symlink: /home/terra/nav2_ws/install/nav2_straightline_planner/lib/libnav2_straightline_planner_plugin.so
[3.972s] -- Up-to-date symlink: /home/terra/nav2_ws/install/nav2_straightline_planner/include//nav2_straightline_planner/straight_line_planner.hpp
[3.973s] -- Up-to-date symlink: /home/terra/nav2_ws/install/nav2_straightline_planner/share/nav2_straightline_planner/global_planner_plugin.xml
[3.974s] -- Up-to-date symlink: /home/terra/nav2_ws/install/nav2_straightline_planner/share/nav2_straightline_planner/environment/library_path.sh
[3.974s] -- Up-to-date symlink: /home/terra/nav2_ws/install/nav2_straightline_planner/share/nav2_straightline_planner/environment/library_path.dsv
[3.975s] -- Up-to-date symlink: /home/terra/nav2_ws/install/nav2_straightline_planner/share/ament_index/resource_index/package_run_dependencies/nav2_straightline_planner
[3.976s] -- Up-to-date symlink: /home/terra/nav2_ws/install/nav2_straightline_planner/share/ament_index/resource_index/parent_prefix_path/nav2_straightline_planner
[3.977s] -- Up-to-date symlink: /home/terra/nav2_ws/install/nav2_straightline_planner/share/nav2_straightline_planner/environment/ament_prefix_path.sh
[3.978s] -- Up-to-date symlink: /home/terra/nav2_ws/install/nav2_straightline_planner/share/nav2_straightline_planner/environment/ament_prefix_path.dsv
[3.978s] -- Up-to-date symlink: /home/terra/nav2_ws/install/nav2_straightline_planner/share/nav2_straightline_planner/environment/path.sh
[3.979s] -- Up-to-date symlink: /home/terra/nav2_ws/install/nav2_straightline_planner/share/nav2_straightline_planner/environment/path.dsv
[3.979s] -- Up-to-date symlink: /home/terra/nav2_ws/install/nav2_straightline_planner/share/nav2_straightline_planner/local_setup.bash
[3.979s] -- Up-to-date symlink: /home/terra/nav2_ws/install/nav2_straightline_planner/share/nav2_straightline_planner/local_setup.sh
[3.980s] -- Up-to-date symlink: /home/terra/nav2_ws/install/nav2_straightline_planner/share/nav2_straightline_planner/local_setup.zsh
[3.980s] -- Up-to-date symlink: /home/terra/nav2_ws/install/nav2_straightline_planner/share/nav2_straightline_planner/local_setup.dsv
[3.981s] -- Symlinking: /home/terra/nav2_ws/install/nav2_straightline_planner/share/nav2_straightline_planner/package.dsv
[3.993s] -- Up-to-date symlink: /home/terra/nav2_ws/install/nav2_straightline_planner/share/ament_index/resource_index/packages/nav2_straightline_planner
[3.994s] -- Up-to-date symlink: /home/terra/nav2_ws/install/nav2_straightline_planner/share/ament_index/resource_index/nav2_core__pluginlib__plugin/nav2_straightline_planner
[3.994s] -- Up-to-date symlink: /home/terra/nav2_ws/install/nav2_straightline_planner/share/nav2_straightline_planner/cmake/ament_cmake_export_include_directories-extras.cmake
[3.994s] -- Up-to-date symlink: /home/terra/nav2_ws/install/nav2_straightline_planner/share/nav2_straightline_planner/cmake/ament_cmake_export_libraries-extras.cmake
[3.995s] -- Up-to-date symlink: /home/terra/nav2_ws/install/nav2_straightline_planner/share/nav2_straightline_planner/cmake/ament_cmake_export_dependencies-extras.cmake
[3.995s] -- Up-to-date symlink: /home/terra/nav2_ws/install/nav2_straightline_planner/share/nav2_straightline_planner/cmake/nav2_straightline_plannerConfig.cmake
[3.995s] -- Up-to-date symlink: /home/terra/nav2_ws/install/nav2_straightline_planner/share/nav2_straightline_planner/cmake/nav2_straightline_plannerConfig-version.cmake
[3.996s] -- Up-to-date symlink: /home/terra/nav2_ws/install/nav2_straightline_planner/share/nav2_straightline_planner/package.xml
[3.999s] Invoked command in '/home/terra/nav2_ws/build/nav2_straightline_planner' returned '0': AMENT_PREFIX_PATH=/home/terra/nav2_ws/install/nav2_core:/home/terra/nav2_ws/install/nav2_costmap_2d:/home/terra/nav2_ws/install/nav2_util:/home/terra/nav2_ws/install/nav2_voxel_grid:/home/terra/nav2_ws/install/nav2_msgs:/home/terra/nav2_ws/install/nav2_common:${AMENT_PREFIX_PATH} CMAKE_PREFIX_PATH=/home/terra/nav2_ws/install/nav2_core:/home/terra/nav2_ws/install/nav2_costmap_2d:/home/terra/nav2_ws/install/nav2_util:/home/terra/nav2_ws/install/nav2_voxel_grid:/home/terra/nav2_ws/install/nav2_msgs:/home/terra/nav2_ws/install/nav2_common:/opt/ros/foxy LD_LIBRARY_PATH=/home/terra/nav2_ws/install/nav2_costmap_2d/lib:/home/terra/nav2_ws/install/nav2_util/lib:/home/terra/nav2_ws/install/nav2_voxel_grid/lib:/home/terra/nav2_ws/install/nav2_msgs/lib:${LD_LIBRARY_PATH} PYTHONPATH=/home/terra/nav2_ws/install/nav2_msgs/lib/python3.8/site-packages:/home/terra/nav2_ws/install/nav2_common/lib/python3.8/site-packages:${PYTHONPATH} /usr/bin/cmake --install /home/terra/nav2_ws/build/nav2_straightline_planner
