[0.065s] Invoking command in '/home/terra/nav2_ws/build/nav2_costmap_2d': CMAKE_PREFIX_PATH=/home/terra/nav2_ws/install/nav2_map_server:/home/terra/nav2_ws/install/nav2_lifecycle_manager:/home/terra/nav2_ws/install/nav2_util:/home/terra/nav2_ws/install/nav2_voxel_grid:/home/terra/nav2_ws/install/nav2_msgs:/home/terra/nav2_ws/install/nav2_common:/home/terra/nav2_ws/install/nav2_system_tests:/home/terra/nav2_ws/install/nav2_bringup:/home/terra/nav2_ws/install/navigation2:/home/terra/nav2_ws/install/smac_planner:/home/terra/nav2_ws/install/nav2_dwb_controller:/home/terra/nav2_ws/install/nav2_controller:/home/terra/nav2_ws/install/dwb_plugins:/home/terra/nav2_ws/install/dwb_critics:/home/terra/nav2_ws/install/dwb_core:/home/terra/nav2_ws/install/nav_2d_utils:/home/terra/nav2_ws/install/dwb_msgs:/home/terra/nav2_ws/install/nav_2d_msgs:/home/terra/nav2_ws/install/nav2_waypoint_follower:/home/terra/nav2_ws/install/nav2_straightline_planner:/home/terra/nav2_ws/install/nav2_regulated_pure_pursuit_controller:/home/terra/nav2_ws/install/nav2_recoveries:/home/terra/nav2_ws/install/nav2_planner:/home/terra/nav2_ws/install/nav2_navfn_planner:/home/terra/nav2_ws/install/nav2_core:/home/terra/nav2_ws/install/costmap_queue:/home/terra/nav2_ws/install/nav2_costmap_2d:/home/terra/nav2_ws/install/nav2_rviz_plugins:/home/terra/nav2_ws/install/nav2_bt_navigator:/home/terra/nav2_ws/install/nav2_behavior_tree:/home/terra/nav2_ws/install/nav2_amcl:/home/terra/nav2_ws/install/nav2_gazebo_spawner:/opt/ros/foxy LD_LIBRARY_PATH=/home/terra/nav2_ws/install/nav2_map_server/lib:/home/terra/nav2_ws/install/nav2_lifecycle_manager/lib:/home/terra/nav2_ws/install/nav2_util/lib:/home/terra/nav2_ws/install/nav2_voxel_grid/lib:/home/terra/nav2_ws/install/nav2_msgs/lib:/home/terra/nav2_ws/install/smac_planner/lib:/home/terra/nav2_ws/install/nav2_controller/lib:/home/terra/nav2_ws/install/dwb_plugins/lib:/home/terra/nav2_ws/install/dwb_critics/lib:/home/terra/nav2_ws/install/dwb_core/lib:/home/terra/nav2_ws/install/nav_2d_utils/lib:/home/terra/nav2_ws/install/dwb_msgs/lib:/home/terra/nav2_ws/install/nav_2d_msgs/lib:/home/terra/nav2_ws/install/nav2_waypoint_follower/lib:/home/terra/nav2_ws/install/nav2_straightline_planner/lib:/home/terra/nav2_ws/install/nav2_regulated_pure_pursuit_controller/lib:/home/terra/nav2_ws/install/nav2_recoveries/lib:/home/terra/nav2_ws/install/nav2_planner/lib:/home/terra/nav2_ws/install/nav2_navfn_planner/lib:/home/terra/nav2_ws/install/costmap_queue/lib:/home/terra/nav2_ws/install/nav2_costmap_2d/lib:/home/terra/nav2_ws/install/nav2_rviz_plugins/lib:/home/terra/nav2_ws/install/nav2_bt_navigator/lib:/home/terra/nav2_ws/install/nav2_behavior_tree/lib:/home/terra/nav2_ws/install/nav2_amcl/lib:/usr/lib/x86_64-linux-gnu/gazebo-11/plugins:/opt/ros/foxy/opt/yaml_cpp_vendor/lib:/opt/ros/foxy/opt/rviz_ogre_vendor/lib:/opt/ros/foxy/lib/x86_64-linux-gnu:/opt/ros/foxy/lib PYTHONPATH=/home/terra/nav2_ws/install/nav2_msgs/lib/python3.8/site-packages:/home/terra/nav2_ws/install/nav2_common/lib/python3.8/site-packages:/home/terra/nav2_ws/install/dwb_msgs/lib/python3.8/site-packages:/home/terra/nav2_ws/install/nav_2d_msgs/lib/python3.8/site-packages:/home/terra/nav2_ws/build/nav2_gazebo_spawner:/home/terra/nav2_ws/install/nav2_gazebo_spawner/lib/python3.8/site-packages:/opt/ros/foxy/lib/python3.8/site-packages /usr/bin/cmake /home/terra/nav2_ws/src/nav2_costmap_2d -DCMAKE_INSTALL_PREFIX=/home/terra/nav2_ws/install/nav2_costmap_2d
[0.285s] -- Found ament_cmake: 0.9.9 (/opt/ros/foxy/share/ament_cmake/cmake)
[0.329s] -- Using PYTHON_EXECUTABLE: /usr/bin/python3
[0.561s] -- Override CMake install command with custom implementation using symlinks instead of copying resources
[0.594s] -- Found geometry_msgs: 2.0.5 (/opt/ros/foxy/share/geometry_msgs/cmake)
[0.643s] -- Using all available rosidl_typesupport_c: rosidl_typesupport_fastrtps_c;rosidl_typesupport_introspection_c
[0.651s] -- Found rosidl_adapter: 1.2.1 (/opt/ros/foxy/share/rosidl_adapter/cmake)
[0.865s] -- Using all available rosidl_typesupport_cpp: rosidl_typesupport_fastrtps_cpp;rosidl_typesupport_introspection_cpp
[0.992s] -- Found laser_geometry: 2.2.0 (/opt/ros/foxy/share/laser_geometry/cmake)
[1.002s] -- Found map_msgs: 2.0.2 (/opt/ros/foxy/share/map_msgs/cmake)
[1.418s] -- Found message_filters: 3.2.5 (/opt/ros/foxy/share/message_filters/cmake)
[1.423s] -- Found nav2_common: 0.4.7 (/home/terra/nav2_ws/install/nav2_common/share/nav2_common/cmake)
[1.424s] -- Found nav2_msgs: 0.4.7 (/home/terra/nav2_ws/install/nav2_msgs/share/nav2_msgs/cmake)
[1.764s] -- Found nav2_util: 0.4.7 (/home/terra/nav2_ws/install/nav2_util/share/nav2_util/cmake)
[1.878s] -- Found rmw_implementation_cmake: 1.0.3 (/opt/ros/foxy/share/rmw_implementation_cmake/cmake)
[1.883s] -- Using RMW implementation 'rmw_fastrtps_cpp' as default
[2.684s] -- Found nav2_voxel_grid: 0.4.7 (/home/terra/nav2_ws/install/nav2_voxel_grid/share/nav2_voxel_grid/cmake)
[2.690s] -- Found pluginlib: 2.5.4 (/opt/ros/foxy/share/pluginlib/cmake)
[2.720s] -- Found tf2_sensor_msgs: 0.13.13 (/opt/ros/foxy/share/tf2_sensor_msgs/cmake)
[2.741s] -- Found visualization_msgs: 2.0.5 (/opt/ros/foxy/share/visualization_msgs/cmake)
[2.831s] -- Found angles: 1.12.3 (/opt/ros/foxy/share/angles/cmake)
[3.926s] -- Found ament_lint_auto: 0.9.6 (/opt/ros/foxy/share/ament_lint_auto/cmake)
[4.341s] -- Found gtest sources under '/opt/ros/foxy/src/gtest_vendor': C++ tests using 'Google Test' will be built
[4.350s] -- Found gtest sources under '/opt/ros/foxy/src/gtest_vendor': C++ tests using 'Google Test' will be built
[5.396s] -- Added test 'cppcheck' to perform static code analysis on C / C++ code
[5.397s] -- Configured cppcheck include dirs: /home/terra/nav2_ws/src/nav2_costmap_2d/include
[5.397s] -- Configured cppcheck exclude dirs and/or files: 
[5.398s] -- Added test 'flake8' to check Python code syntax and style conventions
[5.400s] -- Added test 'lint_cmake' to check CMake code style
[5.401s] -- Added test 'pep257' to check Python code against some of the style conventions in PEP 257
[5.406s] -- Added test 'uncrustify' to check C / C++ code style
[5.406s] -- Configured uncrustify additional arguments: 
[5.407s] -- Added test 'xmllint' to check XML markup files
[5.425s] -- Configuring done
[6.433s] -- Generating done
[6.440s] -- Build files have been written to: /home/terra/nav2_ws/build/nav2_costmap_2d
[6.452s] Invoked command in '/home/terra/nav2_ws/build/nav2_costmap_2d' returned '0': CMAKE_PREFIX_PATH=/home/terra/nav2_ws/install/nav2_map_server:/home/terra/nav2_ws/install/nav2_lifecycle_manager:/home/terra/nav2_ws/install/nav2_util:/home/terra/nav2_ws/install/nav2_voxel_grid:/home/terra/nav2_ws/install/nav2_msgs:/home/terra/nav2_ws/install/nav2_common:/home/terra/nav2_ws/install/nav2_system_tests:/home/terra/nav2_ws/install/nav2_bringup:/home/terra/nav2_ws/install/navigation2:/home/terra/nav2_ws/install/smac_planner:/home/terra/nav2_ws/install/nav2_dwb_controller:/home/terra/nav2_ws/install/nav2_controller:/home/terra/nav2_ws/install/dwb_plugins:/home/terra/nav2_ws/install/dwb_critics:/home/terra/nav2_ws/install/dwb_core:/home/terra/nav2_ws/install/nav_2d_utils:/home/terra/nav2_ws/install/dwb_msgs:/home/terra/nav2_ws/install/nav_2d_msgs:/home/terra/nav2_ws/install/nav2_waypoint_follower:/home/terra/nav2_ws/install/nav2_straightline_planner:/home/terra/nav2_ws/install/nav2_regulated_pure_pursuit_controller:/home/terra/nav2_ws/install/nav2_recoveries:/home/terra/nav2_ws/install/nav2_planner:/home/terra/nav2_ws/install/nav2_navfn_planner:/home/terra/nav2_ws/install/nav2_core:/home/terra/nav2_ws/install/costmap_queue:/home/terra/nav2_ws/install/nav2_costmap_2d:/home/terra/nav2_ws/install/nav2_rviz_plugins:/home/terra/nav2_ws/install/nav2_bt_navigator:/home/terra/nav2_ws/install/nav2_behavior_tree:/home/terra/nav2_ws/install/nav2_amcl:/home/terra/nav2_ws/install/nav2_gazebo_spawner:/opt/ros/foxy LD_LIBRARY_PATH=/home/terra/nav2_ws/install/nav2_map_server/lib:/home/terra/nav2_ws/install/nav2_lifecycle_manager/lib:/home/terra/nav2_ws/install/nav2_util/lib:/home/terra/nav2_ws/install/nav2_voxel_grid/lib:/home/terra/nav2_ws/install/nav2_msgs/lib:/home/terra/nav2_ws/install/smac_planner/lib:/home/terra/nav2_ws/install/nav2_controller/lib:/home/terra/nav2_ws/install/dwb_plugins/lib:/home/terra/nav2_ws/install/dwb_critics/lib:/home/terra/nav2_ws/install/dwb_core/lib:/home/terra/nav2_ws/install/nav_2d_utils/lib:/home/terra/nav2_ws/install/dwb_msgs/lib:/home/terra/nav2_ws/install/nav_2d_msgs/lib:/home/terra/nav2_ws/install/nav2_waypoint_follower/lib:/home/terra/nav2_ws/install/nav2_straightline_planner/lib:/home/terra/nav2_ws/install/nav2_regulated_pure_pursuit_controller/lib:/home/terra/nav2_ws/install/nav2_recoveries/lib:/home/terra/nav2_ws/install/nav2_planner/lib:/home/terra/nav2_ws/install/nav2_navfn_planner/lib:/home/terra/nav2_ws/install/costmap_queue/lib:/home/terra/nav2_ws/install/nav2_costmap_2d/lib:/home/terra/nav2_ws/install/nav2_rviz_plugins/lib:/home/terra/nav2_ws/install/nav2_bt_navigator/lib:/home/terra/nav2_ws/install/nav2_behavior_tree/lib:/home/terra/nav2_ws/install/nav2_amcl/lib:/usr/lib/x86_64-linux-gnu/gazebo-11/plugins:/opt/ros/foxy/opt/yaml_cpp_vendor/lib:/opt/ros/foxy/opt/rviz_ogre_vendor/lib:/opt/ros/foxy/lib/x86_64-linux-gnu:/opt/ros/foxy/lib PYTHONPATH=/home/terra/nav2_ws/install/nav2_msgs/lib/python3.8/site-packages:/home/terra/nav2_ws/install/nav2_common/lib/python3.8/site-packages:/home/terra/nav2_ws/install/dwb_msgs/lib/python3.8/site-packages:/home/terra/nav2_ws/install/nav_2d_msgs/lib/python3.8/site-packages:/home/terra/nav2_ws/build/nav2_gazebo_spawner:/home/terra/nav2_ws/install/nav2_gazebo_spawner/lib/python3.8/site-packages:/opt/ros/foxy/lib/python3.8/site-packages /usr/bin/cmake /home/terra/nav2_ws/src/nav2_costmap_2d -DCMAKE_INSTALL_PREFIX=/home/terra/nav2_ws/install/nav2_costmap_2d
[6.457s] Invoking command in '/home/terra/nav2_ws/build/nav2_costmap_2d': CMAKE_PREFIX_PATH=/home/terra/nav2_ws/install/nav2_map_server:/home/terra/nav2_ws/install/nav2_lifecycle_manager:/home/terra/nav2_ws/install/nav2_util:/home/terra/nav2_ws/install/nav2_voxel_grid:/home/terra/nav2_ws/install/nav2_msgs:/home/terra/nav2_ws/install/nav2_common:/home/terra/nav2_ws/install/nav2_system_tests:/home/terra/nav2_ws/install/nav2_bringup:/home/terra/nav2_ws/install/navigation2:/home/terra/nav2_ws/install/smac_planner:/home/terra/nav2_ws/install/nav2_dwb_controller:/home/terra/nav2_ws/install/nav2_controller:/home/terra/nav2_ws/install/dwb_plugins:/home/terra/nav2_ws/install/dwb_critics:/home/terra/nav2_ws/install/dwb_core:/home/terra/nav2_ws/install/nav_2d_utils:/home/terra/nav2_ws/install/dwb_msgs:/home/terra/nav2_ws/install/nav_2d_msgs:/home/terra/nav2_ws/install/nav2_waypoint_follower:/home/terra/nav2_ws/install/nav2_straightline_planner:/home/terra/nav2_ws/install/nav2_regulated_pure_pursuit_controller:/home/terra/nav2_ws/install/nav2_recoveries:/home/terra/nav2_ws/install/nav2_planner:/home/terra/nav2_ws/install/nav2_navfn_planner:/home/terra/nav2_ws/install/nav2_core:/home/terra/nav2_ws/install/costmap_queue:/home/terra/nav2_ws/install/nav2_costmap_2d:/home/terra/nav2_ws/install/nav2_rviz_plugins:/home/terra/nav2_ws/install/nav2_bt_navigator:/home/terra/nav2_ws/install/nav2_behavior_tree:/home/terra/nav2_ws/install/nav2_amcl:/home/terra/nav2_ws/install/nav2_gazebo_spawner:/opt/ros/foxy LD_LIBRARY_PATH=/home/terra/nav2_ws/install/nav2_map_server/lib:/home/terra/nav2_ws/install/nav2_lifecycle_manager/lib:/home/terra/nav2_ws/install/nav2_util/lib:/home/terra/nav2_ws/install/nav2_voxel_grid/lib:/home/terra/nav2_ws/install/nav2_msgs/lib:/home/terra/nav2_ws/install/smac_planner/lib:/home/terra/nav2_ws/install/nav2_controller/lib:/home/terra/nav2_ws/install/dwb_plugins/lib:/home/terra/nav2_ws/install/dwb_critics/lib:/home/terra/nav2_ws/install/dwb_core/lib:/home/terra/nav2_ws/install/nav_2d_utils/lib:/home/terra/nav2_ws/install/dwb_msgs/lib:/home/terra/nav2_ws/install/nav_2d_msgs/lib:/home/terra/nav2_ws/install/nav2_waypoint_follower/lib:/home/terra/nav2_ws/install/nav2_straightline_planner/lib:/home/terra/nav2_ws/install/nav2_regulated_pure_pursuit_controller/lib:/home/terra/nav2_ws/install/nav2_recoveries/lib:/home/terra/nav2_ws/install/nav2_planner/lib:/home/terra/nav2_ws/install/nav2_navfn_planner/lib:/home/terra/nav2_ws/install/costmap_queue/lib:/home/terra/nav2_ws/install/nav2_costmap_2d/lib:/home/terra/nav2_ws/install/nav2_rviz_plugins/lib:/home/terra/nav2_ws/install/nav2_bt_navigator/lib:/home/terra/nav2_ws/install/nav2_behavior_tree/lib:/home/terra/nav2_ws/install/nav2_amcl/lib:/usr/lib/x86_64-linux-gnu/gazebo-11/plugins:/opt/ros/foxy/opt/yaml_cpp_vendor/lib:/opt/ros/foxy/opt/rviz_ogre_vendor/lib:/opt/ros/foxy/lib/x86_64-linux-gnu:/opt/ros/foxy/lib PYTHONPATH=/home/terra/nav2_ws/install/nav2_msgs/lib/python3.8/site-packages:/home/terra/nav2_ws/install/nav2_common/lib/python3.8/site-packages:/home/terra/nav2_ws/install/dwb_msgs/lib/python3.8/site-packages:/home/terra/nav2_ws/install/nav_2d_msgs/lib/python3.8/site-packages:/home/terra/nav2_ws/build/nav2_gazebo_spawner:/home/terra/nav2_ws/install/nav2_gazebo_spawner/lib/python3.8/site-packages:/opt/ros/foxy/lib/python3.8/site-packages /usr/bin/cmake --build /home/terra/nav2_ws/build/nav2_costmap_2d -- -j8 -l8
[6.560s] [  4%] Built target gtest_main
[6.563s] [  8%] Built target gtest
[6.572s] [35m[1mScanning dependencies of target nav2_costmap_2d_core[0m
[6.641s] [ 10%] [32mBuilding CXX object CMakeFiles/nav2_costmap_2d_core.dir/src/array_parser.cpp.o[0m
[6.643s] [ 12%] [32mBuilding CXX object CMakeFiles/nav2_costmap_2d_core.dir/src/costmap_2d.cpp.o[0m
[6.648s] [ 14%] [32mBuilding CXX object CMakeFiles/nav2_costmap_2d_core.dir/src/layered_costmap.cpp.o[0m
[6.649s] [ 16%] [32mBuilding CXX object CMakeFiles/nav2_costmap_2d_core.dir/src/layer.cpp.o[0m
[6.650s] [ 18%] [32mBuilding CXX object CMakeFiles/nav2_costmap_2d_core.dir/src/costmap_2d_ros.cpp.o[0m
[6.654s] [ 20%] [32mBuilding CXX object CMakeFiles/nav2_costmap_2d_core.dir/src/costmap_math.cpp.o[0m
[6.654s] [ 22%] [32mBuilding CXX object CMakeFiles/nav2_costmap_2d_core.dir/src/costmap_2d_publisher.cpp.o[0m
[6.660s] [ 25%] [32mBuilding CXX object CMakeFiles/nav2_costmap_2d_core.dir/src/footprint.cpp.o[0m
[7.522s] [ 27%] [32mBuilding CXX object CMakeFiles/nav2_costmap_2d_core.dir/src/costmap_layer.cpp.o[0m
[7.663s] [ 29%] [32mBuilding CXX object CMakeFiles/nav2_costmap_2d_core.dir/src/observation_buffer.cpp.o[0m
[7.912s] [ 31%] [32mBuilding CXX object CMakeFiles/nav2_costmap_2d_core.dir/src/clear_costmap_service.cpp.o[0m
[10.800s] [ 33%] [32mBuilding CXX object CMakeFiles/nav2_costmap_2d_core.dir/src/footprint_collision_checker.cpp.o[0m
[24.537s] [ 35%] [32m[1mLinking CXX shared library libnav2_costmap_2d_core.so[0m
[25.098s] [ 35%] Built target nav2_costmap_2d_core
[25.144s] [35m[1mScanning dependencies of target array_parser_test[0m
[25.147s] [35m[1mScanning dependencies of target nav2_costmap_2d_cloud[0m
[25.155s] [35m[1mScanning dependencies of target nav2_costmap_2d_markers[0m
[25.156s] [35m[1mScanning dependencies of target nav2_costmap_2d_client[0m
[25.157s] [35m[1mScanning dependencies of target collision_footprint_test[0m
[25.173s] [ 37%] [32mBuilding CXX object test/unit/CMakeFiles/array_parser_test.dir/array_parser_test.cpp.o[0m
[25.176s] [35m[1mScanning dependencies of target layers[0m
[25.191s] [ 39%] [32mBuilding CXX object CMakeFiles/nav2_costmap_2d_cloud.dir/src/costmap_2d_cloud.cpp.o[0m
[25.205s] [ 41%] [32mBuilding CXX object CMakeFiles/nav2_costmap_2d_markers.dir/src/costmap_2d_markers.cpp.o[0m
[25.213s] [ 43%] [32mBuilding CXX object test/unit/CMakeFiles/collision_footprint_test.dir/footprint_collision_checker_test.cpp.o[0m
[25.223s] [ 45%] [32mBuilding CXX object CMakeFiles/nav2_costmap_2d_client.dir/src/costmap_topic_collision_checker.cpp.o[0m
[25.235s] [ 47%] [32mBuilding CXX object CMakeFiles/nav2_costmap_2d_client.dir/src/footprint_subscriber.cpp.o[0m
[25.237s] [ 50%] [32mBuilding CXX object CMakeFiles/nav2_costmap_2d_client.dir/src/costmap_subscriber.cpp.o[0m
[25.346s] [ 52%] [32mBuilding CXX object CMakeFiles/layers.dir/plugins/inflation_layer.cpp.o[0m
[27.638s] [ 54%] [32m[1mLinking CXX executable array_parser_test[0m
[28.199s] [ 54%] Built target array_parser_test
[28.233s] [ 56%] [32mBuilding CXX object CMakeFiles/layers.dir/plugins/static_layer.cpp.o[0m
[30.409s] [ 58%] [32mBuilding CXX object CMakeFiles/layers.dir/plugins/obstacle_layer.cpp.o[0m
[30.887s] [ 60%] [32m[1mLinking CXX executable collision_footprint_test[0m
[31.496s] [ 60%] Built target collision_footprint_test
[31.521s] [ 62%] [32mBuilding CXX object CMakeFiles/layers.dir/src/observation_buffer.cpp.o[0m
[32.276s] [ 64%] [32mBuilding CXX object CMakeFiles/layers.dir/plugins/voxel_layer.cpp.o[0m
[37.151s] [ 66%] [32mBuilding CXX object CMakeFiles/layers.dir/plugins/range_sensor_layer.cpp.o[0m
[37.268s] [ 68%] [32m[1mLinking CXX shared library libnav2_costmap_2d_client.so[0m
[38.066s] [ 68%] Built target nav2_costmap_2d_client
[39.202s] [ 70%] [32m[1mLinking CXX executable nav2_costmap_2d_cloud[0m
[39.631s] [ 70%] Built target nav2_costmap_2d_cloud
[40.911s] [ 72%] [32m[1mLinking CXX executable nav2_costmap_2d_markers[0m
[41.335s] [ 72%] Built target nav2_costmap_2d_markers
[51.373s] [ 75%] [32m[1mLinking CXX shared library liblayers.so[0m
[51.868s] [ 75%] Built target layers
[51.902s] [35m[1mScanning dependencies of target range_tests_exec[0m
[51.902s] [35m[1mScanning dependencies of target nav2_costmap_2d[0m
[51.907s] [35m[1mScanning dependencies of target footprint_tests_exec[0m
[51.917s] [35m[1mScanning dependencies of target inflation_tests_exec[0m
[51.919s] [35m[1mScanning dependencies of target obstacle_tests_exec[0m
[51.925s] [35m[1mScanning dependencies of target test_collision_checker_exec[0m
[51.967s] [ 77%] [32mBuilding CXX object CMakeFiles/nav2_costmap_2d.dir/src/costmap_2d_node.cpp.o[0m
[51.969s] [ 79%] [32mBuilding CXX object test/integration/CMakeFiles/range_tests_exec.dir/range_tests.cpp.o[0m
[51.982s] [ 81%] [32mBuilding CXX object test/integration/CMakeFiles/footprint_tests_exec.dir/footprint_tests.cpp.o[0m
[51.999s] [ 83%] [32mBuilding CXX object test/integration/CMakeFiles/inflation_tests_exec.dir/inflation_tests.cpp.o[0m
[52.014s] [ 85%] [32mBuilding CXX object test/integration/CMakeFiles/test_collision_checker_exec.dir/test_costmap_topic_collision_checker.cpp.o[0m
[52.014s] [ 87%] [32mBuilding CXX object test/integration/CMakeFiles/obstacle_tests_exec.dir/obstacle_tests.cpp.o[0m
[57.787s] [ 89%] [32m[1mLinking CXX executable nav2_costmap_2d[0m
[58.152s] [ 91%] [32m[1mLinking CXX executable footprint_tests_exec[0m
[58.372s] [ 91%] Built target nav2_costmap_2d
[58.714s] [ 91%] Built target footprint_tests_exec
[59.910s] [ 93%] [32m[1mLinking CXX executable obstacle_tests_exec[0m
[60.232s] [ 95%] [32m[1mLinking CXX executable range_tests_exec[0m
[60.481s] [ 95%] Built target obstacle_tests_exec
[60.805s] [ 95%] Built target range_tests_exec
[61.929s] [ 97%] [32m[1mLinking CXX executable inflation_tests_exec[0m
[62.357s] [ 97%] Built target inflation_tests_exec
[63.167s] [100%] [32m[1mLinking CXX executable test_collision_checker_exec[0m
[63.628s] [100%] Built target test_collision_checker_exec
[63.647s] Invoked command in '/home/terra/nav2_ws/build/nav2_costmap_2d' returned '0': CMAKE_PREFIX_PATH=/home/terra/nav2_ws/install/nav2_map_server:/home/terra/nav2_ws/install/nav2_lifecycle_manager:/home/terra/nav2_ws/install/nav2_util:/home/terra/nav2_ws/install/nav2_voxel_grid:/home/terra/nav2_ws/install/nav2_msgs:/home/terra/nav2_ws/install/nav2_common:/home/terra/nav2_ws/install/nav2_system_tests:/home/terra/nav2_ws/install/nav2_bringup:/home/terra/nav2_ws/install/navigation2:/home/terra/nav2_ws/install/smac_planner:/home/terra/nav2_ws/install/nav2_dwb_controller:/home/terra/nav2_ws/install/nav2_controller:/home/terra/nav2_ws/install/dwb_plugins:/home/terra/nav2_ws/install/dwb_critics:/home/terra/nav2_ws/install/dwb_core:/home/terra/nav2_ws/install/nav_2d_utils:/home/terra/nav2_ws/install/dwb_msgs:/home/terra/nav2_ws/install/nav_2d_msgs:/home/terra/nav2_ws/install/nav2_waypoint_follower:/home/terra/nav2_ws/install/nav2_straightline_planner:/home/terra/nav2_ws/install/nav2_regulated_pure_pursuit_controller:/home/terra/nav2_ws/install/nav2_recoveries:/home/terra/nav2_ws/install/nav2_planner:/home/terra/nav2_ws/install/nav2_navfn_planner:/home/terra/nav2_ws/install/nav2_core:/home/terra/nav2_ws/install/costmap_queue:/home/terra/nav2_ws/install/nav2_costmap_2d:/home/terra/nav2_ws/install/nav2_rviz_plugins:/home/terra/nav2_ws/install/nav2_bt_navigator:/home/terra/nav2_ws/install/nav2_behavior_tree:/home/terra/nav2_ws/install/nav2_amcl:/home/terra/nav2_ws/install/nav2_gazebo_spawner:/opt/ros/foxy LD_LIBRARY_PATH=/home/terra/nav2_ws/install/nav2_map_server/lib:/home/terra/nav2_ws/install/nav2_lifecycle_manager/lib:/home/terra/nav2_ws/install/nav2_util/lib:/home/terra/nav2_ws/install/nav2_voxel_grid/lib:/home/terra/nav2_ws/install/nav2_msgs/lib:/home/terra/nav2_ws/install/smac_planner/lib:/home/terra/nav2_ws/install/nav2_controller/lib:/home/terra/nav2_ws/install/dwb_plugins/lib:/home/terra/nav2_ws/install/dwb_critics/lib:/home/terra/nav2_ws/install/dwb_core/lib:/home/terra/nav2_ws/install/nav_2d_utils/lib:/home/terra/nav2_ws/install/dwb_msgs/lib:/home/terra/nav2_ws/install/nav_2d_msgs/lib:/home/terra/nav2_ws/install/nav2_waypoint_follower/lib:/home/terra/nav2_ws/install/nav2_straightline_planner/lib:/home/terra/nav2_ws/install/nav2_regulated_pure_pursuit_controller/lib:/home/terra/nav2_ws/install/nav2_recoveries/lib:/home/terra/nav2_ws/install/nav2_planner/lib:/home/terra/nav2_ws/install/nav2_navfn_planner/lib:/home/terra/nav2_ws/install/costmap_queue/lib:/home/terra/nav2_ws/install/nav2_costmap_2d/lib:/home/terra/nav2_ws/install/nav2_rviz_plugins/lib:/home/terra/nav2_ws/install/nav2_bt_navigator/lib:/home/terra/nav2_ws/install/nav2_behavior_tree/lib:/home/terra/nav2_ws/install/nav2_amcl/lib:/usr/lib/x86_64-linux-gnu/gazebo-11/plugins:/opt/ros/foxy/opt/yaml_cpp_vendor/lib:/opt/ros/foxy/opt/rviz_ogre_vendor/lib:/opt/ros/foxy/lib/x86_64-linux-gnu:/opt/ros/foxy/lib PYTHONPATH=/home/terra/nav2_ws/install/nav2_msgs/lib/python3.8/site-packages:/home/terra/nav2_ws/install/nav2_common/lib/python3.8/site-packages:/home/terra/nav2_ws/install/dwb_msgs/lib/python3.8/site-packages:/home/terra/nav2_ws/install/nav_2d_msgs/lib/python3.8/site-packages:/home/terra/nav2_ws/build/nav2_gazebo_spawner:/home/terra/nav2_ws/install/nav2_gazebo_spawner/lib/python3.8/site-packages:/opt/ros/foxy/lib/python3.8/site-packages /usr/bin/cmake --build /home/terra/nav2_ws/build/nav2_costmap_2d -- -j8 -l8
[63.846s] Invoking command in '/home/terra/nav2_ws/build/nav2_costmap_2d': CMAKE_PREFIX_PATH=/home/terra/nav2_ws/install/nav2_map_server:/home/terra/nav2_ws/install/nav2_lifecycle_manager:/home/terra/nav2_ws/install/nav2_util:/home/terra/nav2_ws/install/nav2_voxel_grid:/home/terra/nav2_ws/install/nav2_msgs:/home/terra/nav2_ws/install/nav2_common:/home/terra/nav2_ws/install/nav2_system_tests:/home/terra/nav2_ws/install/nav2_bringup:/home/terra/nav2_ws/install/navigation2:/home/terra/nav2_ws/install/smac_planner:/home/terra/nav2_ws/install/nav2_dwb_controller:/home/terra/nav2_ws/install/nav2_controller:/home/terra/nav2_ws/install/dwb_plugins:/home/terra/nav2_ws/install/dwb_critics:/home/terra/nav2_ws/install/dwb_core:/home/terra/nav2_ws/install/nav_2d_utils:/home/terra/nav2_ws/install/dwb_msgs:/home/terra/nav2_ws/install/nav_2d_msgs:/home/terra/nav2_ws/install/nav2_waypoint_follower:/home/terra/nav2_ws/install/nav2_straightline_planner:/home/terra/nav2_ws/install/nav2_regulated_pure_pursuit_controller:/home/terra/nav2_ws/install/nav2_recoveries:/home/terra/nav2_ws/install/nav2_planner:/home/terra/nav2_ws/install/nav2_navfn_planner:/home/terra/nav2_ws/install/nav2_core:/home/terra/nav2_ws/install/costmap_queue:/home/terra/nav2_ws/install/nav2_costmap_2d:/home/terra/nav2_ws/install/nav2_rviz_plugins:/home/terra/nav2_ws/install/nav2_bt_navigator:/home/terra/nav2_ws/install/nav2_behavior_tree:/home/terra/nav2_ws/install/nav2_amcl:/home/terra/nav2_ws/install/nav2_gazebo_spawner:/opt/ros/foxy LD_LIBRARY_PATH=/home/terra/nav2_ws/install/nav2_map_server/lib:/home/terra/nav2_ws/install/nav2_lifecycle_manager/lib:/home/terra/nav2_ws/install/nav2_util/lib:/home/terra/nav2_ws/install/nav2_voxel_grid/lib:/home/terra/nav2_ws/install/nav2_msgs/lib:/home/terra/nav2_ws/install/smac_planner/lib:/home/terra/nav2_ws/install/nav2_controller/lib:/home/terra/nav2_ws/install/dwb_plugins/lib:/home/terra/nav2_ws/install/dwb_critics/lib:/home/terra/nav2_ws/install/dwb_core/lib:/home/terra/nav2_ws/install/nav_2d_utils/lib:/home/terra/nav2_ws/install/dwb_msgs/lib:/home/terra/nav2_ws/install/nav_2d_msgs/lib:/home/terra/nav2_ws/install/nav2_waypoint_follower/lib:/home/terra/nav2_ws/install/nav2_straightline_planner/lib:/home/terra/nav2_ws/install/nav2_regulated_pure_pursuit_controller/lib:/home/terra/nav2_ws/install/nav2_recoveries/lib:/home/terra/nav2_ws/install/nav2_planner/lib:/home/terra/nav2_ws/install/nav2_navfn_planner/lib:/home/terra/nav2_ws/install/costmap_queue/lib:/home/terra/nav2_ws/install/nav2_costmap_2d/lib:/home/terra/nav2_ws/install/nav2_rviz_plugins/lib:/home/terra/nav2_ws/install/nav2_bt_navigator/lib:/home/terra/nav2_ws/install/nav2_behavior_tree/lib:/home/terra/nav2_ws/install/nav2_amcl/lib:/usr/lib/x86_64-linux-gnu/gazebo-11/plugins:/opt/ros/foxy/opt/yaml_cpp_vendor/lib:/opt/ros/foxy/opt/rviz_ogre_vendor/lib:/opt/ros/foxy/lib/x86_64-linux-gnu:/opt/ros/foxy/lib PYTHONPATH=/home/terra/nav2_ws/install/nav2_msgs/lib/python3.8/site-packages:/home/terra/nav2_ws/install/nav2_common/lib/python3.8/site-packages:/home/terra/nav2_ws/install/dwb_msgs/lib/python3.8/site-packages:/home/terra/nav2_ws/install/nav_2d_msgs/lib/python3.8/site-packages:/home/terra/nav2_ws/build/nav2_gazebo_spawner:/home/terra/nav2_ws/install/nav2_gazebo_spawner/lib/python3.8/site-packages:/opt/ros/foxy/lib/python3.8/site-packages /usr/bin/cmake --install /home/terra/nav2_ws/build/nav2_costmap_2d
[63.860s] -- Install configuration: "Release"
[63.860s] -- Execute custom install script
[63.861s] -- Up-to-date symlink: /home/terra/nav2_ws/install/nav2_costmap_2d/lib/libnav2_costmap_2d_core.so
[63.861s] -- Up-to-date symlink: /home/terra/nav2_ws/install/nav2_costmap_2d/lib/liblayers.so
[63.862s] -- Up-to-date symlink: /home/terra/nav2_ws/install/nav2_costmap_2d/lib/libnav2_costmap_2d_client.so
[63.863s] -- Up-to-date symlink: /home/terra/nav2_ws/install/nav2_costmap_2d/lib/nav2_costmap_2d/nav2_costmap_2d
[63.863s] -- Up-to-date symlink: /home/terra/nav2_ws/install/nav2_costmap_2d/lib/nav2_costmap_2d/nav2_costmap_2d_markers
[63.864s] -- Up-to-date symlink: /home/terra/nav2_ws/install/nav2_costmap_2d/lib/nav2_costmap_2d/nav2_costmap_2d_cloud
[63.864s] -- Up-to-date symlink: /home/terra/nav2_ws/install/nav2_costmap_2d/share/nav2_costmap_2d/costmap_plugins.xml
[63.865s] -- Up-to-date symlink: /home/terra/nav2_ws/install/nav2_costmap_2d/include//nav2_costmap_2d/array_parser.hpp
[63.866s] -- Up-to-date symlink: /home/terra/nav2_ws/install/nav2_costmap_2d/include//nav2_costmap_2d/clear_costmap_service.hpp
[63.866s] -- Up-to-date symlink: /home/terra/nav2_ws/install/nav2_costmap_2d/include//nav2_costmap_2d/cost_values.hpp
[63.866s] -- Up-to-date symlink: /home/terra/nav2_ws/install/nav2_costmap_2d/include//nav2_costmap_2d/costmap_2d.hpp
[63.867s] -- Up-to-date symlink: /home/terra/nav2_ws/install/nav2_costmap_2d/include//nav2_costmap_2d/costmap_2d_publisher.hpp
[63.867s] -- Up-to-date symlink: /home/terra/nav2_ws/install/nav2_costmap_2d/include//nav2_costmap_2d/costmap_2d_ros.hpp
[63.868s] -- Up-to-date symlink: /home/terra/nav2_ws/install/nav2_costmap_2d/include//nav2_costmap_2d/costmap_layer.hpp
[63.868s] -- Up-to-date symlink: /home/terra/nav2_ws/install/nav2_costmap_2d/include//nav2_costmap_2d/costmap_math.hpp
[63.868s] -- Up-to-date symlink: /home/terra/nav2_ws/install/nav2_costmap_2d/include//nav2_costmap_2d/costmap_subscriber.hpp
[63.869s] -- Up-to-date symlink: /home/terra/nav2_ws/install/nav2_costmap_2d/include//nav2_costmap_2d/costmap_topic_collision_checker.hpp
[63.869s] -- Up-to-date symlink: /home/terra/nav2_ws/install/nav2_costmap_2d/include//nav2_costmap_2d/exceptions.hpp
[63.870s] -- Up-to-date symlink: /home/terra/nav2_ws/install/nav2_costmap_2d/include//nav2_costmap_2d/footprint.hpp
[63.870s] -- Up-to-date symlink: /home/terra/nav2_ws/install/nav2_costmap_2d/include//nav2_costmap_2d/footprint_collision_checker.hpp
[63.870s] -- Up-to-date symlink: /home/terra/nav2_ws/install/nav2_costmap_2d/include//nav2_costmap_2d/footprint_subscriber.hpp
[63.871s] -- Up-to-date symlink: /home/terra/nav2_ws/install/nav2_costmap_2d/include//nav2_costmap_2d/inflation_layer.hpp
[63.871s] -- Up-to-date symlink: /home/terra/nav2_ws/install/nav2_costmap_2d/include//nav2_costmap_2d/layer.hpp
[63.871s] -- Up-to-date symlink: /home/terra/nav2_ws/install/nav2_costmap_2d/include//nav2_costmap_2d/layered_costmap.hpp
[63.872s] -- Up-to-date symlink: /home/terra/nav2_ws/install/nav2_costmap_2d/include//nav2_costmap_2d/observation.hpp
[63.872s] -- Up-to-date symlink: /home/terra/nav2_ws/install/nav2_costmap_2d/include//nav2_costmap_2d/observation_buffer.hpp
[63.872s] -- Up-to-date symlink: /home/terra/nav2_ws/install/nav2_costmap_2d/include//nav2_costmap_2d/obstacle_layer.hpp
[63.873s] -- Up-to-date symlink: /home/terra/nav2_ws/install/nav2_costmap_2d/include//nav2_costmap_2d/range_sensor_layer.hpp
[63.873s] -- Up-to-date symlink: /home/terra/nav2_ws/install/nav2_costmap_2d/include//nav2_costmap_2d/static_layer.hpp
[63.874s] -- Up-to-date symlink: /home/terra/nav2_ws/install/nav2_costmap_2d/include//nav2_costmap_2d/voxel_layer.hpp
[63.874s] -- Up-to-date symlink: /home/terra/nav2_ws/install/nav2_costmap_2d/share/nav2_costmap_2d/environment/library_path.sh
[63.875s] -- Up-to-date symlink: /home/terra/nav2_ws/install/nav2_costmap_2d/share/nav2_costmap_2d/environment/library_path.dsv
[63.875s] -- Up-to-date symlink: /home/terra/nav2_ws/install/nav2_costmap_2d/share/nav2_costmap_2d//costmap_plugins.xml
[63.876s] -- Up-to-date symlink: /home/terra/nav2_ws/install/nav2_costmap_2d/share/ament_index/resource_index/package_run_dependencies/nav2_costmap_2d
[63.876s] -- Up-to-date symlink: /home/terra/nav2_ws/install/nav2_costmap_2d/share/ament_index/resource_index/parent_prefix_path/nav2_costmap_2d
[63.877s] -- Up-to-date symlink: /home/terra/nav2_ws/install/nav2_costmap_2d/share/nav2_costmap_2d/environment/ament_prefix_path.sh
[63.877s] -- Up-to-date symlink: /home/terra/nav2_ws/install/nav2_costmap_2d/share/nav2_costmap_2d/environment/ament_prefix_path.dsv
[63.878s] -- Up-to-date symlink: /home/terra/nav2_ws/install/nav2_costmap_2d/share/nav2_costmap_2d/environment/path.sh
[63.878s] -- Up-to-date symlink: /home/terra/nav2_ws/install/nav2_costmap_2d/share/nav2_costmap_2d/environment/path.dsv
[63.879s] -- Up-to-date symlink: /home/terra/nav2_ws/install/nav2_costmap_2d/share/nav2_costmap_2d/local_setup.bash
[63.880s] -- Up-to-date symlink: /home/terra/nav2_ws/install/nav2_costmap_2d/share/nav2_costmap_2d/local_setup.sh
[63.880s] -- Up-to-date symlink: /home/terra/nav2_ws/install/nav2_costmap_2d/share/nav2_costmap_2d/local_setup.zsh
[63.881s] -- Up-to-date symlink: /home/terra/nav2_ws/install/nav2_costmap_2d/share/nav2_costmap_2d/local_setup.dsv
[63.881s] -- Symlinking: /home/terra/nav2_ws/install/nav2_costmap_2d/share/nav2_costmap_2d/package.dsv
[63.897s] -- Up-to-date symlink: /home/terra/nav2_ws/install/nav2_costmap_2d/share/ament_index/resource_index/packages/nav2_costmap_2d
[63.898s] -- Up-to-date symlink: /home/terra/nav2_ws/install/nav2_costmap_2d/share/ament_index/resource_index/nav2_costmap_2d__pluginlib__plugin/nav2_costmap_2d
[63.898s] -- Up-to-date symlink: /home/terra/nav2_ws/install/nav2_costmap_2d/share/nav2_costmap_2d/cmake/ament_cmake_export_include_directories-extras.cmake
[63.899s] -- Up-to-date symlink: /home/terra/nav2_ws/install/nav2_costmap_2d/share/nav2_costmap_2d/cmake/ament_cmake_export_libraries-extras.cmake
[63.899s] -- Up-to-date symlink: /home/terra/nav2_ws/install/nav2_costmap_2d/share/nav2_costmap_2d/cmake/ament_cmake_export_dependencies-extras.cmake
[63.900s] -- Up-to-date symlink: /home/terra/nav2_ws/install/nav2_costmap_2d/share/nav2_costmap_2d/cmake/ament_cmake_export_definitions-extras.cmake
[63.900s] -- Up-to-date symlink: /home/terra/nav2_ws/install/nav2_costmap_2d/share/nav2_costmap_2d/cmake/nav2_costmap_2dConfig.cmake
[63.900s] -- Up-to-date symlink: /home/terra/nav2_ws/install/nav2_costmap_2d/share/nav2_costmap_2d/cmake/nav2_costmap_2dConfig-version.cmake
[63.901s] -- Up-to-date symlink: /home/terra/nav2_ws/install/nav2_costmap_2d/share/nav2_costmap_2d/package.xml
[63.904s] Invoked command in '/home/terra/nav2_ws/build/nav2_costmap_2d' returned '0': CMAKE_PREFIX_PATH=/home/terra/nav2_ws/install/nav2_map_server:/home/terra/nav2_ws/install/nav2_lifecycle_manager:/home/terra/nav2_ws/install/nav2_util:/home/terra/nav2_ws/install/nav2_voxel_grid:/home/terra/nav2_ws/install/nav2_msgs:/home/terra/nav2_ws/install/nav2_common:/home/terra/nav2_ws/install/nav2_system_tests:/home/terra/nav2_ws/install/nav2_bringup:/home/terra/nav2_ws/install/navigation2:/home/terra/nav2_ws/install/smac_planner:/home/terra/nav2_ws/install/nav2_dwb_controller:/home/terra/nav2_ws/install/nav2_controller:/home/terra/nav2_ws/install/dwb_plugins:/home/terra/nav2_ws/install/dwb_critics:/home/terra/nav2_ws/install/dwb_core:/home/terra/nav2_ws/install/nav_2d_utils:/home/terra/nav2_ws/install/dwb_msgs:/home/terra/nav2_ws/install/nav_2d_msgs:/home/terra/nav2_ws/install/nav2_waypoint_follower:/home/terra/nav2_ws/install/nav2_straightline_planner:/home/terra/nav2_ws/install/nav2_regulated_pure_pursuit_controller:/home/terra/nav2_ws/install/nav2_recoveries:/home/terra/nav2_ws/install/nav2_planner:/home/terra/nav2_ws/install/nav2_navfn_planner:/home/terra/nav2_ws/install/nav2_core:/home/terra/nav2_ws/install/costmap_queue:/home/terra/nav2_ws/install/nav2_costmap_2d:/home/terra/nav2_ws/install/nav2_rviz_plugins:/home/terra/nav2_ws/install/nav2_bt_navigator:/home/terra/nav2_ws/install/nav2_behavior_tree:/home/terra/nav2_ws/install/nav2_amcl:/home/terra/nav2_ws/install/nav2_gazebo_spawner:/opt/ros/foxy LD_LIBRARY_PATH=/home/terra/nav2_ws/install/nav2_map_server/lib:/home/terra/nav2_ws/install/nav2_lifecycle_manager/lib:/home/terra/nav2_ws/install/nav2_util/lib:/home/terra/nav2_ws/install/nav2_voxel_grid/lib:/home/terra/nav2_ws/install/nav2_msgs/lib:/home/terra/nav2_ws/install/smac_planner/lib:/home/terra/nav2_ws/install/nav2_controller/lib:/home/terra/nav2_ws/install/dwb_plugins/lib:/home/terra/nav2_ws/install/dwb_critics/lib:/home/terra/nav2_ws/install/dwb_core/lib:/home/terra/nav2_ws/install/nav_2d_utils/lib:/home/terra/nav2_ws/install/dwb_msgs/lib:/home/terra/nav2_ws/install/nav_2d_msgs/lib:/home/terra/nav2_ws/install/nav2_waypoint_follower/lib:/home/terra/nav2_ws/install/nav2_straightline_planner/lib:/home/terra/nav2_ws/install/nav2_regulated_pure_pursuit_controller/lib:/home/terra/nav2_ws/install/nav2_recoveries/lib:/home/terra/nav2_ws/install/nav2_planner/lib:/home/terra/nav2_ws/install/nav2_navfn_planner/lib:/home/terra/nav2_ws/install/costmap_queue/lib:/home/terra/nav2_ws/install/nav2_costmap_2d/lib:/home/terra/nav2_ws/install/nav2_rviz_plugins/lib:/home/terra/nav2_ws/install/nav2_bt_navigator/lib:/home/terra/nav2_ws/install/nav2_behavior_tree/lib:/home/terra/nav2_ws/install/nav2_amcl/lib:/usr/lib/x86_64-linux-gnu/gazebo-11/plugins:/opt/ros/foxy/opt/yaml_cpp_vendor/lib:/opt/ros/foxy/opt/rviz_ogre_vendor/lib:/opt/ros/foxy/lib/x86_64-linux-gnu:/opt/ros/foxy/lib PYTHONPATH=/home/terra/nav2_ws/install/nav2_msgs/lib/python3.8/site-packages:/home/terra/nav2_ws/install/nav2_common/lib/python3.8/site-packages:/home/terra/nav2_ws/install/dwb_msgs/lib/python3.8/site-packages:/home/terra/nav2_ws/install/nav_2d_msgs/lib/python3.8/site-packages:/home/terra/nav2_ws/build/nav2_gazebo_spawner:/home/terra/nav2_ws/install/nav2_gazebo_spawner/lib/python3.8/site-packages:/opt/ros/foxy/lib/python3.8/site-packages /usr/bin/cmake --install /home/terra/nav2_ws/build/nav2_costmap_2d
