[0.055s] Invoking command in '/home/terra/nav2_ws/build/nav2_map_server': AMENT_PREFIX_PATH=/home/terra/nav2_ws/install/nav2_util:/home/terra/nav2_ws/install/nav2_msgs:/home/terra/nav2_ws/install/nav2_common:${AMENT_PREFIX_PATH} CMAKE_PREFIX_PATH=/home/terra/nav2_ws/install/nav2_util:/home/terra/nav2_ws/install/nav2_msgs:/home/terra/nav2_ws/install/nav2_common:/opt/ros/foxy LD_LIBRARY_PATH=/home/terra/nav2_ws/install/nav2_util/lib:/home/terra/nav2_ws/install/nav2_msgs/lib:${LD_LIBRARY_PATH} PYTHONPATH=/home/terra/nav2_ws/install/nav2_msgs/lib/python3.8/site-packages:/home/terra/nav2_ws/install/nav2_common/lib/python3.8/site-packages:${PYTHONPATH} /usr/bin/cmake /home/terra/nav2_ws/src/nav2_map_server -DAMENT_CMAKE_SYMLINK_INSTALL=1 -DCMAKE_INSTALL_PREFIX=/home/terra/nav2_ws/install/nav2_map_server
[0.150s] -- The C compiler identification is GNU 9.4.0
[0.238s] -- The CXX compiler identification is GNU 9.4.0
[0.248s] -- Check for working C compiler: /usr/bin/cc
[0.368s] -- Check for working C compiler: /usr/bin/cc -- works
[0.369s] -- Detecting C compiler ABI info
[0.488s] -- Detecting C compiler ABI info - done
[0.517s] -- Detecting C compile features
[0.517s] -- Detecting C compile features - done
[0.522s] -- Check for working CXX compiler: /usr/bin/c++
[0.661s] -- Check for working CXX compiler: /usr/bin/c++ -- works
[0.663s] -- Detecting CXX compiler ABI info
[0.793s] -- Detecting CXX compiler ABI info - done
[0.808s] -- Detecting CXX compile features
[0.808s] -- Detecting CXX compile features - done
[0.813s] -- Found ament_cmake: 0.9.9 (/opt/ros/foxy/share/ament_cmake/cmake)
[0.858s] -- Found PythonInterp: /usr/bin/python3 (found suitable version "3.8.10", minimum required is "3") 
[0.859s] -- Using PYTHON_EXECUTABLE: /usr/bin/python3
[1.150s] -- Override CMake install command with custom implementation using symlinks instead of copying resources
[1.204s] -- Found nav2_common: 0.4.7 (/home/terra/nav2_ws/install/nav2_common/share/nav2_common/cmake)
[1.208s] -- Found rclcpp: 2.4.1 (/opt/ros/foxy/share/rclcpp/cmake)
[1.302s] -- Using all available rosidl_typesupport_c: rosidl_typesupport_fastrtps_c;rosidl_typesupport_introspection_c
[1.319s] -- Found rosidl_adapter: 1.2.1 (/opt/ros/foxy/share/rosidl_adapter/cmake)
[1.475s] -- Found OpenSSL: /usr/lib/x86_64-linux-gnu/libcrypto.so (found version "1.1.1f")  
[1.523s] -- Found FastRTPS: /opt/ros/foxy/include  
[1.670s] -- Using all available rosidl_typesupport_cpp: rosidl_typesupport_fastrtps_cpp;rosidl_typesupport_introspection_cpp
[1.789s] -- Found rmw_implementation_cmake: 1.0.3 (/opt/ros/foxy/share/rmw_implementation_cmake/cmake)
[1.792s] -- Using RMW implementation 'rmw_fastrtps_cpp' as default
[1.793s] -- Looking for pthread.h
[1.918s] -- Looking for pthread.h - found
[1.919s] -- Performing Test CMAKE_HAVE_LIBC_PTHREAD
[2.044s] -- Performing Test CMAKE_HAVE_LIBC_PTHREAD - Failed
[2.044s] -- Looking for pthread_create in pthreads
[2.142s] -- Looking for pthread_create in pthreads - not found
[2.142s] -- Looking for pthread_create in pthread
[2.263s] -- Looking for pthread_create in pthread - found
[2.265s] -- Found Threads: TRUE  
[2.586s] -- Found rclcpp_lifecycle: 2.4.1 (/opt/ros/foxy/share/rclcpp_lifecycle/cmake)
[2.650s] -- Found nav_msgs: 2.0.5 (/opt/ros/foxy/share/nav_msgs/cmake)
[2.905s] -- Found nav2_msgs: 0.4.7 (/home/terra/nav2_ws/install/nav2_msgs/share/nav2_msgs/cmake)
[3.520s] -- Found yaml_cpp_vendor: 7.0.2 (/opt/ros/foxy/share/yaml_cpp_vendor/cmake)
[3.520s] -- Setting yaml-cpp_DIR to: '/opt/ros/foxy/share/yaml_cpp_vendor/cmake/../../../opt/yaml_cpp_vendor/lib/cmake/yaml-cpp'
[3.526s] -- Found tf2: 0.13.13 (/opt/ros/foxy/share/tf2/cmake)
[3.548s] -- Found nav2_util: 0.4.7 (/home/terra/nav2_ws/install/nav2_util/share/nav2_util/cmake)
[4.283s] -- Found eigen3_cmake_module: 0.1.1 (/opt/ros/foxy/share/eigen3_cmake_module/cmake)
[4.288s] -- Found Eigen3: TRUE (found version "3.3.7") 
[4.600s] -- Found GRAPHICSMAGICKCPP: /usr/include/GraphicsMagick  
[4.600s] -- Setting build type to Release as none was specified.
[6.304s] -- Found ament_lint_auto: 0.9.6 (/opt/ros/foxy/share/ament_lint_auto/cmake)
[6.506s] -- Found gtest sources under '/opt/ros/foxy/src/gtest_vendor': C++ tests using 'Google Test' will be built
[6.510s] -- Check if compiler accepts -pthread
[6.961s] -- Check if compiler accepts -pthread - yes
[6.962s] -- Found gtest sources under '/opt/ros/foxy/src/gtest_vendor': C++ tests using 'Google Test' will be built
[6.975s] -- Found gtest sources under '/opt/ros/foxy/src/gtest_vendor': C++ tests using 'Google Test' will be built
[7.040s] -- Added test 'cppcheck' to perform static code analysis on C / C++ code
[7.042s] -- Configured cppcheck include dirs: /home/terra/nav2_ws/src/nav2_map_server/include
[7.042s] -- Configured cppcheck exclude dirs and/or files: 
[7.048s] -- Added test 'cpplint' to check C / C++ code against the Google style
[7.049s] -- Configured cpplint exclude dirs and/or files: 
[7.065s] -- Added test 'flake8' to check Python code syntax and style conventions
[7.068s] -- Added test 'lint_cmake' to check CMake code style
[7.070s] -- Added test 'pep257' to check Python code against some of the style conventions in PEP 257
[7.076s] -- Added test 'uncrustify' to check C / C++ code style
[7.076s] -- Configured uncrustify additional arguments: 
[7.078s] -- Added test 'xmllint' to check XML markup files
[7.121s] -- Configuring done
[7.919s] -- Generating done
[7.925s] -- Build files have been written to: /home/terra/nav2_ws/build/nav2_map_server
[7.955s] Invoked command in '/home/terra/nav2_ws/build/nav2_map_server' returned '0': AMENT_PREFIX_PATH=/home/terra/nav2_ws/install/nav2_util:/home/terra/nav2_ws/install/nav2_msgs:/home/terra/nav2_ws/install/nav2_common:${AMENT_PREFIX_PATH} CMAKE_PREFIX_PATH=/home/terra/nav2_ws/install/nav2_util:/home/terra/nav2_ws/install/nav2_msgs:/home/terra/nav2_ws/install/nav2_common:/opt/ros/foxy LD_LIBRARY_PATH=/home/terra/nav2_ws/install/nav2_util/lib:/home/terra/nav2_ws/install/nav2_msgs/lib:${LD_LIBRARY_PATH} PYTHONPATH=/home/terra/nav2_ws/install/nav2_msgs/lib/python3.8/site-packages:/home/terra/nav2_ws/install/nav2_common/lib/python3.8/site-packages:${PYTHONPATH} /usr/bin/cmake /home/terra/nav2_ws/src/nav2_map_server -DAMENT_CMAKE_SYMLINK_INSTALL=1 -DCMAKE_INSTALL_PREFIX=/home/terra/nav2_ws/install/nav2_map_server
[7.956s] Invoking command in '/home/terra/nav2_ws/build/nav2_map_server': AMENT_PREFIX_PATH=/home/terra/nav2_ws/install/nav2_util:/home/terra/nav2_ws/install/nav2_msgs:/home/terra/nav2_ws/install/nav2_common:${AMENT_PREFIX_PATH} CMAKE_PREFIX_PATH=/home/terra/nav2_ws/install/nav2_util:/home/terra/nav2_ws/install/nav2_msgs:/home/terra/nav2_ws/install/nav2_common:/opt/ros/foxy LD_LIBRARY_PATH=/home/terra/nav2_ws/install/nav2_util/lib:/home/terra/nav2_ws/install/nav2_msgs/lib:${LD_LIBRARY_PATH} PYTHONPATH=/home/terra/nav2_ws/install/nav2_msgs/lib/python3.8/site-packages:/home/terra/nav2_ws/install/nav2_common/lib/python3.8/site-packages:${PYTHONPATH} /usr/bin/cmake --build /home/terra/nav2_ws/build/nav2_map_server -- -j8 -l8
[8.083s] [35m[1mScanning dependencies of target map_io[0m
[8.101s] [35m[1mScanning dependencies of target gtest_main[0m
[8.104s] [35m[1mScanning dependencies of target gtest[0m
[8.134s] [  3%] [32mBuilding CXX object gtest/CMakeFiles/gtest_main.dir/src/gtest_main.cc.o[0m
[8.216s] [  6%] [32mBuilding CXX object gtest/CMakeFiles/gtest.dir/src/gtest-all.cc.o[0m
[8.369s] [  9%] [32mBuilding CXX object CMakeFiles/map_io.dir/src/map_io.cpp.o[0m
[8.372s] [ 12%] [32mBuilding CXX object CMakeFiles/map_io.dir/src/map_mode.cpp.o[0m
[10.071s] [ 16%] [32m[1mLinking CXX static library libgtest_main.a[0m
[10.260s] [ 16%] Built target gtest_main
[16.876s] [ 19%] [32m[1mLinking CXX shared library libmap_io.so[0m
[17.285s] [ 19%] Built target map_io
[17.308s] [35m[1mScanning dependencies of target map_server_core[0m
[17.340s] [35m[1mScanning dependencies of target test_map_saver_publisher[0m
[17.421s] [ 22%] [32mBuilding CXX object test/component/CMakeFiles/test_map_saver_publisher.dir/test_map_saver_publisher.cpp.o[0m
[17.423s] [ 25%] [32mBuilding CXX object CMakeFiles/map_server_core.dir/src/map_server/map_server.cpp.o[0m
[17.430s] [ 29%] [32mBuilding CXX object CMakeFiles/map_server_core.dir/src/map_saver/map_saver.cpp.o[0m
[17.468s] [ 32%] [32mBuilding CXX object test/component/CMakeFiles/test_map_saver_publisher.dir/__/test_constants.cpp.o[0m
[23.824s] [ 35%] [32m[1mLinking CXX static library libgtest.a[0m
[23.906s] [ 35%] Built target gtest
[23.940s] [35m[1mScanning dependencies of target test_map_saver_cli[0m
[23.947s] [35m[1mScanning dependencies of target test_map_io[0m
[24.023s] [ 38%] [32mBuilding CXX object test/map_saver_cli/CMakeFiles/test_map_saver_cli.dir/test_map_saver_cli.cpp.o[0m
[24.045s] [ 41%] [32mBuilding CXX object test/map_saver_cli/CMakeFiles/test_map_saver_cli.dir/__/test_constants.cpp.o[0m
[24.132s] [ 45%] [32mBuilding CXX object test/unit/CMakeFiles/test_map_io.dir/test_map_io.cpp.o[0m
[24.148s] [ 48%] [32mBuilding CXX object test/unit/CMakeFiles/test_map_io.dir/__/test_constants.cpp.o[0m
[26.737s] [ 51%] [32m[1mLinking CXX executable test_map_saver_publisher[0m
[27.285s] [ 51%] Built target test_map_saver_publisher
[34.422s] [ 54%] [32m[1mLinking CXX shared library libmap_server_core.so[0m
[35.103s] [ 58%] [32m[1mLinking CXX executable test_map_io[0m
[35.349s] [ 58%] Built target map_server_core
[35.440s] [35m[1mScanning dependencies of target map_saver_cli[0m
[35.472s] [35m[1mScanning dependencies of target map_server[0m
[35.482s] [35m[1mScanning dependencies of target map_saver_server[0m
[35.669s] [ 61%] [32mBuilding CXX object CMakeFiles/map_saver_cli.dir/src/map_saver/main_cli.cpp.o[0m
[35.685s] [ 64%] [32mBuilding CXX object CMakeFiles/map_server.dir/src/map_server/main.cpp.o[0m
[35.750s] [ 67%] [32mBuilding CXX object CMakeFiles/map_saver_server.dir/src/map_saver/main_server.cpp.o[0m
[36.004s] [ 67%] Built target test_map_io
[36.083s] [35m[1mScanning dependencies of target test_map_server_node[0m
[36.134s] [35m[1mScanning dependencies of target test_map_saver_node[0m
[36.349s] [ 70%] [32mBuilding CXX object test/component/CMakeFiles/test_map_server_node.dir/test_map_server_node.cpp.o[0m
[36.399s] [ 74%] [32mBuilding CXX object test/component/CMakeFiles/test_map_saver_node.dir/test_map_saver_node.cpp.o[0m
[36.401s] [ 77%] [32mBuilding CXX object test/component/CMakeFiles/test_map_saver_node.dir/__/test_constants.cpp.o[0m
[36.403s] [ 80%] [32mBuilding CXX object test/component/CMakeFiles/test_map_server_node.dir/__/test_constants.cpp.o[0m
[36.967s] [ 83%] [32m[1mLinking CXX executable test_map_saver_cli[0m
[37.874s] [ 83%] Built target test_map_saver_cli
[43.101s] [ 87%] [32m[1mLinking CXX executable map_server[0m
[43.534s] [ 90%] [32m[1mLinking CXX executable map_saver_server[0m
[44.004s] [ 93%] [32m[1mLinking CXX executable map_saver_cli[0m
[44.274s] [ 93%] Built target map_server
[44.901s] [ 93%] Built target map_saver_cli
[44.902s] [ 93%] Built target map_saver_server
[49.863s] [ 96%] [32m[1mLinking CXX executable test_map_server_node[0m
[50.199s] [100%] [32m[1mLinking CXX executable test_map_saver_node[0m
[50.280s] [100%] Built target test_map_server_node
[50.662s] [100%] Built target test_map_saver_node
[50.682s] Invoked command in '/home/terra/nav2_ws/build/nav2_map_server' returned '0': AMENT_PREFIX_PATH=/home/terra/nav2_ws/install/nav2_util:/home/terra/nav2_ws/install/nav2_msgs:/home/terra/nav2_ws/install/nav2_common:${AMENT_PREFIX_PATH} CMAKE_PREFIX_PATH=/home/terra/nav2_ws/install/nav2_util:/home/terra/nav2_ws/install/nav2_msgs:/home/terra/nav2_ws/install/nav2_common:/opt/ros/foxy LD_LIBRARY_PATH=/home/terra/nav2_ws/install/nav2_util/lib:/home/terra/nav2_ws/install/nav2_msgs/lib:${LD_LIBRARY_PATH} PYTHONPATH=/home/terra/nav2_ws/install/nav2_msgs/lib/python3.8/site-packages:/home/terra/nav2_ws/install/nav2_common/lib/python3.8/site-packages:${PYTHONPATH} /usr/bin/cmake --build /home/terra/nav2_ws/build/nav2_map_server -- -j8 -l8
[50.760s] Invoking command in '/home/terra/nav2_ws/build/nav2_map_server': AMENT_PREFIX_PATH=/home/terra/nav2_ws/install/nav2_util:/home/terra/nav2_ws/install/nav2_msgs:/home/terra/nav2_ws/install/nav2_common:${AMENT_PREFIX_PATH} CMAKE_PREFIX_PATH=/home/terra/nav2_ws/install/nav2_util:/home/terra/nav2_ws/install/nav2_msgs:/home/terra/nav2_ws/install/nav2_common:/opt/ros/foxy LD_LIBRARY_PATH=/home/terra/nav2_ws/install/nav2_util/lib:/home/terra/nav2_ws/install/nav2_msgs/lib:${LD_LIBRARY_PATH} PYTHONPATH=/home/terra/nav2_ws/install/nav2_msgs/lib/python3.8/site-packages:/home/terra/nav2_ws/install/nav2_common/lib/python3.8/site-packages:${PYTHONPATH} /usr/bin/cmake --install /home/terra/nav2_ws/build/nav2_map_server
[50.779s] -- Install configuration: "Release"
[50.779s] -- Execute custom install script
[50.780s] -- Symlinking: /home/terra/nav2_ws/install/nav2_map_server/lib/libmap_server_core.so
[50.799s] -- Symlinking: /home/terra/nav2_ws/install/nav2_map_server/lib/libmap_io.so
[50.819s] -- Symlinking: /home/terra/nav2_ws/install/nav2_map_server/lib/nav2_map_server/map_server
[50.838s] -- Symlinking: /home/terra/nav2_ws/install/nav2_map_server/lib/nav2_map_server/map_saver_cli
[50.856s] -- Symlinking: /home/terra/nav2_ws/install/nav2_map_server/lib/nav2_map_server/map_saver_server
[50.876s] -- Symlinking: /home/terra/nav2_ws/install/nav2_map_server/include//nav2_map_server/map_io.hpp
[50.895s] -- Symlinking: /home/terra/nav2_ws/install/nav2_map_server/include//nav2_map_server/map_mode.hpp
[50.913s] -- Symlinking: /home/terra/nav2_ws/install/nav2_map_server/include//nav2_map_server/map_saver.hpp
[50.926s] -- Symlinking: /home/terra/nav2_ws/install/nav2_map_server/include//nav2_map_server/map_server.hpp
[50.941s] -- Symlinking: /home/terra/nav2_ws/install/nav2_map_server/share/nav2_map_server/launch/map_saver_server.launch.py
[50.961s] -- Symlinking: /home/terra/nav2_ws/install/nav2_map_server/share/nav2_map_server/environment/library_path.sh
[50.983s] -- Symlinking: /home/terra/nav2_ws/install/nav2_map_server/share/nav2_map_server/environment/library_path.dsv
[50.997s] -- Symlinking: /home/terra/nav2_ws/install/nav2_map_server/share/ament_index/resource_index/package_run_dependencies/nav2_map_server
[51.014s] -- Symlinking: /home/terra/nav2_ws/install/nav2_map_server/share/ament_index/resource_index/parent_prefix_path/nav2_map_server
[51.031s] -- Symlinking: /home/terra/nav2_ws/install/nav2_map_server/share/nav2_map_server/environment/ament_prefix_path.sh
[51.048s] -- Symlinking: /home/terra/nav2_ws/install/nav2_map_server/share/nav2_map_server/environment/ament_prefix_path.dsv
[51.066s] -- Symlinking: /home/terra/nav2_ws/install/nav2_map_server/share/nav2_map_server/environment/path.sh
[51.084s] -- Symlinking: /home/terra/nav2_ws/install/nav2_map_server/share/nav2_map_server/environment/path.dsv
[51.102s] -- Symlinking: /home/terra/nav2_ws/install/nav2_map_server/share/nav2_map_server/local_setup.bash
[51.121s] -- Symlinking: /home/terra/nav2_ws/install/nav2_map_server/share/nav2_map_server/local_setup.sh
[51.138s] -- Symlinking: /home/terra/nav2_ws/install/nav2_map_server/share/nav2_map_server/local_setup.zsh
[51.152s] -- Symlinking: /home/terra/nav2_ws/install/nav2_map_server/share/nav2_map_server/local_setup.dsv
[51.173s] -- Symlinking: /home/terra/nav2_ws/install/nav2_map_server/share/nav2_map_server/package.dsv
[51.194s] -- Symlinking: /home/terra/nav2_ws/install/nav2_map_server/share/ament_index/resource_index/packages/nav2_map_server
[51.208s] -- Symlinking: /home/terra/nav2_ws/install/nav2_map_server/share/nav2_map_server/cmake/ament_cmake_export_include_directories-extras.cmake
[51.225s] -- Symlinking: /home/terra/nav2_ws/install/nav2_map_server/share/nav2_map_server/cmake/ament_cmake_export_libraries-extras.cmake
[51.245s] -- Symlinking: /home/terra/nav2_ws/install/nav2_map_server/share/nav2_map_server/cmake/nav2_map_serverConfig.cmake
[51.263s] -- Symlinking: /home/terra/nav2_ws/install/nav2_map_server/share/nav2_map_server/cmake/nav2_map_serverConfig-version.cmake
[51.278s] -- Symlinking: /home/terra/nav2_ws/install/nav2_map_server/share/nav2_map_server/package.xml
[51.301s] Invoked command in '/home/terra/nav2_ws/build/nav2_map_server' returned '0': AMENT_PREFIX_PATH=/home/terra/nav2_ws/install/nav2_util:/home/terra/nav2_ws/install/nav2_msgs:/home/terra/nav2_ws/install/nav2_common:${AMENT_PREFIX_PATH} CMAKE_PREFIX_PATH=/home/terra/nav2_ws/install/nav2_util:/home/terra/nav2_ws/install/nav2_msgs:/home/terra/nav2_ws/install/nav2_common:/opt/ros/foxy LD_LIBRARY_PATH=/home/terra/nav2_ws/install/nav2_util/lib:/home/terra/nav2_ws/install/nav2_msgs/lib:${LD_LIBRARY_PATH} PYTHONPATH=/home/terra/nav2_ws/install/nav2_msgs/lib/python3.8/site-packages:/home/terra/nav2_ws/install/nav2_common/lib/python3.8/site-packages:${PYTHONPATH} /usr/bin/cmake --install /home/terra/nav2_ws/build/nav2_map_server
