[0.051s] Invoking command in '/home/terra/nav2_ws/build/nav2_sms_behavior': CMAKE_PREFIX_PATH=/home/terra/nav2_ws/install/nav2_core:/home/terra/nav2_ws/install/nav2_costmap_2d:/home/terra/nav2_ws/install/nav2_util:/home/terra/nav2_ws/install/nav2_voxel_grid:/home/terra/nav2_ws/install/nav2_msgs:/home/terra/nav2_ws/install/nav2_common:/home/terra/nav2_ws/install/nav2_system_tests:/home/terra/nav2_ws/install/nav2_bringup:/home/terra/nav2_ws/install/navigation2:/home/terra/nav2_ws/install/smac_planner:/home/terra/nav2_ws/install/nav2_dwb_controller:/home/terra/nav2_ws/install/nav2_controller:/home/terra/nav2_ws/install/dwb_plugins:/home/terra/nav2_ws/install/dwb_critics:/home/terra/nav2_ws/install/dwb_core:/home/terra/nav2_ws/install/nav_2d_utils:/home/terra/nav2_ws/install/dwb_msgs:/home/terra/nav2_ws/install/nav_2d_msgs:/home/terra/nav2_ws/install/nav2_waypoint_follower:/home/terra/nav2_ws/install/nav2_straightline_planner:/home/terra/nav2_ws/install/nav2_regulated_pure_pursuit_controller:/home/terra/nav2_ws/install/nav2_recoveries:/home/terra/nav2_ws/install/nav2_planner:/home/terra/nav2_ws/install/nav2_navfn_planner:/home/terra/nav2_ws/install/costmap_queue:/home/terra/nav2_ws/install/nav2_rviz_plugins:/home/terra/nav2_ws/install/nav2_map_server:/home/terra/nav2_ws/install/nav2_lifecycle_manager:/home/terra/nav2_ws/install/nav2_bt_navigator:/home/terra/nav2_ws/install/nav2_behavior_tree:/home/terra/nav2_ws/install/nav2_amcl:/home/terra/nav2_ws/install/nav2_straightline_demo:/home/terra/nav2_ws/install/nav2_gazebo_spawner:/opt/ros/foxy LD_LIBRARY_PATH=/home/terra/nav2_ws/install/nav2_costmap_2d/lib:/home/terra/nav2_ws/install/nav2_util/lib:/home/terra/nav2_ws/install/nav2_voxel_grid/lib:/home/terra/nav2_ws/install/nav2_msgs/lib:/home/terra/nav2_ws/install/smac_planner/lib:/home/terra/nav2_ws/install/nav2_controller/lib:/home/terra/nav2_ws/install/dwb_plugins/lib:/home/terra/nav2_ws/install/dwb_critics/lib:/home/terra/nav2_ws/install/dwb_core/lib:/home/terra/nav2_ws/install/nav_2d_utils/lib:/home/terra/nav2_ws/install/dwb_msgs/lib:/home/terra/nav2_ws/install/nav_2d_msgs/lib:/home/terra/nav2_ws/install/nav2_waypoint_follower/lib:/home/terra/nav2_ws/install/nav2_straightline_planner/lib:/home/terra/nav2_ws/install/nav2_regulated_pure_pursuit_controller/lib:/home/terra/nav2_ws/install/nav2_recoveries/lib:/home/terra/nav2_ws/install/nav2_planner/lib:/home/terra/nav2_ws/install/nav2_navfn_planner/lib:/home/terra/nav2_ws/install/costmap_queue/lib:/home/terra/nav2_ws/install/nav2_rviz_plugins/lib:/home/terra/nav2_ws/install/nav2_map_server/lib:/home/terra/nav2_ws/install/nav2_lifecycle_manager/lib:/home/terra/nav2_ws/install/nav2_bt_navigator/lib:/home/terra/nav2_ws/install/nav2_behavior_tree/lib:/home/terra/nav2_ws/install/nav2_amcl/lib:/usr/lib/x86_64-linux-gnu/gazebo-11/plugins:/opt/ros/foxy/opt/yaml_cpp_vendor/lib:/opt/ros/foxy/opt/rviz_ogre_vendor/lib:/opt/ros/foxy/lib/x86_64-linux-gnu:/opt/ros/foxy/lib PYTHONPATH=/home/terra/nav2_ws/install/nav2_msgs/lib/python3.8/site-packages:/home/terra/nav2_ws/install/nav2_common/lib/python3.8/site-packages:/home/terra/nav2_ws/install/dwb_msgs/lib/python3.8/site-packages:/home/terra/nav2_ws/install/nav_2d_msgs/lib/python3.8/site-packages:/home/terra/nav2_ws/build/nav2_gazebo_spawner:/home/terra/nav2_ws/install/nav2_gazebo_spawner/lib/python3.8/site-packages:/opt/ros/foxy/lib/python3.8/site-packages /usr/bin/cmake /home/terra/nav2_ws/src/navigation2_tutorials/nav2_sms_behavior -DCMAKE_INSTALL_PREFIX=/home/terra/nav2_ws/install/nav2_sms_behavior
[0.082s] -- Found ament_cmake: 0.9.9 (/opt/ros/foxy/share/ament_cmake/cmake)
[0.127s] -- Using PYTHON_EXECUTABLE: /usr/bin/python3
[0.452s] -- Found rclcpp: 2.4.1 (/opt/ros/foxy/share/rclcpp/cmake)
[0.514s] -- Using all available rosidl_typesupport_c: rosidl_typesupport_fastrtps_c;rosidl_typesupport_introspection_c
[0.521s] -- Found rosidl_adapter: 1.2.1 (/opt/ros/foxy/share/rosidl_adapter/cmake)
[0.753s] -- Using all available rosidl_typesupport_cpp: rosidl_typesupport_fastrtps_cpp;rosidl_typesupport_introspection_cpp
[0.838s] -- Found rmw_implementation_cmake: 1.0.3 (/opt/ros/foxy/share/rmw_implementation_cmake/cmake)
[0.841s] -- Using RMW implementation 'rmw_fastrtps_cpp' as default
[1.100s] -- Found rclcpp_action: 2.4.1 (/opt/ros/foxy/share/rclcpp_action/cmake)
[1.224s] -- Found rclcpp_lifecycle: 2.4.1 (/opt/ros/foxy/share/rclcpp_lifecycle/cmake)
[1.268s] -- Found visualization_msgs: 2.0.5 (/opt/ros/foxy/share/visualization_msgs/cmake)
[1.457s] -- Found nav2_util: 0.4.7 (/home/terra/nav2_ws/install/nav2_util/share/nav2_util/cmake)
[2.451s] -- Found eigen3_cmake_module: 0.1.1 (/opt/ros/foxy/share/eigen3_cmake_module/cmake)
[2.688s] -- Found nav2_costmap_2d: 0.4.7 (/home/terra/nav2_ws/install/nav2_costmap_2d/share/nav2_costmap_2d/cmake)
[3.800s] -- Found nav2_core: 0.4.7 (/home/terra/nav2_ws/install/nav2_core/share/nav2_core/cmake)
[4.652s] CMake Error at CMakeLists.txt:22 (find_package):
[4.652s]   By not providing "Findnav2_behaviors.cmake" in CMAKE_MODULE_PATH this
[4.652s]   project has asked CMake to find a package configuration file provided by
[4.652s]   "nav2_behaviors", but CMake did not find one.
[4.652s] 
[4.653s]   Could not find a package configuration file provided by "nav2_behaviors"
[4.653s]   with any of the following names:
[4.653s] 
[4.653s]     nav2_behaviorsConfig.cmake
[4.653s]     nav2_behaviors-config.cmake
[4.653s] 
[4.653s]   Add the installation prefix of "nav2_behaviors" to CMAKE_PREFIX_PATH or set
[4.653s]   "nav2_behaviors_DIR" to a directory containing one of the above files.  If
[4.654s]   "nav2_behaviors" provides a separate development package or SDK, be sure it
[4.654s]   has been installed.
[4.654s] 
[4.654s] 
[4.656s] -- Configuring incomplete, errors occurred!
[4.656s] See also "/home/terra/nav2_ws/build/nav2_sms_behavior/CMakeFiles/CMakeOutput.log".
[4.657s] See also "/home/terra/nav2_ws/build/nav2_sms_behavior/CMakeFiles/CMakeError.log".
[4.666s] Invoked command in '/home/terra/nav2_ws/build/nav2_sms_behavior' returned '1': CMAKE_PREFIX_PATH=/home/terra/nav2_ws/install/nav2_core:/home/terra/nav2_ws/install/nav2_costmap_2d:/home/terra/nav2_ws/install/nav2_util:/home/terra/nav2_ws/install/nav2_voxel_grid:/home/terra/nav2_ws/install/nav2_msgs:/home/terra/nav2_ws/install/nav2_common:/home/terra/nav2_ws/install/nav2_system_tests:/home/terra/nav2_ws/install/nav2_bringup:/home/terra/nav2_ws/install/navigation2:/home/terra/nav2_ws/install/smac_planner:/home/terra/nav2_ws/install/nav2_dwb_controller:/home/terra/nav2_ws/install/nav2_controller:/home/terra/nav2_ws/install/dwb_plugins:/home/terra/nav2_ws/install/dwb_critics:/home/terra/nav2_ws/install/dwb_core:/home/terra/nav2_ws/install/nav_2d_utils:/home/terra/nav2_ws/install/dwb_msgs:/home/terra/nav2_ws/install/nav_2d_msgs:/home/terra/nav2_ws/install/nav2_waypoint_follower:/home/terra/nav2_ws/install/nav2_straightline_planner:/home/terra/nav2_ws/install/nav2_regulated_pure_pursuit_controller:/home/terra/nav2_ws/install/nav2_recoveries:/home/terra/nav2_ws/install/nav2_planner:/home/terra/nav2_ws/install/nav2_navfn_planner:/home/terra/nav2_ws/install/costmap_queue:/home/terra/nav2_ws/install/nav2_rviz_plugins:/home/terra/nav2_ws/install/nav2_map_server:/home/terra/nav2_ws/install/nav2_lifecycle_manager:/home/terra/nav2_ws/install/nav2_bt_navigator:/home/terra/nav2_ws/install/nav2_behavior_tree:/home/terra/nav2_ws/install/nav2_amcl:/home/terra/nav2_ws/install/nav2_straightline_demo:/home/terra/nav2_ws/install/nav2_gazebo_spawner:/opt/ros/foxy LD_LIBRARY_PATH=/home/terra/nav2_ws/install/nav2_costmap_2d/lib:/home/terra/nav2_ws/install/nav2_util/lib:/home/terra/nav2_ws/install/nav2_voxel_grid/lib:/home/terra/nav2_ws/install/nav2_msgs/lib:/home/terra/nav2_ws/install/smac_planner/lib:/home/terra/nav2_ws/install/nav2_controller/lib:/home/terra/nav2_ws/install/dwb_plugins/lib:/home/terra/nav2_ws/install/dwb_critics/lib:/home/terra/nav2_ws/install/dwb_core/lib:/home/terra/nav2_ws/install/nav_2d_utils/lib:/home/terra/nav2_ws/install/dwb_msgs/lib:/home/terra/nav2_ws/install/nav_2d_msgs/lib:/home/terra/nav2_ws/install/nav2_waypoint_follower/lib:/home/terra/nav2_ws/install/nav2_straightline_planner/lib:/home/terra/nav2_ws/install/nav2_regulated_pure_pursuit_controller/lib:/home/terra/nav2_ws/install/nav2_recoveries/lib:/home/terra/nav2_ws/install/nav2_planner/lib:/home/terra/nav2_ws/install/nav2_navfn_planner/lib:/home/terra/nav2_ws/install/costmap_queue/lib:/home/terra/nav2_ws/install/nav2_rviz_plugins/lib:/home/terra/nav2_ws/install/nav2_map_server/lib:/home/terra/nav2_ws/install/nav2_lifecycle_manager/lib:/home/terra/nav2_ws/install/nav2_bt_navigator/lib:/home/terra/nav2_ws/install/nav2_behavior_tree/lib:/home/terra/nav2_ws/install/nav2_amcl/lib:/usr/lib/x86_64-linux-gnu/gazebo-11/plugins:/opt/ros/foxy/opt/yaml_cpp_vendor/lib:/opt/ros/foxy/opt/rviz_ogre_vendor/lib:/opt/ros/foxy/lib/x86_64-linux-gnu:/opt/ros/foxy/lib PYTHONPATH=/home/terra/nav2_ws/install/nav2_msgs/lib/python3.8/site-packages:/home/terra/nav2_ws/install/nav2_common/lib/python3.8/site-packages:/home/terra/nav2_ws/install/dwb_msgs/lib/python3.8/site-packages:/home/terra/nav2_ws/install/nav_2d_msgs/lib/python3.8/site-packages:/home/terra/nav2_ws/build/nav2_gazebo_spawner:/home/terra/nav2_ws/install/nav2_gazebo_spawner/lib/python3.8/site-packages:/opt/ros/foxy/lib/python3.8/site-packages /usr/bin/cmake /home/terra/nav2_ws/src/navigation2_tutorials/nav2_sms_behavior -DCMAKE_INSTALL_PREFIX=/home/terra/nav2_ws/install/nav2_sms_behavior
