[0.016s] Invoking command in '/home/terra/nav2_ws/build/nav2_util': AMENT_PREFIX_PATH=/home/terra/nav2_ws/install/nav2_msgs:/home/terra/nav2_ws/install/nav2_common:${AMENT_PREFIX_PATH} CMAKE_PREFIX_PATH=/home/terra/nav2_ws/install/nav2_msgs:/home/terra/nav2_ws/install/nav2_common:/opt/ros/foxy LD_LIBRARY_PATH=/home/terra/nav2_ws/install/nav2_msgs/lib:${LD_LIBRARY_PATH} PYTHONPATH=/home/terra/nav2_ws/install/nav2_msgs/lib/python3.8/site-packages:/home/terra/nav2_ws/install/nav2_common/lib/python3.8/site-packages:${PYTHONPATH} /usr/bin/cmake /home/terra/nav2_ws/src/nav2_util -DAMENT_CMAKE_SYMLINK_INSTALL=1 -DCMAKE_INSTALL_PREFIX=/home/terra/nav2_ws/install/nav2_util
[0.080s] -- The C compiler identification is GNU 9.4.0
[0.143s] -- The CXX compiler identification is GNU 9.4.0
[0.148s] -- Check for working C compiler: /usr/bin/cc
[0.228s] -- Check for working C compiler: /usr/bin/cc -- works
[0.229s] -- Detecting C compiler ABI info
[0.313s] -- Detecting C compiler ABI info - done
[0.325s] -- Detecting C compile features
[0.325s] -- Detecting C compile features - done
[0.328s] -- Check for working CXX compiler: /usr/bin/c++
[0.422s] -- Check for working CXX compiler: /usr/bin/c++ -- works
[0.424s] -- Detecting CXX compiler ABI info
[0.518s] -- Detecting CXX compiler ABI info - done
[0.531s] -- Detecting CXX compile features
[0.532s] -- Detecting CXX compile features - done
[0.535s] -- Found ament_cmake: 0.9.9 (/opt/ros/foxy/share/ament_cmake/cmake)
[0.563s] -- Found PythonInterp: /usr/bin/python3 (found suitable version "3.8.10", minimum required is "3") 
[0.563s] -- Using PYTHON_EXECUTABLE: /usr/bin/python3
[0.755s] -- Override CMake install command with custom implementation using symlinks instead of copying resources
[0.786s] -- Found nav2_common: 0.4.7 (/home/terra/nav2_ws/install/nav2_common/share/nav2_common/cmake)
[0.787s] -- Found nav2_msgs: 0.4.7 (/home/terra/nav2_ws/install/nav2_msgs/share/nav2_msgs/cmake)
[0.822s] -- Using all available rosidl_typesupport_c: rosidl_typesupport_fastrtps_c;rosidl_typesupport_introspection_c
[0.831s] -- Found rosidl_adapter: 1.2.1 (/opt/ros/foxy/share/rosidl_adapter/cmake)
[0.933s] -- Found OpenSSL: /usr/lib/x86_64-linux-gnu/libcrypto.so (found version "1.1.1f")  
[0.968s] -- Found FastRTPS: /opt/ros/foxy/include  
[1.061s] -- Using all available rosidl_typesupport_cpp: rosidl_typesupport_fastrtps_cpp;rosidl_typesupport_introspection_cpp
[1.574s] -- Found tf2_ros: 0.13.13 (/opt/ros/foxy/share/tf2_ros/cmake)
[1.653s] -- Found rmw_implementation_cmake: 1.0.3 (/opt/ros/foxy/share/rmw_implementation_cmake/cmake)
[1.655s] -- Using RMW implementation 'rmw_fastrtps_cpp' as default
[1.656s] -- Looking for pthread.h
[1.743s] -- Looking for pthread.h - found
[1.744s] -- Performing Test CMAKE_HAVE_LIBC_PTHREAD
[1.866s] -- Performing Test CMAKE_HAVE_LIBC_PTHREAD - Failed
[1.866s] -- Looking for pthread_create in pthreads
[1.948s] -- Looking for pthread_create in pthreads - not found
[1.948s] -- Looking for pthread_create in pthread
[2.032s] -- Looking for pthread_create in pthread - found
[2.033s] -- Found Threads: TRUE  
[2.578s] -- Found tf2_geometry_msgs: 0.13.13 (/opt/ros/foxy/share/tf2_geometry_msgs/cmake)
[2.591s] -- Found eigen3_cmake_module: 0.1.1 (/opt/ros/foxy/share/eigen3_cmake_module/cmake)
[2.596s] -- Found Eigen3: TRUE (found version "3.3.7") 
[2.629s] -- Found lifecycle_msgs: 1.0.0 (/opt/ros/foxy/share/lifecycle_msgs/cmake)
[2.649s] -- Found test_msgs: 1.0.0 (/opt/ros/foxy/share/test_msgs/cmake)
[2.730s] -- Found rclcpp_lifecycle: 2.4.1 (/opt/ros/foxy/share/rclcpp_lifecycle/cmake)
[2.755s] -- Setting build type to Release as none was specified.
[2.789s] -- Found Boost: /usr/lib/x86_64-linux-gnu/cmake/Boost-1.71.0/BoostConfig.cmake (found version "1.71.0") found components: program_options 
[2.795s] -- Found ament_lint_auto: 0.9.6 (/opt/ros/foxy/share/ament_lint_auto/cmake)
[2.797s] -- Found ament_cmake_pytest: 0.9.9 (/opt/ros/foxy/share/ament_cmake_pytest/cmake)
[2.801s] -- Found launch_testing_ament_cmake: 0.10.8 (/opt/ros/foxy/share/launch_testing_ament_cmake/cmake)
[2.803s] -- Found python_cmake_module: 0.8.1 (/opt/ros/foxy/share/python_cmake_module/cmake)
[2.828s] -- Found PythonInterp: /usr/bin/python3 (found suitable version "3.8.10", minimum required is "3.5") 
[2.834s] -- Found PythonLibs: /usr/lib/x86_64-linux-gnu/libpython3.8.so (found suitable version "3.8.10", minimum required is "3.5") 
[2.835s] -- Using PYTHON_EXECUTABLE: /usr/bin/python3
[2.835s] -- Using PYTHON_INCLUDE_DIRS: /usr/include/python3.8
[2.835s] -- Using PYTHON_LIBRARIES: /usr/lib/x86_64-linux-gnu/libpython3.8.so
[2.859s] -- Found PythonExtra: .so  
[2.987s] -- Found gtest sources under '/opt/ros/foxy/src/gtest_vendor': C++ tests using 'Google Test' will be built
[2.989s] -- Check if compiler accepts -pthread
[3.078s] -- Check if compiler accepts -pthread - yes
[3.117s] -- Added test 'copyright' to check source files copyright and LICENSE
[3.121s] -- Added test 'cppcheck' to perform static code analysis on C / C++ code
[3.121s] -- Configured cppcheck include dirs: /home/terra/nav2_ws/src/nav2_util/include
[3.122s] -- Configured cppcheck exclude dirs and/or files: 
[3.125s] -- Added test 'cpplint' to check C / C++ code against the Google style
[3.125s] -- Configured cpplint exclude dirs and/or files: 
[3.126s] -- Added test 'flake8' to check Python code syntax and style conventions
[3.127s] -- Added test 'lint_cmake' to check CMake code style
[3.128s] -- Added test 'pep257' to check Python code against some of the style conventions in PEP 257
[3.132s] -- Added test 'uncrustify' to check C / C++ code style
[3.132s] -- Configured uncrustify additional arguments: 
[3.133s] -- Added test 'xmllint' to check XML markup files
[3.143s] -- Configuring done
[3.260s] -- Generating done
[3.264s] -- Build files have been written to: /home/terra/nav2_ws/build/nav2_util
[3.279s] Invoked command in '/home/terra/nav2_ws/build/nav2_util' returned '0': AMENT_PREFIX_PATH=/home/terra/nav2_ws/install/nav2_msgs:/home/terra/nav2_ws/install/nav2_common:${AMENT_PREFIX_PATH} CMAKE_PREFIX_PATH=/home/terra/nav2_ws/install/nav2_msgs:/home/terra/nav2_ws/install/nav2_common:/opt/ros/foxy LD_LIBRARY_PATH=/home/terra/nav2_ws/install/nav2_msgs/lib:${LD_LIBRARY_PATH} PYTHONPATH=/home/terra/nav2_ws/install/nav2_msgs/lib/python3.8/site-packages:/home/terra/nav2_ws/install/nav2_common/lib/python3.8/site-packages:${PYTHONPATH} /usr/bin/cmake /home/terra/nav2_ws/src/nav2_util -DAMENT_CMAKE_SYMLINK_INSTALL=1 -DCMAKE_INSTALL_PREFIX=/home/terra/nav2_ws/install/nav2_util
[3.281s] Invoking command in '/home/terra/nav2_ws/build/nav2_util': AMENT_PREFIX_PATH=/home/terra/nav2_ws/install/nav2_msgs:/home/terra/nav2_ws/install/nav2_common:${AMENT_PREFIX_PATH} CMAKE_PREFIX_PATH=/home/terra/nav2_ws/install/nav2_msgs:/home/terra/nav2_ws/install/nav2_common:/opt/ros/foxy LD_LIBRARY_PATH=/home/terra/nav2_ws/install/nav2_msgs/lib:${LD_LIBRARY_PATH} PYTHONPATH=/home/terra/nav2_ws/install/nav2_msgs/lib/python3.8/site-packages:/home/terra/nav2_ws/install/nav2_common/lib/python3.8/site-packages:${PYTHONPATH} /usr/bin/cmake --build /home/terra/nav2_ws/build/nav2_util -- -j8 -l8
[3.333s] [35m[1mScanning dependencies of target gtest[0m
[3.334s] [35m[1mScanning dependencies of target dump_params[0m
[3.334s] [35m[1mScanning dependencies of target nav2_util_core[0m
[3.334s] [35m[1mScanning dependencies of target gtest_main[0m
[3.351s] [  2%] [32mBuilding CXX object gtest/CMakeFiles/gtest_main.dir/src/gtest_main.cc.o[0m
[3.358s] [  5%] [32mBuilding CXX object gtest/CMakeFiles/gtest.dir/src/gtest-all.cc.o[0m
[3.405s] [  7%] [32mBuilding CXX object src/CMakeFiles/dump_params.dir/dump_params.cpp.o[0m
[3.502s] [ 12%] [32mBuilding CXX object src/CMakeFiles/nav2_util_core.dir/costmap.cpp.o[0m
[3.502s] [ 12%] [32mBuilding CXX object src/CMakeFiles/nav2_util_core.dir/node_utils.cpp.o[0m
[3.502s] [ 15%] [32mBuilding CXX object src/CMakeFiles/nav2_util_core.dir/lifecycle_service_client.cpp.o[0m
[3.502s] [ 17%] [32mBuilding CXX object src/CMakeFiles/nav2_util_core.dir/string_utils.cpp.o[0m
[3.517s] [ 20%] [32mBuilding CXX object src/CMakeFiles/nav2_util_core.dir/lifecycle_utils.cpp.o[0m
[4.074s] [ 22%] [32mBuilding CXX object src/CMakeFiles/nav2_util_core.dir/lifecycle_node.cpp.o[0m
[4.600s] [ 25%] [32m[1mLinking CXX static library libgtest_main.a[0m
[4.662s] [ 25%] Built target gtest_main
[4.681s] [ 27%] [32mBuilding CXX object src/CMakeFiles/nav2_util_core.dir/robot_utils.cpp.o[0m
[7.117s] [ 30%] [32mBuilding CXX object src/CMakeFiles/nav2_util_core.dir/node_thread.cpp.o[0m
[7.358s] [ 32%] [32mBuilding CXX object src/CMakeFiles/nav2_util_core.dir/odometry_utils.cpp.o[0m
[13.184s] [ 35%] [32m[1mLinking CXX executable dump_params[0m
[13.205s] [ 37%] [32m[1mLinking CXX static library libgtest.a[0m
[13.270s] [ 37%] Built target gtest
[13.284s] [35m[1mScanning dependencies of target test_execution_timer[0m
[13.303s] [ 40%] [32mBuilding CXX object test/CMakeFiles/test_execution_timer.dir/test_execution_timer.cpp.o[0m
[13.342s] [ 40%] Built target dump_params
[14.418s] [ 42%] [32m[1mLinking CXX executable test_execution_timer[0m
[14.526s] [ 42%] Built target test_execution_timer
[15.153s] [ 45%] [32m[1mLinking CXX shared library libnav2_util_core.so[0m
[15.372s] [ 45%] Built target nav2_util_core
[15.390s] [35m[1mScanning dependencies of target lifecycle_bringup[0m
[15.390s] [35m[1mScanning dependencies of target test_service_client[0m
[15.391s] [35m[1mScanning dependencies of target test_lifecycle_node[0m
[15.391s] [35m[1mScanning dependencies of target test_lifecycle_utils[0m
[15.391s] [35m[1mScanning dependencies of target test_string_utils[0m
[15.391s] [35m[1mScanning dependencies of target test_actions[0m
[15.391s] [35m[1mScanning dependencies of target test_node_utils[0m
[15.391s] [35m[1mScanning dependencies of target test_lifecycle_cli_node[0m
[15.420s] [ 47%] [32mBuilding CXX object test/CMakeFiles/test_string_utils.dir/test_string_utils.cpp.o[0m
[15.466s] [ 50%] [32mBuilding CXX object src/CMakeFiles/lifecycle_bringup.dir/lifecycle_bringup_commandline.cpp.o[0m
[15.487s] [ 52%] [32mBuilding CXX object test/CMakeFiles/test_node_utils.dir/test_node_utils.cpp.o[0m
[15.487s] [ 55%] [32mBuilding CXX object test/CMakeFiles/test_lifecycle_node.dir/test_lifecycle_node.cpp.o[0m
[15.489s] [ 57%] [32mBuilding CXX object test/CMakeFiles/test_lifecycle_utils.dir/test_lifecycle_utils.cpp.o[0m
[15.497s] [ 60%] [32mBuilding CXX object test/CMakeFiles/test_lifecycle_cli_node.dir/test_lifecycle_cli_node.cpp.o[0m
[15.498s] [ 62%] [32mBuilding CXX object test/CMakeFiles/test_service_client.dir/test_service_client.cpp.o[0m
[15.511s] [ 65%] [32mBuilding CXX object test/CMakeFiles/test_actions.dir/test_actions.cpp.o[0m
[17.573s] [ 67%] [32m[1mLinking CXX executable test_string_utils[0m
[17.872s] [ 67%] Built target test_string_utils
[17.893s] [35m[1mScanning dependencies of target test_geometry_utils[0m
[18.003s] [ 70%] [32mBuilding CXX object test/CMakeFiles/test_geometry_utils.dir/test_geometry_utils.cpp.o[0m
[18.771s] [ 72%] [32m[1mLinking CXX executable lifecycle_bringup[0m
[19.044s] [ 72%] Built target lifecycle_bringup
[19.065s] [35m[1mScanning dependencies of target test_odometry_utils[0m
[19.179s] [ 75%] [32mBuilding CXX object test/CMakeFiles/test_odometry_utils.dir/test_odometry_utils.cpp.o[0m
[20.568s] [ 77%] [32m[1mLinking CXX executable test_lifecycle_cli_node[0m
[20.594s] [ 80%] [32m[1mLinking CXX executable test_lifecycle_utils[0m
[20.751s] [ 82%] [32m[1mLinking CXX executable test_lifecycle_node[0m
[21.014s] [ 82%] Built target test_lifecycle_cli_node
[21.037s] [ 82%] Built target test_lifecycle_utils
[21.037s] [35m[1mScanning dependencies of target test_robot_utils[0m
[21.124s] [ 85%] [32mBuilding CXX object test/CMakeFiles/test_robot_utils.dir/test_robot_utils.cpp.o[0m
[21.130s] [ 85%] Built target test_lifecycle_node
[21.769s] [ 87%] [32m[1mLinking CXX executable test_node_utils[0m
[22.014s] [ 87%] Built target test_node_utils
[22.223s] [ 90%] [32m[1mLinking CXX executable test_service_client[0m
[22.459s] [ 90%] Built target test_service_client
[22.686s] [ 92%] [32m[1mLinking CXX executable test_geometry_utils[0m
[22.866s] [ 92%] Built target test_geometry_utils
[24.386s] [ 95%] [32m[1mLinking CXX executable test_robot_utils[0m
[24.593s] [ 95%] Built target test_robot_utils
[25.597s] [ 97%] [32m[1mLinking CXX executable test_odometry_utils[0m
[25.809s] [ 97%] Built target test_odometry_utils
[31.976s] [100%] [32m[1mLinking CXX executable test_actions[0m
[32.264s] [100%] Built target test_actions
[32.280s] Invoked command in '/home/terra/nav2_ws/build/nav2_util' returned '0': AMENT_PREFIX_PATH=/home/terra/nav2_ws/install/nav2_msgs:/home/terra/nav2_ws/install/nav2_common:${AMENT_PREFIX_PATH} CMAKE_PREFIX_PATH=/home/terra/nav2_ws/install/nav2_msgs:/home/terra/nav2_ws/install/nav2_common:/opt/ros/foxy LD_LIBRARY_PATH=/home/terra/nav2_ws/install/nav2_msgs/lib:${LD_LIBRARY_PATH} PYTHONPATH=/home/terra/nav2_ws/install/nav2_msgs/lib/python3.8/site-packages:/home/terra/nav2_ws/install/nav2_common/lib/python3.8/site-packages:${PYTHONPATH} /usr/bin/cmake --build /home/terra/nav2_ws/build/nav2_util -- -j8 -l8
[32.319s] Invoking command in '/home/terra/nav2_ws/build/nav2_util': AMENT_PREFIX_PATH=/home/terra/nav2_ws/install/nav2_msgs:/home/terra/nav2_ws/install/nav2_common:${AMENT_PREFIX_PATH} CMAKE_PREFIX_PATH=/home/terra/nav2_ws/install/nav2_msgs:/home/terra/nav2_ws/install/nav2_common:/opt/ros/foxy LD_LIBRARY_PATH=/home/terra/nav2_ws/install/nav2_msgs/lib:${LD_LIBRARY_PATH} PYTHONPATH=/home/terra/nav2_ws/install/nav2_msgs/lib/python3.8/site-packages:/home/terra/nav2_ws/install/nav2_common/lib/python3.8/site-packages:${PYTHONPATH} /usr/bin/cmake --install /home/terra/nav2_ws/build/nav2_util
[32.334s] -- Install configuration: "Release"
[32.334s] -- Execute custom install script
[32.335s] -- Symlinking: /home/terra/nav2_ws/install/nav2_util/lib/libnav2_util_core.so
[32.346s] -- Symlinking: /home/terra/nav2_ws/install/nav2_util/lib/nav2_util/lifecycle_bringup
[32.357s] -- Symlinking: /home/terra/nav2_ws/install/nav2_util/lib/nav2_util/dump_params
[32.368s] -- Symlinking: /home/terra/nav2_ws/install/nav2_util/include//nav2_util/clear_entirely_costmap_service_client.hpp
[32.381s] -- Symlinking: /home/terra/nav2_ws/install/nav2_util/include//nav2_util/costmap.hpp
[32.392s] -- Symlinking: /home/terra/nav2_ws/install/nav2_util/include//nav2_util/execution_timer.hpp
[32.403s] -- Symlinking: /home/terra/nav2_ws/install/nav2_util/include//nav2_util/geometry_utils.hpp
[32.413s] -- Symlinking: /home/terra/nav2_ws/install/nav2_util/include//nav2_util/lifecycle_node.hpp
[32.424s] -- Symlinking: /home/terra/nav2_ws/install/nav2_util/include//nav2_util/lifecycle_service_client.hpp
[32.435s] -- Symlinking: /home/terra/nav2_ws/install/nav2_util/include//nav2_util/lifecycle_utils.hpp
[32.447s] -- Symlinking: /home/terra/nav2_ws/install/nav2_util/include//nav2_util/line_iterator.hpp
[32.458s] -- Symlinking: /home/terra/nav2_ws/install/nav2_util/include//nav2_util/node_thread.hpp
[32.468s] -- Symlinking: /home/terra/nav2_ws/install/nav2_util/include//nav2_util/node_utils.hpp
[32.480s] -- Symlinking: /home/terra/nav2_ws/install/nav2_util/include//nav2_util/odometry_utils.hpp
[32.491s] -- Symlinking: /home/terra/nav2_ws/install/nav2_util/include//nav2_util/robot_utils.hpp
[32.502s] -- Symlinking: /home/terra/nav2_ws/install/nav2_util/include//nav2_util/service_client.hpp
[32.513s] -- Symlinking: /home/terra/nav2_ws/install/nav2_util/include//nav2_util/simple_action_server.hpp
[32.523s] -- Symlinking: /home/terra/nav2_ws/install/nav2_util/include//nav2_util/string_utils.hpp
[32.535s] -- Symlinking: /home/terra/nav2_ws/install/nav2_util/share/nav2_util/environment/library_path.sh
[32.546s] -- Symlinking: /home/terra/nav2_ws/install/nav2_util/share/nav2_util/environment/library_path.dsv
[32.557s] -- Symlinking: /home/terra/nav2_ws/install/nav2_util/share/ament_index/resource_index/package_run_dependencies/nav2_util
[32.568s] -- Symlinking: /home/terra/nav2_ws/install/nav2_util/share/ament_index/resource_index/parent_prefix_path/nav2_util
[32.579s] -- Symlinking: /home/terra/nav2_ws/install/nav2_util/share/nav2_util/environment/ament_prefix_path.sh
[32.590s] -- Symlinking: /home/terra/nav2_ws/install/nav2_util/share/nav2_util/environment/ament_prefix_path.dsv
[32.602s] -- Symlinking: /home/terra/nav2_ws/install/nav2_util/share/nav2_util/environment/path.sh
[32.613s] -- Symlinking: /home/terra/nav2_ws/install/nav2_util/share/nav2_util/environment/path.dsv
[32.624s] -- Symlinking: /home/terra/nav2_ws/install/nav2_util/share/nav2_util/local_setup.bash
[32.635s] -- Symlinking: /home/terra/nav2_ws/install/nav2_util/share/nav2_util/local_setup.sh
[32.646s] -- Symlinking: /home/terra/nav2_ws/install/nav2_util/share/nav2_util/local_setup.zsh
[32.657s] -- Symlinking: /home/terra/nav2_ws/install/nav2_util/share/nav2_util/local_setup.dsv
[32.668s] -- Symlinking: /home/terra/nav2_ws/install/nav2_util/share/nav2_util/package.dsv
[32.680s] -- Symlinking: /home/terra/nav2_ws/install/nav2_util/share/ament_index/resource_index/packages/nav2_util
[32.691s] -- Symlinking: /home/terra/nav2_ws/install/nav2_util/share/nav2_util/cmake/ament_cmake_export_include_directories-extras.cmake
[32.702s] -- Symlinking: /home/terra/nav2_ws/install/nav2_util/share/nav2_util/cmake/ament_cmake_export_libraries-extras.cmake
[32.713s] -- Symlinking: /home/terra/nav2_ws/install/nav2_util/share/nav2_util/cmake/ament_cmake_export_dependencies-extras.cmake
[32.724s] -- Symlinking: /home/terra/nav2_ws/install/nav2_util/share/nav2_util/cmake/nav2_utilConfig.cmake
[32.735s] -- Symlinking: /home/terra/nav2_ws/install/nav2_util/share/nav2_util/cmake/nav2_utilConfig-version.cmake
[32.746s] -- Symlinking: /home/terra/nav2_ws/install/nav2_util/share/nav2_util/package.xml
[32.759s] Invoked command in '/home/terra/nav2_ws/build/nav2_util' returned '0': AMENT_PREFIX_PATH=/home/terra/nav2_ws/install/nav2_msgs:/home/terra/nav2_ws/install/nav2_common:${AMENT_PREFIX_PATH} CMAKE_PREFIX_PATH=/home/terra/nav2_ws/install/nav2_msgs:/home/terra/nav2_ws/install/nav2_common:/opt/ros/foxy LD_LIBRARY_PATH=/home/terra/nav2_ws/install/nav2_msgs/lib:${LD_LIBRARY_PATH} PYTHONPATH=/home/terra/nav2_ws/install/nav2_msgs/lib/python3.8/site-packages:/home/terra/nav2_ws/install/nav2_common/lib/python3.8/site-packages:${PYTHONPATH} /usr/bin/cmake --install /home/terra/nav2_ws/build/nav2_util
