[0.265s] DEBUG:colcon:Command line arguments: ['/usr/bin/colcon', 'build', '--packages-select', 'nav2_straightline_demo']
[0.266s] DEBUG:colcon:Parsed command line arguments: Namespace(allow_overriding=[], ament_cmake_args=None, base_paths=['.'], build_base='build', catkin_cmake_args=None, catkin_skip_building_tests=False, cmake_args=None, cmake_clean_cache=False, cmake_clean_first=False, cmake_force_configure=False, cmake_target=None, cmake_target_skip_unavailable=False, continue_on_error=False, event_handlers=None, executor='parallel', ignore_user_meta=False, install_base='install', log_base=None, log_level=None, main=<bound method BuildVerb.main of <colcon_core.verb.build.BuildVerb object at 0x7ff1fb4e8af0>>, merge_install=False, metas=['./colcon.meta'], packages_above=None, packages_above_and_dependencies=None, packages_above_depth=None, packages_end=None, packages_ignore=None, packages_ignore_regex=None, packages_select=['nav2_straightline_demo'], packages_select_build_failed=False, packages_select_by_dep=None, packages_select_regex=None, packages_select_test_failures=False, packages_skip=None, packages_skip_build_finished=False, packages_skip_by_dep=None, packages_skip_regex=None, packages_skip_test_passed=False, packages_skip_up_to=None, packages_start=None, packages_up_to=None, packages_up_to_regex=None, parallel_workers=8, paths=None, symlink_install=False, test_result_base=None, verb_extension=<colcon_core.verb.build.BuildVerb object at 0x7ff1fb4e8af0>, verb_name='build', verb_parser=<colcon_defaults.argument_parser.defaults.DefaultArgumentsDecorator object at 0x7ff1fb4f20a0>)
[0.307s] Level 1:colcon.colcon_core.package_discovery:discover_packages(colcon_meta) check parameters
[0.308s] Level 1:colcon.colcon_core.package_discovery:discover_packages(recursive) check parameters
[0.308s] Level 1:colcon.colcon_core.package_discovery:discover_packages(ignore) check parameters
[0.308s] Level 1:colcon.colcon_core.package_discovery:discover_packages(path) check parameters
[0.308s] Level 1:colcon.colcon_core.package_discovery:discover_packages(colcon_meta) discover
[0.308s] Level 1:colcon.colcon_core.package_discovery:discover_packages(recursive) discover
[0.308s] INFO:colcon.colcon_core.package_discovery:Crawling recursively for packages in '/home/terra/nav2_ws'
[0.308s] Level 1:colcon.colcon_core.package_identification:_identify(.) by extensions ['ignore', 'ignore_ament_install']
[0.308s] Level 1:colcon.colcon_core.package_identification:_identify(.) by extension 'ignore'
[0.308s] Level 1:colcon.colcon_core.package_identification:_identify(.) by extension 'ignore_ament_install'
[0.309s] Level 1:colcon.colcon_core.package_identification:_identify(.) by extensions ['colcon_pkg']
[0.309s] Level 1:colcon.colcon_core.package_identification:_identify(.) by extension 'colcon_pkg'
[0.309s] Level 1:colcon.colcon_core.package_identification:_identify(.) by extensions ['colcon_meta']
[0.309s] Level 1:colcon.colcon_core.package_identification:_identify(.) by extension 'colcon_meta'
[0.309s] Level 1:colcon.colcon_core.package_identification:_identify(.) by extensions ['ros']
[0.309s] Level 1:colcon.colcon_core.package_identification:_identify(.) by extension 'ros'
[0.336s] Level 1:colcon.colcon_core.package_identification:_identify(.) by extensions ['cmake', 'python']
[0.336s] Level 1:colcon.colcon_core.package_identification:_identify(.) by extension 'cmake'
[0.336s] Level 1:colcon.colcon_core.package_identification:_identify(.) by extension 'python'
[0.336s] Level 1:colcon.colcon_core.package_identification:_identify(.) by extensions ['python_setup_py']
[0.336s] Level 1:colcon.colcon_core.package_identification:_identify(.) by extension 'python_setup_py'
[0.336s] Level 1:colcon.colcon_core.package_identification:_identify(build) by extensions ['ignore', 'ignore_ament_install']
[0.337s] Level 1:colcon.colcon_core.package_identification:_identify(build) by extension 'ignore'
[0.337s] Level 1:colcon.colcon_core.package_identification:_identify(build) ignored
[0.337s] Level 1:colcon.colcon_core.package_identification:_identify(install) by extensions ['ignore', 'ignore_ament_install']
[0.337s] Level 1:colcon.colcon_core.package_identification:_identify(install) by extension 'ignore'
[0.337s] Level 1:colcon.colcon_core.package_identification:_identify(install) ignored
[0.337s] Level 1:colcon.colcon_core.package_identification:_identify(log) by extensions ['ignore', 'ignore_ament_install']
[0.337s] Level 1:colcon.colcon_core.package_identification:_identify(log) by extension 'ignore'
[0.337s] Level 1:colcon.colcon_core.package_identification:_identify(log) ignored
[0.338s] Level 1:colcon.colcon_core.package_identification:_identify(src) by extensions ['ignore', 'ignore_ament_install']
[0.338s] Level 1:colcon.colcon_core.package_identification:_identify(src) by extension 'ignore'
[0.338s] Level 1:colcon.colcon_core.package_identification:_identify(src) by extension 'ignore_ament_install'
[0.338s] Level 1:colcon.colcon_core.package_identification:_identify(src) by extensions ['colcon_pkg']
[0.338s] Level 1:colcon.colcon_core.package_identification:_identify(src) by extension 'colcon_pkg'
[0.338s] Level 1:colcon.colcon_core.package_identification:_identify(src) by extensions ['colcon_meta']
[0.338s] Level 1:colcon.colcon_core.package_identification:_identify(src) by extension 'colcon_meta'
[0.338s] Level 1:colcon.colcon_core.package_identification:_identify(src) by extensions ['ros']
[0.338s] Level 1:colcon.colcon_core.package_identification:_identify(src) by extension 'ros'
[0.338s] Level 1:colcon.colcon_core.package_identification:_identify(src) by extensions ['cmake', 'python']
[0.339s] Level 1:colcon.colcon_core.package_identification:_identify(src) by extension 'cmake'
[0.339s] Level 1:colcon.colcon_core.package_identification:_identify(src) by extension 'python'
[0.339s] Level 1:colcon.colcon_core.package_identification:_identify(src) by extensions ['python_setup_py']
[0.339s] Level 1:colcon.colcon_core.package_identification:_identify(src) by extension 'python_setup_py'
[0.339s] Level 1:colcon.colcon_core.package_identification:_identify(src/doc) by extensions ['ignore', 'ignore_ament_install']
[0.339s] Level 1:colcon.colcon_core.package_identification:_identify(src/doc) by extension 'ignore'
[0.339s] Level 1:colcon.colcon_core.package_identification:_identify(src/doc) by extension 'ignore_ament_install'
[0.339s] Level 1:colcon.colcon_core.package_identification:_identify(src/doc) by extensions ['colcon_pkg']
[0.339s] Level 1:colcon.colcon_core.package_identification:_identify(src/doc) by extension 'colcon_pkg'
[0.340s] Level 1:colcon.colcon_core.package_identification:_identify(src/doc) by extensions ['colcon_meta']
[0.340s] Level 1:colcon.colcon_core.package_identification:_identify(src/doc) by extension 'colcon_meta'
[0.340s] Level 1:colcon.colcon_core.package_identification:_identify(src/doc) by extensions ['ros']
[0.340s] Level 1:colcon.colcon_core.package_identification:_identify(src/doc) by extension 'ros'
[0.340s] Level 1:colcon.colcon_core.package_identification:_identify(src/doc) by extensions ['cmake', 'python']
[0.340s] Level 1:colcon.colcon_core.package_identification:_identify(src/doc) by extension 'cmake'
[0.340s] Level 1:colcon.colcon_core.package_identification:_identify(src/doc) by extension 'python'
[0.340s] Level 1:colcon.colcon_core.package_identification:_identify(src/doc) by extensions ['python_setup_py']
[0.340s] Level 1:colcon.colcon_core.package_identification:_identify(src/doc) by extension 'python_setup_py'
[0.340s] Level 1:colcon.colcon_core.package_identification:_identify(src/doc/architecture) by extensions ['ignore', 'ignore_ament_install']
[0.340s] Level 1:colcon.colcon_core.package_identification:_identify(src/doc/architecture) by extension 'ignore'
[0.341s] Level 1:colcon.colcon_core.package_identification:_identify(src/doc/architecture) by extension 'ignore_ament_install'
[0.341s] Level 1:colcon.colcon_core.package_identification:_identify(src/doc/architecture) by extensions ['colcon_pkg']
[0.341s] Level 1:colcon.colcon_core.package_identification:_identify(src/doc/architecture) by extension 'colcon_pkg'
[0.341s] Level 1:colcon.colcon_core.package_identification:_identify(src/doc/architecture) by extensions ['colcon_meta']
[0.341s] Level 1:colcon.colcon_core.package_identification:_identify(src/doc/architecture) by extension 'colcon_meta'
[0.341s] Level 1:colcon.colcon_core.package_identification:_identify(src/doc/architecture) by extensions ['ros']
[0.341s] Level 1:colcon.colcon_core.package_identification:_identify(src/doc/architecture) by extension 'ros'
[0.341s] Level 1:colcon.colcon_core.package_identification:_identify(src/doc/architecture) by extensions ['cmake', 'python']
[0.341s] Level 1:colcon.colcon_core.package_identification:_identify(src/doc/architecture) by extension 'cmake'
[0.341s] Level 1:colcon.colcon_core.package_identification:_identify(src/doc/architecture) by extension 'python'
[0.341s] Level 1:colcon.colcon_core.package_identification:_identify(src/doc/architecture) by extensions ['python_setup_py']
[0.341s] Level 1:colcon.colcon_core.package_identification:_identify(src/doc/architecture) by extension 'python_setup_py'
[0.341s] Level 1:colcon.colcon_core.package_identification:_identify(src/doc/design) by extensions ['ignore', 'ignore_ament_install']
[0.342s] Level 1:colcon.colcon_core.package_identification:_identify(src/doc/design) by extension 'ignore'
[0.342s] Level 1:colcon.colcon_core.package_identification:_identify(src/doc/design) by extension 'ignore_ament_install'
[0.342s] Level 1:colcon.colcon_core.package_identification:_identify(src/doc/design) by extensions ['colcon_pkg']
[0.342s] Level 1:colcon.colcon_core.package_identification:_identify(src/doc/design) by extension 'colcon_pkg'
[0.342s] Level 1:colcon.colcon_core.package_identification:_identify(src/doc/design) by extensions ['colcon_meta']
[0.342s] Level 1:colcon.colcon_core.package_identification:_identify(src/doc/design) by extension 'colcon_meta'
[0.342s] Level 1:colcon.colcon_core.package_identification:_identify(src/doc/design) by extensions ['ros']
[0.342s] Level 1:colcon.colcon_core.package_identification:_identify(src/doc/design) by extension 'ros'
[0.342s] Level 1:colcon.colcon_core.package_identification:_identify(src/doc/design) by extensions ['cmake', 'python']
[0.342s] Level 1:colcon.colcon_core.package_identification:_identify(src/doc/design) by extension 'cmake'
[0.342s] Level 1:colcon.colcon_core.package_identification:_identify(src/doc/design) by extension 'python'
[0.342s] Level 1:colcon.colcon_core.package_identification:_identify(src/doc/design) by extensions ['python_setup_py']
[0.342s] Level 1:colcon.colcon_core.package_identification:_identify(src/doc/design) by extension 'python_setup_py'
[0.342s] Level 1:colcon.colcon_core.package_identification:_identify(src/doc/parameters) by extensions ['ignore', 'ignore_ament_install']
[0.342s] Level 1:colcon.colcon_core.package_identification:_identify(src/doc/parameters) by extension 'ignore'
[0.343s] Level 1:colcon.colcon_core.package_identification:_identify(src/doc/parameters) by extension 'ignore_ament_install'
[0.343s] Level 1:colcon.colcon_core.package_identification:_identify(src/doc/parameters) by extensions ['colcon_pkg']
[0.343s] Level 1:colcon.colcon_core.package_identification:_identify(src/doc/parameters) by extension 'colcon_pkg'
[0.343s] Level 1:colcon.colcon_core.package_identification:_identify(src/doc/parameters) by extensions ['colcon_meta']
[0.343s] Level 1:colcon.colcon_core.package_identification:_identify(src/doc/parameters) by extension 'colcon_meta'
[0.343s] Level 1:colcon.colcon_core.package_identification:_identify(src/doc/parameters) by extensions ['ros']
[0.343s] Level 1:colcon.colcon_core.package_identification:_identify(src/doc/parameters) by extension 'ros'
[0.343s] Level 1:colcon.colcon_core.package_identification:_identify(src/doc/parameters) by extensions ['cmake', 'python']
[0.343s] Level 1:colcon.colcon_core.package_identification:_identify(src/doc/parameters) by extension 'cmake'
[0.343s] Level 1:colcon.colcon_core.package_identification:_identify(src/doc/parameters) by extension 'python'
[0.343s] Level 1:colcon.colcon_core.package_identification:_identify(src/doc/parameters) by extensions ['python_setup_py']
[0.343s] Level 1:colcon.colcon_core.package_identification:_identify(src/doc/parameters) by extension 'python_setup_py'
[0.344s] Level 1:colcon.colcon_core.package_identification:_identify(src/doc/process) by extensions ['ignore', 'ignore_ament_install']
[0.344s] Level 1:colcon.colcon_core.package_identification:_identify(src/doc/process) by extension 'ignore'
[0.344s] Level 1:colcon.colcon_core.package_identification:_identify(src/doc/process) by extension 'ignore_ament_install'
[0.344s] Level 1:colcon.colcon_core.package_identification:_identify(src/doc/process) by extensions ['colcon_pkg']
[0.344s] Level 1:colcon.colcon_core.package_identification:_identify(src/doc/process) by extension 'colcon_pkg'
[0.344s] Level 1:colcon.colcon_core.package_identification:_identify(src/doc/process) by extensions ['colcon_meta']
[0.344s] Level 1:colcon.colcon_core.package_identification:_identify(src/doc/process) by extension 'colcon_meta'
[0.344s] Level 1:colcon.colcon_core.package_identification:_identify(src/doc/process) by extensions ['ros']
[0.344s] Level 1:colcon.colcon_core.package_identification:_identify(src/doc/process) by extension 'ros'
[0.344s] Level 1:colcon.colcon_core.package_identification:_identify(src/doc/process) by extensions ['cmake', 'python']
[0.344s] Level 1:colcon.colcon_core.package_identification:_identify(src/doc/process) by extension 'cmake'
[0.344s] Level 1:colcon.colcon_core.package_identification:_identify(src/doc/process) by extension 'python'
[0.345s] Level 1:colcon.colcon_core.package_identification:_identify(src/doc/process) by extensions ['python_setup_py']
[0.345s] Level 1:colcon.colcon_core.package_identification:_identify(src/doc/process) by extension 'python_setup_py'
[0.345s] Level 1:colcon.colcon_core.package_identification:_identify(src/doc/requirements) by extensions ['ignore', 'ignore_ament_install']
[0.345s] Level 1:colcon.colcon_core.package_identification:_identify(src/doc/requirements) by extension 'ignore'
[0.345s] Level 1:colcon.colcon_core.package_identification:_identify(src/doc/requirements) by extension 'ignore_ament_install'
[0.345s] Level 1:colcon.colcon_core.package_identification:_identify(src/doc/requirements) by extensions ['colcon_pkg']
[0.345s] Level 1:colcon.colcon_core.package_identification:_identify(src/doc/requirements) by extension 'colcon_pkg'
[0.345s] Level 1:colcon.colcon_core.package_identification:_identify(src/doc/requirements) by extensions ['colcon_meta']
[0.345s] Level 1:colcon.colcon_core.package_identification:_identify(src/doc/requirements) by extension 'colcon_meta'
[0.345s] Level 1:colcon.colcon_core.package_identification:_identify(src/doc/requirements) by extensions ['ros']
[0.345s] Level 1:colcon.colcon_core.package_identification:_identify(src/doc/requirements) by extension 'ros'
[0.346s] Level 1:colcon.colcon_core.package_identification:_identify(src/doc/requirements) by extensions ['cmake', 'python']
[0.346s] Level 1:colcon.colcon_core.package_identification:_identify(src/doc/requirements) by extension 'cmake'
[0.346s] Level 1:colcon.colcon_core.package_identification:_identify(src/doc/requirements) by extension 'python'
[0.346s] Level 1:colcon.colcon_core.package_identification:_identify(src/doc/requirements) by extensions ['python_setup_py']
[0.346s] Level 1:colcon.colcon_core.package_identification:_identify(src/doc/requirements) by extension 'python_setup_py'
[0.346s] Level 1:colcon.colcon_core.package_identification:_identify(src/doc/requirements/images) by extensions ['ignore', 'ignore_ament_install']
[0.346s] Level 1:colcon.colcon_core.package_identification:_identify(src/doc/requirements/images) by extension 'ignore'
[0.346s] Level 1:colcon.colcon_core.package_identification:_identify(src/doc/requirements/images) by extension 'ignore_ament_install'
[0.346s] Level 1:colcon.colcon_core.package_identification:_identify(src/doc/requirements/images) by extensions ['colcon_pkg']
[0.346s] Level 1:colcon.colcon_core.package_identification:_identify(src/doc/requirements/images) by extension 'colcon_pkg'
[0.346s] Level 1:colcon.colcon_core.package_identification:_identify(src/doc/requirements/images) by extensions ['colcon_meta']
[0.346s] Level 1:colcon.colcon_core.package_identification:_identify(src/doc/requirements/images) by extension 'colcon_meta'
[0.346s] Level 1:colcon.colcon_core.package_identification:_identify(src/doc/requirements/images) by extensions ['ros']
[0.347s] Level 1:colcon.colcon_core.package_identification:_identify(src/doc/requirements/images) by extension 'ros'
[0.347s] Level 1:colcon.colcon_core.package_identification:_identify(src/doc/requirements/images) by extensions ['cmake', 'python']
[0.347s] Level 1:colcon.colcon_core.package_identification:_identify(src/doc/requirements/images) by extension 'cmake'
[0.347s] Level 1:colcon.colcon_core.package_identification:_identify(src/doc/requirements/images) by extension 'python'
[0.347s] Level 1:colcon.colcon_core.package_identification:_identify(src/doc/requirements/images) by extensions ['python_setup_py']
[0.347s] Level 1:colcon.colcon_core.package_identification:_identify(src/doc/requirements/images) by extension 'python_setup_py'
[0.347s] Level 1:colcon.colcon_core.package_identification:_identify(src/doc/use_cases) by extensions ['ignore', 'ignore_ament_install']
[0.347s] Level 1:colcon.colcon_core.package_identification:_identify(src/doc/use_cases) by extension 'ignore'
[0.347s] Level 1:colcon.colcon_core.package_identification:_identify(src/doc/use_cases) by extension 'ignore_ament_install'
[0.347s] Level 1:colcon.colcon_core.package_identification:_identify(src/doc/use_cases) by extensions ['colcon_pkg']
[0.347s] Level 1:colcon.colcon_core.package_identification:_identify(src/doc/use_cases) by extension 'colcon_pkg'
[0.347s] Level 1:colcon.colcon_core.package_identification:_identify(src/doc/use_cases) by extensions ['colcon_meta']
[0.347s] Level 1:colcon.colcon_core.package_identification:_identify(src/doc/use_cases) by extension 'colcon_meta'
[0.348s] Level 1:colcon.colcon_core.package_identification:_identify(src/doc/use_cases) by extensions ['ros']
[0.348s] Level 1:colcon.colcon_core.package_identification:_identify(src/doc/use_cases) by extension 'ros'
[0.348s] Level 1:colcon.colcon_core.package_identification:_identify(src/doc/use_cases) by extensions ['cmake', 'python']
[0.348s] Level 1:colcon.colcon_core.package_identification:_identify(src/doc/use_cases) by extension 'cmake'
[0.348s] Level 1:colcon.colcon_core.package_identification:_identify(src/doc/use_cases) by extension 'python'
[0.348s] Level 1:colcon.colcon_core.package_identification:_identify(src/doc/use_cases) by extensions ['python_setup_py']
[0.348s] Level 1:colcon.colcon_core.package_identification:_identify(src/doc/use_cases) by extension 'python_setup_py'
[0.348s] Level 1:colcon.colcon_core.package_identification:_identify(src/nav2_amcl) by extensions ['ignore', 'ignore_ament_install']
[0.348s] Level 1:colcon.colcon_core.package_identification:_identify(src/nav2_amcl) by extension 'ignore'
[0.348s] Level 1:colcon.colcon_core.package_identification:_identify(src/nav2_amcl) by extension 'ignore_ament_install'
[0.348s] Level 1:colcon.colcon_core.package_identification:_identify(src/nav2_amcl) by extensions ['colcon_pkg']
[0.348s] Level 1:colcon.colcon_core.package_identification:_identify(src/nav2_amcl) by extension 'colcon_pkg'
[0.349s] Level 1:colcon.colcon_core.package_identification:_identify(src/nav2_amcl) by extensions ['colcon_meta']
[0.349s] Level 1:colcon.colcon_core.package_identification:_identify(src/nav2_amcl) by extension 'colcon_meta'
[0.349s] Level 1:colcon.colcon_core.package_identification:_identify(src/nav2_amcl) by extensions ['ros']
[0.349s] Level 1:colcon.colcon_core.package_identification:_identify(src/nav2_amcl) by extension 'ros'
[0.355s] DEBUG:colcon.colcon_core.package_identification:Package 'src/nav2_amcl' with type 'ros.ament_cmake' and name 'nav2_amcl'
[0.355s] Level 1:colcon.colcon_core.package_identification:_identify(src/nav2_behavior_tree) by extensions ['ignore', 'ignore_ament_install']
[0.355s] Level 1:colcon.colcon_core.package_identification:_identify(src/nav2_behavior_tree) by extension 'ignore'
[0.355s] Level 1:colcon.colcon_core.package_identification:_identify(src/nav2_behavior_tree) by extension 'ignore_ament_install'
[0.355s] Level 1:colcon.colcon_core.package_identification:_identify(src/nav2_behavior_tree) by extensions ['colcon_pkg']
[0.355s] Level 1:colcon.colcon_core.package_identification:_identify(src/nav2_behavior_tree) by extension 'colcon_pkg'
[0.355s] Level 1:colcon.colcon_core.package_identification:_identify(src/nav2_behavior_tree) by extensions ['colcon_meta']
[0.356s] Level 1:colcon.colcon_core.package_identification:_identify(src/nav2_behavior_tree) by extension 'colcon_meta'
[0.356s] Level 1:colcon.colcon_core.package_identification:_identify(src/nav2_behavior_tree) by extensions ['ros']
[0.356s] Level 1:colcon.colcon_core.package_identification:_identify(src/nav2_behavior_tree) by extension 'ros'
[0.358s] DEBUG:colcon.colcon_core.package_identification:Package 'src/nav2_behavior_tree' with type 'ros.ament_cmake' and name 'nav2_behavior_tree'
[0.358s] Level 1:colcon.colcon_core.package_identification:_identify(src/nav2_bringup) by extensions ['ignore', 'ignore_ament_install']
[0.358s] Level 1:colcon.colcon_core.package_identification:_identify(src/nav2_bringup) by extension 'ignore'
[0.358s] Level 1:colcon.colcon_core.package_identification:_identify(src/nav2_bringup) by extension 'ignore_ament_install'
[0.358s] Level 1:colcon.colcon_core.package_identification:_identify(src/nav2_bringup) by extensions ['colcon_pkg']
[0.358s] Level 1:colcon.colcon_core.package_identification:_identify(src/nav2_bringup) by extension 'colcon_pkg'
[0.358s] Level 1:colcon.colcon_core.package_identification:_identify(src/nav2_bringup) by extensions ['colcon_meta']
[0.358s] Level 1:colcon.colcon_core.package_identification:_identify(src/nav2_bringup) by extension 'colcon_meta'
[0.359s] Level 1:colcon.colcon_core.package_identification:_identify(src/nav2_bringup) by extensions ['ros']
[0.359s] Level 1:colcon.colcon_core.package_identification:_identify(src/nav2_bringup) by extension 'ros'
[0.359s] Level 1:colcon.colcon_core.package_identification:_identify(src/nav2_bringup) by extensions ['cmake', 'python']
[0.359s] Level 1:colcon.colcon_core.package_identification:_identify(src/nav2_bringup) by extension 'cmake'
[0.359s] Level 1:colcon.colcon_core.package_identification:_identify(src/nav2_bringup) by extension 'python'
[0.359s] Level 1:colcon.colcon_core.package_identification:_identify(src/nav2_bringup) by extensions ['python_setup_py']
[0.359s] Level 1:colcon.colcon_core.package_identification:_identify(src/nav2_bringup) by extension 'python_setup_py'
[0.359s] Level 1:colcon.colcon_core.package_identification:_identify(src/nav2_bringup/bringup) by extensions ['ignore', 'ignore_ament_install']
[0.359s] Level 1:colcon.colcon_core.package_identification:_identify(src/nav2_bringup/bringup) by extension 'ignore'
[0.359s] Level 1:colcon.colcon_core.package_identification:_identify(src/nav2_bringup/bringup) by extension 'ignore_ament_install'
[0.360s] Level 1:colcon.colcon_core.package_identification:_identify(src/nav2_bringup/bringup) by extensions ['colcon_pkg']
[0.360s] Level 1:colcon.colcon_core.package_identification:_identify(src/nav2_bringup/bringup) by extension 'colcon_pkg'
[0.360s] Level 1:colcon.colcon_core.package_identification:_identify(src/nav2_bringup/bringup) by extensions ['colcon_meta']
[0.360s] Level 1:colcon.colcon_core.package_identification:_identify(src/nav2_bringup/bringup) by extension 'colcon_meta'
[0.360s] Level 1:colcon.colcon_core.package_identification:_identify(src/nav2_bringup/bringup) by extensions ['ros']
[0.360s] Level 1:colcon.colcon_core.package_identification:_identify(src/nav2_bringup/bringup) by extension 'ros'
[0.361s] DEBUG:colcon.colcon_core.package_identification:Package 'src/nav2_bringup/bringup' with type 'ros.ament_cmake' and name 'nav2_bringup'
[0.361s] Level 1:colcon.colcon_core.package_identification:_identify(src/nav2_bringup/nav2_gazebo_spawner) by extensions ['ignore', 'ignore_ament_install']
[0.361s] Level 1:colcon.colcon_core.package_identification:_identify(src/nav2_bringup/nav2_gazebo_spawner) by extension 'ignore'
[0.361s] Level 1:colcon.colcon_core.package_identification:_identify(src/nav2_bringup/nav2_gazebo_spawner) by extension 'ignore_ament_install'
[0.361s] Level 1:colcon.colcon_core.package_identification:_identify(src/nav2_bringup/nav2_gazebo_spawner) by extensions ['colcon_pkg']
[0.361s] Level 1:colcon.colcon_core.package_identification:_identify(src/nav2_bringup/nav2_gazebo_spawner) by extension 'colcon_pkg'
[0.361s] Level 1:colcon.colcon_core.package_identification:_identify(src/nav2_bringup/nav2_gazebo_spawner) by extensions ['colcon_meta']
[0.361s] Level 1:colcon.colcon_core.package_identification:_identify(src/nav2_bringup/nav2_gazebo_spawner) by extension 'colcon_meta'
[0.362s] Level 1:colcon.colcon_core.package_identification:_identify(src/nav2_bringup/nav2_gazebo_spawner) by extensions ['ros']
[0.362s] Level 1:colcon.colcon_core.package_identification:_identify(src/nav2_bringup/nav2_gazebo_spawner) by extension 'ros'
[0.362s] DEBUG:colcon.colcon_core.package_identification:Package 'src/nav2_bringup/nav2_gazebo_spawner' with type 'ros.ament_python' and name 'nav2_gazebo_spawner'
[0.363s] Level 1:colcon.colcon_core.package_identification:_identify(src/nav2_bt_navigator) by extensions ['ignore', 'ignore_ament_install']
[0.363s] Level 1:colcon.colcon_core.package_identification:_identify(src/nav2_bt_navigator) by extension 'ignore'
[0.363s] Level 1:colcon.colcon_core.package_identification:_identify(src/nav2_bt_navigator) by extension 'ignore_ament_install'
[0.363s] Level 1:colcon.colcon_core.package_identification:_identify(src/nav2_bt_navigator) by extensions ['colcon_pkg']
[0.363s] Level 1:colcon.colcon_core.package_identification:_identify(src/nav2_bt_navigator) by extension 'colcon_pkg'
[0.363s] Level 1:colcon.colcon_core.package_identification:_identify(src/nav2_bt_navigator) by extensions ['colcon_meta']
[0.363s] Level 1:colcon.colcon_core.package_identification:_identify(src/nav2_bt_navigator) by extension 'colcon_meta'
[0.363s] Level 1:colcon.colcon_core.package_identification:_identify(src/nav2_bt_navigator) by extensions ['ros']
[0.363s] Level 1:colcon.colcon_core.package_identification:_identify(src/nav2_bt_navigator) by extension 'ros'
[0.365s] DEBUG:colcon.colcon_core.package_identification:Package 'src/nav2_bt_navigator' with type 'ros.ament_cmake' and name 'nav2_bt_navigator'
[0.365s] Level 1:colcon.colcon_core.package_identification:_identify(src/nav2_common) by extensions ['ignore', 'ignore_ament_install']
[0.366s] Level 1:colcon.colcon_core.package_identification:_identify(src/nav2_common) by extension 'ignore'
[0.366s] Level 1:colcon.colcon_core.package_identification:_identify(src/nav2_common) by extension 'ignore_ament_install'
[0.366s] Level 1:colcon.colcon_core.package_identification:_identify(src/nav2_common) by extensions ['colcon_pkg']
[0.366s] Level 1:colcon.colcon_core.package_identification:_identify(src/nav2_common) by extension 'colcon_pkg'
[0.366s] Level 1:colcon.colcon_core.package_identification:_identify(src/nav2_common) by extensions ['colcon_meta']
[0.366s] Level 1:colcon.colcon_core.package_identification:_identify(src/nav2_common) by extension 'colcon_meta'
[0.366s] Level 1:colcon.colcon_core.package_identification:_identify(src/nav2_common) by extensions ['ros']
[0.366s] Level 1:colcon.colcon_core.package_identification:_identify(src/nav2_common) by extension 'ros'
[0.368s] DEBUG:colcon.colcon_core.package_identification:Package 'src/nav2_common' with type 'ros.ament_cmake' and name 'nav2_common'
[0.368s] Level 1:colcon.colcon_core.package_identification:_identify(src/nav2_controller) by extensions ['ignore', 'ignore_ament_install']
[0.368s] Level 1:colcon.colcon_core.package_identification:_identify(src/nav2_controller) by extension 'ignore'
[0.368s] Level 1:colcon.colcon_core.package_identification:_identify(src/nav2_controller) by extension 'ignore_ament_install'
[0.368s] Level 1:colcon.colcon_core.package_identification:_identify(src/nav2_controller) by extensions ['colcon_pkg']
[0.368s] Level 1:colcon.colcon_core.package_identification:_identify(src/nav2_controller) by extension 'colcon_pkg'
[0.368s] Level 1:colcon.colcon_core.package_identification:_identify(src/nav2_controller) by extensions ['colcon_meta']
[0.368s] Level 1:colcon.colcon_core.package_identification:_identify(src/nav2_controller) by extension 'colcon_meta'
[0.369s] Level 1:colcon.colcon_core.package_identification:_identify(src/nav2_controller) by extensions ['ros']
[0.369s] Level 1:colcon.colcon_core.package_identification:_identify(src/nav2_controller) by extension 'ros'
[0.371s] DEBUG:colcon.colcon_core.package_identification:Package 'src/nav2_controller' with type 'ros.ament_cmake' and name 'nav2_controller'
[0.371s] Level 1:colcon.colcon_core.package_identification:_identify(src/nav2_core) by extensions ['ignore', 'ignore_ament_install']
[0.371s] Level 1:colcon.colcon_core.package_identification:_identify(src/nav2_core) by extension 'ignore'
[0.371s] Level 1:colcon.colcon_core.package_identification:_identify(src/nav2_core) by extension 'ignore_ament_install'
[0.372s] Level 1:colcon.colcon_core.package_identification:_identify(src/nav2_core) by extensions ['colcon_pkg']
[0.372s] Level 1:colcon.colcon_core.package_identification:_identify(src/nav2_core) by extension 'colcon_pkg'
[0.372s] Level 1:colcon.colcon_core.package_identification:_identify(src/nav2_core) by extensions ['colcon_meta']
[0.372s] Level 1:colcon.colcon_core.package_identification:_identify(src/nav2_core) by extension 'colcon_meta'
[0.372s] Level 1:colcon.colcon_core.package_identification:_identify(src/nav2_core) by extensions ['ros']
[0.372s] Level 1:colcon.colcon_core.package_identification:_identify(src/nav2_core) by extension 'ros'
[0.375s] DEBUG:colcon.colcon_core.package_identification:Package 'src/nav2_core' with type 'ros.ament_cmake' and name 'nav2_core'
[0.375s] Level 1:colcon.colcon_core.package_identification:_identify(src/nav2_costmap_2d) by extensions ['ignore', 'ignore_ament_install']
[0.375s] Level 1:colcon.colcon_core.package_identification:_identify(src/nav2_costmap_2d) by extension 'ignore'
[0.375s] Level 1:colcon.colcon_core.package_identification:_identify(src/nav2_costmap_2d) by extension 'ignore_ament_install'
[0.375s] Level 1:colcon.colcon_core.package_identification:_identify(src/nav2_costmap_2d) by extensions ['colcon_pkg']
[0.375s] Level 1:colcon.colcon_core.package_identification:_identify(src/nav2_costmap_2d) by extension 'colcon_pkg'
[0.375s] Level 1:colcon.colcon_core.package_identification:_identify(src/nav2_costmap_2d) by extensions ['colcon_meta']
[0.375s] Level 1:colcon.colcon_core.package_identification:_identify(src/nav2_costmap_2d) by extension 'colcon_meta'
[0.375s] Level 1:colcon.colcon_core.package_identification:_identify(src/nav2_costmap_2d) by extensions ['ros']
[0.375s] Level 1:colcon.colcon_core.package_identification:_identify(src/nav2_costmap_2d) by extension 'ros'
[0.379s] DEBUG:colcon.colcon_core.package_identification:Package 'src/nav2_costmap_2d' with type 'ros.ament_cmake' and name 'nav2_costmap_2d'
[0.380s] Level 1:colcon.colcon_core.package_identification:_identify(src/nav2_dwb_controller) by extensions ['ignore', 'ignore_ament_install']
[0.380s] Level 1:colcon.colcon_core.package_identification:_identify(src/nav2_dwb_controller) by extension 'ignore'
[0.380s] Level 1:colcon.colcon_core.package_identification:_identify(src/nav2_dwb_controller) by extension 'ignore_ament_install'
[0.380s] Level 1:colcon.colcon_core.package_identification:_identify(src/nav2_dwb_controller) by extensions ['colcon_pkg']
[0.380s] Level 1:colcon.colcon_core.package_identification:_identify(src/nav2_dwb_controller) by extension 'colcon_pkg'
[0.380s] Level 1:colcon.colcon_core.package_identification:_identify(src/nav2_dwb_controller) by extensions ['colcon_meta']
[0.380s] Level 1:colcon.colcon_core.package_identification:_identify(src/nav2_dwb_controller) by extension 'colcon_meta'
[0.380s] Level 1:colcon.colcon_core.package_identification:_identify(src/nav2_dwb_controller) by extensions ['ros']
[0.380s] Level 1:colcon.colcon_core.package_identification:_identify(src/nav2_dwb_controller) by extension 'ros'
[0.380s] Level 1:colcon.colcon_core.package_identification:_identify(src/nav2_dwb_controller) by extensions ['cmake', 'python']
[0.380s] Level 1:colcon.colcon_core.package_identification:_identify(src/nav2_dwb_controller) by extension 'cmake'
[0.381s] Level 1:colcon.colcon_core.package_identification:_identify(src/nav2_dwb_controller) by extension 'python'
[0.381s] Level 1:colcon.colcon_core.package_identification:_identify(src/nav2_dwb_controller) by extensions ['python_setup_py']
[0.381s] Level 1:colcon.colcon_core.package_identification:_identify(src/nav2_dwb_controller) by extension 'python_setup_py'
[0.381s] Level 1:colcon.colcon_core.package_identification:_identify(src/nav2_dwb_controller/costmap_queue) by extensions ['ignore', 'ignore_ament_install']
[0.381s] Level 1:colcon.colcon_core.package_identification:_identify(src/nav2_dwb_controller/costmap_queue) by extension 'ignore'
[0.381s] Level 1:colcon.colcon_core.package_identification:_identify(src/nav2_dwb_controller/costmap_queue) by extension 'ignore_ament_install'
[0.381s] Level 1:colcon.colcon_core.package_identification:_identify(src/nav2_dwb_controller/costmap_queue) by extensions ['colcon_pkg']
[0.381s] Level 1:colcon.colcon_core.package_identification:_identify(src/nav2_dwb_controller/costmap_queue) by extension 'colcon_pkg'
[0.381s] Level 1:colcon.colcon_core.package_identification:_identify(src/nav2_dwb_controller/costmap_queue) by extensions ['colcon_meta']
[0.381s] Level 1:colcon.colcon_core.package_identification:_identify(src/nav2_dwb_controller/costmap_queue) by extension 'colcon_meta'
[0.382s] Level 1:colcon.colcon_core.package_identification:_identify(src/nav2_dwb_controller/costmap_queue) by extensions ['ros']
[0.382s] Level 1:colcon.colcon_core.package_identification:_identify(src/nav2_dwb_controller/costmap_queue) by extension 'ros'
[0.383s] DEBUG:colcon.colcon_core.package_identification:Package 'src/nav2_dwb_controller/costmap_queue' with type 'ros.ament_cmake' and name 'costmap_queue'
[0.383s] Level 1:colcon.colcon_core.package_identification:_identify(src/nav2_dwb_controller/dwb_core) by extensions ['ignore', 'ignore_ament_install']
[0.383s] Level 1:colcon.colcon_core.package_identification:_identify(src/nav2_dwb_controller/dwb_core) by extension 'ignore'
[0.383s] Level 1:colcon.colcon_core.package_identification:_identify(src/nav2_dwb_controller/dwb_core) by extension 'ignore_ament_install'
[0.383s] Level 1:colcon.colcon_core.package_identification:_identify(src/nav2_dwb_controller/dwb_core) by extensions ['colcon_pkg']
[0.383s] Level 1:colcon.colcon_core.package_identification:_identify(src/nav2_dwb_controller/dwb_core) by extension 'colcon_pkg'
[0.384s] Level 1:colcon.colcon_core.package_identification:_identify(src/nav2_dwb_controller/dwb_core) by extensions ['colcon_meta']
[0.384s] Level 1:colcon.colcon_core.package_identification:_identify(src/nav2_dwb_controller/dwb_core) by extension 'colcon_meta'
[0.384s] Level 1:colcon.colcon_core.package_identification:_identify(src/nav2_dwb_controller/dwb_core) by extensions ['ros']
[0.384s] Level 1:colcon.colcon_core.package_identification:_identify(src/nav2_dwb_controller/dwb_core) by extension 'ros'
[0.385s] DEBUG:colcon.colcon_core.package_identification:Package 'src/nav2_dwb_controller/dwb_core' with type 'ros.ament_cmake' and name 'dwb_core'
[0.385s] Level 1:colcon.colcon_core.package_identification:_identify(src/nav2_dwb_controller/dwb_critics) by extensions ['ignore', 'ignore_ament_install']
[0.386s] Level 1:colcon.colcon_core.package_identification:_identify(src/nav2_dwb_controller/dwb_critics) by extension 'ignore'
[0.386s] Level 1:colcon.colcon_core.package_identification:_identify(src/nav2_dwb_controller/dwb_critics) by extension 'ignore_ament_install'
[0.386s] Level 1:colcon.colcon_core.package_identification:_identify(src/nav2_dwb_controller/dwb_critics) by extensions ['colcon_pkg']
[0.386s] Level 1:colcon.colcon_core.package_identification:_identify(src/nav2_dwb_controller/dwb_critics) by extension 'colcon_pkg'
[0.386s] Level 1:colcon.colcon_core.package_identification:_identify(src/nav2_dwb_controller/dwb_critics) by extensions ['colcon_meta']
[0.386s] Level 1:colcon.colcon_core.package_identification:_identify(src/nav2_dwb_controller/dwb_critics) by extension 'colcon_meta'
[0.386s] Level 1:colcon.colcon_core.package_identification:_identify(src/nav2_dwb_controller/dwb_critics) by extensions ['ros']
[0.386s] Level 1:colcon.colcon_core.package_identification:_identify(src/nav2_dwb_controller/dwb_critics) by extension 'ros'
[0.389s] DEBUG:colcon.colcon_core.package_identification:Package 'src/nav2_dwb_controller/dwb_critics' with type 'ros.ament_cmake' and name 'dwb_critics'
[0.389s] Level 1:colcon.colcon_core.package_identification:_identify(src/nav2_dwb_controller/dwb_msgs) by extensions ['ignore', 'ignore_ament_install']
[0.389s] Level 1:colcon.colcon_core.package_identification:_identify(src/nav2_dwb_controller/dwb_msgs) by extension 'ignore'
[0.389s] Level 1:colcon.colcon_core.package_identification:_identify(src/nav2_dwb_controller/dwb_msgs) by extension 'ignore_ament_install'
[0.389s] Level 1:colcon.colcon_core.package_identification:_identify(src/nav2_dwb_controller/dwb_msgs) by extensions ['colcon_pkg']
[0.389s] Level 1:colcon.colcon_core.package_identification:_identify(src/nav2_dwb_controller/dwb_msgs) by extension 'colcon_pkg'
[0.389s] Level 1:colcon.colcon_core.package_identification:_identify(src/nav2_dwb_controller/dwb_msgs) by extensions ['colcon_meta']
[0.390s] Level 1:colcon.colcon_core.package_identification:_identify(src/nav2_dwb_controller/dwb_msgs) by extension 'colcon_meta'
[0.390s] Level 1:colcon.colcon_core.package_identification:_identify(src/nav2_dwb_controller/dwb_msgs) by extensions ['ros']
[0.390s] Level 1:colcon.colcon_core.package_identification:_identify(src/nav2_dwb_controller/dwb_msgs) by extension 'ros'
[0.391s] DEBUG:colcon.colcon_core.package_identification:Package 'src/nav2_dwb_controller/dwb_msgs' with type 'ros.ament_cmake' and name 'dwb_msgs'
[0.391s] Level 1:colcon.colcon_core.package_identification:_identify(src/nav2_dwb_controller/dwb_plugins) by extensions ['ignore', 'ignore_ament_install']
[0.392s] Level 1:colcon.colcon_core.package_identification:_identify(src/nav2_dwb_controller/dwb_plugins) by extension 'ignore'
[0.392s] Level 1:colcon.colcon_core.package_identification:_identify(src/nav2_dwb_controller/dwb_plugins) by extension 'ignore_ament_install'
[0.392s] Level 1:colcon.colcon_core.package_identification:_identify(src/nav2_dwb_controller/dwb_plugins) by extensions ['colcon_pkg']
[0.392s] Level 1:colcon.colcon_core.package_identification:_identify(src/nav2_dwb_controller/dwb_plugins) by extension 'colcon_pkg'
[0.392s] Level 1:colcon.colcon_core.package_identification:_identify(src/nav2_dwb_controller/dwb_plugins) by extensions ['colcon_meta']
[0.392s] Level 1:colcon.colcon_core.package_identification:_identify(src/nav2_dwb_controller/dwb_plugins) by extension 'colcon_meta'
[0.392s] Level 1:colcon.colcon_core.package_identification:_identify(src/nav2_dwb_controller/dwb_plugins) by extensions ['ros']
[0.392s] Level 1:colcon.colcon_core.package_identification:_identify(src/nav2_dwb_controller/dwb_plugins) by extension 'ros'
[0.394s] DEBUG:colcon.colcon_core.package_identification:Package 'src/nav2_dwb_controller/dwb_plugins' with type 'ros.ament_cmake' and name 'dwb_plugins'
[0.395s] Level 1:colcon.colcon_core.package_identification:_identify(src/nav2_dwb_controller/images) by extensions ['ignore', 'ignore_ament_install']
[0.395s] Level 1:colcon.colcon_core.package_identification:_identify(src/nav2_dwb_controller/images) by extension 'ignore'
[0.395s] Level 1:colcon.colcon_core.package_identification:_identify(src/nav2_dwb_controller/images) by extension 'ignore_ament_install'
[0.395s] Level 1:colcon.colcon_core.package_identification:_identify(src/nav2_dwb_controller/images) by extensions ['colcon_pkg']
[0.395s] Level 1:colcon.colcon_core.package_identification:_identify(src/nav2_dwb_controller/images) by extension 'colcon_pkg'
[0.395s] Level 1:colcon.colcon_core.package_identification:_identify(src/nav2_dwb_controller/images) by extensions ['colcon_meta']
[0.395s] Level 1:colcon.colcon_core.package_identification:_identify(src/nav2_dwb_controller/images) by extension 'colcon_meta'
[0.395s] Level 1:colcon.colcon_core.package_identification:_identify(src/nav2_dwb_controller/images) by extensions ['ros']
[0.395s] Level 1:colcon.colcon_core.package_identification:_identify(src/nav2_dwb_controller/images) by extension 'ros'
[0.396s] Level 1:colcon.colcon_core.package_identification:_identify(src/nav2_dwb_controller/images) by extensions ['cmake', 'python']
[0.396s] Level 1:colcon.colcon_core.package_identification:_identify(src/nav2_dwb_controller/images) by extension 'cmake'
[0.396s] Level 1:colcon.colcon_core.package_identification:_identify(src/nav2_dwb_controller/images) by extension 'python'
[0.396s] Level 1:colcon.colcon_core.package_identification:_identify(src/nav2_dwb_controller/images) by extensions ['python_setup_py']
[0.396s] Level 1:colcon.colcon_core.package_identification:_identify(src/nav2_dwb_controller/images) by extension 'python_setup_py'
[0.396s] Level 1:colcon.colcon_core.package_identification:_identify(src/nav2_dwb_controller/nav2_dwb_controller) by extensions ['ignore', 'ignore_ament_install']
[0.396s] Level 1:colcon.colcon_core.package_identification:_identify(src/nav2_dwb_controller/nav2_dwb_controller) by extension 'ignore'
[0.396s] Level 1:colcon.colcon_core.package_identification:_identify(src/nav2_dwb_controller/nav2_dwb_controller) by extension 'ignore_ament_install'
[0.396s] Level 1:colcon.colcon_core.package_identification:_identify(src/nav2_dwb_controller/nav2_dwb_controller) by extensions ['colcon_pkg']
[0.397s] Level 1:colcon.colcon_core.package_identification:_identify(src/nav2_dwb_controller/nav2_dwb_controller) by extension 'colcon_pkg'
[0.397s] Level 1:colcon.colcon_core.package_identification:_identify(src/nav2_dwb_controller/nav2_dwb_controller) by extensions ['colcon_meta']
[0.397s] Level 1:colcon.colcon_core.package_identification:_identify(src/nav2_dwb_controller/nav2_dwb_controller) by extension 'colcon_meta'
[0.397s] Level 1:colcon.colcon_core.package_identification:_identify(src/nav2_dwb_controller/nav2_dwb_controller) by extensions ['ros']
[0.397s] Level 1:colcon.colcon_core.package_identification:_identify(src/nav2_dwb_controller/nav2_dwb_controller) by extension 'ros'
[0.399s] DEBUG:colcon.colcon_core.package_identification:Package 'src/nav2_dwb_controller/nav2_dwb_controller' with type 'ros.ament_cmake' and name 'nav2_dwb_controller'
[0.399s] Level 1:colcon.colcon_core.package_identification:_identify(src/nav2_dwb_controller/nav_2d_msgs) by extensions ['ignore', 'ignore_ament_install']
[0.399s] Level 1:colcon.colcon_core.package_identification:_identify(src/nav2_dwb_controller/nav_2d_msgs) by extension 'ignore'
[0.399s] Level 1:colcon.colcon_core.package_identification:_identify(src/nav2_dwb_controller/nav_2d_msgs) by extension 'ignore_ament_install'
[0.399s] Level 1:colcon.colcon_core.package_identification:_identify(src/nav2_dwb_controller/nav_2d_msgs) by extensions ['colcon_pkg']
[0.399s] Level 1:colcon.colcon_core.package_identification:_identify(src/nav2_dwb_controller/nav_2d_msgs) by extension 'colcon_pkg'
[0.399s] Level 1:colcon.colcon_core.package_identification:_identify(src/nav2_dwb_controller/nav_2d_msgs) by extensions ['colcon_meta']
[0.399s] Level 1:colcon.colcon_core.package_identification:_identify(src/nav2_dwb_controller/nav_2d_msgs) by extension 'colcon_meta'
[0.399s] Level 1:colcon.colcon_core.package_identification:_identify(src/nav2_dwb_controller/nav_2d_msgs) by extensions ['ros']
[0.400s] Level 1:colcon.colcon_core.package_identification:_identify(src/nav2_dwb_controller/nav_2d_msgs) by extension 'ros'
[0.401s] DEBUG:colcon.colcon_core.package_identification:Package 'src/nav2_dwb_controller/nav_2d_msgs' with type 'ros.ament_cmake' and name 'nav_2d_msgs'
[0.401s] Level 1:colcon.colcon_core.package_identification:_identify(src/nav2_dwb_controller/nav_2d_utils) by extensions ['ignore', 'ignore_ament_install']
[0.401s] Level 1:colcon.colcon_core.package_identification:_identify(src/nav2_dwb_controller/nav_2d_utils) by extension 'ignore'
[0.401s] Level 1:colcon.colcon_core.package_identification:_identify(src/nav2_dwb_controller/nav_2d_utils) by extension 'ignore_ament_install'
[0.401s] Level 1:colcon.colcon_core.package_identification:_identify(src/nav2_dwb_controller/nav_2d_utils) by extensions ['colcon_pkg']
[0.402s] Level 1:colcon.colcon_core.package_identification:_identify(src/nav2_dwb_controller/nav_2d_utils) by extension 'colcon_pkg'
[0.402s] Level 1:colcon.colcon_core.package_identification:_identify(src/nav2_dwb_controller/nav_2d_utils) by extensions ['colcon_meta']
[0.402s] Level 1:colcon.colcon_core.package_identification:_identify(src/nav2_dwb_controller/nav_2d_utils) by extension 'colcon_meta'
[0.402s] Level 1:colcon.colcon_core.package_identification:_identify(src/nav2_dwb_controller/nav_2d_utils) by extensions ['ros']
[0.402s] Level 1:colcon.colcon_core.package_identification:_identify(src/nav2_dwb_controller/nav_2d_utils) by extension 'ros'
[0.404s] DEBUG:colcon.colcon_core.package_identification:Package 'src/nav2_dwb_controller/nav_2d_utils' with type 'ros.ament_cmake' and name 'nav_2d_utils'
[0.404s] Level 1:colcon.colcon_core.package_identification:_identify(src/nav2_lifecycle_manager) by extensions ['ignore', 'ignore_ament_install']
[0.404s] Level 1:colcon.colcon_core.package_identification:_identify(src/nav2_lifecycle_manager) by extension 'ignore'
[0.404s] Level 1:colcon.colcon_core.package_identification:_identify(src/nav2_lifecycle_manager) by extension 'ignore_ament_install'
[0.404s] Level 1:colcon.colcon_core.package_identification:_identify(src/nav2_lifecycle_manager) by extensions ['colcon_pkg']
[0.404s] Level 1:colcon.colcon_core.package_identification:_identify(src/nav2_lifecycle_manager) by extension 'colcon_pkg'
[0.404s] Level 1:colcon.colcon_core.package_identification:_identify(src/nav2_lifecycle_manager) by extensions ['colcon_meta']
[0.404s] Level 1:colcon.colcon_core.package_identification:_identify(src/nav2_lifecycle_manager) by extension 'colcon_meta'
[0.404s] Level 1:colcon.colcon_core.package_identification:_identify(src/nav2_lifecycle_manager) by extensions ['ros']
[0.404s] Level 1:colcon.colcon_core.package_identification:_identify(src/nav2_lifecycle_manager) by extension 'ros'
[0.405s] DEBUG:colcon.colcon_core.package_identification:Package 'src/nav2_lifecycle_manager' with type 'ros.ament_cmake' and name 'nav2_lifecycle_manager'
[0.406s] Level 1:colcon.colcon_core.package_identification:_identify(src/nav2_map_server) by extensions ['ignore', 'ignore_ament_install']
[0.406s] Level 1:colcon.colcon_core.package_identification:_identify(src/nav2_map_server) by extension 'ignore'
[0.406s] Level 1:colcon.colcon_core.package_identification:_identify(src/nav2_map_server) by extension 'ignore_ament_install'
[0.406s] Level 1:colcon.colcon_core.package_identification:_identify(src/nav2_map_server) by extensions ['colcon_pkg']
[0.406s] Level 1:colcon.colcon_core.package_identification:_identify(src/nav2_map_server) by extension 'colcon_pkg'
[0.406s] Level 1:colcon.colcon_core.package_identification:_identify(src/nav2_map_server) by extensions ['colcon_meta']
[0.406s] Level 1:colcon.colcon_core.package_identification:_identify(src/nav2_map_server) by extension 'colcon_meta'
[0.406s] Level 1:colcon.colcon_core.package_identification:_identify(src/nav2_map_server) by extensions ['ros']
[0.406s] Level 1:colcon.colcon_core.package_identification:_identify(src/nav2_map_server) by extension 'ros'
[0.409s] DEBUG:colcon.colcon_core.package_identification:Package 'src/nav2_map_server' with type 'ros.ament_cmake' and name 'nav2_map_server'
[0.409s] Level 1:colcon.colcon_core.package_identification:_identify(src/nav2_msgs) by extensions ['ignore', 'ignore_ament_install']
[0.409s] Level 1:colcon.colcon_core.package_identification:_identify(src/nav2_msgs) by extension 'ignore'
[0.409s] Level 1:colcon.colcon_core.package_identification:_identify(src/nav2_msgs) by extension 'ignore_ament_install'
[0.409s] Level 1:colcon.colcon_core.package_identification:_identify(src/nav2_msgs) by extensions ['colcon_pkg']
[0.409s] Level 1:colcon.colcon_core.package_identification:_identify(src/nav2_msgs) by extension 'colcon_pkg'
[0.409s] Level 1:colcon.colcon_core.package_identification:_identify(src/nav2_msgs) by extensions ['colcon_meta']
[0.409s] Level 1:colcon.colcon_core.package_identification:_identify(src/nav2_msgs) by extension 'colcon_meta'
[0.409s] Level 1:colcon.colcon_core.package_identification:_identify(src/nav2_msgs) by extensions ['ros']
[0.409s] Level 1:colcon.colcon_core.package_identification:_identify(src/nav2_msgs) by extension 'ros'
[0.411s] DEBUG:colcon.colcon_core.package_identification:Package 'src/nav2_msgs' with type 'ros.ament_cmake' and name 'nav2_msgs'
[0.411s] Level 1:colcon.colcon_core.package_identification:_identify(src/nav2_navfn_planner) by extensions ['ignore', 'ignore_ament_install']
[0.411s] Level 1:colcon.colcon_core.package_identification:_identify(src/nav2_navfn_planner) by extension 'ignore'
[0.411s] Level 1:colcon.colcon_core.package_identification:_identify(src/nav2_navfn_planner) by extension 'ignore_ament_install'
[0.411s] Level 1:colcon.colcon_core.package_identification:_identify(src/nav2_navfn_planner) by extensions ['colcon_pkg']
[0.411s] Level 1:colcon.colcon_core.package_identification:_identify(src/nav2_navfn_planner) by extension 'colcon_pkg'
[0.411s] Level 1:colcon.colcon_core.package_identification:_identify(src/nav2_navfn_planner) by extensions ['colcon_meta']
[0.411s] Level 1:colcon.colcon_core.package_identification:_identify(src/nav2_navfn_planner) by extension 'colcon_meta'
[0.412s] Level 1:colcon.colcon_core.package_identification:_identify(src/nav2_navfn_planner) by extensions ['ros']
[0.412s] Level 1:colcon.colcon_core.package_identification:_identify(src/nav2_navfn_planner) by extension 'ros'
[0.414s] DEBUG:colcon.colcon_core.package_identification:Package 'src/nav2_navfn_planner' with type 'ros.ament_cmake' and name 'nav2_navfn_planner'
[0.414s] Level 1:colcon.colcon_core.package_identification:_identify(src/nav2_planner) by extensions ['ignore', 'ignore_ament_install']
[0.414s] Level 1:colcon.colcon_core.package_identification:_identify(src/nav2_planner) by extension 'ignore'
[0.414s] Level 1:colcon.colcon_core.package_identification:_identify(src/nav2_planner) by extension 'ignore_ament_install'
[0.414s] Level 1:colcon.colcon_core.package_identification:_identify(src/nav2_planner) by extensions ['colcon_pkg']
[0.414s] Level 1:colcon.colcon_core.package_identification:_identify(src/nav2_planner) by extension 'colcon_pkg'
[0.415s] Level 1:colcon.colcon_core.package_identification:_identify(src/nav2_planner) by extensions ['colcon_meta']
[0.415s] Level 1:colcon.colcon_core.package_identification:_identify(src/nav2_planner) by extension 'colcon_meta'
[0.415s] Level 1:colcon.colcon_core.package_identification:_identify(src/nav2_planner) by extensions ['ros']
[0.415s] Level 1:colcon.colcon_core.package_identification:_identify(src/nav2_planner) by extension 'ros'
[0.417s] DEBUG:colcon.colcon_core.package_identification:Package 'src/nav2_planner' with type 'ros.ament_cmake' and name 'nav2_planner'
[0.418s] Level 1:colcon.colcon_core.package_identification:_identify(src/nav2_recoveries) by extensions ['ignore', 'ignore_ament_install']
[0.418s] Level 1:colcon.colcon_core.package_identification:_identify(src/nav2_recoveries) by extension 'ignore'
[0.418s] Level 1:colcon.colcon_core.package_identification:_identify(src/nav2_recoveries) by extension 'ignore_ament_install'
[0.418s] Level 1:colcon.colcon_core.package_identification:_identify(src/nav2_recoveries) by extensions ['colcon_pkg']
[0.418s] Level 1:colcon.colcon_core.package_identification:_identify(src/nav2_recoveries) by extension 'colcon_pkg'
[0.418s] Level 1:colcon.colcon_core.package_identification:_identify(src/nav2_recoveries) by extensions ['colcon_meta']
[0.418s] Level 1:colcon.colcon_core.package_identification:_identify(src/nav2_recoveries) by extension 'colcon_meta'
[0.418s] Level 1:colcon.colcon_core.package_identification:_identify(src/nav2_recoveries) by extensions ['ros']
[0.419s] Level 1:colcon.colcon_core.package_identification:_identify(src/nav2_recoveries) by extension 'ros'
[0.420s] DEBUG:colcon.colcon_core.package_identification:Package 'src/nav2_recoveries' with type 'ros.ament_cmake' and name 'nav2_recoveries'
[0.420s] Level 1:colcon.colcon_core.package_identification:_identify(src/nav2_regulated_pure_pursuit_controller) by extensions ['ignore', 'ignore_ament_install']
[0.421s] Level 1:colcon.colcon_core.package_identification:_identify(src/nav2_regulated_pure_pursuit_controller) by extension 'ignore'
[0.421s] Level 1:colcon.colcon_core.package_identification:_identify(src/nav2_regulated_pure_pursuit_controller) by extension 'ignore_ament_install'
[0.421s] Level 1:colcon.colcon_core.package_identification:_identify(src/nav2_regulated_pure_pursuit_controller) by extensions ['colcon_pkg']
[0.421s] Level 1:colcon.colcon_core.package_identification:_identify(src/nav2_regulated_pure_pursuit_controller) by extension 'colcon_pkg'
[0.421s] Level 1:colcon.colcon_core.package_identification:_identify(src/nav2_regulated_pure_pursuit_controller) by extensions ['colcon_meta']
[0.421s] Level 1:colcon.colcon_core.package_identification:_identify(src/nav2_regulated_pure_pursuit_controller) by extension 'colcon_meta'
[0.421s] Level 1:colcon.colcon_core.package_identification:_identify(src/nav2_regulated_pure_pursuit_controller) by extensions ['ros']
[0.421s] Level 1:colcon.colcon_core.package_identification:_identify(src/nav2_regulated_pure_pursuit_controller) by extension 'ros'
[0.424s] DEBUG:colcon.colcon_core.package_identification:Package 'src/nav2_regulated_pure_pursuit_controller' with type 'ros.ament_cmake' and name 'nav2_regulated_pure_pursuit_controller'
[0.424s] Level 1:colcon.colcon_core.package_identification:_identify(src/nav2_rviz_plugins) by extensions ['ignore', 'ignore_ament_install']
[0.424s] Level 1:colcon.colcon_core.package_identification:_identify(src/nav2_rviz_plugins) by extension 'ignore'
[0.424s] Level 1:colcon.colcon_core.package_identification:_identify(src/nav2_rviz_plugins) by extension 'ignore_ament_install'
[0.424s] Level 1:colcon.colcon_core.package_identification:_identify(src/nav2_rviz_plugins) by extensions ['colcon_pkg']
[0.424s] Level 1:colcon.colcon_core.package_identification:_identify(src/nav2_rviz_plugins) by extension 'colcon_pkg'
[0.425s] Level 1:colcon.colcon_core.package_identification:_identify(src/nav2_rviz_plugins) by extensions ['colcon_meta']
[0.425s] Level 1:colcon.colcon_core.package_identification:_identify(src/nav2_rviz_plugins) by extension 'colcon_meta'
[0.425s] Level 1:colcon.colcon_core.package_identification:_identify(src/nav2_rviz_plugins) by extensions ['ros']
[0.425s] Level 1:colcon.colcon_core.package_identification:_identify(src/nav2_rviz_plugins) by extension 'ros'
[0.428s] DEBUG:colcon.colcon_core.package_identification:Package 'src/nav2_rviz_plugins' with type 'ros.ament_cmake' and name 'nav2_rviz_plugins'
[0.428s] Level 1:colcon.colcon_core.package_identification:_identify(src/nav2_straightline_demo) by extensions ['ignore', 'ignore_ament_install']
[0.428s] Level 1:colcon.colcon_core.package_identification:_identify(src/nav2_straightline_demo) by extension 'ignore'
[0.429s] Level 1:colcon.colcon_core.package_identification:_identify(src/nav2_straightline_demo) by extension 'ignore_ament_install'
[0.429s] Level 1:colcon.colcon_core.package_identification:_identify(src/nav2_straightline_demo) by extensions ['colcon_pkg']
[0.429s] Level 1:colcon.colcon_core.package_identification:_identify(src/nav2_straightline_demo) by extension 'colcon_pkg'
[0.429s] Level 1:colcon.colcon_core.package_identification:_identify(src/nav2_straightline_demo) by extensions ['colcon_meta']
[0.429s] Level 1:colcon.colcon_core.package_identification:_identify(src/nav2_straightline_demo) by extension 'colcon_meta'
[0.429s] Level 1:colcon.colcon_core.package_identification:_identify(src/nav2_straightline_demo) by extensions ['ros']
[0.429s] Level 1:colcon.colcon_core.package_identification:_identify(src/nav2_straightline_demo) by extension 'ros'
[0.430s] DEBUG:colcon.colcon_core.package_identification:Package 'src/nav2_straightline_demo' with type 'ros.ament_cmake' and name 'nav2_straightline_demo'
[0.430s] Level 1:colcon.colcon_core.package_identification:_identify(src/nav2_system_tests) by extensions ['ignore', 'ignore_ament_install']
[0.430s] Level 1:colcon.colcon_core.package_identification:_identify(src/nav2_system_tests) by extension 'ignore'
[0.430s] Level 1:colcon.colcon_core.package_identification:_identify(src/nav2_system_tests) by extension 'ignore_ament_install'
[0.431s] Level 1:colcon.colcon_core.package_identification:_identify(src/nav2_system_tests) by extensions ['colcon_pkg']
[0.431s] Level 1:colcon.colcon_core.package_identification:_identify(src/nav2_system_tests) by extension 'colcon_pkg'
[0.431s] Level 1:colcon.colcon_core.package_identification:_identify(src/nav2_system_tests) by extensions ['colcon_meta']
[0.431s] Level 1:colcon.colcon_core.package_identification:_identify(src/nav2_system_tests) by extension 'colcon_meta'
[0.431s] Level 1:colcon.colcon_core.package_identification:_identify(src/nav2_system_tests) by extensions ['ros']
[0.431s] Level 1:colcon.colcon_core.package_identification:_identify(src/nav2_system_tests) by extension 'ros'
[0.433s] DEBUG:colcon.colcon_core.package_identification:Package 'src/nav2_system_tests' with type 'ros.ament_cmake' and name 'nav2_system_tests'
[0.434s] Level 1:colcon.colcon_core.package_identification:_identify(src/nav2_util) by extensions ['ignore', 'ignore_ament_install']
[0.434s] Level 1:colcon.colcon_core.package_identification:_identify(src/nav2_util) by extension 'ignore'
[0.434s] Level 1:colcon.colcon_core.package_identification:_identify(src/nav2_util) by extension 'ignore_ament_install'
[0.434s] Level 1:colcon.colcon_core.package_identification:_identify(src/nav2_util) by extensions ['colcon_pkg']
[0.434s] Level 1:colcon.colcon_core.package_identification:_identify(src/nav2_util) by extension 'colcon_pkg'
[0.434s] Level 1:colcon.colcon_core.package_identification:_identify(src/nav2_util) by extensions ['colcon_meta']
[0.434s] Level 1:colcon.colcon_core.package_identification:_identify(src/nav2_util) by extension 'colcon_meta'
[0.434s] Level 1:colcon.colcon_core.package_identification:_identify(src/nav2_util) by extensions ['ros']
[0.434s] Level 1:colcon.colcon_core.package_identification:_identify(src/nav2_util) by extension 'ros'
[0.439s] DEBUG:colcon.colcon_core.package_identification:Package 'src/nav2_util' with type 'ros.ament_cmake' and name 'nav2_util'
[0.439s] Level 1:colcon.colcon_core.package_identification:_identify(src/nav2_voxel_grid) by extensions ['ignore', 'ignore_ament_install']
[0.439s] Level 1:colcon.colcon_core.package_identification:_identify(src/nav2_voxel_grid) by extension 'ignore'
[0.439s] Level 1:colcon.colcon_core.package_identification:_identify(src/nav2_voxel_grid) by extension 'ignore_ament_install'
[0.440s] Level 1:colcon.colcon_core.package_identification:_identify(src/nav2_voxel_grid) by extensions ['colcon_pkg']
[0.440s] Level 1:colcon.colcon_core.package_identification:_identify(src/nav2_voxel_grid) by extension 'colcon_pkg'
[0.440s] Level 1:colcon.colcon_core.package_identification:_identify(src/nav2_voxel_grid) by extensions ['colcon_meta']
[0.440s] Level 1:colcon.colcon_core.package_identification:_identify(src/nav2_voxel_grid) by extension 'colcon_meta'
[0.440s] Level 1:colcon.colcon_core.package_identification:_identify(src/nav2_voxel_grid) by extensions ['ros']
[0.440s] Level 1:colcon.colcon_core.package_identification:_identify(src/nav2_voxel_grid) by extension 'ros'
[0.441s] DEBUG:colcon.colcon_core.package_identification:Package 'src/nav2_voxel_grid' with type 'ros.ament_cmake' and name 'nav2_voxel_grid'
[0.441s] Level 1:colcon.colcon_core.package_identification:_identify(src/nav2_waypoint_follower) by extensions ['ignore', 'ignore_ament_install']
[0.441s] Level 1:colcon.colcon_core.package_identification:_identify(src/nav2_waypoint_follower) by extension 'ignore'
[0.442s] Level 1:colcon.colcon_core.package_identification:_identify(src/nav2_waypoint_follower) by extension 'ignore_ament_install'
[0.442s] Level 1:colcon.colcon_core.package_identification:_identify(src/nav2_waypoint_follower) by extensions ['colcon_pkg']
[0.442s] Level 1:colcon.colcon_core.package_identification:_identify(src/nav2_waypoint_follower) by extension 'colcon_pkg'
[0.442s] Level 1:colcon.colcon_core.package_identification:_identify(src/nav2_waypoint_follower) by extensions ['colcon_meta']
[0.442s] Level 1:colcon.colcon_core.package_identification:_identify(src/nav2_waypoint_follower) by extension 'colcon_meta'
[0.442s] Level 1:colcon.colcon_core.package_identification:_identify(src/nav2_waypoint_follower) by extensions ['ros']
[0.442s] Level 1:colcon.colcon_core.package_identification:_identify(src/nav2_waypoint_follower) by extension 'ros'
[0.444s] DEBUG:colcon.colcon_core.package_identification:Package 'src/nav2_waypoint_follower' with type 'ros.ament_cmake' and name 'nav2_waypoint_follower'
[0.444s] Level 1:colcon.colcon_core.package_identification:_identify(src/navigation2) by extensions ['ignore', 'ignore_ament_install']
[0.444s] Level 1:colcon.colcon_core.package_identification:_identify(src/navigation2) by extension 'ignore'
[0.444s] Level 1:colcon.colcon_core.package_identification:_identify(src/navigation2) by extension 'ignore_ament_install'
[0.444s] Level 1:colcon.colcon_core.package_identification:_identify(src/navigation2) by extensions ['colcon_pkg']
[0.444s] Level 1:colcon.colcon_core.package_identification:_identify(src/navigation2) by extension 'colcon_pkg'
[0.444s] Level 1:colcon.colcon_core.package_identification:_identify(src/navigation2) by extensions ['colcon_meta']
[0.445s] Level 1:colcon.colcon_core.package_identification:_identify(src/navigation2) by extension 'colcon_meta'
[0.445s] Level 1:colcon.colcon_core.package_identification:_identify(src/navigation2) by extensions ['ros']
[0.445s] Level 1:colcon.colcon_core.package_identification:_identify(src/navigation2) by extension 'ros'
[0.446s] DEBUG:colcon.colcon_core.package_identification:Package 'src/navigation2' with type 'ros.ament_cmake' and name 'navigation2'
[0.446s] Level 1:colcon.colcon_core.package_identification:_identify(src/navigation2_tutorials) by extensions ['ignore', 'ignore_ament_install']
[0.447s] Level 1:colcon.colcon_core.package_identification:_identify(src/navigation2_tutorials) by extension 'ignore'
[0.447s] Level 1:colcon.colcon_core.package_identification:_identify(src/navigation2_tutorials) by extension 'ignore_ament_install'
[0.447s] Level 1:colcon.colcon_core.package_identification:_identify(src/navigation2_tutorials) by extensions ['colcon_pkg']
[0.447s] Level 1:colcon.colcon_core.package_identification:_identify(src/navigation2_tutorials) by extension 'colcon_pkg'
[0.447s] Level 1:colcon.colcon_core.package_identification:_identify(src/navigation2_tutorials) by extensions ['colcon_meta']
[0.447s] Level 1:colcon.colcon_core.package_identification:_identify(src/navigation2_tutorials) by extension 'colcon_meta'
[0.447s] Level 1:colcon.colcon_core.package_identification:_identify(src/navigation2_tutorials) by extensions ['ros']
[0.447s] Level 1:colcon.colcon_core.package_identification:_identify(src/navigation2_tutorials) by extension 'ros'
[0.447s] Level 1:colcon.colcon_core.package_identification:_identify(src/navigation2_tutorials) by extensions ['cmake', 'python']
[0.447s] Level 1:colcon.colcon_core.package_identification:_identify(src/navigation2_tutorials) by extension 'cmake'
[0.448s] Level 1:colcon.colcon_core.package_identification:_identify(src/navigation2_tutorials) by extension 'python'
[0.448s] Level 1:colcon.colcon_core.package_identification:_identify(src/navigation2_tutorials) by extensions ['python_setup_py']
[0.448s] Level 1:colcon.colcon_core.package_identification:_identify(src/navigation2_tutorials) by extension 'python_setup_py'
[0.448s] Level 1:colcon.colcon_core.package_identification:_identify(src/navigation2_tutorials/nav2_costmap_filters_demo) by extensions ['ignore', 'ignore_ament_install']
[0.448s] Level 1:colcon.colcon_core.package_identification:_identify(src/navigation2_tutorials/nav2_costmap_filters_demo) by extension 'ignore'
[0.448s] Level 1:colcon.colcon_core.package_identification:_identify(src/navigation2_tutorials/nav2_costmap_filters_demo) by extension 'ignore_ament_install'
[0.448s] Level 1:colcon.colcon_core.package_identification:_identify(src/navigation2_tutorials/nav2_costmap_filters_demo) by extensions ['colcon_pkg']
[0.448s] Level 1:colcon.colcon_core.package_identification:_identify(src/navigation2_tutorials/nav2_costmap_filters_demo) by extension 'colcon_pkg'
[0.448s] Level 1:colcon.colcon_core.package_identification:_identify(src/navigation2_tutorials/nav2_costmap_filters_demo) by extensions ['colcon_meta']
[0.448s] Level 1:colcon.colcon_core.package_identification:_identify(src/navigation2_tutorials/nav2_costmap_filters_demo) by extension 'colcon_meta'
[0.449s] Level 1:colcon.colcon_core.package_identification:_identify(src/navigation2_tutorials/nav2_costmap_filters_demo) by extensions ['ros']
[0.449s] Level 1:colcon.colcon_core.package_identification:_identify(src/navigation2_tutorials/nav2_costmap_filters_demo) by extension 'ros'
[0.449s] DEBUG:colcon.colcon_core.package_identification:Package 'src/navigation2_tutorials/nav2_costmap_filters_demo' with type 'ros.ament_cmake' and name 'nav2_costmap_filters_demo'
[0.450s] Level 1:colcon.colcon_core.package_identification:_identify(src/navigation2_tutorials/nav2_gradient_costmap_plugin) by extensions ['ignore', 'ignore_ament_install']
[0.450s] Level 1:colcon.colcon_core.package_identification:_identify(src/navigation2_tutorials/nav2_gradient_costmap_plugin) by extension 'ignore'
[0.450s] Level 1:colcon.colcon_core.package_identification:_identify(src/navigation2_tutorials/nav2_gradient_costmap_plugin) by extension 'ignore_ament_install'
[0.450s] Level 1:colcon.colcon_core.package_identification:_identify(src/navigation2_tutorials/nav2_gradient_costmap_plugin) by extensions ['colcon_pkg']
[0.450s] Level 1:colcon.colcon_core.package_identification:_identify(src/navigation2_tutorials/nav2_gradient_costmap_plugin) by extension 'colcon_pkg'
[0.450s] Level 1:colcon.colcon_core.package_identification:_identify(src/navigation2_tutorials/nav2_gradient_costmap_plugin) by extensions ['colcon_meta']
[0.450s] Level 1:colcon.colcon_core.package_identification:_identify(src/navigation2_tutorials/nav2_gradient_costmap_plugin) by extension 'colcon_meta'
[0.450s] Level 1:colcon.colcon_core.package_identification:_identify(src/navigation2_tutorials/nav2_gradient_costmap_plugin) by extensions ['ros']
[0.450s] Level 1:colcon.colcon_core.package_identification:_identify(src/navigation2_tutorials/nav2_gradient_costmap_plugin) by extension 'ros'
[0.452s] DEBUG:colcon.colcon_core.package_identification:Package 'src/navigation2_tutorials/nav2_gradient_costmap_plugin' with type 'ros.ament_cmake' and name 'nav2_gradient_costmap_plugin'
[0.452s] Level 1:colcon.colcon_core.package_identification:_identify(src/navigation2_tutorials/nav2_sms_behavior) by extensions ['ignore', 'ignore_ament_install']
[0.452s] Level 1:colcon.colcon_core.package_identification:_identify(src/navigation2_tutorials/nav2_sms_behavior) by extension 'ignore'
[0.452s] Level 1:colcon.colcon_core.package_identification:_identify(src/navigation2_tutorials/nav2_sms_behavior) by extension 'ignore_ament_install'
[0.452s] Level 1:colcon.colcon_core.package_identification:_identify(src/navigation2_tutorials/nav2_sms_behavior) by extensions ['colcon_pkg']
[0.452s] Level 1:colcon.colcon_core.package_identification:_identify(src/navigation2_tutorials/nav2_sms_behavior) by extension 'colcon_pkg'
[0.452s] Level 1:colcon.colcon_core.package_identification:_identify(src/navigation2_tutorials/nav2_sms_behavior) by extensions ['colcon_meta']
[0.452s] Level 1:colcon.colcon_core.package_identification:_identify(src/navigation2_tutorials/nav2_sms_behavior) by extension 'colcon_meta'
[0.452s] Level 1:colcon.colcon_core.package_identification:_identify(src/navigation2_tutorials/nav2_sms_behavior) by extensions ['ros']
[0.453s] Level 1:colcon.colcon_core.package_identification:_identify(src/navigation2_tutorials/nav2_sms_behavior) by extension 'ros'
[0.457s] DEBUG:colcon.colcon_core.package_identification:Package 'src/navigation2_tutorials/nav2_sms_behavior' with type 'ros.ament_cmake' and name 'nav2_sms_behavior'
[0.457s] Level 1:colcon.colcon_core.package_identification:_identify(src/navigation2_tutorials/nav2_straightline_planner) by extensions ['ignore', 'ignore_ament_install']
[0.457s] Level 1:colcon.colcon_core.package_identification:_identify(src/navigation2_tutorials/nav2_straightline_planner) by extension 'ignore'
[0.457s] Level 1:colcon.colcon_core.package_identification:_identify(src/navigation2_tutorials/nav2_straightline_planner) by extension 'ignore_ament_install'
[0.458s] Level 1:colcon.colcon_core.package_identification:_identify(src/navigation2_tutorials/nav2_straightline_planner) by extensions ['colcon_pkg']
[0.458s] Level 1:colcon.colcon_core.package_identification:_identify(src/navigation2_tutorials/nav2_straightline_planner) by extension 'colcon_pkg'
[0.458s] Level 1:colcon.colcon_core.package_identification:_identify(src/navigation2_tutorials/nav2_straightline_planner) by extensions ['colcon_meta']
[0.458s] Level 1:colcon.colcon_core.package_identification:_identify(src/navigation2_tutorials/nav2_straightline_planner) by extension 'colcon_meta'
[0.458s] Level 1:colcon.colcon_core.package_identification:_identify(src/navigation2_tutorials/nav2_straightline_planner) by extensions ['ros']
[0.458s] Level 1:colcon.colcon_core.package_identification:_identify(src/navigation2_tutorials/nav2_straightline_planner) by extension 'ros'
[0.460s] DEBUG:colcon.colcon_core.package_identification:Package 'src/navigation2_tutorials/nav2_straightline_planner' with type 'ros.ament_cmake' and name 'nav2_straightline_planner'
[0.461s] Level 1:colcon.colcon_core.package_identification:_identify(src/navigation2_tutorials/sam_bot_description) by extensions ['ignore', 'ignore_ament_install']
[0.461s] Level 1:colcon.colcon_core.package_identification:_identify(src/navigation2_tutorials/sam_bot_description) by extension 'ignore'
[0.461s] Level 1:colcon.colcon_core.package_identification:_identify(src/navigation2_tutorials/sam_bot_description) by extension 'ignore_ament_install'
[0.461s] Level 1:colcon.colcon_core.package_identification:_identify(src/navigation2_tutorials/sam_bot_description) by extensions ['colcon_pkg']
[0.461s] Level 1:colcon.colcon_core.package_identification:_identify(src/navigation2_tutorials/sam_bot_description) by extension 'colcon_pkg'
[0.461s] Level 1:colcon.colcon_core.package_identification:_identify(src/navigation2_tutorials/sam_bot_description) by extensions ['colcon_meta']
[0.461s] Level 1:colcon.colcon_core.package_identification:_identify(src/navigation2_tutorials/sam_bot_description) by extension 'colcon_meta'
[0.461s] Level 1:colcon.colcon_core.package_identification:_identify(src/navigation2_tutorials/sam_bot_description) by extensions ['ros']
[0.461s] Level 1:colcon.colcon_core.package_identification:_identify(src/navigation2_tutorials/sam_bot_description) by extension 'ros'
[0.462s] DEBUG:colcon.colcon_core.package_identification:Package 'src/navigation2_tutorials/sam_bot_description' with type 'ros.ament_cmake' and name 'sam_bot_description'
[0.463s] Level 1:colcon.colcon_core.package_identification:_identify(src/smac_planner) by extensions ['ignore', 'ignore_ament_install']
[0.463s] Level 1:colcon.colcon_core.package_identification:_identify(src/smac_planner) by extension 'ignore'
[0.463s] Level 1:colcon.colcon_core.package_identification:_identify(src/smac_planner) by extension 'ignore_ament_install'
[0.463s] Level 1:colcon.colcon_core.package_identification:_identify(src/smac_planner) by extensions ['colcon_pkg']
[0.463s] Level 1:colcon.colcon_core.package_identification:_identify(src/smac_planner) by extension 'colcon_pkg'
[0.463s] Level 1:colcon.colcon_core.package_identification:_identify(src/smac_planner) by extensions ['colcon_meta']
[0.463s] Level 1:colcon.colcon_core.package_identification:_identify(src/smac_planner) by extension 'colcon_meta'
[0.463s] Level 1:colcon.colcon_core.package_identification:_identify(src/smac_planner) by extensions ['ros']
[0.463s] Level 1:colcon.colcon_core.package_identification:_identify(src/smac_planner) by extension 'ros'
[0.467s] DEBUG:colcon.colcon_core.package_identification:Package 'src/smac_planner' with type 'ros.ament_cmake' and name 'smac_planner'
[0.468s] Level 1:colcon.colcon_core.package_identification:_identify(src/tools) by extensions ['ignore', 'ignore_ament_install']
[0.468s] Level 1:colcon.colcon_core.package_identification:_identify(src/tools) by extension 'ignore'
[0.468s] Level 1:colcon.colcon_core.package_identification:_identify(src/tools) by extension 'ignore_ament_install'
[0.468s] Level 1:colcon.colcon_core.package_identification:_identify(src/tools) by extensions ['colcon_pkg']
[0.468s] Level 1:colcon.colcon_core.package_identification:_identify(src/tools) by extension 'colcon_pkg'
[0.468s] Level 1:colcon.colcon_core.package_identification:_identify(src/tools) by extensions ['colcon_meta']
[0.468s] Level 1:colcon.colcon_core.package_identification:_identify(src/tools) by extension 'colcon_meta'
[0.468s] Level 1:colcon.colcon_core.package_identification:_identify(src/tools) by extensions ['ros']
[0.468s] Level 1:colcon.colcon_core.package_identification:_identify(src/tools) by extension 'ros'
[0.469s] Level 1:colcon.colcon_core.package_identification:_identify(src/tools) by extensions ['cmake', 'python']
[0.469s] Level 1:colcon.colcon_core.package_identification:_identify(src/tools) by extension 'cmake'
[0.469s] Level 1:colcon.colcon_core.package_identification:_identify(src/tools) by extension 'python'
[0.469s] Level 1:colcon.colcon_core.package_identification:_identify(src/tools) by extensions ['python_setup_py']
[0.469s] Level 1:colcon.colcon_core.package_identification:_identify(src/tools) by extension 'python_setup_py'
[0.469s] Level 1:colcon.colcon_core.package_discovery:discover_packages(recursive) using defaults
[0.469s] Level 1:colcon.colcon_core.package_discovery:discover_packages(ignore) discover
[0.469s] Level 1:colcon.colcon_core.package_discovery:discover_packages(ignore) using defaults
[0.469s] Level 1:colcon.colcon_core.package_discovery:discover_packages(path) discover
[0.469s] Level 1:colcon.colcon_core.package_discovery:discover_packages(path) using defaults
[0.506s] INFO:colcon.colcon_core.package_selection:Skipping not selected package 'nav2_common' in 'src/nav2_common'
[0.506s] INFO:colcon.colcon_core.package_selection:Skipping not selected package 'nav2_costmap_filters_demo' in 'src/navigation2_tutorials/nav2_costmap_filters_demo'
[0.506s] INFO:colcon.colcon_core.package_selection:Skipping not selected package 'nav2_gazebo_spawner' in 'src/nav2_bringup/nav2_gazebo_spawner'
[0.506s] INFO:colcon.colcon_core.package_selection:Skipping not selected package 'nav_2d_msgs' in 'src/nav2_dwb_controller/nav_2d_msgs'
[0.506s] INFO:colcon.colcon_core.package_selection:Skipping not selected package 'sam_bot_description' in 'src/navigation2_tutorials/sam_bot_description'
[0.506s] INFO:colcon.colcon_core.package_selection:Skipping not selected package 'dwb_msgs' in 'src/nav2_dwb_controller/dwb_msgs'
[0.506s] INFO:colcon.colcon_core.package_selection:Skipping not selected package 'nav2_msgs' in 'src/nav2_msgs'
[0.506s] INFO:colcon.colcon_core.package_selection:Skipping not selected package 'nav2_voxel_grid' in 'src/nav2_voxel_grid'
[0.506s] INFO:colcon.colcon_core.package_selection:Skipping not selected package 'nav2_util' in 'src/nav2_util'
[0.506s] INFO:colcon.colcon_core.package_selection:Skipping not selected package 'nav2_amcl' in 'src/nav2_amcl'
[0.507s] INFO:colcon.colcon_core.package_selection:Skipping not selected package 'nav2_behavior_tree' in 'src/nav2_behavior_tree'
[0.507s] INFO:colcon.colcon_core.package_selection:Skipping not selected package 'nav2_lifecycle_manager' in 'src/nav2_lifecycle_manager'
[0.507s] INFO:colcon.colcon_core.package_selection:Skipping not selected package 'nav2_map_server' in 'src/nav2_map_server'
[0.507s] INFO:colcon.colcon_core.package_selection:Skipping not selected package 'nav2_waypoint_follower' in 'src/nav2_waypoint_follower'
[0.507s] INFO:colcon.colcon_core.package_selection:Skipping not selected package 'nav_2d_utils' in 'src/nav2_dwb_controller/nav_2d_utils'
[0.507s] INFO:colcon.colcon_core.package_selection:Skipping not selected package 'nav2_bt_navigator' in 'src/nav2_bt_navigator'
[0.507s] INFO:colcon.colcon_core.package_selection:Skipping not selected package 'nav2_costmap_2d' in 'src/nav2_costmap_2d'
[0.507s] INFO:colcon.colcon_core.package_selection:Skipping not selected package 'nav2_rviz_plugins' in 'src/nav2_rviz_plugins'
[0.507s] INFO:colcon.colcon_core.package_selection:Skipping not selected package 'costmap_queue' in 'src/nav2_dwb_controller/costmap_queue'
[0.507s] INFO:colcon.colcon_core.package_selection:Skipping not selected package 'nav2_core' in 'src/nav2_core'
[0.507s] INFO:colcon.colcon_core.package_selection:Skipping not selected package 'nav2_gradient_costmap_plugin' in 'src/navigation2_tutorials/nav2_gradient_costmap_plugin'
[0.507s] INFO:colcon.colcon_core.package_selection:Skipping not selected package 'dwb_core' in 'src/nav2_dwb_controller/dwb_core'
[0.507s] INFO:colcon.colcon_core.package_selection:Skipping not selected package 'nav2_controller' in 'src/nav2_controller'
[0.507s] INFO:colcon.colcon_core.package_selection:Skipping not selected package 'nav2_navfn_planner' in 'src/nav2_navfn_planner'
[0.507s] INFO:colcon.colcon_core.package_selection:Skipping not selected package 'nav2_planner' in 'src/nav2_planner'
[0.507s] INFO:colcon.colcon_core.package_selection:Skipping not selected package 'nav2_recoveries' in 'src/nav2_recoveries'
[0.507s] INFO:colcon.colcon_core.package_selection:Skipping not selected package 'nav2_regulated_pure_pursuit_controller' in 'src/nav2_regulated_pure_pursuit_controller'
[0.507s] INFO:colcon.colcon_core.package_selection:Skipping not selected package 'nav2_sms_behavior' in 'src/navigation2_tutorials/nav2_sms_behavior'
[0.508s] INFO:colcon.colcon_core.package_selection:Skipping not selected package 'nav2_straightline_planner' in 'src/navigation2_tutorials/nav2_straightline_planner'
[0.508s] INFO:colcon.colcon_core.package_selection:Skipping not selected package 'smac_planner' in 'src/smac_planner'
[0.508s] INFO:colcon.colcon_core.package_selection:Skipping not selected package 'dwb_critics' in 'src/nav2_dwb_controller/dwb_critics'
[0.508s] INFO:colcon.colcon_core.package_selection:Skipping not selected package 'dwb_plugins' in 'src/nav2_dwb_controller/dwb_plugins'
[0.508s] INFO:colcon.colcon_core.package_selection:Skipping not selected package 'nav2_dwb_controller' in 'src/nav2_dwb_controller/nav2_dwb_controller'
[0.508s] INFO:colcon.colcon_core.package_selection:Skipping not selected package 'navigation2' in 'src/navigation2'
[0.508s] INFO:colcon.colcon_core.package_selection:Skipping not selected package 'nav2_bringup' in 'src/nav2_bringup/bringup'
[0.508s] INFO:colcon.colcon_core.package_selection:Skipping not selected package 'nav2_system_tests' in 'src/nav2_system_tests'
[0.509s] Level 1:colcon.colcon_core.package_discovery:discover_packages(prefix_path) check parameters
[0.509s] Level 1:colcon.colcon_core.package_discovery:discover_packages(prefix_path) discover
[0.521s] DEBUG:colcon.colcon_installed_package_information.package_discovery:Found 34 installed packages in /home/terra/nav2_ws/install
[0.524s] DEBUG:colcon.colcon_installed_package_information.package_discovery:Found 317 installed packages in /opt/ros/foxy
[0.528s] Level 1:colcon.colcon_core.package_discovery:discover_packages(prefix_path) using defaults
[0.641s] Level 5:colcon.colcon_core.verb:set package 'nav2_straightline_demo' build argument 'cmake_args' from command line to 'None'
[0.641s] Level 5:colcon.colcon_core.verb:set package 'nav2_straightline_demo' build argument 'cmake_target' from command line to 'None'
[0.641s] Level 5:colcon.colcon_core.verb:set package 'nav2_straightline_demo' build argument 'cmake_target_skip_unavailable' from command line to 'False'
[0.641s] Level 5:colcon.colcon_core.verb:set package 'nav2_straightline_demo' build argument 'cmake_clean_cache' from command line to 'False'
[0.641s] Level 5:colcon.colcon_core.verb:set package 'nav2_straightline_demo' build argument 'cmake_clean_first' from command line to 'False'
[0.641s] Level 5:colcon.colcon_core.verb:set package 'nav2_straightline_demo' build argument 'cmake_force_configure' from command line to 'False'
[0.642s] Level 5:colcon.colcon_core.verb:set package 'nav2_straightline_demo' build argument 'ament_cmake_args' from command line to 'None'
[0.642s] Level 5:colcon.colcon_core.verb:set package 'nav2_straightline_demo' build argument 'catkin_cmake_args' from command line to 'None'
[0.642s] Level 5:colcon.colcon_core.verb:set package 'nav2_straightline_demo' build argument 'catkin_skip_building_tests' from command line to 'False'
[0.642s] DEBUG:colcon.colcon_core.verb:Building package 'nav2_straightline_demo' with the following arguments: {'ament_cmake_args': None, 'build_base': '/home/terra/nav2_ws/build/nav2_straightline_demo', 'catkin_cmake_args': None, 'catkin_skip_building_tests': False, 'cmake_args': None, 'cmake_clean_cache': False, 'cmake_clean_first': False, 'cmake_force_configure': False, 'cmake_target': None, 'cmake_target_skip_unavailable': False, 'install_base': '/home/terra/nav2_ws/install/nav2_straightline_demo', 'merge_install': False, 'path': '/home/terra/nav2_ws/src/nav2_straightline_demo', 'symlink_install': False, 'test_result_base': None}
[0.644s] INFO:colcon.colcon_core.executor:Executing jobs using 'parallel' executor
[0.655s] DEBUG:colcon.colcon_parallel_executor.executor.parallel:run_until_complete
[0.656s] INFO:colcon.colcon_ros.task.ament_cmake.build:Building ROS package in '/home/terra/nav2_ws/src/nav2_straightline_demo' with build type 'ament_cmake'
[0.656s] INFO:colcon.colcon_cmake.task.cmake.build:Building CMake package in '/home/terra/nav2_ws/src/nav2_straightline_demo'
[0.666s] INFO:colcon.colcon_core.plugin_system:Skipping extension 'colcon_core.shell.bat': Not used on non-Windows systems
[0.666s] INFO:colcon.colcon_core.shell:Skip shell extension 'powershell' for command environment: Not usable outside of PowerShell
[0.666s] DEBUG:colcon.colcon_core.shell:Skip shell extension 'dsv' for command environment
[0.694s] DEBUG:colcon.colcon_core.event_handler.log_command:Invoking command in '/home/terra/nav2_ws/build/nav2_straightline_demo': CMAKE_PREFIX_PATH=${CMAKE_PREFIX_PATH}:/home/terra/nav2_ws/install/nav2_gazebo_spawner:/opt/ros/foxy /usr/bin/cmake --build /home/terra/nav2_ws/build/nav2_straightline_demo -- -j8 -l8
[14.508s] DEBUG:colcon.colcon_core.event_handler.log_command:Invoked command in '/home/terra/nav2_ws/build/nav2_straightline_demo' returned '0': CMAKE_PREFIX_PATH=${CMAKE_PREFIX_PATH}:/home/terra/nav2_ws/install/nav2_gazebo_spawner:/opt/ros/foxy /usr/bin/cmake --build /home/terra/nav2_ws/build/nav2_straightline_demo -- -j8 -l8
[14.593s] DEBUG:colcon.colcon_core.event_handler.log_command:Invoking command in '/home/terra/nav2_ws/build/nav2_straightline_demo': CMAKE_PREFIX_PATH=${CMAKE_PREFIX_PATH}:/home/terra/nav2_ws/install/nav2_gazebo_spawner:/opt/ros/foxy /usr/bin/cmake --install /home/terra/nav2_ws/build/nav2_straightline_demo
[14.643s] Level 1:colcon.colcon_core.environment:create_environment_scripts_only(nav2_straightline_demo)
[14.647s] DEBUG:colcon.colcon_core.event_handler.log_command:Invoked command in '/home/terra/nav2_ws/build/nav2_straightline_demo' returned '0': CMAKE_PREFIX_PATH=${CMAKE_PREFIX_PATH}:/home/terra/nav2_ws/install/nav2_gazebo_spawner:/opt/ros/foxy /usr/bin/cmake --install /home/terra/nav2_ws/build/nav2_straightline_demo
[14.655s] Level 1:colcon.colcon_core.environment:checking '/home/terra/nav2_ws/install/nav2_straightline_demo' for CMake module files
[14.655s] Level 1:colcon.colcon_core.environment:checking '/home/terra/nav2_ws/install/nav2_straightline_demo' for CMake config files
[14.656s] Level 1:colcon.colcon_core.shell:create_environment_hook('nav2_straightline_demo', 'cmake_prefix_path')
[14.659s] INFO:colcon.colcon_core.shell:Creating environment hook '/home/terra/nav2_ws/install/nav2_straightline_demo/share/nav2_straightline_demo/hook/cmake_prefix_path.ps1'
[14.660s] INFO:colcon.colcon_core.shell:Creating environment descriptor '/home/terra/nav2_ws/install/nav2_straightline_demo/share/nav2_straightline_demo/hook/cmake_prefix_path.dsv'
[14.660s] INFO:colcon.colcon_core.shell:Creating environment hook '/home/terra/nav2_ws/install/nav2_straightline_demo/share/nav2_straightline_demo/hook/cmake_prefix_path.sh'
[14.662s] Level 1:colcon.colcon_core.environment:checking '/home/terra/nav2_ws/install/nav2_straightline_demo/lib'
[14.662s] Level 1:colcon.colcon_core.environment:checking '/home/terra/nav2_ws/install/nav2_straightline_demo/bin'
[14.662s] Level 1:colcon.colcon_core.environment:checking '/home/terra/nav2_ws/install/nav2_straightline_demo/lib/pkgconfig/nav2_straightline_demo.pc'
[14.663s] Level 1:colcon.colcon_core.environment:checking '/home/terra/nav2_ws/install/nav2_straightline_demo/lib/python3.8/site-packages'
[14.663s] Level 1:colcon.colcon_core.environment:checking '/home/terra/nav2_ws/install/nav2_straightline_demo/bin'
[14.667s] INFO:colcon.colcon_core.shell:Creating package script '/home/terra/nav2_ws/install/nav2_straightline_demo/share/nav2_straightline_demo/package.ps1'
[14.668s] INFO:colcon.colcon_core.shell:Creating package descriptor '/home/terra/nav2_ws/install/nav2_straightline_demo/share/nav2_straightline_demo/package.dsv'
[14.669s] INFO:colcon.colcon_core.shell:Creating package script '/home/terra/nav2_ws/install/nav2_straightline_demo/share/nav2_straightline_demo/package.sh'
[14.670s] INFO:colcon.colcon_core.shell:Creating package script '/home/terra/nav2_ws/install/nav2_straightline_demo/share/nav2_straightline_demo/package.bash'
[14.671s] INFO:colcon.colcon_core.shell:Creating package script '/home/terra/nav2_ws/install/nav2_straightline_demo/share/nav2_straightline_demo/package.zsh'
[14.672s] Level 1:colcon.colcon_core.environment:create_file_with_runtime_dependencies(/home/terra/nav2_ws/install/nav2_straightline_demo/share/colcon-core/packages/nav2_straightline_demo)
[14.736s] Level 1:colcon.colcon_core.environment:create_environment_scripts_only(nav2_straightline_demo)
[14.743s] Level 1:colcon.colcon_core.environment:checking '/home/terra/nav2_ws/install/nav2_straightline_demo' for CMake module files
[14.744s] Level 1:colcon.colcon_core.environment:checking '/home/terra/nav2_ws/install/nav2_straightline_demo' for CMake config files
[14.745s] Level 1:colcon.colcon_core.shell:create_environment_hook('nav2_straightline_demo', 'cmake_prefix_path')
[14.749s] INFO:colcon.colcon_core.shell:Creating environment hook '/home/terra/nav2_ws/install/nav2_straightline_demo/share/nav2_straightline_demo/hook/cmake_prefix_path.ps1'
[14.750s] INFO:colcon.colcon_core.shell:Creating environment descriptor '/home/terra/nav2_ws/install/nav2_straightline_demo/share/nav2_straightline_demo/hook/cmake_prefix_path.dsv'
[14.751s] INFO:colcon.colcon_core.shell:Creating environment hook '/home/terra/nav2_ws/install/nav2_straightline_demo/share/nav2_straightline_demo/hook/cmake_prefix_path.sh'
[14.752s] Level 1:colcon.colcon_core.environment:checking '/home/terra/nav2_ws/install/nav2_straightline_demo/lib'
[14.752s] Level 1:colcon.colcon_core.environment:checking '/home/terra/nav2_ws/install/nav2_straightline_demo/bin'
[14.752s] Level 1:colcon.colcon_core.environment:checking '/home/terra/nav2_ws/install/nav2_straightline_demo/lib/pkgconfig/nav2_straightline_demo.pc'
[14.753s] Level 1:colcon.colcon_core.environment:checking '/home/terra/nav2_ws/install/nav2_straightline_demo/lib/python3.8/site-packages'
[14.753s] Level 1:colcon.colcon_core.environment:checking '/home/terra/nav2_ws/install/nav2_straightline_demo/bin'
[14.758s] INFO:colcon.colcon_core.shell:Creating package script '/home/terra/nav2_ws/install/nav2_straightline_demo/share/nav2_straightline_demo/package.ps1'
[14.759s] INFO:colcon.colcon_core.shell:Creating package descriptor '/home/terra/nav2_ws/install/nav2_straightline_demo/share/nav2_straightline_demo/package.dsv'
[14.760s] INFO:colcon.colcon_core.shell:Creating package script '/home/terra/nav2_ws/install/nav2_straightline_demo/share/nav2_straightline_demo/package.sh'
[14.760s] INFO:colcon.colcon_core.shell:Creating package script '/home/terra/nav2_ws/install/nav2_straightline_demo/share/nav2_straightline_demo/package.bash'
[14.761s] INFO:colcon.colcon_core.shell:Creating package script '/home/terra/nav2_ws/install/nav2_straightline_demo/share/nav2_straightline_demo/package.zsh'
[14.762s] Level 1:colcon.colcon_core.environment:create_file_with_runtime_dependencies(/home/terra/nav2_ws/install/nav2_straightline_demo/share/colcon-core/packages/nav2_straightline_demo)
[14.762s] DEBUG:colcon.colcon_parallel_executor.executor.parallel:closing loop
[14.763s] DEBUG:colcon.colcon_parallel_executor.executor.parallel:loop closed
[14.763s] DEBUG:colcon.colcon_parallel_executor.executor.parallel:run_until_complete finished with '0'
[14.763s] DEBUG:colcon.colcon_core.event_reactor:joining thread
[14.778s] INFO:colcon.colcon_core.plugin_system:Skipping extension 'colcon_notification.desktop_notification.terminal_notifier': Not used on non-Darwin systems
[14.778s] INFO:colcon.colcon_core.plugin_system:Skipping extension 'colcon_notification.desktop_notification.win32': Not used on non-Windows systems
[14.778s] INFO:colcon.colcon_notification.desktop_notification:Sending desktop notification using 'notify2'
[14.799s] DEBUG:colcon.colcon_core.event_reactor:joined thread
[14.805s] INFO:colcon.colcon_core.shell:Creating prefix script '/home/terra/nav2_ws/install/local_setup.ps1'
[14.807s] INFO:colcon.colcon_core.shell:Creating prefix util module '/home/terra/nav2_ws/install/_local_setup_util_ps1.py'
[14.809s] INFO:colcon.colcon_core.shell:Creating prefix chain script '/home/terra/nav2_ws/install/setup.ps1'
[14.814s] INFO:colcon.colcon_core.shell:Creating prefix script '/home/terra/nav2_ws/install/local_setup.sh'
[14.815s] INFO:colcon.colcon_core.shell:Creating prefix util module '/home/terra/nav2_ws/install/_local_setup_util_sh.py'
[14.816s] INFO:colcon.colcon_core.shell:Creating prefix chain script '/home/terra/nav2_ws/install/setup.sh'
[14.822s] INFO:colcon.colcon_core.shell:Creating prefix script '/home/terra/nav2_ws/install/local_setup.bash'
[14.823s] INFO:colcon.colcon_core.shell:Creating prefix chain script '/home/terra/nav2_ws/install/setup.bash'
[14.830s] INFO:colcon.colcon_core.shell:Creating prefix script '/home/terra/nav2_ws/install/local_setup.zsh'
[14.830s] INFO:colcon.colcon_core.shell:Creating prefix chain script '/home/terra/nav2_ws/install/setup.zsh'
