[0.085s] Invoking command in '/home/terra/nav2_ws/build/nav2_recoveries': AMENT_PREFIX_PATH=/home/terra/nav2_ws/install/nav2_core:/home/terra/nav2_ws/install/nav2_costmap_2d:/home/terra/nav2_ws/install/nav2_behavior_tree:/home/terra/nav2_ws/install/nav2_util:/home/terra/nav2_ws/install/nav2_voxel_grid:/home/terra/nav2_ws/install/nav2_msgs:/home/terra/nav2_ws/install/nav2_common:${AMENT_PREFIX_PATH} CMAKE_PREFIX_PATH=/home/terra/nav2_ws/install/nav2_core:/home/terra/nav2_ws/install/nav2_costmap_2d:/home/terra/nav2_ws/install/nav2_behavior_tree:/home/terra/nav2_ws/install/nav2_util:/home/terra/nav2_ws/install/nav2_voxel_grid:/home/terra/nav2_ws/install/nav2_msgs:/home/terra/nav2_ws/install/nav2_common:/opt/ros/foxy LD_LIBRARY_PATH=/home/terra/nav2_ws/install/nav2_costmap_2d/lib:/home/terra/nav2_ws/install/nav2_behavior_tree/lib:/home/terra/nav2_ws/install/nav2_util/lib:/home/terra/nav2_ws/install/nav2_voxel_grid/lib:/home/terra/nav2_ws/install/nav2_msgs/lib:${LD_LIBRARY_PATH} PYTHONPATH=/home/terra/nav2_ws/install/nav2_msgs/lib/python3.8/site-packages:/home/terra/nav2_ws/install/nav2_common/lib/python3.8/site-packages:${PYTHONPATH} /usr/bin/cmake /home/terra/nav2_ws/src/nav2_recoveries -DAMENT_CMAKE_SYMLINK_INSTALL=1 -DCMAKE_INSTALL_PREFIX=/home/terra/nav2_ws/install/nav2_recoveries
[4.798s] -- The C compiler identification is GNU 9.4.0
[4.799s] -- The CXX compiler identification is GNU 9.4.0
[4.799s] -- Check for working C compiler: /usr/bin/cc
[4.803s] -- Check for working C compiler: /usr/bin/cc -- works
[4.803s] -- Detecting C compiler ABI info
[4.803s] -- Detecting C compiler ABI info - done
[4.804s] -- Detecting C compile features
[4.804s] -- Detecting C compile features - done
[4.804s] -- Check for working CXX compiler: /usr/bin/c++
[4.804s] -- Check for working CXX compiler: /usr/bin/c++ -- works
[4.804s] -- Detecting CXX compiler ABI info
[4.804s] -- Detecting CXX compiler ABI info - done
[4.804s] -- Detecting CXX compile features
[4.804s] -- Detecting CXX compile features - done
[4.805s] -- Found ament_cmake: 0.9.9 (/opt/ros/foxy/share/ament_cmake/cmake)
[4.805s] -- Found PythonInterp: /usr/bin/python3 (found suitable version "3.8.10", minimum required is "3") 
[4.805s] -- Using PYTHON_EXECUTABLE: /usr/bin/python3
[4.805s] -- Override CMake install command with custom implementation using symlinks instead of copying resources
[4.805s] -- Found nav2_common: 0.4.7 (/home/terra/nav2_ws/install/nav2_common/share/nav2_common/cmake)
[4.805s] -- Found rclcpp: 2.4.1 (/opt/ros/foxy/share/rclcpp/cmake)
[4.805s] -- Using all available rosidl_typesupport_c: rosidl_typesupport_fastrtps_c;rosidl_typesupport_introspection_c
[4.806s] -- Found rosidl_adapter: 1.2.1 (/opt/ros/foxy/share/rosidl_adapter/cmake)
[4.806s] -- Found OpenSSL: /usr/lib/x86_64-linux-gnu/libcrypto.so (found version "1.1.1f")  
[4.806s] -- Found FastRTPS: /opt/ros/foxy/include  
[4.806s] -- Using all available rosidl_typesupport_cpp: rosidl_typesupport_fastrtps_cpp;rosidl_typesupport_introspection_cpp
[4.806s] -- Found rmw_implementation_cmake: 1.0.3 (/opt/ros/foxy/share/rmw_implementation_cmake/cmake)
[4.806s] -- Using RMW implementation 'rmw_fastrtps_cpp' as default
[4.806s] -- Looking for pthread.h
[4.807s] -- Looking for pthread.h - found
[4.807s] -- Performing Test CMAKE_HAVE_LIBC_PTHREAD
[4.807s] -- Performing Test CMAKE_HAVE_LIBC_PTHREAD - Failed
[4.807s] -- Looking for pthread_create in pthreads
[4.807s] -- Looking for pthread_create in pthreads - not found
[4.807s] -- Looking for pthread_create in pthread
[4.807s] -- Looking for pthread_create in pthread - found
[4.808s] -- Found Threads: TRUE  
[4.808s] -- Found rclcpp_action: 2.4.1 (/opt/ros/foxy/share/rclcpp_action/cmake)
[4.808s] -- Found rclcpp_lifecycle: 2.4.1 (/opt/ros/foxy/share/rclcpp_lifecycle/cmake)
[4.808s] -- Found nav2_behavior_tree: 0.4.7 (/home/terra/nav2_ws/install/nav2_behavior_tree/share/nav2_behavior_tree/cmake)
[6.483s] -- Found eigen3_cmake_module: 0.1.1 (/opt/ros/foxy/share/eigen3_cmake_module/cmake)
[6.506s] -- Found Eigen3: TRUE (found version "3.3.7") 
[7.953s] -- Found nav2_costmap_2d: 0.4.7 (/home/terra/nav2_ws/install/nav2_costmap_2d/share/nav2_costmap_2d/cmake)
[9.779s] -- Found nav2_core: 0.4.7 (/home/terra/nav2_ws/install/nav2_core/share/nav2_core/cmake)
[10.992s] -- Setting build type to Release as none was specified.
[54.390s] -- Found ament_lint_auto: 0.9.6 (/opt/ros/foxy/share/ament_lint_auto/cmake)
[54.576s] -- Found gtest sources under '/opt/ros/foxy/src/gtest_vendor': C++ tests using 'Google Test' will be built
[54.581s] -- Check if compiler accepts -pthread
[54.737s] -- Check if compiler accepts -pthread - yes
[62.369s] -- Added test 'copyright' to check source files copyright and LICENSE
[62.372s] -- Added test 'cppcheck' to perform static code analysis on C / C++ code
[62.374s] -- Configured cppcheck include dirs: /home/terra/nav2_ws/src/nav2_recoveries/include
[62.374s] -- Configured cppcheck exclude dirs and/or files: 
[62.377s] -- Added test 'cpplint' to check C / C++ code against the Google style
[62.377s] -- Configured cpplint exclude dirs and/or files: 
[62.379s] -- Added test 'lint_cmake' to check CMake code style
[62.382s] -- Added test 'uncrustify' to check C / C++ code style
[62.382s] -- Configured uncrustify additional arguments: 
[62.384s] -- Added test 'xmllint' to check XML markup files
[62.399s] -- Configuring done
[63.077s] -- Generating done
[63.082s] -- Build files have been written to: /home/terra/nav2_ws/build/nav2_recoveries
[63.112s] Invoked command in '/home/terra/nav2_ws/build/nav2_recoveries' returned '0': AMENT_PREFIX_PATH=/home/terra/nav2_ws/install/nav2_core:/home/terra/nav2_ws/install/nav2_costmap_2d:/home/terra/nav2_ws/install/nav2_behavior_tree:/home/terra/nav2_ws/install/nav2_util:/home/terra/nav2_ws/install/nav2_voxel_grid:/home/terra/nav2_ws/install/nav2_msgs:/home/terra/nav2_ws/install/nav2_common:${AMENT_PREFIX_PATH} CMAKE_PREFIX_PATH=/home/terra/nav2_ws/install/nav2_core:/home/terra/nav2_ws/install/nav2_costmap_2d:/home/terra/nav2_ws/install/nav2_behavior_tree:/home/terra/nav2_ws/install/nav2_util:/home/terra/nav2_ws/install/nav2_voxel_grid:/home/terra/nav2_ws/install/nav2_msgs:/home/terra/nav2_ws/install/nav2_common:/opt/ros/foxy LD_LIBRARY_PATH=/home/terra/nav2_ws/install/nav2_costmap_2d/lib:/home/terra/nav2_ws/install/nav2_behavior_tree/lib:/home/terra/nav2_ws/install/nav2_util/lib:/home/terra/nav2_ws/install/nav2_voxel_grid/lib:/home/terra/nav2_ws/install/nav2_msgs/lib:${LD_LIBRARY_PATH} PYTHONPATH=/home/terra/nav2_ws/install/nav2_msgs/lib/python3.8/site-packages:/home/terra/nav2_ws/install/nav2_common/lib/python3.8/site-packages:${PYTHONPATH} /usr/bin/cmake /home/terra/nav2_ws/src/nav2_recoveries -DAMENT_CMAKE_SYMLINK_INSTALL=1 -DCMAKE_INSTALL_PREFIX=/home/terra/nav2_ws/install/nav2_recoveries
[63.113s] Invoking command in '/home/terra/nav2_ws/build/nav2_recoveries': AMENT_PREFIX_PATH=/home/terra/nav2_ws/install/nav2_core:/home/terra/nav2_ws/install/nav2_costmap_2d:/home/terra/nav2_ws/install/nav2_behavior_tree:/home/terra/nav2_ws/install/nav2_util:/home/terra/nav2_ws/install/nav2_voxel_grid:/home/terra/nav2_ws/install/nav2_msgs:/home/terra/nav2_ws/install/nav2_common:${AMENT_PREFIX_PATH} CMAKE_PREFIX_PATH=/home/terra/nav2_ws/install/nav2_core:/home/terra/nav2_ws/install/nav2_costmap_2d:/home/terra/nav2_ws/install/nav2_behavior_tree:/home/terra/nav2_ws/install/nav2_util:/home/terra/nav2_ws/install/nav2_voxel_grid:/home/terra/nav2_ws/install/nav2_msgs:/home/terra/nav2_ws/install/nav2_common:/opt/ros/foxy LD_LIBRARY_PATH=/home/terra/nav2_ws/install/nav2_costmap_2d/lib:/home/terra/nav2_ws/install/nav2_behavior_tree/lib:/home/terra/nav2_ws/install/nav2_util/lib:/home/terra/nav2_ws/install/nav2_voxel_grid/lib:/home/terra/nav2_ws/install/nav2_msgs/lib:${LD_LIBRARY_PATH} PYTHONPATH=/home/terra/nav2_ws/install/nav2_msgs/lib/python3.8/site-packages:/home/terra/nav2_ws/install/nav2_common/lib/python3.8/site-packages:${PYTHONPATH} /usr/bin/cmake --build /home/terra/nav2_ws/build/nav2_recoveries -- -j8 -l8
[63.211s] [35m[1mScanning dependencies of target recoveries_server_core[0m
[63.333s] [  6%] [32mBuilding CXX object CMakeFiles/recoveries_server_core.dir/src/recovery_server.cpp.o[0m
[74.470s] [ 12%] [32m[1mLinking CXX static library librecoveries_server_core.a[0m
[74.533s] [ 12%] Built target recoveries_server_core
[74.550s] [35m[1mScanning dependencies of target gtest_main[0m
[74.574s] [ 18%] [32mBuilding CXX object gtest/CMakeFiles/gtest_main.dir/src/gtest_main.cc.o[0m
[75.433s] [ 25%] [32m[1mLinking CXX static library libgtest_main.a[0m
[75.478s] [ 25%] Built target gtest_main
[75.494s] [35m[1mScanning dependencies of target recoveries_server[0m
[75.590s] [ 31%] [32mBuilding CXX object CMakeFiles/recoveries_server.dir/src/main.cpp.o[0m
[79.259s] [ 37%] [32m[1mLinking CXX executable recoveries_server[0m
[79.663s] [ 37%] Built target recoveries_server
[79.681s] [35m[1mScanning dependencies of target gtest[0m
[79.712s] [ 43%] [32mBuilding CXX object gtest/CMakeFiles/gtest.dir/src/gtest-all.cc.o[0m
[95.380s] [ 50%] [32m[1mLinking CXX static library libgtest.a[0m
[95.486s] [ 50%] Built target gtest
[95.505s] [35m[1mScanning dependencies of target nav2_spin_recovery[0m
[95.645s] [ 56%] [32mBuilding CXX object CMakeFiles/nav2_spin_recovery.dir/plugins/spin.cpp.o[0m
[106.238s] [ 62%] [32m[1mLinking CXX shared library libnav2_spin_recovery.so[0m
[106.776s] [ 62%] Built target nav2_spin_recovery
[106.805s] [35m[1mScanning dependencies of target test_recoveries[0m
[106.957s] [ 68%] [32mBuilding CXX object test/CMakeFiles/test_recoveries.dir/test_recoveries.cpp.o[0m
[123.482s] [ 75%] [32m[1mLinking CXX executable test_recoveries[0m
[124.027s] [ 75%] Built target test_recoveries
[124.050s] [35m[1mScanning dependencies of target nav2_backup_recovery[0m
[124.051s] [35m[1mScanning dependencies of target nav2_wait_recovery[0m
[124.175s] [ 81%] [32mBuilding CXX object CMakeFiles/nav2_backup_recovery.dir/plugins/back_up.cpp.o[0m
[124.190s] [ 87%] [32mBuilding CXX object CMakeFiles/nav2_wait_recovery.dir/plugins/wait.cpp.o[0m
[134.064s] [ 93%] [32m[1mLinking CXX shared library libnav2_backup_recovery.so[0m
[134.419s] [100%] [32m[1mLinking CXX shared library libnav2_wait_recovery.so[0m
[134.494s] [100%] Built target nav2_backup_recovery
[134.850s] [100%] Built target nav2_wait_recovery
[134.867s] Invoked command in '/home/terra/nav2_ws/build/nav2_recoveries' returned '0': AMENT_PREFIX_PATH=/home/terra/nav2_ws/install/nav2_core:/home/terra/nav2_ws/install/nav2_costmap_2d:/home/terra/nav2_ws/install/nav2_behavior_tree:/home/terra/nav2_ws/install/nav2_util:/home/terra/nav2_ws/install/nav2_voxel_grid:/home/terra/nav2_ws/install/nav2_msgs:/home/terra/nav2_ws/install/nav2_common:${AMENT_PREFIX_PATH} CMAKE_PREFIX_PATH=/home/terra/nav2_ws/install/nav2_core:/home/terra/nav2_ws/install/nav2_costmap_2d:/home/terra/nav2_ws/install/nav2_behavior_tree:/home/terra/nav2_ws/install/nav2_util:/home/terra/nav2_ws/install/nav2_voxel_grid:/home/terra/nav2_ws/install/nav2_msgs:/home/terra/nav2_ws/install/nav2_common:/opt/ros/foxy LD_LIBRARY_PATH=/home/terra/nav2_ws/install/nav2_costmap_2d/lib:/home/terra/nav2_ws/install/nav2_behavior_tree/lib:/home/terra/nav2_ws/install/nav2_util/lib:/home/terra/nav2_ws/install/nav2_voxel_grid/lib:/home/terra/nav2_ws/install/nav2_msgs/lib:${LD_LIBRARY_PATH} PYTHONPATH=/home/terra/nav2_ws/install/nav2_msgs/lib/python3.8/site-packages:/home/terra/nav2_ws/install/nav2_common/lib/python3.8/site-packages:${PYTHONPATH} /usr/bin/cmake --build /home/terra/nav2_ws/build/nav2_recoveries -- -j8 -l8
[134.929s] Invoking command in '/home/terra/nav2_ws/build/nav2_recoveries': AMENT_PREFIX_PATH=/home/terra/nav2_ws/install/nav2_core:/home/terra/nav2_ws/install/nav2_costmap_2d:/home/terra/nav2_ws/install/nav2_behavior_tree:/home/terra/nav2_ws/install/nav2_util:/home/terra/nav2_ws/install/nav2_voxel_grid:/home/terra/nav2_ws/install/nav2_msgs:/home/terra/nav2_ws/install/nav2_common:${AMENT_PREFIX_PATH} CMAKE_PREFIX_PATH=/home/terra/nav2_ws/install/nav2_core:/home/terra/nav2_ws/install/nav2_costmap_2d:/home/terra/nav2_ws/install/nav2_behavior_tree:/home/terra/nav2_ws/install/nav2_util:/home/terra/nav2_ws/install/nav2_voxel_grid:/home/terra/nav2_ws/install/nav2_msgs:/home/terra/nav2_ws/install/nav2_common:/opt/ros/foxy LD_LIBRARY_PATH=/home/terra/nav2_ws/install/nav2_costmap_2d/lib:/home/terra/nav2_ws/install/nav2_behavior_tree/lib:/home/terra/nav2_ws/install/nav2_util/lib:/home/terra/nav2_ws/install/nav2_voxel_grid/lib:/home/terra/nav2_ws/install/nav2_msgs/lib:${LD_LIBRARY_PATH} PYTHONPATH=/home/terra/nav2_ws/install/nav2_msgs/lib/python3.8/site-packages:/home/terra/nav2_ws/install/nav2_common/lib/python3.8/site-packages:${PYTHONPATH} /usr/bin/cmake --install /home/terra/nav2_ws/build/nav2_recoveries
[134.946s] -- Install configuration: "Release"
[134.946s] -- Execute custom install script
[134.947s] -- Symlinking: /home/terra/nav2_ws/install/nav2_recoveries/share/nav2_recoveries//recovery_plugin.xml
[134.965s] -- Symlinking: /home/terra/nav2_ws/install/nav2_recoveries/lib/librecoveries_server_core.a
[134.983s] -- Symlinking: /home/terra/nav2_ws/install/nav2_recoveries/lib/libnav2_backup_recovery.so
[135.001s] -- Symlinking: /home/terra/nav2_ws/install/nav2_recoveries/lib/libnav2_spin_recovery.so
[135.020s] -- Symlinking: /home/terra/nav2_ws/install/nav2_recoveries/lib/libnav2_wait_recovery.so
[135.039s] -- Symlinking: /home/terra/nav2_ws/install/nav2_recoveries/lib/nav2_recoveries/recoveries_server
[135.060s] -- Symlinking: /home/terra/nav2_ws/install/nav2_recoveries/include//nav2_recoveries/recovery.hpp
[135.078s] -- Symlinking: /home/terra/nav2_ws/install/nav2_recoveries/include//nav2_recoveries/recovery_server.hpp
[135.098s] -- Up-to-date symlink: /home/terra/nav2_ws/install/nav2_recoveries/share/nav2_recoveries/recovery_plugin.xml
[135.098s] -- Symlinking: /home/terra/nav2_ws/install/nav2_recoveries/share/nav2_recoveries/environment/library_path.sh
[135.118s] -- Symlinking: /home/terra/nav2_ws/install/nav2_recoveries/share/nav2_recoveries/environment/library_path.dsv
[135.138s] -- Symlinking: /home/terra/nav2_ws/install/nav2_recoveries/share/ament_index/resource_index/package_run_dependencies/nav2_recoveries
[135.158s] -- Symlinking: /home/terra/nav2_ws/install/nav2_recoveries/share/ament_index/resource_index/parent_prefix_path/nav2_recoveries
[135.178s] -- Symlinking: /home/terra/nav2_ws/install/nav2_recoveries/share/nav2_recoveries/environment/ament_prefix_path.sh
[135.198s] -- Symlinking: /home/terra/nav2_ws/install/nav2_recoveries/share/nav2_recoveries/environment/ament_prefix_path.dsv
[135.219s] -- Symlinking: /home/terra/nav2_ws/install/nav2_recoveries/share/nav2_recoveries/environment/path.sh
[135.239s] -- Symlinking: /home/terra/nav2_ws/install/nav2_recoveries/share/nav2_recoveries/environment/path.dsv
[135.259s] -- Symlinking: /home/terra/nav2_ws/install/nav2_recoveries/share/nav2_recoveries/local_setup.bash
[135.279s] -- Symlinking: /home/terra/nav2_ws/install/nav2_recoveries/share/nav2_recoveries/local_setup.sh
[135.299s] -- Symlinking: /home/terra/nav2_ws/install/nav2_recoveries/share/nav2_recoveries/local_setup.zsh
[135.319s] -- Symlinking: /home/terra/nav2_ws/install/nav2_recoveries/share/nav2_recoveries/local_setup.dsv
[135.338s] -- Symlinking: /home/terra/nav2_ws/install/nav2_recoveries/share/nav2_recoveries/package.dsv
[135.357s] -- Symlinking: /home/terra/nav2_ws/install/nav2_recoveries/share/ament_index/resource_index/packages/nav2_recoveries
[135.376s] -- Symlinking: /home/terra/nav2_ws/install/nav2_recoveries/share/ament_index/resource_index/nav2_core__pluginlib__plugin/nav2_recoveries
[135.396s] -- Symlinking: /home/terra/nav2_ws/install/nav2_recoveries/share/nav2_recoveries/cmake/ament_cmake_export_include_directories-extras.cmake
[135.417s] -- Symlinking: /home/terra/nav2_ws/install/nav2_recoveries/share/nav2_recoveries/cmake/ament_cmake_export_libraries-extras.cmake
[135.436s] -- Symlinking: /home/terra/nav2_ws/install/nav2_recoveries/share/nav2_recoveries/cmake/ament_cmake_export_definitions-extras.cmake
[135.456s] -- Symlinking: /home/terra/nav2_ws/install/nav2_recoveries/share/nav2_recoveries/cmake/nav2_recoveriesConfig.cmake
[135.476s] -- Symlinking: /home/terra/nav2_ws/install/nav2_recoveries/share/nav2_recoveries/cmake/nav2_recoveriesConfig-version.cmake
[135.495s] -- Symlinking: /home/terra/nav2_ws/install/nav2_recoveries/share/nav2_recoveries/package.xml
[135.528s] Invoked command in '/home/terra/nav2_ws/build/nav2_recoveries' returned '0': AMENT_PREFIX_PATH=/home/terra/nav2_ws/install/nav2_core:/home/terra/nav2_ws/install/nav2_costmap_2d:/home/terra/nav2_ws/install/nav2_behavior_tree:/home/terra/nav2_ws/install/nav2_util:/home/terra/nav2_ws/install/nav2_voxel_grid:/home/terra/nav2_ws/install/nav2_msgs:/home/terra/nav2_ws/install/nav2_common:${AMENT_PREFIX_PATH} CMAKE_PREFIX_PATH=/home/terra/nav2_ws/install/nav2_core:/home/terra/nav2_ws/install/nav2_costmap_2d:/home/terra/nav2_ws/install/nav2_behavior_tree:/home/terra/nav2_ws/install/nav2_util:/home/terra/nav2_ws/install/nav2_voxel_grid:/home/terra/nav2_ws/install/nav2_msgs:/home/terra/nav2_ws/install/nav2_common:/opt/ros/foxy LD_LIBRARY_PATH=/home/terra/nav2_ws/install/nav2_costmap_2d/lib:/home/terra/nav2_ws/install/nav2_behavior_tree/lib:/home/terra/nav2_ws/install/nav2_util/lib:/home/terra/nav2_ws/install/nav2_voxel_grid/lib:/home/terra/nav2_ws/install/nav2_msgs/lib:${LD_LIBRARY_PATH} PYTHONPATH=/home/terra/nav2_ws/install/nav2_msgs/lib/python3.8/site-packages:/home/terra/nav2_ws/install/nav2_common/lib/python3.8/site-packages:${PYTHONPATH} /usr/bin/cmake --install /home/terra/nav2_ws/build/nav2_recoveries
