[0.022s] Invoking command in '/home/terra/nav2_ws/build/nav2_straightline_demo': CMAKE_PREFIX_PATH=/opt/ros/foxy /usr/bin/cmake --build /home/terra/nav2_ws/build/nav2_straightline_demo -- -j8 -l8
[0.095s] [35m[1mScanning dependencies of target straight_line_demo[0m
[0.171s] [ 50%] [32mBuilding CXX object CMakeFiles/straight_line_demo.dir/src/straight_line_demo.cpp.o[0m
[7.097s] [100%] [32m[1mLinking CXX executable straight_line_demo[0m
[7.476s] [100%] Built target straight_line_demo
[7.490s] Invoked command in '/home/terra/nav2_ws/build/nav2_straightline_demo' returned '0': CMAKE_PREFIX_PATH=/opt/ros/foxy /usr/bin/cmake --build /home/terra/nav2_ws/build/nav2_straightline_demo -- -j8 -l8
[7.542s] Invoking command in '/home/terra/nav2_ws/build/nav2_straightline_demo': CMAKE_PREFIX_PATH=/opt/ros/foxy /usr/bin/cmake --install /home/terra/nav2_ws/build/nav2_straightline_demo
[7.557s] -- Install configuration: ""
[7.557s] -- Installing: /home/terra/nav2_ws/install/nav2_straightline_demo/lib/nav2_straightline_demo/straight_line_demo
[7.558s] -- Set runtime path of "/home/terra/nav2_ws/install/nav2_straightline_demo/lib/nav2_straightline_demo/straight_line_demo" to ""
[7.558s] -- Installing: /home/terra/nav2_ws/install/nav2_straightline_demo/include/
[7.558s] -- Installing: /home/terra/nav2_ws/install/nav2_straightline_demo/include//nav2_demo
[7.558s] -- Installing: /home/terra/nav2_ws/install/nav2_straightline_demo/include//nav2_demo/straight_line_demo.hpp
[7.559s] -- Installing: /home/terra/nav2_ws/install/nav2_straightline_demo/share/ament_index/resource_index/package_run_dependencies/nav2_straightline_demo
[7.559s] -- Installing: /home/terra/nav2_ws/install/nav2_straightline_demo/share/ament_index/resource_index/parent_prefix_path/nav2_straightline_demo
[7.559s] -- Installing: /home/terra/nav2_ws/install/nav2_straightline_demo/share/nav2_straightline_demo/environment/ament_prefix_path.sh
[7.559s] -- Installing: /home/terra/nav2_ws/install/nav2_straightline_demo/share/nav2_straightline_demo/environment/ament_prefix_path.dsv
[7.559s] -- Installing: /home/terra/nav2_ws/install/nav2_straightline_demo/share/nav2_straightline_demo/environment/path.sh
[7.560s] -- Installing: /home/terra/nav2_ws/install/nav2_straightline_demo/share/nav2_straightline_demo/environment/path.dsv
[7.560s] -- Installing: /home/terra/nav2_ws/install/nav2_straightline_demo/share/nav2_straightline_demo/local_setup.bash
[7.561s] -- Installing: /home/terra/nav2_ws/install/nav2_straightline_demo/share/nav2_straightline_demo/local_setup.sh
[7.561s] -- Installing: /home/terra/nav2_ws/install/nav2_straightline_demo/share/nav2_straightline_demo/local_setup.zsh
[7.561s] -- Installing: /home/terra/nav2_ws/install/nav2_straightline_demo/share/nav2_straightline_demo/local_setup.dsv
[7.561s] -- Installing: /home/terra/nav2_ws/install/nav2_straightline_demo/share/nav2_straightline_demo/package.dsv
[7.562s] -- Installing: /home/terra/nav2_ws/install/nav2_straightline_demo/share/ament_index/resource_index/packages/nav2_straightline_demo
[7.562s] -- Installing: /home/terra/nav2_ws/install/nav2_straightline_demo/share/nav2_straightline_demo/cmake/ament_cmake_export_include_directories-extras.cmake
[7.562s] -- Installing: /home/terra/nav2_ws/install/nav2_straightline_demo/share/nav2_straightline_demo/cmake/ament_cmake_export_dependencies-extras.cmake
[7.562s] -- Installing: /home/terra/nav2_ws/install/nav2_straightline_demo/share/nav2_straightline_demo/cmake/nav2_straightline_demoConfig.cmake
[7.563s] -- Installing: /home/terra/nav2_ws/install/nav2_straightline_demo/share/nav2_straightline_demo/cmake/nav2_straightline_demoConfig-version.cmake
[7.563s] -- Installing: /home/terra/nav2_ws/install/nav2_straightline_demo/share/nav2_straightline_demo/package.xml
[7.567s] Invoked command in '/home/terra/nav2_ws/build/nav2_straightline_demo' returned '0': CMAKE_PREFIX_PATH=/opt/ros/foxy /usr/bin/cmake --install /home/terra/nav2_ws/build/nav2_straightline_demo
