[0.039s] Invoking command in '/home/terra/nav2_ws/build/costmap_queue': AMENT_PREFIX_PATH=/home/terra/nav2_ws/install/nav2_costmap_2d:/home/terra/nav2_ws/install/nav2_util:/home/terra/nav2_ws/install/nav2_voxel_grid:/home/terra/nav2_ws/install/nav2_msgs:/home/terra/nav2_ws/install/nav2_common:${AMENT_PREFIX_PATH} CMAKE_PREFIX_PATH=/home/terra/nav2_ws/install/nav2_costmap_2d:/home/terra/nav2_ws/install/nav2_util:/home/terra/nav2_ws/install/nav2_voxel_grid:/home/terra/nav2_ws/install/nav2_msgs:/home/terra/nav2_ws/install/nav2_common:/opt/ros/foxy LD_LIBRARY_PATH=/home/terra/nav2_ws/install/nav2_costmap_2d/lib:/home/terra/nav2_ws/install/nav2_util/lib:/home/terra/nav2_ws/install/nav2_voxel_grid/lib:/home/terra/nav2_ws/install/nav2_msgs/lib:${LD_LIBRARY_PATH} PYTHONPATH=/home/terra/nav2_ws/install/nav2_msgs/lib/python3.8/site-packages:/home/terra/nav2_ws/install/nav2_common/lib/python3.8/site-packages:${PYTHONPATH} /usr/bin/cmake /home/terra/nav2_ws/src/nav2_dwb_controller/costmap_queue -DAMENT_CMAKE_SYMLINK_INSTALL=1 -DCMAKE_INSTALL_PREFIX=/home/terra/nav2_ws/install/costmap_queue
[0.114s] -- The C compiler identification is GNU 9.4.0
[0.214s] -- The CXX compiler identification is GNU 9.4.0
[0.222s] -- Check for working C compiler: /usr/bin/cc
[0.332s] -- Check for working C compiler: /usr/bin/cc -- works
[0.333s] -- Detecting C compiler ABI info
[0.445s] -- Detecting C compiler ABI info - done
[0.470s] -- Detecting C compile features
[0.471s] -- Detecting C compile features - done
[0.475s] -- Check for working CXX compiler: /usr/bin/c++
[0.617s] -- Check for working CXX compiler: /usr/bin/c++ -- works
[0.619s] -- Detecting CXX compiler ABI info
[0.767s] -- Detecting CXX compiler ABI info - done
[0.791s] -- Detecting CXX compile features
[0.792s] -- Detecting CXX compile features - done
[0.797s] -- Found ament_cmake: 0.9.9 (/opt/ros/foxy/share/ament_cmake/cmake)
[0.848s] -- Found PythonInterp: /usr/bin/python3 (found suitable version "3.8.10", minimum required is "3") 
[0.848s] -- Using PYTHON_EXECUTABLE: /usr/bin/python3
[1.187s] -- Override CMake install command with custom implementation using symlinks instead of copying resources
[1.243s] -- Found nav2_common: 0.4.7 (/home/terra/nav2_ws/install/nav2_common/share/nav2_common/cmake)
[1.244s] -- Found nav2_costmap_2d: 0.4.7 (/home/terra/nav2_ws/install/nav2_costmap_2d/share/nav2_costmap_2d/cmake)
[1.319s] -- Using all available rosidl_typesupport_c: rosidl_typesupport_fastrtps_c;rosidl_typesupport_introspection_c
[1.334s] -- Found rosidl_adapter: 1.2.1 (/opt/ros/foxy/share/rosidl_adapter/cmake)
[1.503s] -- Found OpenSSL: /usr/lib/x86_64-linux-gnu/libcrypto.so (found version "1.1.1f")  
[1.558s] -- Found FastRTPS: /opt/ros/foxy/include  
[1.705s] -- Using all available rosidl_typesupport_cpp: rosidl_typesupport_fastrtps_cpp;rosidl_typesupport_introspection_cpp
[3.657s] -- Found rmw_implementation_cmake: 1.0.3 (/opt/ros/foxy/share/rmw_implementation_cmake/cmake)
[3.661s] -- Using RMW implementation 'rmw_fastrtps_cpp' as default
[3.662s] -- Looking for pthread.h
[3.796s] -- Looking for pthread.h - found
[3.797s] -- Performing Test CMAKE_HAVE_LIBC_PTHREAD
[3.939s] -- Performing Test CMAKE_HAVE_LIBC_PTHREAD - Failed
[3.940s] -- Looking for pthread_create in pthreads
[4.050s] -- Looking for pthread_create in pthreads - not found
[4.050s] -- Looking for pthread_create in pthread
[4.182s] -- Looking for pthread_create in pthread - found
[4.184s] -- Found Threads: TRUE  
[5.236s] -- Found Eigen3: TRUE (found version "3.3.7") 
[6.397s] -- Setting build type to Release as none was specified.
[7.357s] -- Found ament_lint_auto: 0.9.6 (/opt/ros/foxy/share/ament_lint_auto/cmake)
[7.507s] -- Found gtest sources under '/opt/ros/foxy/src/gtest_vendor': C++ tests using 'Google Test' will be built
[7.513s] -- Check if compiler accepts -pthread
[7.857s] -- Check if compiler accepts -pthread - yes
[9.731s] -- Added test 'cppcheck' to perform static code analysis on C / C++ code
[9.732s] -- Configured cppcheck include dirs: /home/terra/nav2_ws/src/nav2_dwb_controller/costmap_queue/include
[9.733s] -- Configured cppcheck exclude dirs and/or files: 
[9.735s] -- Added test 'cpplint' to check C / C++ code against the Google style
[9.735s] -- Configured cpplint exclude dirs and/or files: 
[9.736s] -- Added test 'lint_cmake' to check CMake code style
[9.764s] -- Added test 'uncrustify' to check C / C++ code style
[9.764s] -- Configured uncrustify additional arguments: 
[9.766s] -- Added test 'xmllint' to check XML markup files
[9.791s] -- Configuring done
[10.123s] -- Generating done
[10.128s] -- Build files have been written to: /home/terra/nav2_ws/build/costmap_queue
[10.159s] Invoked command in '/home/terra/nav2_ws/build/costmap_queue' returned '0': AMENT_PREFIX_PATH=/home/terra/nav2_ws/install/nav2_costmap_2d:/home/terra/nav2_ws/install/nav2_util:/home/terra/nav2_ws/install/nav2_voxel_grid:/home/terra/nav2_ws/install/nav2_msgs:/home/terra/nav2_ws/install/nav2_common:${AMENT_PREFIX_PATH} CMAKE_PREFIX_PATH=/home/terra/nav2_ws/install/nav2_costmap_2d:/home/terra/nav2_ws/install/nav2_util:/home/terra/nav2_ws/install/nav2_voxel_grid:/home/terra/nav2_ws/install/nav2_msgs:/home/terra/nav2_ws/install/nav2_common:/opt/ros/foxy LD_LIBRARY_PATH=/home/terra/nav2_ws/install/nav2_costmap_2d/lib:/home/terra/nav2_ws/install/nav2_util/lib:/home/terra/nav2_ws/install/nav2_voxel_grid/lib:/home/terra/nav2_ws/install/nav2_msgs/lib:${LD_LIBRARY_PATH} PYTHONPATH=/home/terra/nav2_ws/install/nav2_msgs/lib/python3.8/site-packages:/home/terra/nav2_ws/install/nav2_common/lib/python3.8/site-packages:${PYTHONPATH} /usr/bin/cmake /home/terra/nav2_ws/src/nav2_dwb_controller/costmap_queue -DAMENT_CMAKE_SYMLINK_INSTALL=1 -DCMAKE_INSTALL_PREFIX=/home/terra/nav2_ws/install/costmap_queue
[10.161s] Invoking command in '/home/terra/nav2_ws/build/costmap_queue': AMENT_PREFIX_PATH=/home/terra/nav2_ws/install/nav2_costmap_2d:/home/terra/nav2_ws/install/nav2_util:/home/terra/nav2_ws/install/nav2_voxel_grid:/home/terra/nav2_ws/install/nav2_msgs:/home/terra/nav2_ws/install/nav2_common:${AMENT_PREFIX_PATH} CMAKE_PREFIX_PATH=/home/terra/nav2_ws/install/nav2_costmap_2d:/home/terra/nav2_ws/install/nav2_util:/home/terra/nav2_ws/install/nav2_voxel_grid:/home/terra/nav2_ws/install/nav2_msgs:/home/terra/nav2_ws/install/nav2_common:/opt/ros/foxy LD_LIBRARY_PATH=/home/terra/nav2_ws/install/nav2_costmap_2d/lib:/home/terra/nav2_ws/install/nav2_util/lib:/home/terra/nav2_ws/install/nav2_voxel_grid/lib:/home/terra/nav2_ws/install/nav2_msgs/lib:${LD_LIBRARY_PATH} PYTHONPATH=/home/terra/nav2_ws/install/nav2_msgs/lib/python3.8/site-packages:/home/terra/nav2_ws/install/nav2_common/lib/python3.8/site-packages:${PYTHONPATH} /usr/bin/cmake --build /home/terra/nav2_ws/build/costmap_queue -- -j8 -l8
[24.880s] [35m[1mScanning dependencies of target costmap_queue[0m
[24.882s] [35m[1mScanning dependencies of target gtest_main[0m
[24.882s] [35m[1mScanning dependencies of target gtest[0m
[24.882s] [  9%] [32mBuilding CXX object CMakeFiles/costmap_queue.dir/src/costmap_queue.cpp.o[0m
[24.882s] [ 18%] [32mBuilding CXX object gtest/CMakeFiles/gtest_main.dir/src/gtest_main.cc.o[0m
[24.882s] [ 27%] [32mBuilding CXX object CMakeFiles/costmap_queue.dir/src/limited_costmap_queue.cpp.o[0m
[24.883s] [ 36%] [32mBuilding CXX object gtest/CMakeFiles/gtest.dir/src/gtest-all.cc.o[0m
[24.883s] [ 45%] [32m[1mLinking CXX static library libgtest_main.a[0m
[24.883s] [ 45%] Built target gtest_main
[24.883s] [ 54%] [32m[1mLinking CXX static library libcostmap_queue.a[0m
[24.883s] [ 54%] Built target costmap_queue
[27.254s] [ 63%] [32m[1mLinking CXX static library libgtest.a[0m
[27.535s] [ 63%] Built target gtest
[27.635s] [35m[1mScanning dependencies of target utest[0m
[27.640s] [35m[1mScanning dependencies of target mbq_test[0m
[27.726s] [ 72%] [32mBuilding CXX object CMakeFiles/mbq_test.dir/test/mbq_test.cpp.o[0m
[27.973s] [ 81%] [32mBuilding CXX object CMakeFiles/utest.dir/test/utest.cpp.o[0m
[30.965s] [ 90%] [32m[1mLinking CXX executable mbq_test[0m
[31.603s] [ 90%] Built target mbq_test
[34.728s] [100%] [32m[1mLinking CXX executable utest[0m
[35.897s] [100%] Built target utest
[35.958s] Invoked command in '/home/terra/nav2_ws/build/costmap_queue' returned '0': AMENT_PREFIX_PATH=/home/terra/nav2_ws/install/nav2_costmap_2d:/home/terra/nav2_ws/install/nav2_util:/home/terra/nav2_ws/install/nav2_voxel_grid:/home/terra/nav2_ws/install/nav2_msgs:/home/terra/nav2_ws/install/nav2_common:${AMENT_PREFIX_PATH} CMAKE_PREFIX_PATH=/home/terra/nav2_ws/install/nav2_costmap_2d:/home/terra/nav2_ws/install/nav2_util:/home/terra/nav2_ws/install/nav2_voxel_grid:/home/terra/nav2_ws/install/nav2_msgs:/home/terra/nav2_ws/install/nav2_common:/opt/ros/foxy LD_LIBRARY_PATH=/home/terra/nav2_ws/install/nav2_costmap_2d/lib:/home/terra/nav2_ws/install/nav2_util/lib:/home/terra/nav2_ws/install/nav2_voxel_grid/lib:/home/terra/nav2_ws/install/nav2_msgs/lib:${LD_LIBRARY_PATH} PYTHONPATH=/home/terra/nav2_ws/install/nav2_msgs/lib/python3.8/site-packages:/home/terra/nav2_ws/install/nav2_common/lib/python3.8/site-packages:${PYTHONPATH} /usr/bin/cmake --build /home/terra/nav2_ws/build/costmap_queue -- -j8 -l8
[36.093s] Invoking command in '/home/terra/nav2_ws/build/costmap_queue': AMENT_PREFIX_PATH=/home/terra/nav2_ws/install/nav2_costmap_2d:/home/terra/nav2_ws/install/nav2_util:/home/terra/nav2_ws/install/nav2_voxel_grid:/home/terra/nav2_ws/install/nav2_msgs:/home/terra/nav2_ws/install/nav2_common:${AMENT_PREFIX_PATH} CMAKE_PREFIX_PATH=/home/terra/nav2_ws/install/nav2_costmap_2d:/home/terra/nav2_ws/install/nav2_util:/home/terra/nav2_ws/install/nav2_voxel_grid:/home/terra/nav2_ws/install/nav2_msgs:/home/terra/nav2_ws/install/nav2_common:/opt/ros/foxy LD_LIBRARY_PATH=/home/terra/nav2_ws/install/nav2_costmap_2d/lib:/home/terra/nav2_ws/install/nav2_util/lib:/home/terra/nav2_ws/install/nav2_voxel_grid/lib:/home/terra/nav2_ws/install/nav2_msgs/lib:${LD_LIBRARY_PATH} PYTHONPATH=/home/terra/nav2_ws/install/nav2_msgs/lib/python3.8/site-packages:/home/terra/nav2_ws/install/nav2_common/lib/python3.8/site-packages:${PYTHONPATH} /usr/bin/cmake --install /home/terra/nav2_ws/build/costmap_queue
[44.814s] -- Install configuration: "Release"
[44.815s] -- Execute custom install script
[44.816s] -- Symlinking: /home/terra/nav2_ws/install/costmap_queue/lib/libcostmap_queue.a
[44.817s] -- Symlinking: /home/terra/nav2_ws/install/costmap_queue/include//costmap_queue/costmap_queue.hpp
[44.821s] -- Symlinking: /home/terra/nav2_ws/install/costmap_queue/include//costmap_queue/limited_costmap_queue.hpp
[44.822s] -- Symlinking: /home/terra/nav2_ws/install/costmap_queue/include//costmap_queue/map_based_queue.hpp
[44.822s] -- Symlinking: /home/terra/nav2_ws/install/costmap_queue/share/costmap_queue/environment/library_path.sh
[44.822s] -- Symlinking: /home/terra/nav2_ws/install/costmap_queue/share/costmap_queue/environment/library_path.dsv
[44.822s] -- Symlinking: /home/terra/nav2_ws/install/costmap_queue/share/ament_index/resource_index/package_run_dependencies/costmap_queue
[44.822s] -- Symlinking: /home/terra/nav2_ws/install/costmap_queue/share/ament_index/resource_index/parent_prefix_path/costmap_queue
[44.822s] -- Symlinking: /home/terra/nav2_ws/install/costmap_queue/share/costmap_queue/environment/ament_prefix_path.sh
[44.823s] -- Symlinking: /home/terra/nav2_ws/install/costmap_queue/share/costmap_queue/environment/ament_prefix_path.dsv
[44.823s] -- Symlinking: /home/terra/nav2_ws/install/costmap_queue/share/costmap_queue/environment/path.sh
[44.823s] -- Symlinking: /home/terra/nav2_ws/install/costmap_queue/share/costmap_queue/environment/path.dsv
[44.823s] -- Symlinking: /home/terra/nav2_ws/install/costmap_queue/share/costmap_queue/local_setup.bash
[44.823s] -- Symlinking: /home/terra/nav2_ws/install/costmap_queue/share/costmap_queue/local_setup.sh
[44.823s] -- Symlinking: /home/terra/nav2_ws/install/costmap_queue/share/costmap_queue/local_setup.zsh
[44.823s] -- Symlinking: /home/terra/nav2_ws/install/costmap_queue/share/costmap_queue/local_setup.dsv
[44.823s] -- Symlinking: /home/terra/nav2_ws/install/costmap_queue/share/costmap_queue/package.dsv
[44.824s] -- Symlinking: /home/terra/nav2_ws/install/costmap_queue/share/ament_index/resource_index/packages/costmap_queue
[44.824s] -- Symlinking: /home/terra/nav2_ws/install/costmap_queue/share/costmap_queue/cmake/ament_cmake_export_include_directories-extras.cmake
[44.824s] -- Symlinking: /home/terra/nav2_ws/install/costmap_queue/share/costmap_queue/cmake/ament_cmake_export_libraries-extras.cmake
[44.824s] -- Symlinking: /home/terra/nav2_ws/install/costmap_queue/share/costmap_queue/cmake/costmap_queueConfig.cmake
[44.824s] -- Symlinking: /home/terra/nav2_ws/install/costmap_queue/share/costmap_queue/cmake/costmap_queueConfig-version.cmake
[44.824s] -- Symlinking: /home/terra/nav2_ws/install/costmap_queue/share/costmap_queue/package.xml
[44.858s] Invoked command in '/home/terra/nav2_ws/build/costmap_queue' returned '0': AMENT_PREFIX_PATH=/home/terra/nav2_ws/install/nav2_costmap_2d:/home/terra/nav2_ws/install/nav2_util:/home/terra/nav2_ws/install/nav2_voxel_grid:/home/terra/nav2_ws/install/nav2_msgs:/home/terra/nav2_ws/install/nav2_common:${AMENT_PREFIX_PATH} CMAKE_PREFIX_PATH=/home/terra/nav2_ws/install/nav2_costmap_2d:/home/terra/nav2_ws/install/nav2_util:/home/terra/nav2_ws/install/nav2_voxel_grid:/home/terra/nav2_ws/install/nav2_msgs:/home/terra/nav2_ws/install/nav2_common:/opt/ros/foxy LD_LIBRARY_PATH=/home/terra/nav2_ws/install/nav2_costmap_2d/lib:/home/terra/nav2_ws/install/nav2_util/lib:/home/terra/nav2_ws/install/nav2_voxel_grid/lib:/home/terra/nav2_ws/install/nav2_msgs/lib:${LD_LIBRARY_PATH} PYTHONPATH=/home/terra/nav2_ws/install/nav2_msgs/lib/python3.8/site-packages:/home/terra/nav2_ws/install/nav2_common/lib/python3.8/site-packages:${PYTHONPATH} /usr/bin/cmake --install /home/terra/nav2_ws/build/costmap_queue
