In file included from [01m[K/home/terra/nav2_ws/src/navigation2_tutorials/nav2_straightline_planner/src/straight_line_planner.cpp:46[m[K:
[01m[K/home/terra/nav2_ws/src/navigation2_tutorials/nav2_straightline_planner/include/nav2_straightline_planner/straight_line_planner.hpp:67:8:[m[K [01;31m[Kerror: [m[K‘[01m[Kvoid nav2_straightline_planner::StraightLine::configure(rclcpp_lifecycle::LifecycleNode::WeakPtr&, std::string, std::shared_ptr<tf2_ros::Buffer>, std::shared_ptr<nav2_costmap_2d::Costmap2DROS>)[m[K’ marked ‘[01m[Koverride[m[K’, but does not override
   67 |   void [01;31m[Kconfigure[m[K(
      |        [01;31m[K^~~~~~~~~[m[K
In file included from [01m[K/opt/ros/foxy/include/class_loader/class_loader_core.hpp:57[m[K,
                 from [01m[K/opt/ros/foxy/include/class_loader/class_loader.hpp:55[m[K,
                 from [01m[K/opt/ros/foxy/include/class_loader/multi_library_class_loader.hpp:52[m[K,
                 from [01m[K/opt/ros/foxy/include/pluginlib/class_loader.hpp:58[m[K,
                 from [01m[K/home/terra/nav2_ws/install/nav2_costmap_2d/include/nav2_costmap_2d/costmap_2d_ros.hpp:53[m[K,
                 from [01m[K/home/terra/nav2_ws/install/nav2_core/include/nav2_core/global_planner.hpp:21[m[K,
                 from [01m[K/home/terra/nav2_ws/src/navigation2_tutorials/nav2_straightline_planner/include/nav2_straightline_planner/straight_line_planner.hpp:51[m[K,
                 from [01m[K/home/terra/nav2_ws/src/navigation2_tutorials/nav2_straightline_planner/src/straight_line_planner.cpp:46[m[K:
/opt/ros/foxy/include/class_loader/meta_object.hpp: In instantiation of ‘[01m[KB* class_loader::impl::MetaObject<C, B>::create() const [with C = nav2_straightline_planner::StraightLine; B = nav2_core::GlobalPlanner][m[K’:
[01m[K/opt/ros/foxy/include/class_loader/meta_object.hpp:216:7:[m[K   required from here
[01m[K/opt/ros/foxy/include/class_loader/meta_object.hpp:218:12:[m[K [01;31m[Kerror: [m[Kinvalid new-expression of abstract class type ‘[01m[Knav2_straightline_planner::StraightLine[m[K’
  218 |     return [01;31m[Knew C[m[K;
      |            [01;31m[K^~~~~[m[K
In file included from [01m[K/home/terra/nav2_ws/src/navigation2_tutorials/nav2_straightline_planner/src/straight_line_planner.cpp:46[m[K:
[01m[K/home/terra/nav2_ws/src/navigation2_tutorials/nav2_straightline_planner/include/nav2_straightline_planner/straight_line_planner.hpp:60:7:[m[K [01;36m[Knote: [m[K  because the following virtual functions are pure within ‘[01m[Knav2_straightline_planner::StraightLine[m[K’:
   60 | class [01;36m[KStraightLine[m[K : public nav2_core::GlobalPlanner
      |       [01;36m[K^~~~~~~~~~~~[m[K
In file included from [01m[K/home/terra/nav2_ws/src/navigation2_tutorials/nav2_straightline_planner/include/nav2_straightline_planner/straight_line_planner.hpp:51[m[K,
                 from [01m[K/home/terra/nav2_ws/src/navigation2_tutorials/nav2_straightline_planner/src/straight_line_planner.cpp:46[m[K:
[01m[K/home/terra/nav2_ws/install/nav2_core/include/nav2_core/global_planner.hpp:50:16:[m[K [01;36m[Knote: [m[K	‘[01m[Kvirtual void nav2_core::GlobalPlanner::configure(rclcpp_lifecycle::LifecycleNode::SharedPtr, std::string, std::shared_ptr<tf2_ros::Buffer>, std::shared_ptr<nav2_costmap_2d::Costmap2DROS>)[m[K’
   50 |   virtual void [01;36m[Kconfigure[m[K(
      |                [01;36m[K^~~~~~~~~[m[K
make[2]: *** [CMakeFiles/nav2_straightline_planner_plugin.dir/build.make:63: CMakeFiles/nav2_straightline_planner_plugin.dir/src/straight_line_planner.cpp.o] Error 1
make[1]: *** [CMakeFiles/Makefile2:78: CMakeFiles/nav2_straightline_planner_plugin.dir/all] Error 2
make: *** [Makefile:141: all] Error 2
