[0.023s] Invoking command in '/home/terra/nav2_ws/build/nav2_demo': CMAKE_PREFIX_PATH=/opt/ros/foxy /usr/bin/cmake /home/terra/nav2_ws/src/nav2_demo -DCMAKE_INSTALL_PREFIX=/home/terra/nav2_ws/install/nav2_demo
[0.281s] -- The C compiler identification is GNU 9.4.0
[0.421s] -- The CXX compiler identification is GNU 9.4.0
[0.434s] -- Check for working C compiler: /usr/bin/cc
[0.531s] -- Check for working C compiler: /usr/bin/cc -- works
[0.535s] -- Detecting C compiler ABI info
[0.624s] -- Detecting C compiler ABI info - done
[0.638s] -- Detecting C compile features
[0.639s] -- Detecting C compile features - done
[0.643s] -- Check for working CXX compiler: /usr/bin/c++
[0.752s] -- Check for working CXX compiler: /usr/bin/c++ -- works
[0.753s] -- Detecting CXX compiler ABI info
[0.854s] -- Detecting CXX compiler ABI info - done
[0.870s] -- Detecting CXX compile features
[0.871s] -- Detecting CXX compile features - done
[0.882s] -- Found ament_cmake: 0.9.9 (/opt/ros/foxy/share/ament_cmake/cmake)
[0.920s] -- Found PythonInterp: /usr/bin/python3 (found suitable version "3.8.10", minimum required is "3") 
[0.920s] -- Using PYTHON_EXECUTABLE: /usr/bin/python3
[1.183s] -- Found rclcpp: 2.4.1 (/opt/ros/foxy/share/rclcpp/cmake)
[1.284s] -- Using all available rosidl_typesupport_c: rosidl_typesupport_fastrtps_c;rosidl_typesupport_introspection_c
[1.299s] -- Found rosidl_adapter: 1.2.1 (/opt/ros/foxy/share/rosidl_adapter/cmake)
[1.435s] -- Found OpenSSL: /usr/lib/x86_64-linux-gnu/libcrypto.so (found version "1.1.1f")  
[1.470s] -- Found FastRTPS: /opt/ros/foxy/include  
[1.585s] -- Using all available rosidl_typesupport_cpp: rosidl_typesupport_fastrtps_cpp;rosidl_typesupport_introspection_cpp
[1.683s] -- Found rmw_implementation_cmake: 1.0.3 (/opt/ros/foxy/share/rmw_implementation_cmake/cmake)
[1.687s] -- Using RMW implementation 'rmw_fastrtps_cpp' as default
[1.690s] -- Looking for pthread.h
[1.790s] -- Looking for pthread.h - found
[1.790s] -- Performing Test CMAKE_HAVE_LIBC_PTHREAD
[1.885s] -- Performing Test CMAKE_HAVE_LIBC_PTHREAD - Failed
[1.885s] -- Looking for pthread_create in pthreads
[1.956s] -- Looking for pthread_create in pthreads - not found
[1.957s] -- Looking for pthread_create in pthread
[2.040s] -- Looking for pthread_create in pthread - found
[2.042s] -- Found Threads: TRUE  
[2.262s] -- Found rclcpp_action: 2.4.1 (/opt/ros/foxy/share/rclcpp_action/cmake)
[2.402s] -- Found rclcpp_lifecycle: 2.4.1 (/opt/ros/foxy/share/rclcpp_lifecycle/cmake)
[2.469s] -- Found visualization_msgs: 2.0.5 (/opt/ros/foxy/share/visualization_msgs/cmake)
[2.637s] -- Found nav2_util: 0.4.7 (/opt/ros/foxy/share/nav2_util/cmake)
[3.531s] -- Found eigen3_cmake_module: 0.1.1 (/opt/ros/foxy/share/eigen3_cmake_module/cmake)
[3.538s] -- Found Eigen3: TRUE (found version "3.3.7") 
[3.722s] -- Found nav2_costmap_2d: 0.4.7 (/opt/ros/foxy/share/nav2_costmap_2d/cmake)
[4.545s] -- Found nav2_core: 0.4.7 (/opt/ros/foxy/share/nav2_core/cmake)
[5.149s] CMake Error at /opt/ros/foxy/share/ament_cmake_target_dependencies/cmake/ament_target_dependencies.cmake:42 (message):
[5.150s]   ament_target_dependencies() the first argument must be a valid target name
[5.150s] Call Stack (most recent call first):
[5.150s]   CMakeLists.txt:53 (ament_target_dependencies)
[5.150s] 
[5.151s] 
[5.153s] -- Configuring incomplete, errors occurred!
[5.154s] See also "/home/terra/nav2_ws/build/nav2_demo/CMakeFiles/CMakeOutput.log".
[5.154s] See also "/home/terra/nav2_ws/build/nav2_demo/CMakeFiles/CMakeError.log".
[5.164s] Invoked command in '/home/terra/nav2_ws/build/nav2_demo' returned '1': CMAKE_PREFIX_PATH=/opt/ros/foxy /usr/bin/cmake /home/terra/nav2_ws/src/nav2_demo -DCMAKE_INSTALL_PREFIX=/home/terra/nav2_ws/install/nav2_demo
