[0.035s] Invoking command in '/home/terra/nav2_ws/build/nav2_msgs': AMENT_PREFIX_PATH=/home/terra/nav2_ws/install/nav2_common:${AMENT_PREFIX_PATH} CMAKE_PREFIX_PATH=/home/terra/nav2_ws/install/nav2_common:/opt/ros/foxy PYTHONPATH=/home/terra/nav2_ws/install/nav2_common/lib/python3.8/site-packages:${PYTHONPATH} /usr/bin/cmake /home/terra/nav2_ws/src/nav2_msgs -DAMENT_CMAKE_SYMLINK_INSTALL=1 -DCMAKE_INSTALL_PREFIX=/home/terra/nav2_ws/install/nav2_msgs
[0.111s] -- The C compiler identification is GNU 9.4.0
[0.189s] -- The CXX compiler identification is GNU 9.4.0
[0.195s] -- Check for working C compiler: /usr/bin/cc
[0.281s] -- Check for working C compiler: /usr/bin/cc -- works
[0.283s] -- Detecting C compiler ABI info
[0.377s] -- Detecting C compiler ABI info - done
[0.401s] -- Detecting C compile features
[0.402s] -- Detecting C compile features - done
[0.408s] -- Check for working CXX compiler: /usr/bin/c++
[0.506s] -- Check for working CXX compiler: /usr/bin/c++ -- works
[0.507s] -- Detecting CXX compiler ABI info
[0.606s] -- Detecting CXX compiler ABI info - done
[0.631s] -- Detecting CXX compile features
[0.632s] -- Detecting CXX compile features - done
[0.636s] -- Found ament_cmake: 0.9.9 (/opt/ros/foxy/share/ament_cmake/cmake)
[0.669s] -- Found PythonInterp: /usr/bin/python3 (found suitable version "3.8.10", minimum required is "3") 
[0.670s] -- Using PYTHON_EXECUTABLE: /usr/bin/python3
[0.871s] -- Override CMake install command with custom implementation using symlinks instead of copying resources
[0.902s] -- Found nav2_common: 0.4.7 (/home/terra/nav2_ws/install/nav2_common/share/nav2_common/cmake)
[0.904s] -- Found builtin_interfaces: 1.0.0 (/opt/ros/foxy/share/builtin_interfaces/cmake)
[0.936s] -- Using all available rosidl_typesupport_c: rosidl_typesupport_fastrtps_c;rosidl_typesupport_introspection_c
[0.944s] -- Found rosidl_adapter: 1.2.1 (/opt/ros/foxy/share/rosidl_adapter/cmake)
[1.050s] -- Found OpenSSL: /usr/lib/x86_64-linux-gnu/libcrypto.so (found version "1.1.1f")  
[1.106s] -- Found FastRTPS: /opt/ros/foxy/include  
[1.224s] -- Using all available rosidl_typesupport_cpp: rosidl_typesupport_fastrtps_cpp;rosidl_typesupport_introspection_cpp
[1.258s] -- Found nav_msgs: 2.0.5 (/opt/ros/foxy/share/nav_msgs/cmake)
[1.450s] -- Found rosidl_default_generators: 1.0.1 (/opt/ros/foxy/share/rosidl_default_generators/cmake)
[1.465s] -- Found action_msgs: 1.0.0 (/opt/ros/foxy/share/action_msgs/cmake)
[1.536s] -- Setting build type to Release as none was specified.
[1.579s] -- Found PythonInterp: /usr/bin/python3 (found version "3.8.10") 
[2.419s] -- Found ament_cmake_ros: 0.9.2 (/opt/ros/foxy/share/ament_cmake_ros/cmake)
[3.358s] -- Using all available rosidl_typesupport_c: rosidl_typesupport_fastrtps_c;rosidl_typesupport_introspection_c
[3.799s] -- Using all available rosidl_typesupport_cpp: rosidl_typesupport_fastrtps_cpp;rosidl_typesupport_introspection_cpp
[3.861s] -- Found PythonInterp: /usr/bin/python3 (found suitable version "3.8.10", minimum required is "3.5") 
[3.865s] -- Found python_cmake_module: 0.8.1 (/opt/ros/foxy/share/python_cmake_module/cmake)
[3.930s] -- Found PythonLibs: /usr/lib/x86_64-linux-gnu/libpython3.8.so (found suitable version "3.8.10", minimum required is "3.5") 
[3.931s] -- Using PYTHON_EXECUTABLE: /usr/bin/python3
[3.931s] -- Using PYTHON_INCLUDE_DIRS: /usr/include/python3.8
[3.932s] -- Using PYTHON_LIBRARIES: /usr/lib/x86_64-linux-gnu/libpython3.8.so
[3.991s] -- Found PythonExtra: .so  
[4.270s] -- Configuring done
[4.695s] -- Generating done
[4.701s] -- Build files have been written to: /home/terra/nav2_ws/build/nav2_msgs
[4.721s] Invoked command in '/home/terra/nav2_ws/build/nav2_msgs' returned '0': AMENT_PREFIX_PATH=/home/terra/nav2_ws/install/nav2_common:${AMENT_PREFIX_PATH} CMAKE_PREFIX_PATH=/home/terra/nav2_ws/install/nav2_common:/opt/ros/foxy PYTHONPATH=/home/terra/nav2_ws/install/nav2_common/lib/python3.8/site-packages:${PYTHONPATH} /usr/bin/cmake /home/terra/nav2_ws/src/nav2_msgs -DAMENT_CMAKE_SYMLINK_INSTALL=1 -DCMAKE_INSTALL_PREFIX=/home/terra/nav2_ws/install/nav2_msgs
[4.725s] Invoking command in '/home/terra/nav2_ws/build/nav2_msgs': AMENT_PREFIX_PATH=/home/terra/nav2_ws/install/nav2_common:${AMENT_PREFIX_PATH} CMAKE_PREFIX_PATH=/home/terra/nav2_ws/install/nav2_common:/opt/ros/foxy PYTHONPATH=/home/terra/nav2_ws/install/nav2_common/lib/python3.8/site-packages:${PYTHONPATH} /usr/bin/cmake --build /home/terra/nav2_ws/build/nav2_msgs -- -j8 -l8
[4.830s] [  1%] [34m[1mGenerating C code for ROS interfaces[0m
[4.832s] [35m[1mScanning dependencies of target nav2_msgs__cpp[0m
[4.855s] [  1%] [34m[1mGenerating C++ code for ROS interfaces[0m
[9.138s] [35m[1mScanning dependencies of target nav2_msgs__rosidl_generator_c[0m
[9.203s] [  1%] [32mBuilding C object CMakeFiles/nav2_msgs__rosidl_generator_c.dir/rosidl_generator_c/nav2_msgs/msg/detail/costmap__functions.c.o[0m
[9.207s] [  2%] [32mBuilding C object CMakeFiles/nav2_msgs__rosidl_generator_c.dir/rosidl_generator_c/nav2_msgs/msg/detail/costmap_meta_data__functions.c.o[0m
[9.208s] [  2%] [32mBuilding C object CMakeFiles/nav2_msgs__rosidl_generator_c.dir/rosidl_generator_c/nav2_msgs/msg/detail/voxel_grid__functions.c.o[0m
[9.223s] [  3%] [32mBuilding C object CMakeFiles/nav2_msgs__rosidl_generator_c.dir/rosidl_generator_c/nav2_msgs/msg/detail/behavior_tree_status_change__functions.c.o[0m
[9.249s] [  3%] [32mBuilding C object CMakeFiles/nav2_msgs__rosidl_generator_c.dir/rosidl_generator_c/nav2_msgs/msg/detail/behavior_tree_log__functions.c.o[0m
[9.281s] [  4%] [32mBuilding C object CMakeFiles/nav2_msgs__rosidl_generator_c.dir/rosidl_generator_c/nav2_msgs/msg/detail/particle__functions.c.o[0m
[9.301s] [  4%] [32mBuilding C object CMakeFiles/nav2_msgs__rosidl_generator_c.dir/rosidl_generator_c/nav2_msgs/msg/detail/particle_cloud__functions.c.o[0m
[9.317s] [  4%] [32mBuilding C object CMakeFiles/nav2_msgs__rosidl_generator_c.dir/rosidl_generator_c/nav2_msgs/srv/detail/clear_costmap_except_region__functions.c.o[0m
[9.319s] [  5%] [32mBuilding C object CMakeFiles/nav2_msgs__rosidl_generator_c.dir/rosidl_generator_c/nav2_msgs/srv/detail/get_costmap__functions.c.o[0m
[9.352s] [  6%] [32mBuilding C object CMakeFiles/nav2_msgs__rosidl_generator_c.dir/rosidl_generator_c/nav2_msgs/srv/detail/clear_costmap_around_robot__functions.c.o[0m
[9.372s] [  6%] [32mBuilding C object CMakeFiles/nav2_msgs__rosidl_generator_c.dir/rosidl_generator_c/nav2_msgs/srv/detail/clear_entire_costmap__functions.c.o[0m
[9.386s] [  7%] [32mBuilding C object CMakeFiles/nav2_msgs__rosidl_generator_c.dir/rosidl_generator_c/nav2_msgs/srv/detail/manage_lifecycle_nodes__functions.c.o[0m
[9.479s] [  7%] [32mBuilding C object CMakeFiles/nav2_msgs__rosidl_generator_c.dir/rosidl_generator_c/nav2_msgs/srv/detail/load_map__functions.c.o[0m
[9.498s] [  8%] [32mBuilding C object CMakeFiles/nav2_msgs__rosidl_generator_c.dir/rosidl_generator_c/nav2_msgs/srv/detail/save_map__functions.c.o[0m
[9.501s] [  8%] [32mBuilding C object CMakeFiles/nav2_msgs__rosidl_generator_c.dir/rosidl_generator_c/nav2_msgs/action/detail/back_up__functions.c.o[0m
[9.514s] [  9%] [32mBuilding C object CMakeFiles/nav2_msgs__rosidl_generator_c.dir/rosidl_generator_c/nav2_msgs/action/detail/compute_path_to_pose__functions.c.o[0m
[9.561s] [  9%] [32mBuilding C object CMakeFiles/nav2_msgs__rosidl_generator_c.dir/rosidl_generator_c/nav2_msgs/action/detail/follow_path__functions.c.o[0m
[9.609s] [ 10%] [32mBuilding C object CMakeFiles/nav2_msgs__rosidl_generator_c.dir/rosidl_generator_c/nav2_msgs/action/detail/navigate_to_pose__functions.c.o[0m
[9.635s] [ 10%] [32mBuilding C object CMakeFiles/nav2_msgs__rosidl_generator_c.dir/rosidl_generator_c/nav2_msgs/action/detail/wait__functions.c.o[0m
[9.644s] [ 11%] [32mBuilding C object CMakeFiles/nav2_msgs__rosidl_generator_c.dir/rosidl_generator_c/nav2_msgs/action/detail/spin__functions.c.o[0m
[9.701s] [ 11%] [32mBuilding C object CMakeFiles/nav2_msgs__rosidl_generator_c.dir/rosidl_generator_c/nav2_msgs/action/detail/dummy_recovery__functions.c.o[0m
[9.982s] [ 12%] [32mBuilding C object CMakeFiles/nav2_msgs__rosidl_generator_c.dir/rosidl_generator_c/nav2_msgs/action/detail/follow_waypoints__functions.c.o[0m
[10.163s] [ 12%] Built target nav2_msgs__cpp
[10.181s] [ 13%] [34m[1mGenerating C++ introspection for ROS interfaces[0m
[10.184s] [ 14%] [34m[1mGenerating C++ type support dispatch for ROS interfaces[0m
[10.185s] [ 15%] [34m[1mGenerating C++ type support for eProsima Fast-RTPS[0m
[10.388s] [ 15%] [32m[1mLinking C shared library libnav2_msgs__rosidl_generator_c.so[0m
[10.490s] [ 15%] Built target nav2_msgs__rosidl_generator_c
[10.511s] [ 16%] [34m[1mGenerating C type support dispatch for ROS interfaces[0m
[10.519s] [ 17%] [34m[1mGenerating C introspection for ROS interfaces[0m
[13.278s] [35m[1mScanning dependencies of target nav2_msgs__rosidl_typesupport_cpp[0m
[13.339s] [ 17%] [32mBuilding CXX object CMakeFiles/nav2_msgs__rosidl_typesupport_cpp.dir/rosidl_typesupport_cpp/nav2_msgs/msg/costmap__type_support.cpp.o[0m
[13.342s] [ 17%] [32mBuilding CXX object CMakeFiles/nav2_msgs__rosidl_typesupport_cpp.dir/rosidl_typesupport_cpp/nav2_msgs/msg/voxel_grid__type_support.cpp.o[0m
[13.360s] [ 18%] [32mBuilding CXX object CMakeFiles/nav2_msgs__rosidl_typesupport_cpp.dir/rosidl_typesupport_cpp/nav2_msgs/msg/costmap_meta_data__type_support.cpp.o[0m
[13.372s] [ 19%] [32mBuilding CXX object CMakeFiles/nav2_msgs__rosidl_typesupport_cpp.dir/rosidl_typesupport_cpp/nav2_msgs/msg/behavior_tree_status_change__type_support.cpp.o[0m
[13.933s] [ 19%] [32mBuilding CXX object CMakeFiles/nav2_msgs__rosidl_typesupport_cpp.dir/rosidl_typesupport_cpp/nav2_msgs/msg/behavior_tree_log__type_support.cpp.o[0m
[13.948s] [ 20%] [32mBuilding CXX object CMakeFiles/nav2_msgs__rosidl_typesupport_cpp.dir/rosidl_typesupport_cpp/nav2_msgs/msg/particle__type_support.cpp.o[0m
[13.951s] [ 20%] [32mBuilding CXX object CMakeFiles/nav2_msgs__rosidl_typesupport_cpp.dir/rosidl_typesupport_cpp/nav2_msgs/msg/particle_cloud__type_support.cpp.o[0m
[14.207s] [ 21%] [32mBuilding CXX object CMakeFiles/nav2_msgs__rosidl_typesupport_cpp.dir/rosidl_typesupport_cpp/nav2_msgs/srv/get_costmap__type_support.cpp.o[0m
[14.335s] [35m[1mScanning dependencies of target nav2_msgs__rosidl_typesupport_c[0m
[14.436s] [ 21%] [32mBuilding CXX object CMakeFiles/nav2_msgs__rosidl_typesupport_c.dir/rosidl_typesupport_c/nav2_msgs/msg/costmap__type_support.cpp.o[0m
[14.556s] [ 21%] [32mBuilding CXX object CMakeFiles/nav2_msgs__rosidl_typesupport_cpp.dir/rosidl_typesupport_cpp/nav2_msgs/srv/clear_costmap_except_region__type_support.cpp.o[0m
[14.568s] [ 22%] [32mBuilding CXX object CMakeFiles/nav2_msgs__rosidl_typesupport_c.dir/rosidl_typesupport_c/nav2_msgs/msg/costmap_meta_data__type_support.cpp.o[0m
[14.639s] [ 23%] [32mBuilding CXX object CMakeFiles/nav2_msgs__rosidl_typesupport_cpp.dir/rosidl_typesupport_cpp/nav2_msgs/srv/clear_costmap_around_robot__type_support.cpp.o[0m
[14.647s] [ 23%] [32mBuilding CXX object CMakeFiles/nav2_msgs__rosidl_typesupport_c.dir/rosidl_typesupport_c/nav2_msgs/msg/voxel_grid__type_support.cpp.o[0m
[14.655s] [ 24%] [32mBuilding CXX object CMakeFiles/nav2_msgs__rosidl_typesupport_c.dir/rosidl_typesupport_c/nav2_msgs/msg/behavior_tree_status_change__type_support.cpp.o[0m
[14.779s] [ 24%] [32mBuilding CXX object CMakeFiles/nav2_msgs__rosidl_typesupport_cpp.dir/rosidl_typesupport_cpp/nav2_msgs/srv/clear_entire_costmap__type_support.cpp.o[0m
[14.803s] [ 24%] [32mBuilding CXX object CMakeFiles/nav2_msgs__rosidl_typesupport_c.dir/rosidl_typesupport_c/nav2_msgs/msg/behavior_tree_log__type_support.cpp.o[0m
[14.890s] [ 25%] [32mBuilding CXX object CMakeFiles/nav2_msgs__rosidl_typesupport_c.dir/rosidl_typesupport_c/nav2_msgs/msg/particle__type_support.cpp.o[0m
[14.929s] [ 26%] [32mBuilding CXX object CMakeFiles/nav2_msgs__rosidl_typesupport_cpp.dir/rosidl_typesupport_cpp/nav2_msgs/srv/manage_lifecycle_nodes__type_support.cpp.o[0m
[15.062s] [ 26%] [32mBuilding CXX object CMakeFiles/nav2_msgs__rosidl_typesupport_c.dir/rosidl_typesupport_c/nav2_msgs/msg/particle_cloud__type_support.cpp.o[0m
[15.198s] [ 27%] [32mBuilding CXX object CMakeFiles/nav2_msgs__rosidl_typesupport_c.dir/rosidl_typesupport_c/nav2_msgs/srv/get_costmap__type_support.cpp.o[0m
[15.267s] [35m[1mScanning dependencies of target nav2_msgs__rosidl_typesupport_introspection_cpp[0m
[15.280s] [ 27%] [32mBuilding CXX object CMakeFiles/nav2_msgs__rosidl_typesupport_c.dir/rosidl_typesupport_c/nav2_msgs/srv/clear_costmap_except_region__type_support.cpp.o[0m
[15.330s] [ 28%] [32mBuilding CXX object CMakeFiles/nav2_msgs__rosidl_typesupport_c.dir/rosidl_typesupport_c/nav2_msgs/srv/clear_costmap_around_robot__type_support.cpp.o[0m
[15.346s] [ 28%] [32mBuilding CXX object CMakeFiles/nav2_msgs__rosidl_typesupport_cpp.dir/rosidl_typesupport_cpp/nav2_msgs/srv/load_map__type_support.cpp.o[0m
[15.368s] [ 28%] [32mBuilding CXX object CMakeFiles/nav2_msgs__rosidl_typesupport_introspection_cpp.dir/rosidl_typesupport_introspection_cpp/nav2_msgs/msg/detail/costmap__type_support.cpp.o[0m
[15.396s] [ 29%] [32mBuilding CXX object CMakeFiles/nav2_msgs__rosidl_typesupport_introspection_cpp.dir/rosidl_typesupport_introspection_cpp/nav2_msgs/msg/detail/costmap_meta_data__type_support.cpp.o[0m
[15.453s] [ 29%] [32mBuilding CXX object CMakeFiles/nav2_msgs__rosidl_typesupport_c.dir/rosidl_typesupport_c/nav2_msgs/srv/clear_entire_costmap__type_support.cpp.o[0m
[15.513s] [ 30%] [32mBuilding CXX object CMakeFiles/nav2_msgs__rosidl_typesupport_c.dir/rosidl_typesupport_c/nav2_msgs/srv/manage_lifecycle_nodes__type_support.cpp.o[0m
[15.647s] [ 30%] [32mBuilding CXX object CMakeFiles/nav2_msgs__rosidl_typesupport_c.dir/rosidl_typesupport_c/nav2_msgs/srv/load_map__type_support.cpp.o[0m
[15.653s] [ 30%] [32mBuilding CXX object CMakeFiles/nav2_msgs__rosidl_typesupport_introspection_cpp.dir/rosidl_typesupport_introspection_cpp/nav2_msgs/msg/detail/voxel_grid__type_support.cpp.o[0m
[15.693s] [ 31%] [32mBuilding CXX object CMakeFiles/nav2_msgs__rosidl_typesupport_cpp.dir/rosidl_typesupport_cpp/nav2_msgs/srv/save_map__type_support.cpp.o[0m
[15.747s] [ 32%] [32mBuilding CXX object CMakeFiles/nav2_msgs__rosidl_typesupport_c.dir/rosidl_typesupport_c/nav2_msgs/srv/save_map__type_support.cpp.o[0m
[15.837s] [ 32%] [32mBuilding CXX object CMakeFiles/nav2_msgs__rosidl_typesupport_c.dir/rosidl_typesupport_c/nav2_msgs/action/back_up__type_support.cpp.o[0m
[15.997s] [ 33%] [32mBuilding CXX object CMakeFiles/nav2_msgs__rosidl_typesupport_introspection_cpp.dir/rosidl_typesupport_introspection_cpp/nav2_msgs/msg/detail/behavior_tree_status_change__type_support.cpp.o[0m
[16.014s] [ 34%] [32mBuilding CXX object CMakeFiles/nav2_msgs__rosidl_typesupport_c.dir/rosidl_typesupport_c/nav2_msgs/action/compute_path_to_pose__type_support.cpp.o[0m
[16.102s] [ 34%] [32mBuilding CXX object CMakeFiles/nav2_msgs__rosidl_typesupport_introspection_cpp.dir/rosidl_typesupport_introspection_cpp/nav2_msgs/msg/detail/behavior_tree_log__type_support.cpp.o[0m
[16.135s] [ 35%] [32mBuilding CXX object CMakeFiles/nav2_msgs__rosidl_typesupport_introspection_cpp.dir/rosidl_typesupport_introspection_cpp/nav2_msgs/msg/detail/particle__type_support.cpp.o[0m
[16.138s] [ 35%] [32mBuilding CXX object CMakeFiles/nav2_msgs__rosidl_typesupport_c.dir/rosidl_typesupport_c/nav2_msgs/action/follow_path__type_support.cpp.o[0m
[16.307s] [ 36%] [32mBuilding CXX object CMakeFiles/nav2_msgs__rosidl_typesupport_c.dir/rosidl_typesupport_c/nav2_msgs/action/navigate_to_pose__type_support.cpp.o[0m
[16.309s] [35m[1mScanning dependencies of target nav2_msgs__rosidl_typesupport_introspection_c[0m
[16.389s] [ 36%] [32mBuilding CXX object CMakeFiles/nav2_msgs__rosidl_typesupport_cpp.dir/rosidl_typesupport_cpp/nav2_msgs/action/back_up__type_support.cpp.o[0m
[16.432s] [ 36%] [32mBuilding C object CMakeFiles/nav2_msgs__rosidl_typesupport_introspection_c.dir/rosidl_typesupport_introspection_c/nav2_msgs/msg/detail/costmap__type_support.c.o[0m
[16.441s] [ 37%] [32mBuilding C object CMakeFiles/nav2_msgs__rosidl_typesupport_introspection_c.dir/rosidl_typesupport_introspection_c/nav2_msgs/msg/detail/costmap_meta_data__type_support.c.o[0m
[16.447s] [ 37%] [32mBuilding CXX object CMakeFiles/nav2_msgs__rosidl_typesupport_c.dir/rosidl_typesupport_c/nav2_msgs/action/wait__type_support.cpp.o[0m
[16.564s] [ 38%] [32mBuilding CXX object CMakeFiles/nav2_msgs__rosidl_typesupport_c.dir/rosidl_typesupport_c/nav2_msgs/action/spin__type_support.cpp.o[0m
[16.574s] [ 38%] [32mBuilding C object CMakeFiles/nav2_msgs__rosidl_typesupport_introspection_c.dir/rosidl_typesupport_introspection_c/nav2_msgs/msg/detail/voxel_grid__type_support.c.o[0m
[16.635s] [ 38%] [32mBuilding CXX object CMakeFiles/nav2_msgs__rosidl_typesupport_introspection_cpp.dir/rosidl_typesupport_introspection_cpp/nav2_msgs/msg/detail/particle_cloud__type_support.cpp.o[0m
[16.680s] [ 39%] [32mBuilding CXX object CMakeFiles/nav2_msgs__rosidl_typesupport_cpp.dir/rosidl_typesupport_cpp/nav2_msgs/action/compute_path_to_pose__type_support.cpp.o[0m
[16.709s] [ 39%] [32mBuilding CXX object CMakeFiles/nav2_msgs__rosidl_typesupport_c.dir/rosidl_typesupport_c/nav2_msgs/action/dummy_recovery__type_support.cpp.o[0m
[16.718s] [ 40%] [32mBuilding C object CMakeFiles/nav2_msgs__rosidl_typesupport_introspection_c.dir/rosidl_typesupport_introspection_c/nav2_msgs/msg/detail/behavior_tree_status_change__type_support.c.o[0m
[16.829s] [ 41%] [32mBuilding CXX object CMakeFiles/nav2_msgs__rosidl_typesupport_introspection_cpp.dir/rosidl_typesupport_introspection_cpp/nav2_msgs/srv/detail/get_costmap__type_support.cpp.o[0m
[16.854s] [ 42%] [32mBuilding CXX object CMakeFiles/nav2_msgs__rosidl_typesupport_c.dir/rosidl_typesupport_c/nav2_msgs/action/follow_waypoints__type_support.cpp.o[0m
[16.869s] [ 42%] [32mBuilding C object CMakeFiles/nav2_msgs__rosidl_typesupport_introspection_c.dir/rosidl_typesupport_introspection_c/nav2_msgs/msg/detail/behavior_tree_log__type_support.c.o[0m
[17.012s] [ 43%] [32mBuilding C object CMakeFiles/nav2_msgs__rosidl_typesupport_introspection_c.dir/rosidl_typesupport_introspection_c/nav2_msgs/msg/detail/particle__type_support.c.o[0m
[17.024s] [ 43%] [32mBuilding CXX object CMakeFiles/nav2_msgs__rosidl_typesupport_introspection_cpp.dir/rosidl_typesupport_introspection_cpp/nav2_msgs/srv/detail/clear_costmap_except_region__type_support.cpp.o[0m
[17.047s] [ 43%] [32m[1mLinking CXX shared library libnav2_msgs__rosidl_typesupport_c.so[0m
[17.167s] [ 43%] [32mBuilding C object CMakeFiles/nav2_msgs__rosidl_typesupport_introspection_c.dir/rosidl_typesupport_introspection_c/nav2_msgs/msg/detail/particle_cloud__type_support.c.o[0m
[17.192s] [ 43%] [32mBuilding CXX object CMakeFiles/nav2_msgs__rosidl_typesupport_cpp.dir/rosidl_typesupport_cpp/nav2_msgs/action/follow_path__type_support.cpp.o[0m
[17.208s] [35m[1mScanning dependencies of target nav2_msgs__rosidl_typesupport_fastrtps_cpp[0m
[17.281s] [ 43%] Built target nav2_msgs__rosidl_typesupport_c
[17.338s] [ 44%] [32mBuilding CXX object CMakeFiles/nav2_msgs__rosidl_typesupport_cpp.dir/rosidl_typesupport_cpp/nav2_msgs/action/navigate_to_pose__type_support.cpp.o[0m
[17.386s] [ 45%] [32mBuilding C object CMakeFiles/nav2_msgs__rosidl_typesupport_introspection_c.dir/rosidl_typesupport_introspection_c/nav2_msgs/srv/detail/get_costmap__type_support.c.o[0m
[17.432s] [ 45%] [32mBuilding CXX object CMakeFiles/nav2_msgs__rosidl_typesupport_fastrtps_cpp.dir/rosidl_typesupport_fastrtps_cpp/nav2_msgs/msg/detail/dds_fastrtps/costmap__type_support.cpp.o[0m
[17.509s] [ 45%] [32mBuilding C object CMakeFiles/nav2_msgs__rosidl_typesupport_introspection_c.dir/rosidl_typesupport_introspection_c/nav2_msgs/srv/detail/clear_costmap_except_region__type_support.c.o[0m
[17.541s] [ 46%] [32mBuilding CXX object CMakeFiles/nav2_msgs__rosidl_typesupport_fastrtps_cpp.dir/rosidl_typesupport_fastrtps_cpp/nav2_msgs/msg/detail/dds_fastrtps/costmap_meta_data__type_support.cpp.o[0m
[17.634s] [ 47%] [32mBuilding C object CMakeFiles/nav2_msgs__rosidl_typesupport_introspection_c.dir/rosidl_typesupport_introspection_c/nav2_msgs/srv/detail/clear_costmap_around_robot__type_support.c.o[0m
[17.659s] [ 47%] [32mBuilding CXX object CMakeFiles/nav2_msgs__rosidl_typesupport_cpp.dir/rosidl_typesupport_cpp/nav2_msgs/action/wait__type_support.cpp.o[0m
[17.709s] [ 47%] [32mBuilding CXX object CMakeFiles/nav2_msgs__rosidl_typesupport_fastrtps_cpp.dir/rosidl_typesupport_fastrtps_cpp/nav2_msgs/msg/detail/dds_fastrtps/voxel_grid__type_support.cpp.o[0m
[17.782s] [ 48%] [32mBuilding CXX object CMakeFiles/nav2_msgs__rosidl_typesupport_introspection_cpp.dir/rosidl_typesupport_introspection_cpp/nav2_msgs/srv/detail/clear_costmap_around_robot__type_support.cpp.o[0m
[17.830s] [ 48%] [32mBuilding C object CMakeFiles/nav2_msgs__rosidl_typesupport_introspection_c.dir/rosidl_typesupport_introspection_c/nav2_msgs/srv/detail/clear_entire_costmap__type_support.c.o[0m
[17.942s] [ 49%] [32mBuilding CXX object CMakeFiles/nav2_msgs__rosidl_typesupport_cpp.dir/rosidl_typesupport_cpp/nav2_msgs/action/spin__type_support.cpp.o[0m
[18.053s] [ 50%] [32mBuilding C object CMakeFiles/nav2_msgs__rosidl_typesupport_introspection_c.dir/rosidl_typesupport_introspection_c/nav2_msgs/srv/detail/manage_lifecycle_nodes__type_support.c.o[0m
[18.286s] [ 50%] [32mBuilding CXX object CMakeFiles/nav2_msgs__rosidl_typesupport_cpp.dir/rosidl_typesupport_cpp/nav2_msgs/action/dummy_recovery__type_support.cpp.o[0m
[18.301s] [ 50%] [32mBuilding C object CMakeFiles/nav2_msgs__rosidl_typesupport_introspection_c.dir/rosidl_typesupport_introspection_c/nav2_msgs/srv/detail/load_map__type_support.c.o[0m
[18.506s] [ 51%] [32mBuilding C object CMakeFiles/nav2_msgs__rosidl_typesupport_introspection_c.dir/rosidl_typesupport_introspection_c/nav2_msgs/srv/detail/save_map__type_support.c.o[0m
[18.589s] [ 51%] [32mBuilding CXX object CMakeFiles/nav2_msgs__rosidl_typesupport_introspection_cpp.dir/rosidl_typesupport_introspection_cpp/nav2_msgs/srv/detail/clear_entire_costmap__type_support.cpp.o[0m
[18.637s] [ 51%] [32mBuilding C object CMakeFiles/nav2_msgs__rosidl_typesupport_introspection_c.dir/rosidl_typesupport_introspection_c/nav2_msgs/action/detail/back_up__type_support.c.o[0m
[18.651s] [ 52%] [32mBuilding CXX object CMakeFiles/nav2_msgs__rosidl_typesupport_fastrtps_cpp.dir/rosidl_typesupport_fastrtps_cpp/nav2_msgs/msg/detail/dds_fastrtps/behavior_tree_status_change__type_support.cpp.o[0m
[18.736s] [ 53%] [32mBuilding C object CMakeFiles/nav2_msgs__rosidl_typesupport_introspection_c.dir/rosidl_typesupport_introspection_c/nav2_msgs/action/detail/compute_path_to_pose__type_support.c.o[0m
[18.736s] [ 54%] [32mBuilding CXX object CMakeFiles/nav2_msgs__rosidl_typesupport_introspection_cpp.dir/rosidl_typesupport_introspection_cpp/nav2_msgs/srv/detail/manage_lifecycle_nodes__type_support.cpp.o[0m
[18.802s] [ 54%] [32mBuilding C object CMakeFiles/nav2_msgs__rosidl_typesupport_introspection_c.dir/rosidl_typesupport_introspection_c/nav2_msgs/action/detail/follow_path__type_support.c.o[0m
[18.941s] [ 55%] [32mBuilding C object CMakeFiles/nav2_msgs__rosidl_typesupport_introspection_c.dir/rosidl_typesupport_introspection_c/nav2_msgs/action/detail/navigate_to_pose__type_support.c.o[0m
[18.947s] [ 55%] [32mBuilding C object CMakeFiles/nav2_msgs__rosidl_typesupport_introspection_c.dir/rosidl_typesupport_introspection_c/nav2_msgs/action/detail/wait__type_support.c.o[0m
[19.030s] [ 55%] [32mBuilding CXX object CMakeFiles/nav2_msgs__rosidl_typesupport_introspection_cpp.dir/rosidl_typesupport_introspection_cpp/nav2_msgs/srv/detail/load_map__type_support.cpp.o[0m
[19.048s] [ 56%] [32mBuilding CXX object CMakeFiles/nav2_msgs__rosidl_typesupport_cpp.dir/rosidl_typesupport_cpp/nav2_msgs/action/follow_waypoints__type_support.cpp.o[0m
[19.075s] [ 57%] [32mBuilding CXX object CMakeFiles/nav2_msgs__rosidl_typesupport_introspection_cpp.dir/rosidl_typesupport_introspection_cpp/nav2_msgs/srv/detail/save_map__type_support.cpp.o[0m
[19.134s] [ 57%] [32mBuilding CXX object CMakeFiles/nav2_msgs__rosidl_typesupport_introspection_cpp.dir/rosidl_typesupport_introspection_cpp/nav2_msgs/action/detail/back_up__type_support.cpp.o[0m
[19.178s] [ 58%] [32mBuilding C object CMakeFiles/nav2_msgs__rosidl_typesupport_introspection_c.dir/rosidl_typesupport_introspection_c/nav2_msgs/action/detail/spin__type_support.c.o[0m
[19.390s] [ 58%] [32mBuilding CXX object CMakeFiles/nav2_msgs__rosidl_typesupport_fastrtps_cpp.dir/rosidl_typesupport_fastrtps_cpp/nav2_msgs/msg/detail/dds_fastrtps/behavior_tree_log__type_support.cpp.o[0m
[19.454s] [ 58%] [32mBuilding C object CMakeFiles/nav2_msgs__rosidl_typesupport_introspection_c.dir/rosidl_typesupport_introspection_c/nav2_msgs/action/detail/dummy_recovery__type_support.c.o[0m
[19.625s] [ 59%] [32mBuilding CXX object CMakeFiles/nav2_msgs__rosidl_typesupport_fastrtps_cpp.dir/rosidl_typesupport_fastrtps_cpp/nav2_msgs/msg/detail/dds_fastrtps/particle__type_support.cpp.o[0m
[19.689s] [ 60%] [32mBuilding C object CMakeFiles/nav2_msgs__rosidl_typesupport_introspection_c.dir/rosidl_typesupport_introspection_c/nav2_msgs/action/detail/follow_waypoints__type_support.c.o[0m
[19.730s] [ 60%] [32mBuilding CXX object CMakeFiles/nav2_msgs__rosidl_typesupport_fastrtps_cpp.dir/rosidl_typesupport_fastrtps_cpp/nav2_msgs/msg/detail/dds_fastrtps/particle_cloud__type_support.cpp.o[0m
[19.907s] [ 61%] [32mBuilding CXX object CMakeFiles/nav2_msgs__rosidl_typesupport_introspection_cpp.dir/rosidl_typesupport_introspection_cpp/nav2_msgs/action/detail/compute_path_to_pose__type_support.cpp.o[0m
[19.928s] [ 61%] [32m[1mLinking CXX shared library libnav2_msgs__rosidl_typesupport_cpp.so[0m
[19.970s] [ 61%] [32m[1mLinking C shared library libnav2_msgs__rosidl_typesupport_introspection_c.so[0m
[20.191s] [ 61%] Built target nav2_msgs__rosidl_typesupport_cpp
[20.241s] [ 61%] Built target nav2_msgs__rosidl_typesupport_introspection_c
[20.277s] [ 62%] [32mBuilding CXX object CMakeFiles/nav2_msgs__rosidl_typesupport_fastrtps_cpp.dir/rosidl_typesupport_fastrtps_cpp/nav2_msgs/srv/detail/dds_fastrtps/get_costmap__type_support.cpp.o[0m
[20.277s] [ 62%] [32mBuilding CXX object CMakeFiles/nav2_msgs__rosidl_typesupport_introspection_cpp.dir/rosidl_typesupport_introspection_cpp/nav2_msgs/action/detail/follow_path__type_support.cpp.o[0m
[20.283s] [ 62%] [32mBuilding CXX object CMakeFiles/nav2_msgs__rosidl_typesupport_fastrtps_cpp.dir/rosidl_typesupport_fastrtps_cpp/nav2_msgs/srv/detail/dds_fastrtps/clear_costmap_except_region__type_support.cpp.o[0m
[20.326s] [ 63%] [32mBuilding CXX object CMakeFiles/nav2_msgs__rosidl_typesupport_introspection_cpp.dir/rosidl_typesupport_introspection_cpp/nav2_msgs/action/detail/navigate_to_pose__type_support.cpp.o[0m
[21.005s] [ 63%] [32mBuilding CXX object CMakeFiles/nav2_msgs__rosidl_typesupport_introspection_cpp.dir/rosidl_typesupport_introspection_cpp/nav2_msgs/action/detail/wait__type_support.cpp.o[0m
[21.034s] [ 64%] [32mBuilding CXX object CMakeFiles/nav2_msgs__rosidl_typesupport_introspection_cpp.dir/rosidl_typesupport_introspection_cpp/nav2_msgs/action/detail/spin__type_support.cpp.o[0m
[21.329s] [ 64%] [32mBuilding CXX object CMakeFiles/nav2_msgs__rosidl_typesupport_introspection_cpp.dir/rosidl_typesupport_introspection_cpp/nav2_msgs/action/detail/dummy_recovery__type_support.cpp.o[0m
[21.412s] [ 65%] [32mBuilding CXX object CMakeFiles/nav2_msgs__rosidl_typesupport_introspection_cpp.dir/rosidl_typesupport_introspection_cpp/nav2_msgs/action/detail/follow_waypoints__type_support.cpp.o[0m
[21.541s] [ 66%] [32mBuilding CXX object CMakeFiles/nav2_msgs__rosidl_typesupport_fastrtps_cpp.dir/rosidl_typesupport_fastrtps_cpp/nav2_msgs/srv/detail/dds_fastrtps/clear_costmap_around_robot__type_support.cpp.o[0m
[21.686s] [ 66%] [32mBuilding CXX object CMakeFiles/nav2_msgs__rosidl_typesupport_fastrtps_cpp.dir/rosidl_typesupport_fastrtps_cpp/nav2_msgs/srv/detail/dds_fastrtps/clear_entire_costmap__type_support.cpp.o[0m
[21.955s] [ 67%] [32mBuilding CXX object CMakeFiles/nav2_msgs__rosidl_typesupport_fastrtps_cpp.dir/rosidl_typesupport_fastrtps_cpp/nav2_msgs/srv/detail/dds_fastrtps/manage_lifecycle_nodes__type_support.cpp.o[0m
[22.058s] [ 67%] [32mBuilding CXX object CMakeFiles/nav2_msgs__rosidl_typesupport_fastrtps_cpp.dir/rosidl_typesupport_fastrtps_cpp/nav2_msgs/srv/detail/dds_fastrtps/load_map__type_support.cpp.o[0m
[22.533s] [ 68%] [32mBuilding CXX object CMakeFiles/nav2_msgs__rosidl_typesupport_fastrtps_cpp.dir/rosidl_typesupport_fastrtps_cpp/nav2_msgs/srv/detail/dds_fastrtps/save_map__type_support.cpp.o[0m
[22.587s] [ 68%] [32mBuilding CXX object CMakeFiles/nav2_msgs__rosidl_typesupport_fastrtps_cpp.dir/rosidl_typesupport_fastrtps_cpp/nav2_msgs/action/detail/dds_fastrtps/back_up__type_support.cpp.o[0m
[22.712s] [ 69%] [32mBuilding CXX object CMakeFiles/nav2_msgs__rosidl_typesupport_fastrtps_cpp.dir/rosidl_typesupport_fastrtps_cpp/nav2_msgs/action/detail/dds_fastrtps/compute_path_to_pose__type_support.cpp.o[0m
[23.000s] [ 69%] [32mBuilding CXX object CMakeFiles/nav2_msgs__rosidl_typesupport_fastrtps_cpp.dir/rosidl_typesupport_fastrtps_cpp/nav2_msgs/action/detail/dds_fastrtps/follow_path__type_support.cpp.o[0m
[23.210s] [ 70%] [32mBuilding CXX object CMakeFiles/nav2_msgs__rosidl_typesupport_fastrtps_cpp.dir/rosidl_typesupport_fastrtps_cpp/nav2_msgs/action/detail/dds_fastrtps/navigate_to_pose__type_support.cpp.o[0m
[23.325s] [ 71%] [32m[1mLinking CXX shared library libnav2_msgs__rosidl_typesupport_introspection_cpp.so[0m
[23.693s] [ 71%] Built target nav2_msgs__rosidl_typesupport_introspection_cpp
[23.766s] [ 71%] [32mBuilding CXX object CMakeFiles/nav2_msgs__rosidl_typesupport_fastrtps_cpp.dir/rosidl_typesupport_fastrtps_cpp/nav2_msgs/action/detail/dds_fastrtps/wait__type_support.cpp.o[0m
[23.846s] [ 72%] [32mBuilding CXX object CMakeFiles/nav2_msgs__rosidl_typesupport_fastrtps_cpp.dir/rosidl_typesupport_fastrtps_cpp/nav2_msgs/action/detail/dds_fastrtps/spin__type_support.cpp.o[0m
[24.114s] [ 72%] [32mBuilding CXX object CMakeFiles/nav2_msgs__rosidl_typesupport_fastrtps_cpp.dir/rosidl_typesupport_fastrtps_cpp/nav2_msgs/action/detail/dds_fastrtps/dummy_recovery__type_support.cpp.o[0m
[24.631s] [ 73%] [32mBuilding CXX object CMakeFiles/nav2_msgs__rosidl_typesupport_fastrtps_cpp.dir/rosidl_typesupport_fastrtps_cpp/nav2_msgs/action/detail/dds_fastrtps/follow_waypoints__type_support.cpp.o[0m
[26.700s] [ 73%] [32m[1mLinking CXX shared library libnav2_msgs__rosidl_typesupport_fastrtps_cpp.so[0m
[27.022s] [ 73%] Built target nav2_msgs__rosidl_typesupport_fastrtps_cpp
[27.082s] [ 74%] [34m[1mGenerating C type support for eProsima Fast-RTPS[0m
[30.531s] [35m[1mScanning dependencies of target nav2_msgs__rosidl_typesupport_fastrtps_c[0m
[30.633s] [ 74%] [32mBuilding CXX object CMakeFiles/nav2_msgs__rosidl_typesupport_fastrtps_c.dir/rosidl_typesupport_fastrtps_c/nav2_msgs/msg/detail/costmap__type_support_c.cpp.o[0m
[30.633s] [ 75%] [32mBuilding CXX object CMakeFiles/nav2_msgs__rosidl_typesupport_fastrtps_c.dir/rosidl_typesupport_fastrtps_c/nav2_msgs/msg/detail/voxel_grid__type_support_c.cpp.o[0m
[30.633s] [ 75%] [32mBuilding CXX object CMakeFiles/nav2_msgs__rosidl_typesupport_fastrtps_c.dir/rosidl_typesupport_fastrtps_c/nav2_msgs/msg/detail/behavior_tree_log__type_support_c.cpp.o[0m
[30.634s] [ 76%] [32mBuilding CXX object CMakeFiles/nav2_msgs__rosidl_typesupport_fastrtps_c.dir/rosidl_typesupport_fastrtps_c/nav2_msgs/msg/detail/costmap_meta_data__type_support_c.cpp.o[0m
[30.635s] [ 75%] [32mBuilding CXX object CMakeFiles/nav2_msgs__rosidl_typesupport_fastrtps_c.dir/rosidl_typesupport_fastrtps_c/nav2_msgs/msg/detail/behavior_tree_status_change__type_support_c.cpp.o[0m
[30.637s] [ 76%] [32mBuilding CXX object CMakeFiles/nav2_msgs__rosidl_typesupport_fastrtps_c.dir/rosidl_typesupport_fastrtps_c/nav2_msgs/msg/detail/particle_cloud__type_support_c.cpp.o[0m
[30.637s] [ 77%] [32mBuilding CXX object CMakeFiles/nav2_msgs__rosidl_typesupport_fastrtps_c.dir/rosidl_typesupport_fastrtps_c/nav2_msgs/srv/detail/get_costmap__type_support_c.cpp.o[0m
[30.648s] [ 78%] [32mBuilding CXX object CMakeFiles/nav2_msgs__rosidl_typesupport_fastrtps_c.dir/rosidl_typesupport_fastrtps_c/nav2_msgs/msg/detail/particle__type_support_c.cpp.o[0m
[31.345s] [ 78%] [32mBuilding CXX object CMakeFiles/nav2_msgs__rosidl_typesupport_fastrtps_c.dir/rosidl_typesupport_fastrtps_c/nav2_msgs/srv/detail/clear_costmap_except_region__type_support_c.cpp.o[0m
[31.359s] [ 79%] [32mBuilding CXX object CMakeFiles/nav2_msgs__rosidl_typesupport_fastrtps_c.dir/rosidl_typesupport_fastrtps_c/nav2_msgs/srv/detail/clear_costmap_around_robot__type_support_c.cpp.o[0m
[31.420s] [ 79%] [32mBuilding CXX object CMakeFiles/nav2_msgs__rosidl_typesupport_fastrtps_c.dir/rosidl_typesupport_fastrtps_c/nav2_msgs/srv/detail/clear_entire_costmap__type_support_c.cpp.o[0m
[31.465s] [ 80%] [32mBuilding CXX object CMakeFiles/nav2_msgs__rosidl_typesupport_fastrtps_c.dir/rosidl_typesupport_fastrtps_c/nav2_msgs/srv/detail/manage_lifecycle_nodes__type_support_c.cpp.o[0m
[31.472s] [ 80%] [32mBuilding CXX object CMakeFiles/nav2_msgs__rosidl_typesupport_fastrtps_c.dir/rosidl_typesupport_fastrtps_c/nav2_msgs/srv/detail/load_map__type_support_c.cpp.o[0m
[31.497s] [ 81%] [32mBuilding CXX object CMakeFiles/nav2_msgs__rosidl_typesupport_fastrtps_c.dir/rosidl_typesupport_fastrtps_c/nav2_msgs/srv/detail/save_map__type_support_c.cpp.o[0m
[31.506s] [ 81%] [32mBuilding CXX object CMakeFiles/nav2_msgs__rosidl_typesupport_fastrtps_c.dir/rosidl_typesupport_fastrtps_c/nav2_msgs/action/detail/back_up__type_support_c.cpp.o[0m
[31.530s] [ 82%] [32mBuilding CXX object CMakeFiles/nav2_msgs__rosidl_typesupport_fastrtps_c.dir/rosidl_typesupport_fastrtps_c/nav2_msgs/action/detail/compute_path_to_pose__type_support_c.cpp.o[0m
[32.064s] [ 82%] [32mBuilding CXX object CMakeFiles/nav2_msgs__rosidl_typesupport_fastrtps_c.dir/rosidl_typesupport_fastrtps_c/nav2_msgs/action/detail/follow_path__type_support_c.cpp.o[0m
[32.166s] [ 83%] [32mBuilding CXX object CMakeFiles/nav2_msgs__rosidl_typesupport_fastrtps_c.dir/rosidl_typesupport_fastrtps_c/nav2_msgs/action/detail/navigate_to_pose__type_support_c.cpp.o[0m
[32.257s] [ 83%] [32mBuilding CXX object CMakeFiles/nav2_msgs__rosidl_typesupport_fastrtps_c.dir/rosidl_typesupport_fastrtps_c/nav2_msgs/action/detail/wait__type_support_c.cpp.o[0m
[32.332s] [ 84%] [32mBuilding CXX object CMakeFiles/nav2_msgs__rosidl_typesupport_fastrtps_c.dir/rosidl_typesupport_fastrtps_c/nav2_msgs/action/detail/spin__type_support_c.cpp.o[0m
[32.415s] [ 84%] [32mBuilding CXX object CMakeFiles/nav2_msgs__rosidl_typesupport_fastrtps_c.dir/rosidl_typesupport_fastrtps_c/nav2_msgs/action/detail/dummy_recovery__type_support_c.cpp.o[0m
[32.533s] [ 85%] [32mBuilding CXX object CMakeFiles/nav2_msgs__rosidl_typesupport_fastrtps_c.dir/rosidl_typesupport_fastrtps_c/nav2_msgs/action/detail/follow_waypoints__type_support_c.cpp.o[0m
[33.280s] [ 85%] [32m[1mLinking CXX shared library libnav2_msgs__rosidl_typesupport_fastrtps_c.so[0m
[33.460s] [ 85%] Built target nav2_msgs__rosidl_typesupport_fastrtps_c
[33.478s] [35m[1mScanning dependencies of target nav2_msgs[0m
[33.499s] [ 85%] Built target nav2_msgs
[33.543s] [35m[1mScanning dependencies of target nav2_msgs__py[0m
[33.587s] [ 86%] [34m[1mGenerating Python code for ROS interfaces[0m
[40.788s] [ 86%] Built target nav2_msgs__py
[40.801s] [35m[1mScanning dependencies of target nav2_msgs__python[0m
[40.888s] [ 86%] [32mBuilding C object CMakeFiles/nav2_msgs__python.dir/rosidl_generator_py/nav2_msgs/msg/_particle_cloud_s.c.o[0m
[40.889s] [ 87%] [32mBuilding C object CMakeFiles/nav2_msgs__python.dir/rosidl_generator_py/nav2_msgs/msg/_costmap_meta_data_s.c.o[0m
[40.889s] [ 87%] [32mBuilding C object CMakeFiles/nav2_msgs__python.dir/rosidl_generator_py/nav2_msgs/msg/_voxel_grid_s.c.o[0m
[40.889s] [ 87%] [32mBuilding C object CMakeFiles/nav2_msgs__python.dir/rosidl_generator_py/nav2_msgs/msg/_costmap_s.c.o[0m
[40.890s] [ 88%] [32mBuilding C object CMakeFiles/nav2_msgs__python.dir/rosidl_generator_py/nav2_msgs/msg/_particle_s.c.o[0m
[40.891s] [ 89%] [32mBuilding C object CMakeFiles/nav2_msgs__python.dir/rosidl_generator_py/nav2_msgs/msg/_behavior_tree_status_change_s.c.o[0m
[40.891s] [ 89%] [32mBuilding C object CMakeFiles/nav2_msgs__python.dir/rosidl_generator_py/nav2_msgs/msg/_behavior_tree_log_s.c.o[0m
[40.900s] [ 90%] [32mBuilding C object CMakeFiles/nav2_msgs__python.dir/rosidl_generator_py/nav2_msgs/srv/_get_costmap_s.c.o[0m
[41.115s] [ 90%] [32mBuilding C object CMakeFiles/nav2_msgs__python.dir/rosidl_generator_py/nav2_msgs/srv/_clear_costmap_except_region_s.c.o[0m
[41.123s] [ 91%] [32mBuilding C object CMakeFiles/nav2_msgs__python.dir/rosidl_generator_py/nav2_msgs/srv/_clear_costmap_around_robot_s.c.o[0m
[41.127s] [ 91%] [32mBuilding C object CMakeFiles/nav2_msgs__python.dir/rosidl_generator_py/nav2_msgs/srv/_clear_entire_costmap_s.c.o[0m
[41.136s] [ 92%] [32mBuilding C object CMakeFiles/nav2_msgs__python.dir/rosidl_generator_py/nav2_msgs/srv/_load_map_s.c.o[0m
[41.136s] [ 92%] [32mBuilding C object CMakeFiles/nav2_msgs__python.dir/rosidl_generator_py/nav2_msgs/srv/_manage_lifecycle_nodes_s.c.o[0m
[41.138s] [ 93%] [32mBuilding C object CMakeFiles/nav2_msgs__python.dir/rosidl_generator_py/nav2_msgs/srv/_save_map_s.c.o[0m
[41.149s] [ 93%] [32mBuilding C object CMakeFiles/nav2_msgs__python.dir/rosidl_generator_py/nav2_msgs/action/_back_up_s.c.o[0m
[41.190s] [ 94%] [32mBuilding C object CMakeFiles/nav2_msgs__python.dir/rosidl_generator_py/nav2_msgs/action/_compute_path_to_pose_s.c.o[0m
[41.345s] [ 94%] [32mBuilding C object CMakeFiles/nav2_msgs__python.dir/rosidl_generator_py/nav2_msgs/action/_follow_path_s.c.o[0m
[41.359s] [ 95%] [32mBuilding C object CMakeFiles/nav2_msgs__python.dir/rosidl_generator_py/nav2_msgs/action/_navigate_to_pose_s.c.o[0m
[41.375s] [ 95%] [32mBuilding C object CMakeFiles/nav2_msgs__python.dir/rosidl_generator_py/nav2_msgs/action/_wait_s.c.o[0m
[41.375s] [ 96%] [32mBuilding C object CMakeFiles/nav2_msgs__python.dir/rosidl_generator_py/nav2_msgs/action/_spin_s.c.o[0m
[41.381s] [ 96%] [32mBuilding C object CMakeFiles/nav2_msgs__python.dir/rosidl_generator_py/nav2_msgs/action/_dummy_recovery_s.c.o[0m
[41.438s] [ 97%] [32mBuilding C object CMakeFiles/nav2_msgs__python.dir/rosidl_generator_py/nav2_msgs/action/_follow_waypoints_s.c.o[0m
[41.875s] [ 97%] [32m[1mLinking C shared library rosidl_generator_py/nav2_msgs/libnav2_msgs__python.so[0m
[41.947s] [ 97%] Built target nav2_msgs__python
[41.960s] [35m[1mScanning dependencies of target nav2_msgs__rosidl_typesupport_c__pyext[0m
[41.960s] [35m[1mScanning dependencies of target nav2_msgs__rosidl_typesupport_introspection_c__pyext[0m
[41.960s] [35m[1mScanning dependencies of target nav2_msgs__rosidl_typesupport_fastrtps_c__pyext[0m
[41.991s] [ 98%] [32mBuilding C object CMakeFiles/nav2_msgs__rosidl_typesupport_c__pyext.dir/rosidl_generator_py/nav2_msgs/_nav2_msgs_s.ep.rosidl_typesupport_c.c.o[0m
[41.994s] [ 99%] [32mBuilding C object CMakeFiles/nav2_msgs__rosidl_typesupport_introspection_c__pyext.dir/rosidl_generator_py/nav2_msgs/_nav2_msgs_s.ep.rosidl_typesupport_introspection_c.c.o[0m
[41.998s] [100%] [32mBuilding C object CMakeFiles/nav2_msgs__rosidl_typesupport_fastrtps_c__pyext.dir/rosidl_generator_py/nav2_msgs/_nav2_msgs_s.ep.rosidl_typesupport_fastrtps_c.c.o[0m
[43.230s] [100%] [32m[1mLinking C shared library rosidl_generator_py/nav2_msgs/nav2_msgs_s__rosidl_typesupport_introspection_c.cpython-38-x86_64-linux-gnu.so[0m
[43.242s] [100%] [32m[1mLinking C shared library rosidl_generator_py/nav2_msgs/nav2_msgs_s__rosidl_typesupport_c.cpython-38-x86_64-linux-gnu.so[0m
[43.297s] [100%] [32m[1mLinking CXX shared library rosidl_generator_py/nav2_msgs/nav2_msgs_s__rosidl_typesupport_fastrtps_c.cpython-38-x86_64-linux-gnu.so[0m
[43.298s] [100%] Built target nav2_msgs__rosidl_typesupport_introspection_c__pyext
[43.313s] [100%] Built target nav2_msgs__rosidl_typesupport_c__pyext
[43.403s] [100%] Built target nav2_msgs__rosidl_typesupport_fastrtps_c__pyext
[43.417s] Invoked command in '/home/terra/nav2_ws/build/nav2_msgs' returned '0': AMENT_PREFIX_PATH=/home/terra/nav2_ws/install/nav2_common:${AMENT_PREFIX_PATH} CMAKE_PREFIX_PATH=/home/terra/nav2_ws/install/nav2_common:/opt/ros/foxy PYTHONPATH=/home/terra/nav2_ws/install/nav2_common/lib/python3.8/site-packages:${PYTHONPATH} /usr/bin/cmake --build /home/terra/nav2_ws/build/nav2_msgs -- -j8 -l8
[43.872s] Invoking command in '/home/terra/nav2_ws/build/nav2_msgs': AMENT_PREFIX_PATH=/home/terra/nav2_ws/install/nav2_common:${AMENT_PREFIX_PATH} CMAKE_PREFIX_PATH=/home/terra/nav2_ws/install/nav2_common:/opt/ros/foxy PYTHONPATH=/home/terra/nav2_ws/install/nav2_common/lib/python3.8/site-packages:${PYTHONPATH} /usr/bin/cmake --install /home/terra/nav2_ws/build/nav2_msgs
[43.882s] -- Install configuration: "Release"
[43.883s] -- Execute custom install script
[43.884s] -- Symlinking: /home/terra/nav2_ws/install/nav2_msgs/share/ament_index/resource_index/rosidl_interfaces/nav2_msgs
[43.897s] -- Symlinking: /home/terra/nav2_ws/install/nav2_msgs/include/nav2_msgs/action/back_up.h
[43.907s] -- Symlinking: /home/terra/nav2_ws/install/nav2_msgs/include/nav2_msgs/action/compute_path_to_pose.h
[43.918s] -- Symlinking: /home/terra/nav2_ws/install/nav2_msgs/include/nav2_msgs/action/detail/back_up__functions.h
[43.928s] -- Symlinking: /home/terra/nav2_ws/install/nav2_msgs/include/nav2_msgs/action/detail/back_up__struct.h
[43.939s] -- Symlinking: /home/terra/nav2_ws/install/nav2_msgs/include/nav2_msgs/action/detail/back_up__type_support.h
[43.950s] -- Symlinking: /home/terra/nav2_ws/install/nav2_msgs/include/nav2_msgs/action/detail/compute_path_to_pose__functions.h
[43.960s] -- Symlinking: /home/terra/nav2_ws/install/nav2_msgs/include/nav2_msgs/action/detail/compute_path_to_pose__struct.h
[43.972s] -- Symlinking: /home/terra/nav2_ws/install/nav2_msgs/include/nav2_msgs/action/detail/compute_path_to_pose__type_support.h
[43.983s] -- Symlinking: /home/terra/nav2_ws/install/nav2_msgs/include/nav2_msgs/action/detail/dummy_recovery__functions.h
[43.994s] -- Symlinking: /home/terra/nav2_ws/install/nav2_msgs/include/nav2_msgs/action/detail/dummy_recovery__struct.h
[44.005s] -- Symlinking: /home/terra/nav2_ws/install/nav2_msgs/include/nav2_msgs/action/detail/dummy_recovery__type_support.h
[44.015s] -- Symlinking: /home/terra/nav2_ws/install/nav2_msgs/include/nav2_msgs/action/detail/follow_path__functions.h
[44.026s] -- Symlinking: /home/terra/nav2_ws/install/nav2_msgs/include/nav2_msgs/action/detail/follow_path__struct.h
[44.037s] -- Symlinking: /home/terra/nav2_ws/install/nav2_msgs/include/nav2_msgs/action/detail/follow_path__type_support.h
[44.047s] -- Symlinking: /home/terra/nav2_ws/install/nav2_msgs/include/nav2_msgs/action/detail/follow_waypoints__functions.h
[44.057s] -- Symlinking: /home/terra/nav2_ws/install/nav2_msgs/include/nav2_msgs/action/detail/follow_waypoints__struct.h
[44.069s] -- Symlinking: /home/terra/nav2_ws/install/nav2_msgs/include/nav2_msgs/action/detail/follow_waypoints__type_support.h
[44.080s] -- Symlinking: /home/terra/nav2_ws/install/nav2_msgs/include/nav2_msgs/action/detail/navigate_to_pose__functions.h
[44.090s] -- Symlinking: /home/terra/nav2_ws/install/nav2_msgs/include/nav2_msgs/action/detail/navigate_to_pose__struct.h
[44.100s] -- Symlinking: /home/terra/nav2_ws/install/nav2_msgs/include/nav2_msgs/action/detail/navigate_to_pose__type_support.h
[44.111s] -- Symlinking: /home/terra/nav2_ws/install/nav2_msgs/include/nav2_msgs/action/detail/spin__functions.h
[44.121s] -- Symlinking: /home/terra/nav2_ws/install/nav2_msgs/include/nav2_msgs/action/detail/spin__struct.h
[44.132s] -- Symlinking: /home/terra/nav2_ws/install/nav2_msgs/include/nav2_msgs/action/detail/spin__type_support.h
[44.143s] -- Symlinking: /home/terra/nav2_ws/install/nav2_msgs/include/nav2_msgs/action/detail/wait__functions.h
[44.154s] -- Symlinking: /home/terra/nav2_ws/install/nav2_msgs/include/nav2_msgs/action/detail/wait__struct.h
[44.165s] -- Symlinking: /home/terra/nav2_ws/install/nav2_msgs/include/nav2_msgs/action/detail/wait__type_support.h
[44.175s] -- Symlinking: /home/terra/nav2_ws/install/nav2_msgs/include/nav2_msgs/action/dummy_recovery.h
[44.186s] -- Symlinking: /home/terra/nav2_ws/install/nav2_msgs/include/nav2_msgs/action/follow_path.h
[44.197s] -- Symlinking: /home/terra/nav2_ws/install/nav2_msgs/include/nav2_msgs/action/follow_waypoints.h
[44.207s] -- Symlinking: /home/terra/nav2_ws/install/nav2_msgs/include/nav2_msgs/action/navigate_to_pose.h
[44.218s] -- Symlinking: /home/terra/nav2_ws/install/nav2_msgs/include/nav2_msgs/action/spin.h
[44.229s] -- Symlinking: /home/terra/nav2_ws/install/nav2_msgs/include/nav2_msgs/action/wait.h
[44.239s] -- Symlinking: /home/terra/nav2_ws/install/nav2_msgs/include/nav2_msgs/msg/behavior_tree_log.h
[44.250s] -- Symlinking: /home/terra/nav2_ws/install/nav2_msgs/include/nav2_msgs/msg/behavior_tree_status_change.h
[44.260s] -- Symlinking: /home/terra/nav2_ws/install/nav2_msgs/include/nav2_msgs/msg/costmap.h
[44.272s] -- Symlinking: /home/terra/nav2_ws/install/nav2_msgs/include/nav2_msgs/msg/costmap_meta_data.h
[44.283s] -- Symlinking: /home/terra/nav2_ws/install/nav2_msgs/include/nav2_msgs/msg/detail/behavior_tree_log__functions.h
[44.293s] -- Symlinking: /home/terra/nav2_ws/install/nav2_msgs/include/nav2_msgs/msg/detail/behavior_tree_log__struct.h
[44.304s] -- Symlinking: /home/terra/nav2_ws/install/nav2_msgs/include/nav2_msgs/msg/detail/behavior_tree_log__type_support.h
[44.315s] -- Symlinking: /home/terra/nav2_ws/install/nav2_msgs/include/nav2_msgs/msg/detail/behavior_tree_status_change__functions.h
[44.325s] -- Symlinking: /home/terra/nav2_ws/install/nav2_msgs/include/nav2_msgs/msg/detail/behavior_tree_status_change__struct.h
[44.336s] -- Symlinking: /home/terra/nav2_ws/install/nav2_msgs/include/nav2_msgs/msg/detail/behavior_tree_status_change__type_support.h
[44.347s] -- Symlinking: /home/terra/nav2_ws/install/nav2_msgs/include/nav2_msgs/msg/detail/costmap__functions.h
[44.358s] -- Symlinking: /home/terra/nav2_ws/install/nav2_msgs/include/nav2_msgs/msg/detail/costmap__struct.h
[44.369s] -- Symlinking: /home/terra/nav2_ws/install/nav2_msgs/include/nav2_msgs/msg/detail/costmap__type_support.h
[44.380s] -- Symlinking: /home/terra/nav2_ws/install/nav2_msgs/include/nav2_msgs/msg/detail/costmap_meta_data__functions.h
[44.390s] -- Symlinking: /home/terra/nav2_ws/install/nav2_msgs/include/nav2_msgs/msg/detail/costmap_meta_data__struct.h
[44.401s] -- Symlinking: /home/terra/nav2_ws/install/nav2_msgs/include/nav2_msgs/msg/detail/costmap_meta_data__type_support.h
[44.412s] -- Symlinking: /home/terra/nav2_ws/install/nav2_msgs/include/nav2_msgs/msg/detail/particle__functions.h
[44.422s] -- Symlinking: /home/terra/nav2_ws/install/nav2_msgs/include/nav2_msgs/msg/detail/particle__struct.h
[44.433s] -- Symlinking: /home/terra/nav2_ws/install/nav2_msgs/include/nav2_msgs/msg/detail/particle__type_support.h
[44.444s] -- Symlinking: /home/terra/nav2_ws/install/nav2_msgs/include/nav2_msgs/msg/detail/particle_cloud__functions.h
[44.455s] -- Symlinking: /home/terra/nav2_ws/install/nav2_msgs/include/nav2_msgs/msg/detail/particle_cloud__struct.h
[44.466s] -- Symlinking: /home/terra/nav2_ws/install/nav2_msgs/include/nav2_msgs/msg/detail/particle_cloud__type_support.h
[44.477s] -- Symlinking: /home/terra/nav2_ws/install/nav2_msgs/include/nav2_msgs/msg/detail/voxel_grid__functions.h
[44.488s] -- Symlinking: /home/terra/nav2_ws/install/nav2_msgs/include/nav2_msgs/msg/detail/voxel_grid__struct.h
[44.498s] -- Symlinking: /home/terra/nav2_ws/install/nav2_msgs/include/nav2_msgs/msg/detail/voxel_grid__type_support.h
[44.509s] -- Symlinking: /home/terra/nav2_ws/install/nav2_msgs/include/nav2_msgs/msg/particle.h
[44.520s] -- Symlinking: /home/terra/nav2_ws/install/nav2_msgs/include/nav2_msgs/msg/particle_cloud.h
[44.530s] -- Symlinking: /home/terra/nav2_ws/install/nav2_msgs/include/nav2_msgs/msg/rosidl_generator_c__visibility_control.h
[44.541s] -- Symlinking: /home/terra/nav2_ws/install/nav2_msgs/include/nav2_msgs/msg/voxel_grid.h
[44.552s] -- Symlinking: /home/terra/nav2_ws/install/nav2_msgs/include/nav2_msgs/srv/clear_costmap_around_robot.h
[44.563s] -- Symlinking: /home/terra/nav2_ws/install/nav2_msgs/include/nav2_msgs/srv/clear_costmap_except_region.h
[44.574s] -- Symlinking: /home/terra/nav2_ws/install/nav2_msgs/include/nav2_msgs/srv/clear_entire_costmap.h
[44.585s] -- Symlinking: /home/terra/nav2_ws/install/nav2_msgs/include/nav2_msgs/srv/detail/clear_costmap_around_robot__functions.h
[44.595s] -- Symlinking: /home/terra/nav2_ws/install/nav2_msgs/include/nav2_msgs/srv/detail/clear_costmap_around_robot__struct.h
[44.606s] -- Symlinking: /home/terra/nav2_ws/install/nav2_msgs/include/nav2_msgs/srv/detail/clear_costmap_around_robot__type_support.h
[44.617s] -- Symlinking: /home/terra/nav2_ws/install/nav2_msgs/include/nav2_msgs/srv/detail/clear_costmap_except_region__functions.h
[44.627s] -- Symlinking: /home/terra/nav2_ws/install/nav2_msgs/include/nav2_msgs/srv/detail/clear_costmap_except_region__struct.h
[44.638s] -- Symlinking: /home/terra/nav2_ws/install/nav2_msgs/include/nav2_msgs/srv/detail/clear_costmap_except_region__type_support.h
[44.649s] -- Symlinking: /home/terra/nav2_ws/install/nav2_msgs/include/nav2_msgs/srv/detail/clear_entire_costmap__functions.h
[44.660s] -- Symlinking: /home/terra/nav2_ws/install/nav2_msgs/include/nav2_msgs/srv/detail/clear_entire_costmap__struct.h
[44.671s] -- Symlinking: /home/terra/nav2_ws/install/nav2_msgs/include/nav2_msgs/srv/detail/clear_entire_costmap__type_support.h
[44.682s] -- Symlinking: /home/terra/nav2_ws/install/nav2_msgs/include/nav2_msgs/srv/detail/get_costmap__functions.h
[44.692s] -- Symlinking: /home/terra/nav2_ws/install/nav2_msgs/include/nav2_msgs/srv/detail/get_costmap__struct.h
[44.703s] -- Symlinking: /home/terra/nav2_ws/install/nav2_msgs/include/nav2_msgs/srv/detail/get_costmap__type_support.h
[44.713s] -- Symlinking: /home/terra/nav2_ws/install/nav2_msgs/include/nav2_msgs/srv/detail/load_map__functions.h
[44.724s] -- Symlinking: /home/terra/nav2_ws/install/nav2_msgs/include/nav2_msgs/srv/detail/load_map__struct.h
[44.734s] -- Symlinking: /home/terra/nav2_ws/install/nav2_msgs/include/nav2_msgs/srv/detail/load_map__type_support.h
[44.745s] -- Symlinking: /home/terra/nav2_ws/install/nav2_msgs/include/nav2_msgs/srv/detail/manage_lifecycle_nodes__functions.h
[44.755s] -- Symlinking: /home/terra/nav2_ws/install/nav2_msgs/include/nav2_msgs/srv/detail/manage_lifecycle_nodes__struct.h
[44.767s] -- Symlinking: /home/terra/nav2_ws/install/nav2_msgs/include/nav2_msgs/srv/detail/manage_lifecycle_nodes__type_support.h
[44.778s] -- Symlinking: /home/terra/nav2_ws/install/nav2_msgs/include/nav2_msgs/srv/detail/save_map__functions.h
[44.789s] -- Symlinking: /home/terra/nav2_ws/install/nav2_msgs/include/nav2_msgs/srv/detail/save_map__struct.h
[44.799s] -- Symlinking: /home/terra/nav2_ws/install/nav2_msgs/include/nav2_msgs/srv/detail/save_map__type_support.h
[44.810s] -- Symlinking: /home/terra/nav2_ws/install/nav2_msgs/include/nav2_msgs/srv/get_costmap.h
[44.821s] -- Symlinking: /home/terra/nav2_ws/install/nav2_msgs/include/nav2_msgs/srv/load_map.h
[44.831s] -- Symlinking: /home/terra/nav2_ws/install/nav2_msgs/include/nav2_msgs/srv/manage_lifecycle_nodes.h
[44.842s] -- Symlinking: /home/terra/nav2_ws/install/nav2_msgs/include/nav2_msgs/srv/save_map.h
[44.853s] -- Symlinking: /home/terra/nav2_ws/install/nav2_msgs/share/nav2_msgs/environment/library_path.sh
[44.864s] -- Symlinking: /home/terra/nav2_ws/install/nav2_msgs/share/nav2_msgs/environment/library_path.dsv
[44.877s] -- Symlinking: /home/terra/nav2_ws/install/nav2_msgs/include/nav2_msgs/action/detail/back_up__rosidl_typesupport_fastrtps_c.h
[44.887s] -- Symlinking: /home/terra/nav2_ws/install/nav2_msgs/include/nav2_msgs/action/detail/compute_path_to_pose__rosidl_typesupport_fastrtps_c.h
[44.898s] -- Symlinking: /home/terra/nav2_ws/install/nav2_msgs/include/nav2_msgs/action/detail/dummy_recovery__rosidl_typesupport_fastrtps_c.h
[44.909s] -- Symlinking: /home/terra/nav2_ws/install/nav2_msgs/include/nav2_msgs/action/detail/follow_path__rosidl_typesupport_fastrtps_c.h
[44.919s] -- Symlinking: /home/terra/nav2_ws/install/nav2_msgs/include/nav2_msgs/action/detail/follow_waypoints__rosidl_typesupport_fastrtps_c.h
[44.930s] -- Symlinking: /home/terra/nav2_ws/install/nav2_msgs/include/nav2_msgs/action/detail/navigate_to_pose__rosidl_typesupport_fastrtps_c.h
[44.941s] -- Symlinking: /home/terra/nav2_ws/install/nav2_msgs/include/nav2_msgs/action/detail/spin__rosidl_typesupport_fastrtps_c.h
[44.952s] -- Symlinking: /home/terra/nav2_ws/install/nav2_msgs/include/nav2_msgs/action/detail/wait__rosidl_typesupport_fastrtps_c.h
[44.962s] -- Symlinking: /home/terra/nav2_ws/install/nav2_msgs/include/nav2_msgs/msg/detail/behavior_tree_log__rosidl_typesupport_fastrtps_c.h
[44.974s] -- Symlinking: /home/terra/nav2_ws/install/nav2_msgs/include/nav2_msgs/msg/detail/behavior_tree_status_change__rosidl_typesupport_fastrtps_c.h
[44.985s] -- Symlinking: /home/terra/nav2_ws/install/nav2_msgs/include/nav2_msgs/msg/detail/costmap__rosidl_typesupport_fastrtps_c.h
[44.995s] -- Symlinking: /home/terra/nav2_ws/install/nav2_msgs/include/nav2_msgs/msg/detail/costmap_meta_data__rosidl_typesupport_fastrtps_c.h
[45.006s] -- Symlinking: /home/terra/nav2_ws/install/nav2_msgs/include/nav2_msgs/msg/detail/particle__rosidl_typesupport_fastrtps_c.h
[45.017s] -- Symlinking: /home/terra/nav2_ws/install/nav2_msgs/include/nav2_msgs/msg/detail/particle_cloud__rosidl_typesupport_fastrtps_c.h
[45.027s] -- Symlinking: /home/terra/nav2_ws/install/nav2_msgs/include/nav2_msgs/msg/detail/voxel_grid__rosidl_typesupport_fastrtps_c.h
[45.037s] -- Symlinking: /home/terra/nav2_ws/install/nav2_msgs/include/nav2_msgs/msg/rosidl_typesupport_fastrtps_c__visibility_control.h
[45.048s] -- Symlinking: /home/terra/nav2_ws/install/nav2_msgs/include/nav2_msgs/srv/detail/clear_costmap_around_robot__rosidl_typesupport_fastrtps_c.h
[45.058s] -- Symlinking: /home/terra/nav2_ws/install/nav2_msgs/include/nav2_msgs/srv/detail/clear_costmap_except_region__rosidl_typesupport_fastrtps_c.h
[45.069s] -- Symlinking: /home/terra/nav2_ws/install/nav2_msgs/include/nav2_msgs/srv/detail/clear_entire_costmap__rosidl_typesupport_fastrtps_c.h
[45.080s] -- Symlinking: /home/terra/nav2_ws/install/nav2_msgs/include/nav2_msgs/srv/detail/get_costmap__rosidl_typesupport_fastrtps_c.h
[45.091s] -- Symlinking: /home/terra/nav2_ws/install/nav2_msgs/include/nav2_msgs/srv/detail/load_map__rosidl_typesupport_fastrtps_c.h
[45.102s] -- Symlinking: /home/terra/nav2_ws/install/nav2_msgs/include/nav2_msgs/srv/detail/manage_lifecycle_nodes__rosidl_typesupport_fastrtps_c.h
[45.112s] -- Symlinking: /home/terra/nav2_ws/install/nav2_msgs/include/nav2_msgs/srv/detail/save_map__rosidl_typesupport_fastrtps_c.h
[45.123s] -- Symlinking: /home/terra/nav2_ws/install/nav2_msgs/lib/libnav2_msgs__rosidl_typesupport_fastrtps_c.so
[45.136s] -- Symlinking: /home/terra/nav2_ws/install/nav2_msgs/include/nav2_msgs/action/detail/back_up__rosidl_typesupport_fastrtps_cpp.hpp
[45.146s] -- Symlinking: /home/terra/nav2_ws/install/nav2_msgs/include/nav2_msgs/action/detail/compute_path_to_pose__rosidl_typesupport_fastrtps_cpp.hpp
[45.157s] -- Symlinking: /home/terra/nav2_ws/install/nav2_msgs/include/nav2_msgs/action/detail/dummy_recovery__rosidl_typesupport_fastrtps_cpp.hpp
[45.169s] -- Symlinking: /home/terra/nav2_ws/install/nav2_msgs/include/nav2_msgs/action/detail/follow_path__rosidl_typesupport_fastrtps_cpp.hpp
[45.180s] -- Symlinking: /home/terra/nav2_ws/install/nav2_msgs/include/nav2_msgs/action/detail/follow_waypoints__rosidl_typesupport_fastrtps_cpp.hpp
[45.190s] -- Symlinking: /home/terra/nav2_ws/install/nav2_msgs/include/nav2_msgs/action/detail/navigate_to_pose__rosidl_typesupport_fastrtps_cpp.hpp
[45.201s] -- Symlinking: /home/terra/nav2_ws/install/nav2_msgs/include/nav2_msgs/action/detail/spin__rosidl_typesupport_fastrtps_cpp.hpp
[45.211s] -- Symlinking: /home/terra/nav2_ws/install/nav2_msgs/include/nav2_msgs/action/detail/wait__rosidl_typesupport_fastrtps_cpp.hpp
[45.222s] -- Symlinking: /home/terra/nav2_ws/install/nav2_msgs/include/nav2_msgs/msg/detail/behavior_tree_log__rosidl_typesupport_fastrtps_cpp.hpp
[45.233s] -- Symlinking: /home/terra/nav2_ws/install/nav2_msgs/include/nav2_msgs/msg/detail/behavior_tree_status_change__rosidl_typesupport_fastrtps_cpp.hpp
[45.243s] -- Symlinking: /home/terra/nav2_ws/install/nav2_msgs/include/nav2_msgs/msg/detail/costmap__rosidl_typesupport_fastrtps_cpp.hpp
[45.254s] -- Symlinking: /home/terra/nav2_ws/install/nav2_msgs/include/nav2_msgs/msg/detail/costmap_meta_data__rosidl_typesupport_fastrtps_cpp.hpp
[45.265s] -- Symlinking: /home/terra/nav2_ws/install/nav2_msgs/include/nav2_msgs/msg/detail/particle__rosidl_typesupport_fastrtps_cpp.hpp
[45.277s] -- Symlinking: /home/terra/nav2_ws/install/nav2_msgs/include/nav2_msgs/msg/detail/particle_cloud__rosidl_typesupport_fastrtps_cpp.hpp
[45.287s] -- Symlinking: /home/terra/nav2_ws/install/nav2_msgs/include/nav2_msgs/msg/detail/voxel_grid__rosidl_typesupport_fastrtps_cpp.hpp
[45.298s] -- Symlinking: /home/terra/nav2_ws/install/nav2_msgs/include/nav2_msgs/msg/rosidl_typesupport_fastrtps_cpp__visibility_control.h
[45.309s] -- Symlinking: /home/terra/nav2_ws/install/nav2_msgs/include/nav2_msgs/srv/detail/clear_costmap_around_robot__rosidl_typesupport_fastrtps_cpp.hpp
[45.319s] -- Symlinking: /home/terra/nav2_ws/install/nav2_msgs/include/nav2_msgs/srv/detail/clear_costmap_except_region__rosidl_typesupport_fastrtps_cpp.hpp
[45.330s] -- Symlinking: /home/terra/nav2_ws/install/nav2_msgs/include/nav2_msgs/srv/detail/clear_entire_costmap__rosidl_typesupport_fastrtps_cpp.hpp
[45.341s] -- Symlinking: /home/terra/nav2_ws/install/nav2_msgs/include/nav2_msgs/srv/detail/get_costmap__rosidl_typesupport_fastrtps_cpp.hpp
[45.352s] -- Symlinking: /home/terra/nav2_ws/install/nav2_msgs/include/nav2_msgs/srv/detail/load_map__rosidl_typesupport_fastrtps_cpp.hpp
[45.363s] -- Symlinking: /home/terra/nav2_ws/install/nav2_msgs/include/nav2_msgs/srv/detail/manage_lifecycle_nodes__rosidl_typesupport_fastrtps_cpp.hpp
[45.375s] -- Symlinking: /home/terra/nav2_ws/install/nav2_msgs/include/nav2_msgs/srv/detail/save_map__rosidl_typesupport_fastrtps_cpp.hpp
[45.386s] -- Symlinking: /home/terra/nav2_ws/install/nav2_msgs/lib/libnav2_msgs__rosidl_typesupport_fastrtps_cpp.so
[45.397s] -- Symlinking: /home/terra/nav2_ws/install/nav2_msgs/include/nav2_msgs/action/detail/back_up__rosidl_typesupport_introspection_c.h
[45.408s] -- Symlinking: /home/terra/nav2_ws/install/nav2_msgs/include/nav2_msgs/action/detail/compute_path_to_pose__rosidl_typesupport_introspection_c.h
[45.418s] -- Symlinking: /home/terra/nav2_ws/install/nav2_msgs/include/nav2_msgs/action/detail/dummy_recovery__rosidl_typesupport_introspection_c.h
[45.440s] -- Symlinking: /home/terra/nav2_ws/install/nav2_msgs/include/nav2_msgs/action/detail/follow_path__rosidl_typesupport_introspection_c.h
[45.459s] -- Symlinking: /home/terra/nav2_ws/install/nav2_msgs/include/nav2_msgs/action/detail/follow_waypoints__rosidl_typesupport_introspection_c.h
[45.470s] -- Symlinking: /home/terra/nav2_ws/install/nav2_msgs/include/nav2_msgs/action/detail/navigate_to_pose__rosidl_typesupport_introspection_c.h
[45.481s] -- Symlinking: /home/terra/nav2_ws/install/nav2_msgs/include/nav2_msgs/action/detail/spin__rosidl_typesupport_introspection_c.h
[45.492s] -- Symlinking: /home/terra/nav2_ws/install/nav2_msgs/include/nav2_msgs/action/detail/wait__rosidl_typesupport_introspection_c.h
[45.502s] -- Symlinking: /home/terra/nav2_ws/install/nav2_msgs/include/nav2_msgs/msg/detail/behavior_tree_log__rosidl_typesupport_introspection_c.h
[45.512s] -- Symlinking: /home/terra/nav2_ws/install/nav2_msgs/include/nav2_msgs/msg/detail/behavior_tree_status_change__rosidl_typesupport_introspection_c.h
[45.523s] -- Symlinking: /home/terra/nav2_ws/install/nav2_msgs/include/nav2_msgs/msg/detail/costmap__rosidl_typesupport_introspection_c.h
[45.533s] -- Symlinking: /home/terra/nav2_ws/install/nav2_msgs/include/nav2_msgs/msg/detail/costmap_meta_data__rosidl_typesupport_introspection_c.h
[45.544s] -- Symlinking: /home/terra/nav2_ws/install/nav2_msgs/include/nav2_msgs/msg/detail/particle__rosidl_typesupport_introspection_c.h
[45.555s] -- Symlinking: /home/terra/nav2_ws/install/nav2_msgs/include/nav2_msgs/msg/detail/particle_cloud__rosidl_typesupport_introspection_c.h
[45.566s] -- Symlinking: /home/terra/nav2_ws/install/nav2_msgs/include/nav2_msgs/msg/detail/voxel_grid__rosidl_typesupport_introspection_c.h
[45.577s] -- Symlinking: /home/terra/nav2_ws/install/nav2_msgs/include/nav2_msgs/msg/rosidl_typesupport_introspection_c__visibility_control.h
[45.588s] -- Symlinking: /home/terra/nav2_ws/install/nav2_msgs/include/nav2_msgs/srv/detail/clear_costmap_around_robot__rosidl_typesupport_introspection_c.h
[45.598s] -- Symlinking: /home/terra/nav2_ws/install/nav2_msgs/include/nav2_msgs/srv/detail/clear_costmap_except_region__rosidl_typesupport_introspection_c.h
[45.609s] -- Symlinking: /home/terra/nav2_ws/install/nav2_msgs/include/nav2_msgs/srv/detail/clear_entire_costmap__rosidl_typesupport_introspection_c.h
[45.620s] -- Symlinking: /home/terra/nav2_ws/install/nav2_msgs/include/nav2_msgs/srv/detail/get_costmap__rosidl_typesupport_introspection_c.h
[45.630s] -- Symlinking: /home/terra/nav2_ws/install/nav2_msgs/include/nav2_msgs/srv/detail/load_map__rosidl_typesupport_introspection_c.h
[45.641s] -- Symlinking: /home/terra/nav2_ws/install/nav2_msgs/include/nav2_msgs/srv/detail/manage_lifecycle_nodes__rosidl_typesupport_introspection_c.h
[45.652s] -- Symlinking: /home/terra/nav2_ws/install/nav2_msgs/include/nav2_msgs/srv/detail/save_map__rosidl_typesupport_introspection_c.h
[45.664s] -- Symlinking: /home/terra/nav2_ws/install/nav2_msgs/include/nav2_msgs/action/back_up.hpp
[45.676s] -- Symlinking: /home/terra/nav2_ws/install/nav2_msgs/include/nav2_msgs/action/compute_path_to_pose.hpp
[45.686s] -- Symlinking: /home/terra/nav2_ws/install/nav2_msgs/include/nav2_msgs/action/detail/back_up__builder.hpp
[45.697s] -- Symlinking: /home/terra/nav2_ws/install/nav2_msgs/include/nav2_msgs/action/detail/back_up__struct.hpp
[45.708s] -- Symlinking: /home/terra/nav2_ws/install/nav2_msgs/include/nav2_msgs/action/detail/back_up__traits.hpp
[45.718s] -- Symlinking: /home/terra/nav2_ws/install/nav2_msgs/include/nav2_msgs/action/detail/compute_path_to_pose__builder.hpp
[45.729s] -- Symlinking: /home/terra/nav2_ws/install/nav2_msgs/include/nav2_msgs/action/detail/compute_path_to_pose__struct.hpp
[45.740s] -- Symlinking: /home/terra/nav2_ws/install/nav2_msgs/include/nav2_msgs/action/detail/compute_path_to_pose__traits.hpp
[45.750s] -- Symlinking: /home/terra/nav2_ws/install/nav2_msgs/include/nav2_msgs/action/detail/dummy_recovery__builder.hpp
[45.761s] -- Symlinking: /home/terra/nav2_ws/install/nav2_msgs/include/nav2_msgs/action/detail/dummy_recovery__struct.hpp
[45.772s] -- Symlinking: /home/terra/nav2_ws/install/nav2_msgs/include/nav2_msgs/action/detail/dummy_recovery__traits.hpp
[45.783s] -- Symlinking: /home/terra/nav2_ws/install/nav2_msgs/include/nav2_msgs/action/detail/follow_path__builder.hpp
[45.794s] -- Symlinking: /home/terra/nav2_ws/install/nav2_msgs/include/nav2_msgs/action/detail/follow_path__struct.hpp
[45.804s] -- Symlinking: /home/terra/nav2_ws/install/nav2_msgs/include/nav2_msgs/action/detail/follow_path__traits.hpp
[45.815s] -- Symlinking: /home/terra/nav2_ws/install/nav2_msgs/include/nav2_msgs/action/detail/follow_waypoints__builder.hpp
[45.826s] -- Symlinking: /home/terra/nav2_ws/install/nav2_msgs/include/nav2_msgs/action/detail/follow_waypoints__struct.hpp
[45.836s] -- Symlinking: /home/terra/nav2_ws/install/nav2_msgs/include/nav2_msgs/action/detail/follow_waypoints__traits.hpp
[45.847s] -- Symlinking: /home/terra/nav2_ws/install/nav2_msgs/include/nav2_msgs/action/detail/navigate_to_pose__builder.hpp
[45.857s] -- Symlinking: /home/terra/nav2_ws/install/nav2_msgs/include/nav2_msgs/action/detail/navigate_to_pose__struct.hpp
[45.869s] -- Symlinking: /home/terra/nav2_ws/install/nav2_msgs/include/nav2_msgs/action/detail/navigate_to_pose__traits.hpp
[45.880s] -- Symlinking: /home/terra/nav2_ws/install/nav2_msgs/include/nav2_msgs/action/detail/spin__builder.hpp
[45.890s] -- Symlinking: /home/terra/nav2_ws/install/nav2_msgs/include/nav2_msgs/action/detail/spin__struct.hpp
[45.901s] -- Symlinking: /home/terra/nav2_ws/install/nav2_msgs/include/nav2_msgs/action/detail/spin__traits.hpp
[45.912s] -- Symlinking: /home/terra/nav2_ws/install/nav2_msgs/include/nav2_msgs/action/detail/wait__builder.hpp
[45.922s] -- Symlinking: /home/terra/nav2_ws/install/nav2_msgs/include/nav2_msgs/action/detail/wait__struct.hpp
[45.933s] -- Symlinking: /home/terra/nav2_ws/install/nav2_msgs/include/nav2_msgs/action/detail/wait__traits.hpp
[45.944s] -- Symlinking: /home/terra/nav2_ws/install/nav2_msgs/include/nav2_msgs/action/dummy_recovery.hpp
[45.954s] -- Symlinking: /home/terra/nav2_ws/install/nav2_msgs/include/nav2_msgs/action/follow_path.hpp
[45.965s] -- Symlinking: /home/terra/nav2_ws/install/nav2_msgs/include/nav2_msgs/action/follow_waypoints.hpp
[45.977s] -- Symlinking: /home/terra/nav2_ws/install/nav2_msgs/include/nav2_msgs/action/navigate_to_pose.hpp
[45.987s] -- Symlinking: /home/terra/nav2_ws/install/nav2_msgs/include/nav2_msgs/action/spin.hpp
[45.998s] -- Symlinking: /home/terra/nav2_ws/install/nav2_msgs/include/nav2_msgs/action/wait.hpp
[46.008s] -- Symlinking: /home/terra/nav2_ws/install/nav2_msgs/include/nav2_msgs/msg/behavior_tree_log.hpp
[46.019s] -- Symlinking: /home/terra/nav2_ws/install/nav2_msgs/include/nav2_msgs/msg/behavior_tree_status_change.hpp
[46.030s] -- Symlinking: /home/terra/nav2_ws/install/nav2_msgs/include/nav2_msgs/msg/costmap.hpp
[46.040s] -- Symlinking: /home/terra/nav2_ws/install/nav2_msgs/include/nav2_msgs/msg/costmap_meta_data.hpp
[46.051s] -- Symlinking: /home/terra/nav2_ws/install/nav2_msgs/include/nav2_msgs/msg/detail/behavior_tree_log__builder.hpp
[46.062s] -- Symlinking: /home/terra/nav2_ws/install/nav2_msgs/include/nav2_msgs/msg/detail/behavior_tree_log__struct.hpp
[46.074s] -- Symlinking: /home/terra/nav2_ws/install/nav2_msgs/include/nav2_msgs/msg/detail/behavior_tree_log__traits.hpp
[46.084s] -- Symlinking: /home/terra/nav2_ws/install/nav2_msgs/include/nav2_msgs/msg/detail/behavior_tree_status_change__builder.hpp
[46.095s] -- Symlinking: /home/terra/nav2_ws/install/nav2_msgs/include/nav2_msgs/msg/detail/behavior_tree_status_change__struct.hpp
[46.106s] -- Symlinking: /home/terra/nav2_ws/install/nav2_msgs/include/nav2_msgs/msg/detail/behavior_tree_status_change__traits.hpp
[46.116s] -- Symlinking: /home/terra/nav2_ws/install/nav2_msgs/include/nav2_msgs/msg/detail/costmap__builder.hpp
[46.127s] -- Symlinking: /home/terra/nav2_ws/install/nav2_msgs/include/nav2_msgs/msg/detail/costmap__struct.hpp
[46.138s] -- Symlinking: /home/terra/nav2_ws/install/nav2_msgs/include/nav2_msgs/msg/detail/costmap__traits.hpp
[46.148s] -- Symlinking: /home/terra/nav2_ws/install/nav2_msgs/include/nav2_msgs/msg/detail/costmap_meta_data__builder.hpp
[46.159s] -- Symlinking: /home/terra/nav2_ws/install/nav2_msgs/include/nav2_msgs/msg/detail/costmap_meta_data__struct.hpp
[46.170s] -- Symlinking: /home/terra/nav2_ws/install/nav2_msgs/include/nav2_msgs/msg/detail/costmap_meta_data__traits.hpp
[46.182s] -- Symlinking: /home/terra/nav2_ws/install/nav2_msgs/include/nav2_msgs/msg/detail/particle__builder.hpp
[46.192s] -- Symlinking: /home/terra/nav2_ws/install/nav2_msgs/include/nav2_msgs/msg/detail/particle__struct.hpp
[46.203s] -- Symlinking: /home/terra/nav2_ws/install/nav2_msgs/include/nav2_msgs/msg/detail/particle__traits.hpp
[46.213s] -- Symlinking: /home/terra/nav2_ws/install/nav2_msgs/include/nav2_msgs/msg/detail/particle_cloud__builder.hpp
[46.224s] -- Symlinking: /home/terra/nav2_ws/install/nav2_msgs/include/nav2_msgs/msg/detail/particle_cloud__struct.hpp
[46.235s] -- Symlinking: /home/terra/nav2_ws/install/nav2_msgs/include/nav2_msgs/msg/detail/particle_cloud__traits.hpp
[46.245s] -- Symlinking: /home/terra/nav2_ws/install/nav2_msgs/include/nav2_msgs/msg/detail/voxel_grid__builder.hpp
[46.256s] -- Symlinking: /home/terra/nav2_ws/install/nav2_msgs/include/nav2_msgs/msg/detail/voxel_grid__struct.hpp
[46.267s] -- Symlinking: /home/terra/nav2_ws/install/nav2_msgs/include/nav2_msgs/msg/detail/voxel_grid__traits.hpp
[46.278s] -- Symlinking: /home/terra/nav2_ws/install/nav2_msgs/include/nav2_msgs/msg/particle.hpp
[46.289s] -- Symlinking: /home/terra/nav2_ws/install/nav2_msgs/include/nav2_msgs/msg/particle_cloud.hpp
[46.299s] -- Symlinking: /home/terra/nav2_ws/install/nav2_msgs/include/nav2_msgs/msg/voxel_grid.hpp
[46.310s] -- Symlinking: /home/terra/nav2_ws/install/nav2_msgs/include/nav2_msgs/srv/clear_costmap_around_robot.hpp
[46.321s] -- Symlinking: /home/terra/nav2_ws/install/nav2_msgs/include/nav2_msgs/srv/clear_costmap_except_region.hpp
[46.331s] -- Symlinking: /home/terra/nav2_ws/install/nav2_msgs/include/nav2_msgs/srv/clear_entire_costmap.hpp
[46.342s] -- Symlinking: /home/terra/nav2_ws/install/nav2_msgs/include/nav2_msgs/srv/detail/clear_costmap_around_robot__builder.hpp
[46.353s] -- Symlinking: /home/terra/nav2_ws/install/nav2_msgs/include/nav2_msgs/srv/detail/clear_costmap_around_robot__struct.hpp
[46.363s] -- Symlinking: /home/terra/nav2_ws/install/nav2_msgs/include/nav2_msgs/srv/detail/clear_costmap_around_robot__traits.hpp
[46.375s] -- Symlinking: /home/terra/nav2_ws/install/nav2_msgs/include/nav2_msgs/srv/detail/clear_costmap_except_region__builder.hpp
[46.385s] -- Symlinking: /home/terra/nav2_ws/install/nav2_msgs/include/nav2_msgs/srv/detail/clear_costmap_except_region__struct.hpp
[46.396s] -- Symlinking: /home/terra/nav2_ws/install/nav2_msgs/include/nav2_msgs/srv/detail/clear_costmap_except_region__traits.hpp
[46.407s] -- Symlinking: /home/terra/nav2_ws/install/nav2_msgs/include/nav2_msgs/srv/detail/clear_entire_costmap__builder.hpp
[46.417s] -- Symlinking: /home/terra/nav2_ws/install/nav2_msgs/include/nav2_msgs/srv/detail/clear_entire_costmap__struct.hpp
[46.428s] -- Symlinking: /home/terra/nav2_ws/install/nav2_msgs/include/nav2_msgs/srv/detail/clear_entire_costmap__traits.hpp
[46.438s] -- Symlinking: /home/terra/nav2_ws/install/nav2_msgs/include/nav2_msgs/srv/detail/get_costmap__builder.hpp
[46.449s] -- Symlinking: /home/terra/nav2_ws/install/nav2_msgs/include/nav2_msgs/srv/detail/get_costmap__struct.hpp
[46.460s] -- Symlinking: /home/terra/nav2_ws/install/nav2_msgs/include/nav2_msgs/srv/detail/get_costmap__traits.hpp
[46.471s] -- Symlinking: /home/terra/nav2_ws/install/nav2_msgs/include/nav2_msgs/srv/detail/load_map__builder.hpp
[46.482s] -- Symlinking: /home/terra/nav2_ws/install/nav2_msgs/include/nav2_msgs/srv/detail/load_map__struct.hpp
[46.493s] -- Symlinking: /home/terra/nav2_ws/install/nav2_msgs/include/nav2_msgs/srv/detail/load_map__traits.hpp
[46.503s] -- Symlinking: /home/terra/nav2_ws/install/nav2_msgs/include/nav2_msgs/srv/detail/manage_lifecycle_nodes__builder.hpp
[46.514s] -- Symlinking: /home/terra/nav2_ws/install/nav2_msgs/include/nav2_msgs/srv/detail/manage_lifecycle_nodes__struct.hpp
[46.525s] -- Symlinking: /home/terra/nav2_ws/install/nav2_msgs/include/nav2_msgs/srv/detail/manage_lifecycle_nodes__traits.hpp
[46.535s] -- Symlinking: /home/terra/nav2_ws/install/nav2_msgs/include/nav2_msgs/srv/detail/save_map__builder.hpp
[46.546s] -- Symlinking: /home/terra/nav2_ws/install/nav2_msgs/include/nav2_msgs/srv/detail/save_map__struct.hpp
[46.557s] -- Symlinking: /home/terra/nav2_ws/install/nav2_msgs/include/nav2_msgs/srv/detail/save_map__traits.hpp
[46.568s] -- Symlinking: /home/terra/nav2_ws/install/nav2_msgs/include/nav2_msgs/srv/get_costmap.hpp
[46.579s] -- Symlinking: /home/terra/nav2_ws/install/nav2_msgs/include/nav2_msgs/srv/load_map.hpp
[46.590s] -- Symlinking: /home/terra/nav2_ws/install/nav2_msgs/include/nav2_msgs/srv/manage_lifecycle_nodes.hpp
[46.600s] -- Symlinking: /home/terra/nav2_ws/install/nav2_msgs/include/nav2_msgs/srv/save_map.hpp
[46.612s] -- Symlinking: /home/terra/nav2_ws/install/nav2_msgs/include/nav2_msgs/action/detail/back_up__rosidl_typesupport_introspection_cpp.hpp
[46.622s] -- Symlinking: /home/terra/nav2_ws/install/nav2_msgs/include/nav2_msgs/action/detail/compute_path_to_pose__rosidl_typesupport_introspection_cpp.hpp
[46.633s] -- Symlinking: /home/terra/nav2_ws/install/nav2_msgs/include/nav2_msgs/action/detail/dummy_recovery__rosidl_typesupport_introspection_cpp.hpp
[46.644s] -- Symlinking: /home/terra/nav2_ws/install/nav2_msgs/include/nav2_msgs/action/detail/follow_path__rosidl_typesupport_introspection_cpp.hpp
[46.655s] -- Symlinking: /home/terra/nav2_ws/install/nav2_msgs/include/nav2_msgs/action/detail/follow_waypoints__rosidl_typesupport_introspection_cpp.hpp
[46.666s] -- Symlinking: /home/terra/nav2_ws/install/nav2_msgs/include/nav2_msgs/action/detail/navigate_to_pose__rosidl_typesupport_introspection_cpp.hpp
[46.677s] -- Symlinking: /home/terra/nav2_ws/install/nav2_msgs/include/nav2_msgs/action/detail/spin__rosidl_typesupport_introspection_cpp.hpp
[46.688s] -- Symlinking: /home/terra/nav2_ws/install/nav2_msgs/include/nav2_msgs/action/detail/wait__rosidl_typesupport_introspection_cpp.hpp
[46.698s] -- Symlinking: /home/terra/nav2_ws/install/nav2_msgs/include/nav2_msgs/msg/detail/behavior_tree_log__rosidl_typesupport_introspection_cpp.hpp
[46.709s] -- Symlinking: /home/terra/nav2_ws/install/nav2_msgs/include/nav2_msgs/msg/detail/behavior_tree_status_change__rosidl_typesupport_introspection_cpp.hpp
[46.719s] -- Symlinking: /home/terra/nav2_ws/install/nav2_msgs/include/nav2_msgs/msg/detail/costmap__rosidl_typesupport_introspection_cpp.hpp
[46.730s] -- Symlinking: /home/terra/nav2_ws/install/nav2_msgs/include/nav2_msgs/msg/detail/costmap_meta_data__rosidl_typesupport_introspection_cpp.hpp
[46.741s] -- Symlinking: /home/terra/nav2_ws/install/nav2_msgs/include/nav2_msgs/msg/detail/particle__rosidl_typesupport_introspection_cpp.hpp
[46.752s] -- Symlinking: /home/terra/nav2_ws/install/nav2_msgs/include/nav2_msgs/msg/detail/particle_cloud__rosidl_typesupport_introspection_cpp.hpp
[46.762s] -- Symlinking: /home/terra/nav2_ws/install/nav2_msgs/include/nav2_msgs/msg/detail/voxel_grid__rosidl_typesupport_introspection_cpp.hpp
[46.774s] -- Symlinking: /home/terra/nav2_ws/install/nav2_msgs/include/nav2_msgs/srv/detail/clear_costmap_around_robot__rosidl_typesupport_introspection_cpp.hpp
[46.785s] -- Symlinking: /home/terra/nav2_ws/install/nav2_msgs/include/nav2_msgs/srv/detail/clear_costmap_except_region__rosidl_typesupport_introspection_cpp.hpp
[46.795s] -- Symlinking: /home/terra/nav2_ws/install/nav2_msgs/include/nav2_msgs/srv/detail/clear_entire_costmap__rosidl_typesupport_introspection_cpp.hpp
[46.806s] -- Symlinking: /home/terra/nav2_ws/install/nav2_msgs/include/nav2_msgs/srv/detail/get_costmap__rosidl_typesupport_introspection_cpp.hpp
[46.817s] -- Symlinking: /home/terra/nav2_ws/install/nav2_msgs/include/nav2_msgs/srv/detail/load_map__rosidl_typesupport_introspection_cpp.hpp
[46.827s] -- Symlinking: /home/terra/nav2_ws/install/nav2_msgs/include/nav2_msgs/srv/detail/manage_lifecycle_nodes__rosidl_typesupport_introspection_cpp.hpp
[46.838s] -- Symlinking: /home/terra/nav2_ws/install/nav2_msgs/include/nav2_msgs/srv/detail/save_map__rosidl_typesupport_introspection_cpp.hpp
[46.849s] -- Symlinking: /home/terra/nav2_ws/install/nav2_msgs/share/nav2_msgs/environment/pythonpath.sh
[46.860s] -- Symlinking: /home/terra/nav2_ws/install/nav2_msgs/share/nav2_msgs/environment/pythonpath.dsv
[46.871s] -- Symlinking: /home/terra/nav2_ws/install/nav2_msgs/lib/python3.8/site-packages/nav2_msgs/__init__.py
[46.883s] -- Symlinking: /home/terra/nav2_ws/install/nav2_msgs/lib/python3.8/site-packages/nav2_msgs/msg/__init__.py
[46.893s] -- Symlinking: /home/terra/nav2_ws/install/nav2_msgs/lib/python3.8/site-packages/nav2_msgs/msg/_behavior_tree_log.py
[46.904s] -- Symlinking: /home/terra/nav2_ws/install/nav2_msgs/lib/python3.8/site-packages/nav2_msgs/msg/_behavior_tree_status_change.py
[46.914s] -- Symlinking: /home/terra/nav2_ws/install/nav2_msgs/lib/python3.8/site-packages/nav2_msgs/msg/_costmap.py
[46.925s] -- Symlinking: /home/terra/nav2_ws/install/nav2_msgs/lib/python3.8/site-packages/nav2_msgs/msg/_costmap_meta_data.py
[46.936s] -- Symlinking: /home/terra/nav2_ws/install/nav2_msgs/lib/python3.8/site-packages/nav2_msgs/msg/_particle.py
[46.947s] -- Symlinking: /home/terra/nav2_ws/install/nav2_msgs/lib/python3.8/site-packages/nav2_msgs/msg/_particle_cloud.py
[46.958s] -- Symlinking: /home/terra/nav2_ws/install/nav2_msgs/lib/python3.8/site-packages/nav2_msgs/msg/_voxel_grid.py
[46.970s] -- Symlinking: /home/terra/nav2_ws/install/nav2_msgs/lib/python3.8/site-packages/nav2_msgs/srv/__init__.py
[46.980s] -- Symlinking: /home/terra/nav2_ws/install/nav2_msgs/lib/python3.8/site-packages/nav2_msgs/srv/_clear_costmap_around_robot.py
[46.991s] -- Symlinking: /home/terra/nav2_ws/install/nav2_msgs/lib/python3.8/site-packages/nav2_msgs/srv/_clear_costmap_except_region.py
[47.002s] -- Symlinking: /home/terra/nav2_ws/install/nav2_msgs/lib/python3.8/site-packages/nav2_msgs/srv/_clear_entire_costmap.py
[47.012s] -- Symlinking: /home/terra/nav2_ws/install/nav2_msgs/lib/python3.8/site-packages/nav2_msgs/srv/_get_costmap.py
[47.023s] -- Symlinking: /home/terra/nav2_ws/install/nav2_msgs/lib/python3.8/site-packages/nav2_msgs/srv/_load_map.py
[47.034s] -- Symlinking: /home/terra/nav2_ws/install/nav2_msgs/lib/python3.8/site-packages/nav2_msgs/srv/_manage_lifecycle_nodes.py
[47.044s] -- Symlinking: /home/terra/nav2_ws/install/nav2_msgs/lib/python3.8/site-packages/nav2_msgs/srv/_save_map.py
[47.056s] -- Symlinking: /home/terra/nav2_ws/install/nav2_msgs/lib/python3.8/site-packages/nav2_msgs/action/__init__.py
[47.067s] -- Symlinking: /home/terra/nav2_ws/install/nav2_msgs/lib/python3.8/site-packages/nav2_msgs/action/_back_up.py
[47.077s] -- Symlinking: /home/terra/nav2_ws/install/nav2_msgs/lib/python3.8/site-packages/nav2_msgs/action/_compute_path_to_pose.py
[47.088s] -- Symlinking: /home/terra/nav2_ws/install/nav2_msgs/lib/python3.8/site-packages/nav2_msgs/action/_dummy_recovery.py
[47.098s] -- Symlinking: /home/terra/nav2_ws/install/nav2_msgs/lib/python3.8/site-packages/nav2_msgs/action/_follow_path.py
[47.109s] -- Symlinking: /home/terra/nav2_ws/install/nav2_msgs/lib/python3.8/site-packages/nav2_msgs/action/_follow_waypoints.py
[47.119s] -- Symlinking: /home/terra/nav2_ws/install/nav2_msgs/lib/python3.8/site-packages/nav2_msgs/action/_navigate_to_pose.py
[47.130s] -- Symlinking: /home/terra/nav2_ws/install/nav2_msgs/lib/python3.8/site-packages/nav2_msgs/action/_spin.py
[47.141s] -- Symlinking: /home/terra/nav2_ws/install/nav2_msgs/lib/python3.8/site-packages/nav2_msgs/action/_wait.py
[47.152s] -- Symlinking: /home/terra/nav2_ws/install/nav2_msgs/lib/python3.8/site-packages/nav2_msgs/nav2_msgs_s__rosidl_typesupport_fastrtps_c.cpython-38-x86_64-linux-gnu.so
[47.163s] -- Symlinking: /home/terra/nav2_ws/install/nav2_msgs/lib/python3.8/site-packages/nav2_msgs/nav2_msgs_s__rosidl_typesupport_introspection_c.cpython-38-x86_64-linux-gnu.so
[47.175s] -- Symlinking: /home/terra/nav2_ws/install/nav2_msgs/lib/python3.8/site-packages/nav2_msgs/nav2_msgs_s__rosidl_typesupport_c.cpython-38-x86_64-linux-gnu.so
[47.186s] -- Symlinking: /home/terra/nav2_ws/install/nav2_msgs/lib/libnav2_msgs__python.so
[47.197s] -- Symlinking: /home/terra/nav2_ws/install/nav2_msgs/share/nav2_msgs/msg/Costmap.idl
[47.208s] -- Symlinking: /home/terra/nav2_ws/install/nav2_msgs/share/nav2_msgs/msg/CostmapMetaData.idl
[47.219s] -- Symlinking: /home/terra/nav2_ws/install/nav2_msgs/share/nav2_msgs/msg/VoxelGrid.idl
[47.230s] -- Symlinking: /home/terra/nav2_ws/install/nav2_msgs/share/nav2_msgs/msg/BehaviorTreeStatusChange.idl
[47.240s] -- Symlinking: /home/terra/nav2_ws/install/nav2_msgs/share/nav2_msgs/msg/BehaviorTreeLog.idl
[47.251s] -- Symlinking: /home/terra/nav2_ws/install/nav2_msgs/share/nav2_msgs/msg/Particle.idl
[47.262s] -- Symlinking: /home/terra/nav2_ws/install/nav2_msgs/share/nav2_msgs/msg/ParticleCloud.idl
[47.273s] -- Symlinking: /home/terra/nav2_ws/install/nav2_msgs/share/nav2_msgs/srv/GetCostmap.idl
[47.284s] -- Symlinking: /home/terra/nav2_ws/install/nav2_msgs/share/nav2_msgs/srv/ClearCostmapExceptRegion.idl
[47.295s] -- Symlinking: /home/terra/nav2_ws/install/nav2_msgs/share/nav2_msgs/srv/ClearCostmapAroundRobot.idl
[47.305s] -- Symlinking: /home/terra/nav2_ws/install/nav2_msgs/share/nav2_msgs/srv/ClearEntireCostmap.idl
[47.316s] -- Symlinking: /home/terra/nav2_ws/install/nav2_msgs/share/nav2_msgs/srv/ManageLifecycleNodes.idl
[47.327s] -- Symlinking: /home/terra/nav2_ws/install/nav2_msgs/share/nav2_msgs/srv/LoadMap.idl
[47.338s] -- Symlinking: /home/terra/nav2_ws/install/nav2_msgs/share/nav2_msgs/srv/SaveMap.idl
[47.349s] -- Symlinking: /home/terra/nav2_ws/install/nav2_msgs/share/nav2_msgs/action/BackUp.idl
[47.360s] -- Symlinking: /home/terra/nav2_ws/install/nav2_msgs/share/nav2_msgs/action/ComputePathToPose.idl
[47.371s] -- Symlinking: /home/terra/nav2_ws/install/nav2_msgs/share/nav2_msgs/action/FollowPath.idl
[47.382s] -- Symlinking: /home/terra/nav2_ws/install/nav2_msgs/share/nav2_msgs/action/NavigateToPose.idl
[47.393s] -- Symlinking: /home/terra/nav2_ws/install/nav2_msgs/share/nav2_msgs/action/Wait.idl
[47.403s] -- Symlinking: /home/terra/nav2_ws/install/nav2_msgs/share/nav2_msgs/action/Spin.idl
[47.414s] -- Symlinking: /home/terra/nav2_ws/install/nav2_msgs/share/nav2_msgs/action/DummyRecovery.idl
[47.425s] -- Symlinking: /home/terra/nav2_ws/install/nav2_msgs/share/nav2_msgs/action/FollowWaypoints.idl
[47.435s] -- Symlinking: /home/terra/nav2_ws/install/nav2_msgs/share/nav2_msgs/msg/Costmap.msg
[47.446s] -- Symlinking: /home/terra/nav2_ws/install/nav2_msgs/share/nav2_msgs/msg/CostmapMetaData.msg
[47.457s] -- Symlinking: /home/terra/nav2_ws/install/nav2_msgs/share/nav2_msgs/msg/VoxelGrid.msg
[47.468s] -- Symlinking: /home/terra/nav2_ws/install/nav2_msgs/share/nav2_msgs/msg/BehaviorTreeStatusChange.msg
[47.479s] -- Symlinking: /home/terra/nav2_ws/install/nav2_msgs/share/nav2_msgs/msg/BehaviorTreeLog.msg
[47.490s] -- Symlinking: /home/terra/nav2_ws/install/nav2_msgs/share/nav2_msgs/msg/Particle.msg
[47.500s] -- Symlinking: /home/terra/nav2_ws/install/nav2_msgs/share/nav2_msgs/msg/ParticleCloud.msg
[47.511s] -- Symlinking: /home/terra/nav2_ws/install/nav2_msgs/share/nav2_msgs/srv/GetCostmap.srv
[47.522s] -- Symlinking: /home/terra/nav2_ws/install/nav2_msgs/share/nav2_msgs/srv/GetCostmap_Request.msg
[47.533s] -- Symlinking: /home/terra/nav2_ws/install/nav2_msgs/share/nav2_msgs/srv/GetCostmap_Response.msg
[47.544s] -- Symlinking: /home/terra/nav2_ws/install/nav2_msgs/share/nav2_msgs/srv/ClearCostmapExceptRegion.srv
[47.554s] -- Symlinking: /home/terra/nav2_ws/install/nav2_msgs/share/nav2_msgs/srv/ClearCostmapExceptRegion_Request.msg
[47.565s] -- Symlinking: /home/terra/nav2_ws/install/nav2_msgs/share/nav2_msgs/srv/ClearCostmapExceptRegion_Response.msg
[47.576s] -- Symlinking: /home/terra/nav2_ws/install/nav2_msgs/share/nav2_msgs/srv/ClearCostmapAroundRobot.srv
[47.587s] -- Symlinking: /home/terra/nav2_ws/install/nav2_msgs/share/nav2_msgs/srv/ClearCostmapAroundRobot_Request.msg
[47.598s] -- Symlinking: /home/terra/nav2_ws/install/nav2_msgs/share/nav2_msgs/srv/ClearCostmapAroundRobot_Response.msg
[47.609s] -- Symlinking: /home/terra/nav2_ws/install/nav2_msgs/share/nav2_msgs/srv/ClearEntireCostmap.srv
[47.620s] -- Symlinking: /home/terra/nav2_ws/install/nav2_msgs/share/nav2_msgs/srv/ClearEntireCostmap_Request.msg
[47.630s] -- Symlinking: /home/terra/nav2_ws/install/nav2_msgs/share/nav2_msgs/srv/ClearEntireCostmap_Response.msg
[47.641s] -- Symlinking: /home/terra/nav2_ws/install/nav2_msgs/share/nav2_msgs/srv/ManageLifecycleNodes.srv
[47.652s] -- Symlinking: /home/terra/nav2_ws/install/nav2_msgs/share/nav2_msgs/srv/ManageLifecycleNodes_Request.msg
[47.663s] -- Symlinking: /home/terra/nav2_ws/install/nav2_msgs/share/nav2_msgs/srv/ManageLifecycleNodes_Response.msg
[47.674s] -- Symlinking: /home/terra/nav2_ws/install/nav2_msgs/share/nav2_msgs/srv/LoadMap.srv
[47.685s] -- Symlinking: /home/terra/nav2_ws/install/nav2_msgs/share/nav2_msgs/srv/LoadMap_Request.msg
[47.695s] -- Symlinking: /home/terra/nav2_ws/install/nav2_msgs/share/nav2_msgs/srv/LoadMap_Response.msg
[47.706s] -- Symlinking: /home/terra/nav2_ws/install/nav2_msgs/share/nav2_msgs/srv/SaveMap.srv
[47.717s] -- Symlinking: /home/terra/nav2_ws/install/nav2_msgs/share/nav2_msgs/srv/SaveMap_Request.msg
[47.728s] -- Symlinking: /home/terra/nav2_ws/install/nav2_msgs/share/nav2_msgs/srv/SaveMap_Response.msg
[47.738s] -- Symlinking: /home/terra/nav2_ws/install/nav2_msgs/share/nav2_msgs/action/BackUp.action
[47.750s] -- Symlinking: /home/terra/nav2_ws/install/nav2_msgs/share/nav2_msgs/action/ComputePathToPose.action
[47.761s] -- Symlinking: /home/terra/nav2_ws/install/nav2_msgs/share/nav2_msgs/action/FollowPath.action
[47.773s] -- Symlinking: /home/terra/nav2_ws/install/nav2_msgs/share/nav2_msgs/action/NavigateToPose.action
[47.784s] -- Symlinking: /home/terra/nav2_ws/install/nav2_msgs/share/nav2_msgs/action/Wait.action
[47.795s] -- Symlinking: /home/terra/nav2_ws/install/nav2_msgs/share/nav2_msgs/action/Spin.action
[47.806s] -- Symlinking: /home/terra/nav2_ws/install/nav2_msgs/share/nav2_msgs/action/DummyRecovery.action
[47.817s] -- Symlinking: /home/terra/nav2_ws/install/nav2_msgs/share/nav2_msgs/action/FollowWaypoints.action
[47.827s] -- Symlinking: /home/terra/nav2_ws/install/nav2_msgs/share/ament_index/resource_index/package_run_dependencies/nav2_msgs
[47.838s] -- Symlinking: /home/terra/nav2_ws/install/nav2_msgs/share/ament_index/resource_index/parent_prefix_path/nav2_msgs
[47.849s] -- Symlinking: /home/terra/nav2_ws/install/nav2_msgs/share/nav2_msgs/environment/ament_prefix_path.sh
[47.860s] -- Symlinking: /home/terra/nav2_ws/install/nav2_msgs/share/nav2_msgs/environment/ament_prefix_path.dsv
[47.871s] -- Symlinking: /home/terra/nav2_ws/install/nav2_msgs/share/nav2_msgs/environment/path.sh
[47.883s] -- Symlinking: /home/terra/nav2_ws/install/nav2_msgs/share/nav2_msgs/environment/path.dsv
[47.893s] -- Symlinking: /home/terra/nav2_ws/install/nav2_msgs/share/nav2_msgs/local_setup.bash
[47.904s] -- Symlinking: /home/terra/nav2_ws/install/nav2_msgs/share/nav2_msgs/local_setup.sh
[47.915s] -- Symlinking: /home/terra/nav2_ws/install/nav2_msgs/share/nav2_msgs/local_setup.zsh
[47.926s] -- Symlinking: /home/terra/nav2_ws/install/nav2_msgs/share/nav2_msgs/local_setup.dsv
[47.937s] -- Symlinking: /home/terra/nav2_ws/install/nav2_msgs/share/nav2_msgs/package.dsv
[47.948s] -- Symlinking: /home/terra/nav2_ws/install/nav2_msgs/share/ament_index/resource_index/packages/nav2_msgs
[47.959s] -- Symlinking: /home/terra/nav2_ws/install/nav2_msgs/share/nav2_msgs/cmake/rosidl_cmake-extras.cmake
[47.970s] -- Symlinking: /home/terra/nav2_ws/install/nav2_msgs/share/nav2_msgs/cmake/ament_cmake_export_dependencies-extras.cmake
[47.981s] -- Symlinking: /home/terra/nav2_ws/install/nav2_msgs/share/nav2_msgs/cmake/ament_cmake_export_libraries-extras.cmake
[47.992s] -- Symlinking: /home/terra/nav2_ws/install/nav2_msgs/share/nav2_msgs/cmake/ament_cmake_export_targets-extras.cmake
[48.003s] -- Symlinking: /home/terra/nav2_ws/install/nav2_msgs/share/nav2_msgs/cmake/ament_cmake_export_include_directories-extras.cmake
[48.014s] -- Symlinking: /home/terra/nav2_ws/install/nav2_msgs/share/nav2_msgs/cmake/rosidl_cmake_export_typesupport_libraries-extras.cmake
[48.025s] -- Symlinking: /home/terra/nav2_ws/install/nav2_msgs/share/nav2_msgs/cmake/rosidl_cmake_export_typesupport_targets-extras.cmake
[48.035s] -- Symlinking: /home/terra/nav2_ws/install/nav2_msgs/share/nav2_msgs/cmake/nav2_msgsConfig.cmake
[48.046s] -- Symlinking: /home/terra/nav2_ws/install/nav2_msgs/share/nav2_msgs/cmake/nav2_msgsConfig-version.cmake
[48.057s] -- Symlinking: /home/terra/nav2_ws/install/nav2_msgs/share/nav2_msgs/package.xml
[48.068s] -- Installing: /home/terra/nav2_ws/install/nav2_msgs/lib/libnav2_msgs__rosidl_generator_c.so
[48.069s] -- Set runtime path of "/home/terra/nav2_ws/install/nav2_msgs/lib/libnav2_msgs__rosidl_generator_c.so" to ""
[48.070s] -- Installing: /home/terra/nav2_ws/install/nav2_msgs/lib/libnav2_msgs__rosidl_typesupport_introspection_c.so
[48.070s] -- Set runtime path of "/home/terra/nav2_ws/install/nav2_msgs/lib/libnav2_msgs__rosidl_typesupport_introspection_c.so" to ""
[48.071s] -- Installing: /home/terra/nav2_ws/install/nav2_msgs/lib/libnav2_msgs__rosidl_typesupport_c.so
[48.072s] -- Set runtime path of "/home/terra/nav2_ws/install/nav2_msgs/lib/libnav2_msgs__rosidl_typesupport_c.so" to ""
[48.072s] -- Installing: /home/terra/nav2_ws/install/nav2_msgs/lib/libnav2_msgs__rosidl_typesupport_introspection_cpp.so
[48.073s] -- Set runtime path of "/home/terra/nav2_ws/install/nav2_msgs/lib/libnav2_msgs__rosidl_typesupport_introspection_cpp.so" to ""
[48.073s] -- Installing: /home/terra/nav2_ws/install/nav2_msgs/lib/libnav2_msgs__rosidl_typesupport_cpp.so
[48.074s] -- Set runtime path of "/home/terra/nav2_ws/install/nav2_msgs/lib/libnav2_msgs__rosidl_typesupport_cpp.so" to ""
[48.107s] Compiling '/home/terra/nav2_ws/install/nav2_msgs/lib/python3.8/site-packages/nav2_msgs/__init__.py'...
[48.111s] -- Installing: /home/terra/nav2_ws/install/nav2_msgs/share/nav2_msgs/cmake/nav2_msgs__rosidl_generator_cExport.cmake
[48.111s] -- Installing: /home/terra/nav2_ws/install/nav2_msgs/share/nav2_msgs/cmake/nav2_msgs__rosidl_generator_cExport-release.cmake
[48.112s] -- Installing: /home/terra/nav2_ws/install/nav2_msgs/share/nav2_msgs/cmake/nav2_msgs__rosidl_typesupport_introspection_cExport.cmake
[48.112s] -- Installing: /home/terra/nav2_ws/install/nav2_msgs/share/nav2_msgs/cmake/nav2_msgs__rosidl_typesupport_introspection_cExport-release.cmake
[48.112s] -- Installing: /home/terra/nav2_ws/install/nav2_msgs/share/nav2_msgs/cmake/nav2_msgs__rosidl_typesupport_cExport.cmake
[48.113s] -- Installing: /home/terra/nav2_ws/install/nav2_msgs/share/nav2_msgs/cmake/nav2_msgs__rosidl_typesupport_cExport-release.cmake
[48.113s] -- Installing: /home/terra/nav2_ws/install/nav2_msgs/share/nav2_msgs/cmake/nav2_msgs__rosidl_generator_cppExport.cmake
[48.113s] -- Installing: /home/terra/nav2_ws/install/nav2_msgs/share/nav2_msgs/cmake/nav2_msgs__rosidl_typesupport_introspection_cppExport.cmake
[48.113s] -- Installing: /home/terra/nav2_ws/install/nav2_msgs/share/nav2_msgs/cmake/nav2_msgs__rosidl_typesupport_introspection_cppExport-release.cmake
[48.114s] -- Installing: /home/terra/nav2_ws/install/nav2_msgs/share/nav2_msgs/cmake/nav2_msgs__rosidl_typesupport_cppExport.cmake
[48.114s] -- Installing: /home/terra/nav2_ws/install/nav2_msgs/share/nav2_msgs/cmake/nav2_msgs__rosidl_typesupport_cppExport-release.cmake
[48.121s] Invoked command in '/home/terra/nav2_ws/build/nav2_msgs' returned '0': AMENT_PREFIX_PATH=/home/terra/nav2_ws/install/nav2_common:${AMENT_PREFIX_PATH} CMAKE_PREFIX_PATH=/home/terra/nav2_ws/install/nav2_common:/opt/ros/foxy PYTHONPATH=/home/terra/nav2_ws/install/nav2_common/lib/python3.8/site-packages:${PYTHONPATH} /usr/bin/cmake --install /home/terra/nav2_ws/build/nav2_msgs
