[0.044s] Invoking command in '/home/terra/nav2_ws/build/nav2_straightline_demo': CMAKE_PREFIX_PATH=${CMAKE_PREFIX_PATH}:/home/terra/nav2_ws/install/nav2_gazebo_spawner:/opt/ros/foxy /usr/bin/cmake --build /home/terra/nav2_ws/build/nav2_straightline_demo -- -j8 -l8
[0.209s] [100%] Built target straightline_demo
[0.231s] Invoked command in '/home/terra/nav2_ws/build/nav2_straightline_demo' returned '0': CMAKE_PREFIX_PATH=${CMAKE_PREFIX_PATH}:/home/terra/nav2_ws/install/nav2_gazebo_spawner:/opt/ros/foxy /usr/bin/cmake --build /home/terra/nav2_ws/build/nav2_straightline_demo -- -j8 -l8
[0.325s] Invoking command in '/home/terra/nav2_ws/build/nav2_straightline_demo': CMAKE_PREFIX_PATH=${CMAKE_PREFIX_PATH}:/home/terra/nav2_ws/install/nav2_gazebo_spawner:/opt/ros/foxy /usr/bin/cmake --install /home/terra/nav2_ws/build/nav2_straightline_demo
[0.341s] -- Install configuration: "RelWithDebInfo"
[0.342s] -- Execute custom install script
[0.342s] -- Up-to-date symlink: /home/terra/nav2_ws/install/nav2_straightline_demo/lib/nav2_straightline_demo/straightline_demo
[0.344s] -- Up-to-date symlink: /home/terra/nav2_ws/install/nav2_straightline_demo/include//nav2_demo/straight_line_demo.hpp
[0.344s] -- Up-to-date symlink: /home/terra/nav2_ws/install/nav2_straightline_demo/share/ament_index/resource_index/package_run_dependencies/nav2_straightline_demo
[0.344s] -- Up-to-date symlink: /home/terra/nav2_ws/install/nav2_straightline_demo/share/ament_index/resource_index/parent_prefix_path/nav2_straightline_demo
[0.345s] -- Up-to-date symlink: /home/terra/nav2_ws/install/nav2_straightline_demo/share/nav2_straightline_demo/environment/ament_prefix_path.sh
[0.346s] -- Up-to-date symlink: /home/terra/nav2_ws/install/nav2_straightline_demo/share/nav2_straightline_demo/environment/ament_prefix_path.dsv
[0.346s] -- Up-to-date symlink: /home/terra/nav2_ws/install/nav2_straightline_demo/share/nav2_straightline_demo/environment/path.sh
[0.346s] -- Up-to-date symlink: /home/terra/nav2_ws/install/nav2_straightline_demo/share/nav2_straightline_demo/environment/path.dsv
[0.347s] -- Up-to-date symlink: /home/terra/nav2_ws/install/nav2_straightline_demo/share/nav2_straightline_demo/local_setup.bash
[0.347s] -- Up-to-date symlink: /home/terra/nav2_ws/install/nav2_straightline_demo/share/nav2_straightline_demo/local_setup.sh
[0.348s] -- Up-to-date symlink: /home/terra/nav2_ws/install/nav2_straightline_demo/share/nav2_straightline_demo/local_setup.zsh
[0.348s] -- Up-to-date symlink: /home/terra/nav2_ws/install/nav2_straightline_demo/share/nav2_straightline_demo/local_setup.dsv
[0.349s] -- Symlinking: /home/terra/nav2_ws/install/nav2_straightline_demo/share/nav2_straightline_demo/package.dsv
[0.365s] -- Up-to-date symlink: /home/terra/nav2_ws/install/nav2_straightline_demo/share/ament_index/resource_index/packages/nav2_straightline_demo
[0.365s] -- Up-to-date symlink: /home/terra/nav2_ws/install/nav2_straightline_demo/share/nav2_straightline_demo/cmake/ament_cmake_export_include_directories-extras.cmake
[0.366s] -- Up-to-date symlink: /home/terra/nav2_ws/install/nav2_straightline_demo/share/nav2_straightline_demo/cmake/ament_cmake_export_dependencies-extras.cmake
[0.366s] -- Up-to-date symlink: /home/terra/nav2_ws/install/nav2_straightline_demo/share/nav2_straightline_demo/cmake/nav2_straightline_demoConfig.cmake
[0.367s] -- Up-to-date symlink: /home/terra/nav2_ws/install/nav2_straightline_demo/share/nav2_straightline_demo/cmake/nav2_straightline_demoConfig-version.cmake
[0.367s] -- Up-to-date symlink: /home/terra/nav2_ws/install/nav2_straightline_demo/share/nav2_straightline_demo/package.xml
[0.370s] Invoked command in '/home/terra/nav2_ws/build/nav2_straightline_demo' returned '0': CMAKE_PREFIX_PATH=${CMAKE_PREFIX_PATH}:/home/terra/nav2_ws/install/nav2_gazebo_spawner:/opt/ros/foxy /usr/bin/cmake --install /home/terra/nav2_ws/build/nav2_straightline_demo
