[35m[1mScanning dependencies of target nav2_straightline_planner_plugin[0m
[ 50%] [32mBuilding CXX object CMakeFiles/nav2_straightline_planner_plugin.dir/src/straight_line_planner.cpp.o[0m
[01m[K/home/terra/nav2_ws/src/navigation2_tutorials/nav2_straightline_planner/src/straight_line_planner.cpp:[m[K In member function ‘[01m[Kvirtual nav_msgs::msg::Path nav2_straightline_planner::StraightLine::createPlan(const PoseStamped&, const PoseStamped&)[m[K’:
[01m[K/home/terra/nav2_ws/src/navigation2_tutorials/nav2_straightline_planner/src/straight_line_planner.cpp:137:51:[m[K [01;31m[Kerror: [m[Kno match for ‘[01m[Koperator=[m[K’ (operand types are ‘[01m[Krclcpp::Subscription<nav_msgs::msg::Path_<std::allocator<void> > >::SharedPtr[m[K’ {aka ‘[01m[Kstd::shared_ptr<rclcpp::Subscription<nav_msgs::msg::Path_<std::allocator<void> > > >[m[K’} and ‘[01m[Krclcpp::Node[m[K’)
  137 |   path_pub_ = rclcpp :: Node("StraightlinePlanner"[01;31m[K)[m[K :: creat_publisher<nav_msgs::msg::Path>("straightline_planner/path", 10);
      |                                                   [01;31m[K^[m[K
In file included from [01m[K/usr/include/c++/9/memory:81[m[K,
                 from [01m[K/home/terra/nav2_ws/src/navigation2_tutorials/nav2_straightline_planner/src/straight_line_planner.cpp:43[m[K:
[01m[K/usr/include/c++/9/bits/shared_ptr.h:309:19:[m[K [01;36m[Knote: [m[Kcandidate: ‘[01m[Kstd::shared_ptr<_Tp>& std::shared_ptr<_Tp>::operator=(const std::shared_ptr<_Tp>&) [with _Tp = rclcpp::Subscription<nav_msgs::msg::Path_<std::allocator<void> > >][m[K’
  309 |       shared_ptr& [01;36m[Koperator[m[K=(const shared_ptr&) noexcept = default;
      |                   [01;36m[K^~~~~~~~[m[K
[01m[K/usr/include/c++/9/bits/shared_ptr.h:309:29:[m[K [01;36m[Knote: [m[K  no known conversion for argument 1 from ‘[01m[Krclcpp::Node[m[K’ to ‘[01m[Kconst std::shared_ptr<rclcpp::Subscription<nav_msgs::msg::Path_<std::allocator<void> > > >&[m[K’
  309 |       shared_ptr& operator=([01;36m[Kconst shared_ptr&[m[K) noexcept = default;
      |                             [01;36m[K^~~~~~~~~~~~~~~~~[m[K
[01m[K/usr/include/c++/9/bits/shared_ptr.h:313:2:[m[K [01;36m[Knote: [m[Kcandidate: ‘[01m[Ktemplate<class _Yp> std::shared_ptr<_Tp>::_Assignable<const std::shared_ptr<_Yp>&> std::shared_ptr<_Tp>::operator=(const std::shared_ptr<_Yp>&) [with _Yp = _Yp; _Tp = rclcpp::Subscription<nav_msgs::msg::Path_<std::allocator<void> > >][m[K’
  313 |  [01;36m[Koperator[m[K=(const shared_ptr<_Yp>& __r) noexcept
      |  [01;36m[K^~~~~~~~[m[K
[01m[K/usr/include/c++/9/bits/shared_ptr.h:313:2:[m[K [01;36m[Knote: [m[K  template argument deduction/substitution failed:
[01m[K/home/terra/nav2_ws/src/navigation2_tutorials/nav2_straightline_planner/src/straight_line_planner.cpp:137:51:[m[K [01;36m[Knote: [m[K  ‘[01m[Krclcpp::Node[m[K’ is not derived from ‘[01m[Kconst std::shared_ptr<_Tp>[m[K’
  137 |   path_pub_ = rclcpp :: Node("StraightlinePlanner"[01;36m[K)[m[K :: creat_publisher<nav_msgs::msg::Path>("straightline_planner/path", 10);
      |                                                   [01;36m[K^[m[K
In file included from [01m[K/usr/include/c++/9/memory:81[m[K,
                 from [01m[K/home/terra/nav2_ws/src/navigation2_tutorials/nav2_straightline_planner/src/straight_line_planner.cpp:43[m[K:
[01m[K/usr/include/c++/9/bits/shared_ptr.h:324:2:[m[K [01;36m[Knote: [m[Kcandidate: ‘[01m[Ktemplate<class _Yp> std::shared_ptr<_Tp>::_Assignable<std::auto_ptr<_Up> > std::shared_ptr<_Tp>::operator=(std::auto_ptr<_Up>&&) [with _Yp = _Yp; _Tp = rclcpp::Subscription<nav_msgs::msg::Path_<std::allocator<void> > >][m[K’
  324 |  [01;36m[Koperator[m[K=(auto_ptr<_Yp>&& __r)
      |  [01;36m[K^~~~~~~~[m[K
[01m[K/usr/include/c++/9/bits/shared_ptr.h:324:2:[m[K [01;36m[Knote: [m[K  template argument deduction/substitution failed:
[01m[K/home/terra/nav2_ws/src/navigation2_tutorials/nav2_straightline_planner/src/straight_line_planner.cpp:137:51:[m[K [01;36m[Knote: [m[K  ‘[01m[Krclcpp::Node[m[K’ is not derived from ‘[01m[Kstd::auto_ptr<_Up>[m[K’
  137 |   path_pub_ = rclcpp :: Node("StraightlinePlanner"[01;36m[K)[m[K :: creat_publisher<nav_msgs::msg::Path>("straightline_planner/path", 10);
      |                                                   [01;36m[K^[m[K
In file included from [01m[K/usr/include/c++/9/memory:81[m[K,
                 from [01m[K/home/terra/nav2_ws/src/navigation2_tutorials/nav2_straightline_planner/src/straight_line_planner.cpp:43[m[K:
[01m[K/usr/include/c++/9/bits/shared_ptr.h:333:7:[m[K [01;36m[Knote: [m[Kcandidate: ‘[01m[Kstd::shared_ptr<_Tp>& std::shared_ptr<_Tp>::operator=(std::shared_ptr<_Tp>&&) [with _Tp = rclcpp::Subscription<nav_msgs::msg::Path_<std::allocator<void> > >][m[K’
  333 |       [01;36m[Koperator[m[K=(shared_ptr&& __r) noexcept
      |       [01;36m[K^~~~~~~~[m[K
[01m[K/usr/include/c++/9/bits/shared_ptr.h:333:30:[m[K [01;36m[Knote: [m[K  no known conversion for argument 1 from ‘[01m[Krclcpp::Node[m[K’ to ‘[01m[Kstd::shared_ptr<rclcpp::Subscription<nav_msgs::msg::Path_<std::allocator<void> > > >&&[m[K’
  333 |       operator=([01;36m[Kshared_ptr&& __r[m[K) noexcept
      |                 [01;36m[K~~~~~~~~~~~~~^~~[m[K
[01m[K/usr/include/c++/9/bits/shared_ptr.h:341:2:[m[K [01;36m[Knote: [m[Kcandidate: ‘[01m[Ktemplate<class _Yp> std::shared_ptr<_Tp>::_Assignable<std::shared_ptr<_Yp> > std::shared_ptr<_Tp>::operator=(std::shared_ptr<_Yp>&&) [with _Yp = _Yp; _Tp = rclcpp::Subscription<nav_msgs::msg::Path_<std::allocator<void> > >][m[K’
  341 |  [01;36m[Koperator[m[K=(shared_ptr<_Yp>&& __r) noexcept
      |  [01;36m[K^~~~~~~~[m[K
[01m[K/usr/include/c++/9/bits/shared_ptr.h:341:2:[m[K [01;36m[Knote: [m[K  template argument deduction/substitution failed:
[01m[K/home/terra/nav2_ws/src/navigation2_tutorials/nav2_straightline_planner/src/straight_line_planner.cpp:137:51:[m[K [01;36m[Knote: [m[K  ‘[01m[Krclcpp::Node[m[K’ is not derived from ‘[01m[Kstd::shared_ptr<_Tp>[m[K’
  137 |   path_pub_ = rclcpp :: Node("StraightlinePlanner"[01;36m[K)[m[K :: creat_publisher<nav_msgs::msg::Path>("straightline_planner/path", 10);
      |                                                   [01;36m[K^[m[K
In file included from [01m[K/usr/include/c++/9/memory:81[m[K,
                 from [01m[K/home/terra/nav2_ws/src/navigation2_tutorials/nav2_straightline_planner/src/straight_line_planner.cpp:43[m[K:
[01m[K/usr/include/c++/9/bits/shared_ptr.h:349:2:[m[K [01;36m[Knote: [m[Kcandidate: ‘[01m[Ktemplate<class _Yp, class _Del> std::shared_ptr<_Tp>::_Assignable<std::unique_ptr<_Up, _Ep> > std::shared_ptr<_Tp>::operator=(std::unique_ptr<_Up, _Ep>&&) [with _Yp = _Yp; _Del = _Del; _Tp = rclcpp::Subscription<nav_msgs::msg::Path_<std::allocator<void> > >][m[K’
  349 |  [01;36m[Koperator[m[K=(unique_ptr<_Yp, _Del>&& __r)
      |  [01;36m[K^~~~~~~~[m[K
[01m[K/usr/include/c++/9/bits/shared_ptr.h:349:2:[m[K [01;36m[Knote: [m[K  template argument deduction/substitution failed:
[01m[K/home/terra/nav2_ws/src/navigation2_tutorials/nav2_straightline_planner/src/straight_line_planner.cpp:137:51:[m[K [01;36m[Knote: [m[K  ‘[01m[Krclcpp::Node[m[K’ is not derived from ‘[01m[Kstd::unique_ptr<_Tp, _Dp>[m[K’
  137 |   path_pub_ = rclcpp :: Node("StraightlinePlanner"[01;36m[K)[m[K :: creat_publisher<nav_msgs::msg::Path>("straightline_planner/path", 10);
      |                                                   [01;36m[K^[m[K
[01m[K/home/terra/nav2_ws/src/navigation2_tutorials/nav2_straightline_planner/src/straight_line_planner.cpp:138:16:[m[K [01;31m[Kerror: [m[K‘[01m[Kusing element_type = class rclcpp::Subscription<nav_msgs::msg::Path_<std::allocator<void> > >[m[K’ {aka ‘[01m[Kclass rclcpp::Subscription<nav_msgs::msg::Path_<std::allocator<void> > >[m[K’} has no member named ‘[01m[Kpublish[m[K’
  138 |   path_pub_ -> [01;31m[Kpublish[m[K(global_path);
      |                [01;31m[K^~~~~~~[m[K
make[2]: *** [CMakeFiles/nav2_straightline_planner_plugin.dir/build.make:63: CMakeFiles/nav2_straightline_planner_plugin.dir/src/straight_line_planner.cpp.o] Error 1
make[1]: *** [CMakeFiles/Makefile2:78: CMakeFiles/nav2_straightline_planner_plugin.dir/all] Error 2
make: *** [Makefile:141: all] Error 2
