[0.036s] Invoking command in '/home/terra/nav2_ws/build/nav_2d_msgs': /usr/bin/cmake /home/terra/nav2_ws/src/nav2_dwb_controller/nav_2d_msgs -DAMENT_CMAKE_SYMLINK_INSTALL=1 -DCMAKE_INSTALL_PREFIX=/home/terra/nav2_ws/install/nav_2d_msgs
[0.965s] -- The C compiler identification is GNU 9.4.0
[1.697s] -- The CXX compiler identification is GNU 9.4.0
[1.703s] -- Check for working C compiler: /usr/bin/cc
[1.782s] -- Check for working C compiler: /usr/bin/cc -- works
[1.785s] -- Detecting C compiler ABI info
[1.860s] -- Detecting C compiler ABI info - done
[1.873s] -- Detecting C compile features
[1.874s] -- Detecting C compile features - done
[1.877s] -- Check for working CXX compiler: /usr/bin/c++
[1.964s] -- Check for working CXX compiler: /usr/bin/c++ -- works
[1.965s] -- Detecting CXX compiler ABI info
[2.056s] -- Detecting CXX compiler ABI info - done
[2.069s] -- Detecting CXX compile features
[2.070s] -- Detecting CXX compile features - done
[2.081s] CMake Error at CMakeLists.txt:4 (find_package):
[2.081s]   By not providing "Findgeometry_msgs.cmake" in CMAKE_MODULE_PATH this
[2.082s]   project has asked CMake to find a package configuration file provided by
[2.082s]   "geometry_msgs", but CMake did not find one.
[2.082s] 
[2.082s]   Could not find a package configuration file provided by "geometry_msgs"
[2.082s]   with any of the following names:
[2.082s] 
[2.082s]     geometry_msgsConfig.cmake
[2.082s]     geometry_msgs-config.cmake
[2.082s] 
[2.082s]   Add the installation prefix of "geometry_msgs" to CMAKE_PREFIX_PATH or set
[2.082s]   "geometry_msgs_DIR" to a directory containing one of the above files.  If
[2.082s]   "geometry_msgs" provides a separate development package or SDK, be sure it
[2.083s]   has been installed.
[2.083s] 
[2.083s] 
[2.083s] -- Configuring incomplete, errors occurred!
[2.083s] See also "/home/terra/nav2_ws/build/nav_2d_msgs/CMakeFiles/CMakeOutput.log".
