[0.034s] Invoking command in '/home/terra/nav2_ws/build/nav2_costmap_2d': AMENT_PREFIX_PATH=/home/terra/nav2_ws/install/nav2_map_server:/home/terra/nav2_ws/install/nav2_lifecycle_manager:/home/terra/nav2_ws/install/nav2_util:/home/terra/nav2_ws/install/nav2_voxel_grid:/home/terra/nav2_ws/install/nav2_msgs:/home/terra/nav2_ws/install/nav2_common:${AMENT_PREFIX_PATH} CMAKE_PREFIX_PATH=/home/terra/nav2_ws/install/nav2_map_server:/home/terra/nav2_ws/install/nav2_lifecycle_manager:/home/terra/nav2_ws/install/nav2_util:/home/terra/nav2_ws/install/nav2_voxel_grid:/home/terra/nav2_ws/install/nav2_msgs:/home/terra/nav2_ws/install/nav2_common:/opt/ros/foxy LD_LIBRARY_PATH=/home/terra/nav2_ws/install/nav2_map_server/lib:/home/terra/nav2_ws/install/nav2_lifecycle_manager/lib:/home/terra/nav2_ws/install/nav2_util/lib:/home/terra/nav2_ws/install/nav2_voxel_grid/lib:/home/terra/nav2_ws/install/nav2_msgs/lib:${LD_LIBRARY_PATH} PYTHONPATH=/home/terra/nav2_ws/install/nav2_msgs/lib/python3.8/site-packages:/home/terra/nav2_ws/install/nav2_common/lib/python3.8/site-packages:${PYTHONPATH} /usr/bin/cmake /home/terra/nav2_ws/src/nav2_costmap_2d -DAMENT_CMAKE_SYMLINK_INSTALL=1 -DCMAKE_INSTALL_PREFIX=/home/terra/nav2_ws/install/nav2_costmap_2d
[0.122s] -- The C compiler identification is GNU 9.4.0
[0.212s] -- The CXX compiler identification is GNU 9.4.0
[0.221s] -- Check for working C compiler: /usr/bin/cc
[0.314s] -- Check for working C compiler: /usr/bin/cc -- works
[0.316s] -- Detecting C compiler ABI info
[0.419s] -- Detecting C compiler ABI info - done
[0.432s] -- Detecting C compile features
[0.432s] -- Detecting C compile features - done
[0.435s] -- Check for working CXX compiler: /usr/bin/c++
[0.545s] -- Check for working CXX compiler: /usr/bin/c++ -- works
[0.548s] -- Detecting CXX compiler ABI info
[0.723s] -- Detecting CXX compiler ABI info - done
[0.751s] -- Detecting CXX compile features
[0.751s] -- Detecting CXX compile features - done
[0.755s] -- Found ament_cmake: 0.9.9 (/opt/ros/foxy/share/ament_cmake/cmake)
[0.786s] -- Found PythonInterp: /usr/bin/python3 (found suitable version "3.8.10", minimum required is "3") 
[0.787s] -- Using PYTHON_EXECUTABLE: /usr/bin/python3
[0.995s] -- Override CMake install command with custom implementation using symlinks instead of copying resources
[1.040s] -- Found geometry_msgs: 2.0.5 (/opt/ros/foxy/share/geometry_msgs/cmake)
[1.083s] -- Using all available rosidl_typesupport_c: rosidl_typesupport_fastrtps_c;rosidl_typesupport_introspection_c
[1.094s] -- Found rosidl_adapter: 1.2.1 (/opt/ros/foxy/share/rosidl_adapter/cmake)
[1.218s] -- Found OpenSSL: /usr/lib/x86_64-linux-gnu/libcrypto.so (found version "1.1.1f")  
[1.256s] -- Found FastRTPS: /opt/ros/foxy/include  
[1.360s] -- Using all available rosidl_typesupport_cpp: rosidl_typesupport_fastrtps_cpp;rosidl_typesupport_introspection_cpp
[1.465s] -- Found laser_geometry: 2.2.0 (/opt/ros/foxy/share/laser_geometry/cmake)
[1.477s] -- Found map_msgs: 2.0.2 (/opt/ros/foxy/share/map_msgs/cmake)
[1.920s] -- Found message_filters: 3.2.5 (/opt/ros/foxy/share/message_filters/cmake)
[1.924s] -- Found nav2_common: 0.4.7 (/home/terra/nav2_ws/install/nav2_common/share/nav2_common/cmake)
[1.925s] -- Found nav2_msgs: 0.4.7 (/home/terra/nav2_ws/install/nav2_msgs/share/nav2_msgs/cmake)
[2.286s] -- Found nav2_util: 0.4.7 (/home/terra/nav2_ws/install/nav2_util/share/nav2_util/cmake)
[2.388s] -- Found rmw_implementation_cmake: 1.0.3 (/opt/ros/foxy/share/rmw_implementation_cmake/cmake)
[2.390s] -- Using RMW implementation 'rmw_fastrtps_cpp' as default
[2.392s] -- Looking for pthread.h
[2.498s] -- Looking for pthread.h - found
[2.498s] -- Performing Test CMAKE_HAVE_LIBC_PTHREAD
[2.593s] -- Performing Test CMAKE_HAVE_LIBC_PTHREAD - Failed
[2.593s] -- Looking for pthread_create in pthreads
[2.674s] -- Looking for pthread_create in pthreads - not found
[2.675s] -- Looking for pthread_create in pthread
[2.767s] -- Looking for pthread_create in pthread - found
[2.769s] -- Found Threads: TRUE  
[3.489s] -- Found Eigen3: TRUE (found version "3.3.7") 
[3.697s] -- Found nav2_voxel_grid: 0.4.7 (/home/terra/nav2_ws/install/nav2_voxel_grid/share/nav2_voxel_grid/cmake)
[3.707s] -- Found pluginlib: 2.5.4 (/opt/ros/foxy/share/pluginlib/cmake)
[3.739s] -- Found tf2_sensor_msgs: 0.13.13 (/opt/ros/foxy/share/tf2_sensor_msgs/cmake)
[3.761s] -- Found visualization_msgs: 2.0.5 (/opt/ros/foxy/share/visualization_msgs/cmake)
[3.850s] -- Found angles: 1.12.3 (/opt/ros/foxy/share/angles/cmake)
[3.853s] -- Setting build type to Release as none was specified.
[4.939s] -- Found ament_lint_auto: 0.9.6 (/opt/ros/foxy/share/ament_lint_auto/cmake)
[5.406s] -- Found gtest sources under '/opt/ros/foxy/src/gtest_vendor': C++ tests using 'Google Test' will be built
[5.409s] -- Check if compiler accepts -pthread
[5.510s] -- Check if compiler accepts -pthread - yes
[5.521s] -- Found gtest sources under '/opt/ros/foxy/src/gtest_vendor': C++ tests using 'Google Test' will be built
[6.599s] -- Added test 'cppcheck' to perform static code analysis on C / C++ code
[6.600s] -- Configured cppcheck include dirs: /home/terra/nav2_ws/src/nav2_costmap_2d/include
[6.600s] -- Configured cppcheck exclude dirs and/or files: 
[6.602s] -- Added test 'flake8' to check Python code syntax and style conventions
[6.603s] -- Added test 'lint_cmake' to check CMake code style
[6.605s] -- Added test 'pep257' to check Python code against some of the style conventions in PEP 257
[6.610s] -- Added test 'uncrustify' to check C / C++ code style
[6.611s] -- Configured uncrustify additional arguments: 
[6.612s] -- Added test 'xmllint' to check XML markup files
[6.624s] -- Configuring done
[7.435s] -- Generating done
[7.439s] -- Build files have been written to: /home/terra/nav2_ws/build/nav2_costmap_2d
[7.454s] Invoked command in '/home/terra/nav2_ws/build/nav2_costmap_2d' returned '0': AMENT_PREFIX_PATH=/home/terra/nav2_ws/install/nav2_map_server:/home/terra/nav2_ws/install/nav2_lifecycle_manager:/home/terra/nav2_ws/install/nav2_util:/home/terra/nav2_ws/install/nav2_voxel_grid:/home/terra/nav2_ws/install/nav2_msgs:/home/terra/nav2_ws/install/nav2_common:${AMENT_PREFIX_PATH} CMAKE_PREFIX_PATH=/home/terra/nav2_ws/install/nav2_map_server:/home/terra/nav2_ws/install/nav2_lifecycle_manager:/home/terra/nav2_ws/install/nav2_util:/home/terra/nav2_ws/install/nav2_voxel_grid:/home/terra/nav2_ws/install/nav2_msgs:/home/terra/nav2_ws/install/nav2_common:/opt/ros/foxy LD_LIBRARY_PATH=/home/terra/nav2_ws/install/nav2_map_server/lib:/home/terra/nav2_ws/install/nav2_lifecycle_manager/lib:/home/terra/nav2_ws/install/nav2_util/lib:/home/terra/nav2_ws/install/nav2_voxel_grid/lib:/home/terra/nav2_ws/install/nav2_msgs/lib:${LD_LIBRARY_PATH} PYTHONPATH=/home/terra/nav2_ws/install/nav2_msgs/lib/python3.8/site-packages:/home/terra/nav2_ws/install/nav2_common/lib/python3.8/site-packages:${PYTHONPATH} /usr/bin/cmake /home/terra/nav2_ws/src/nav2_costmap_2d -DAMENT_CMAKE_SYMLINK_INSTALL=1 -DCMAKE_INSTALL_PREFIX=/home/terra/nav2_ws/install/nav2_costmap_2d
[7.457s] Invoking command in '/home/terra/nav2_ws/build/nav2_costmap_2d': AMENT_PREFIX_PATH=/home/terra/nav2_ws/install/nav2_map_server:/home/terra/nav2_ws/install/nav2_lifecycle_manager:/home/terra/nav2_ws/install/nav2_util:/home/terra/nav2_ws/install/nav2_voxel_grid:/home/terra/nav2_ws/install/nav2_msgs:/home/terra/nav2_ws/install/nav2_common:${AMENT_PREFIX_PATH} CMAKE_PREFIX_PATH=/home/terra/nav2_ws/install/nav2_map_server:/home/terra/nav2_ws/install/nav2_lifecycle_manager:/home/terra/nav2_ws/install/nav2_util:/home/terra/nav2_ws/install/nav2_voxel_grid:/home/terra/nav2_ws/install/nav2_msgs:/home/terra/nav2_ws/install/nav2_common:/opt/ros/foxy LD_LIBRARY_PATH=/home/terra/nav2_ws/install/nav2_map_server/lib:/home/terra/nav2_ws/install/nav2_lifecycle_manager/lib:/home/terra/nav2_ws/install/nav2_util/lib:/home/terra/nav2_ws/install/nav2_voxel_grid/lib:/home/terra/nav2_ws/install/nav2_msgs/lib:${LD_LIBRARY_PATH} PYTHONPATH=/home/terra/nav2_ws/install/nav2_msgs/lib/python3.8/site-packages:/home/terra/nav2_ws/install/nav2_common/lib/python3.8/site-packages:${PYTHONPATH} /usr/bin/cmake --build /home/terra/nav2_ws/build/nav2_costmap_2d -- -j8 -l8
[7.516s] [35m[1mScanning dependencies of target nav2_costmap_2d_core[0m
[7.892s] [  2%] [32mBuilding CXX object CMakeFiles/nav2_costmap_2d_core.dir/src/array_parser.cpp.o[0m
[8.424s] [  4%] [32mBuilding CXX object CMakeFiles/nav2_costmap_2d_core.dir/src/costmap_2d_publisher.cpp.o[0m
[8.428s] [  6%] [32mBuilding CXX object CMakeFiles/nav2_costmap_2d_core.dir/src/costmap_2d_ros.cpp.o[0m
[9.448s] [  8%] [32mBuilding CXX object CMakeFiles/nav2_costmap_2d_core.dir/src/layered_costmap.cpp.o[0m
[9.449s] [ 10%] [32mBuilding CXX object CMakeFiles/nav2_costmap_2d_core.dir/src/costmap_math.cpp.o[0m
[10.282s] [ 12%] [32mBuilding CXX object CMakeFiles/nav2_costmap_2d_core.dir/src/layer.cpp.o[0m
[10.306s] [ 14%] [32mBuilding CXX object CMakeFiles/nav2_costmap_2d_core.dir/src/costmap_2d.cpp.o[0m
[11.393s] [ 16%] [32mBuilding CXX object CMakeFiles/nav2_costmap_2d_core.dir/src/footprint.cpp.o[0m
[12.576s] [ 18%] [32mBuilding CXX object CMakeFiles/nav2_costmap_2d_core.dir/src/costmap_layer.cpp.o[0m
[33.394s] [ 25%] [32mBuilding CXX object CMakeFiles/nav2_costmap_2d_core.dir/src/footprint_collision_checker.cpp.o[0m
[33.395s] [ 25%] [32mBuilding CXX object CMakeFiles/nav2_costmap_2d_core.dir/src/clear_costmap_service.cpp.o[0m
[33.395s] [ 25%] [32mBuilding CXX object CMakeFiles/nav2_costmap_2d_core.dir/src/observation_buffer.cpp.o[0m
[41.864s] [ 27%] [32m[1mLinking CXX shared library libnav2_costmap_2d_core.so[0m
[43.055s] [ 27%] Built target nav2_costmap_2d_core
[43.103s] [35m[1mScanning dependencies of target gtest_main[0m
[43.123s] [35m[1mScanning dependencies of target gtest[0m
[43.138s] [35m[1mScanning dependencies of target layers[0m
[43.161s] [ 29%] [32mBuilding CXX object gtest/CMakeFiles/gtest_main.dir/src/gtest_main.cc.o[0m
[43.173s] [ 31%] [32mBuilding CXX object gtest/CMakeFiles/gtest.dir/src/gtest-all.cc.o[0m
[43.682s] [ 33%] [32mBuilding CXX object CMakeFiles/layers.dir/plugins/inflation_layer.cpp.o[0m
[43.708s] [ 35%] [32mBuilding CXX object CMakeFiles/layers.dir/plugins/static_layer.cpp.o[0m
[44.780s] [ 37%] [32mBuilding CXX object CMakeFiles/layers.dir/plugins/obstacle_layer.cpp.o[0m
[45.050s] [ 39%] [32m[1mLinking CXX static library libgtest_main.a[0m
[45.147s] [ 39%] Built target gtest_main
[45.171s] [35m[1mScanning dependencies of target nav2_costmap_2d_cloud[0m
[45.435s] [ 41%] [32mBuilding CXX object CMakeFiles/nav2_costmap_2d_cloud.dir/src/costmap_2d_cloud.cpp.o[0m
[46.244s] [ 43%] [32mBuilding CXX object CMakeFiles/layers.dir/src/observation_buffer.cpp.o[0m
[65.110s] [ 45%] [32m[1mLinking CXX static library libgtest.a[0m
[65.187s] [ 45%] Built target gtest
[67.146s] [ 47%] [32m[1mLinking CXX executable nav2_costmap_2d_cloud[0m
[67.426s] [ 47%] Built target nav2_costmap_2d_cloud
[74.154s] [ 50%] [32mBuilding CXX object CMakeFiles/layers.dir/plugins/range_sensor_layer.cpp.o[0m
[84.468s] [ 52%] [32mBuilding CXX object CMakeFiles/layers.dir/plugins/voxel_layer.cpp.o[0m
[98.152s] [ 54%] [32m[1mLinking CXX shared library liblayers.so[0m
[98.688s] [ 54%] Built target layers
[98.709s] [35m[1mScanning dependencies of target array_parser_test[0m
[98.709s] [35m[1mScanning dependencies of target collision_footprint_test[0m
[98.740s] [ 56%] [32mBuilding CXX object test/unit/CMakeFiles/array_parser_test.dir/array_parser_test.cpp.o[0m
[98.793s] [ 58%] [32mBuilding CXX object test/unit/CMakeFiles/collision_footprint_test.dir/footprint_collision_checker_test.cpp.o[0m
[99.791s] [35m[1mScanning dependencies of target inflation_tests_exec[0m
[99.985s] [ 60%] [32mBuilding CXX object test/integration/CMakeFiles/inflation_tests_exec.dir/inflation_tests.cpp.o[0m
[100.961s] [35m[1mScanning dependencies of target obstacle_tests_exec[0m
[101.041s] [ 62%] [32m[1mLinking CXX executable array_parser_test[0m
[101.152s] [ 64%] [32mBuilding CXX object test/integration/CMakeFiles/obstacle_tests_exec.dir/obstacle_tests.cpp.o[0m
[101.450s] [ 64%] Built target array_parser_test
[101.475s] [35m[1mScanning dependencies of target range_tests_exec[0m
[101.685s] [ 66%] [32mBuilding CXX object test/integration/CMakeFiles/range_tests_exec.dir/range_tests.cpp.o[0m
[102.836s] [ 68%] [32m[1mLinking CXX executable collision_footprint_test[0m
[103.302s] [ 68%] Built target collision_footprint_test
[109.298s] [ 70%] [32m[1mLinking CXX executable range_tests_exec[0m
[109.835s] [ 70%] Built target range_tests_exec
[109.854s] [35m[1mScanning dependencies of target footprint_tests_exec[0m
[109.940s] [ 72%] [32mBuilding CXX object test/integration/CMakeFiles/footprint_tests_exec.dir/footprint_tests.cpp.o[0m
[110.106s] [ 75%] [32m[1mLinking CXX executable obstacle_tests_exec[0m
[110.607s] [ 75%] Built target obstacle_tests_exec
[110.623s] [35m[1mScanning dependencies of target nav2_costmap_2d[0m
[110.712s] [ 77%] [32mBuilding CXX object CMakeFiles/nav2_costmap_2d.dir/src/costmap_2d_node.cpp.o[0m
[111.989s] [ 79%] [32m[1mLinking CXX executable inflation_tests_exec[0m
[112.712s] [ 79%] Built target inflation_tests_exec
[112.735s] [35m[1mScanning dependencies of target nav2_costmap_2d_markers[0m
[112.826s] [ 81%] [32mBuilding CXX object CMakeFiles/nav2_costmap_2d_markers.dir/src/costmap_2d_markers.cpp.o[0m
[114.571s] [ 83%] [32m[1mLinking CXX executable nav2_costmap_2d[0m
[114.887s] [ 85%] [32m[1mLinking CXX executable footprint_tests_exec[0m
[114.928s] [ 85%] Built target nav2_costmap_2d
[114.945s] [35m[1mScanning dependencies of target nav2_costmap_2d_client[0m
[115.036s] [ 89%] [32mBuilding CXX object CMakeFiles/nav2_costmap_2d_client.dir/src/footprint_subscriber.cpp.o[0m
[115.036s] [ 89%] [32mBuilding CXX object CMakeFiles/nav2_costmap_2d_client.dir/src/costmap_subscriber.cpp.o[0m
[115.050s] [ 91%] [32mBuilding CXX object CMakeFiles/nav2_costmap_2d_client.dir/src/costmap_topic_collision_checker.cpp.o[0m
[115.431s] [ 91%] Built target footprint_tests_exec
[124.992s] [ 93%] [32m[1mLinking CXX executable nav2_costmap_2d_markers[0m
[125.389s] [ 93%] Built target nav2_costmap_2d_markers
[125.792s] [ 95%] [32m[1mLinking CXX shared library libnav2_costmap_2d_client.so[0m
[126.179s] [ 95%] Built target nav2_costmap_2d_client
[126.194s] [35m[1mScanning dependencies of target test_collision_checker_exec[0m
[126.332s] [ 97%] [32mBuilding CXX object test/integration/CMakeFiles/test_collision_checker_exec.dir/test_costmap_topic_collision_checker.cpp.o[0m
[134.162s] [100%] [32m[1mLinking CXX executable test_collision_checker_exec[0m
[134.604s] [100%] Built target test_collision_checker_exec
[134.620s] Invoked command in '/home/terra/nav2_ws/build/nav2_costmap_2d' returned '0': AMENT_PREFIX_PATH=/home/terra/nav2_ws/install/nav2_map_server:/home/terra/nav2_ws/install/nav2_lifecycle_manager:/home/terra/nav2_ws/install/nav2_util:/home/terra/nav2_ws/install/nav2_voxel_grid:/home/terra/nav2_ws/install/nav2_msgs:/home/terra/nav2_ws/install/nav2_common:${AMENT_PREFIX_PATH} CMAKE_PREFIX_PATH=/home/terra/nav2_ws/install/nav2_map_server:/home/terra/nav2_ws/install/nav2_lifecycle_manager:/home/terra/nav2_ws/install/nav2_util:/home/terra/nav2_ws/install/nav2_voxel_grid:/home/terra/nav2_ws/install/nav2_msgs:/home/terra/nav2_ws/install/nav2_common:/opt/ros/foxy LD_LIBRARY_PATH=/home/terra/nav2_ws/install/nav2_map_server/lib:/home/terra/nav2_ws/install/nav2_lifecycle_manager/lib:/home/terra/nav2_ws/install/nav2_util/lib:/home/terra/nav2_ws/install/nav2_voxel_grid/lib:/home/terra/nav2_ws/install/nav2_msgs/lib:${LD_LIBRARY_PATH} PYTHONPATH=/home/terra/nav2_ws/install/nav2_msgs/lib/python3.8/site-packages:/home/terra/nav2_ws/install/nav2_common/lib/python3.8/site-packages:${PYTHONPATH} /usr/bin/cmake --build /home/terra/nav2_ws/build/nav2_costmap_2d -- -j8 -l8
[134.716s] Invoking command in '/home/terra/nav2_ws/build/nav2_costmap_2d': AMENT_PREFIX_PATH=/home/terra/nav2_ws/install/nav2_map_server:/home/terra/nav2_ws/install/nav2_lifecycle_manager:/home/terra/nav2_ws/install/nav2_util:/home/terra/nav2_ws/install/nav2_voxel_grid:/home/terra/nav2_ws/install/nav2_msgs:/home/terra/nav2_ws/install/nav2_common:${AMENT_PREFIX_PATH} CMAKE_PREFIX_PATH=/home/terra/nav2_ws/install/nav2_map_server:/home/terra/nav2_ws/install/nav2_lifecycle_manager:/home/terra/nav2_ws/install/nav2_util:/home/terra/nav2_ws/install/nav2_voxel_grid:/home/terra/nav2_ws/install/nav2_msgs:/home/terra/nav2_ws/install/nav2_common:/opt/ros/foxy LD_LIBRARY_PATH=/home/terra/nav2_ws/install/nav2_map_server/lib:/home/terra/nav2_ws/install/nav2_lifecycle_manager/lib:/home/terra/nav2_ws/install/nav2_util/lib:/home/terra/nav2_ws/install/nav2_voxel_grid/lib:/home/terra/nav2_ws/install/nav2_msgs/lib:${LD_LIBRARY_PATH} PYTHONPATH=/home/terra/nav2_ws/install/nav2_msgs/lib/python3.8/site-packages:/home/terra/nav2_ws/install/nav2_common/lib/python3.8/site-packages:${PYTHONPATH} /usr/bin/cmake --install /home/terra/nav2_ws/build/nav2_costmap_2d
[134.726s] -- Install configuration: "Release"
[134.727s] -- Execute custom install script
[134.727s] -- Symlinking: /home/terra/nav2_ws/install/nav2_costmap_2d/lib/libnav2_costmap_2d_core.so
[134.741s] -- Symlinking: /home/terra/nav2_ws/install/nav2_costmap_2d/lib/liblayers.so
[134.753s] -- Symlinking: /home/terra/nav2_ws/install/nav2_costmap_2d/lib/libnav2_costmap_2d_client.so
[134.767s] -- Symlinking: /home/terra/nav2_ws/install/nav2_costmap_2d/lib/nav2_costmap_2d/nav2_costmap_2d
[134.780s] -- Symlinking: /home/terra/nav2_ws/install/nav2_costmap_2d/lib/nav2_costmap_2d/nav2_costmap_2d_markers
[134.794s] -- Symlinking: /home/terra/nav2_ws/install/nav2_costmap_2d/lib/nav2_costmap_2d/nav2_costmap_2d_cloud
[134.808s] -- Symlinking: /home/terra/nav2_ws/install/nav2_costmap_2d/share/nav2_costmap_2d/costmap_plugins.xml
[134.824s] -- Symlinking: /home/terra/nav2_ws/install/nav2_costmap_2d/include//nav2_costmap_2d/array_parser.hpp
[134.836s] -- Symlinking: /home/terra/nav2_ws/install/nav2_costmap_2d/include//nav2_costmap_2d/clear_costmap_service.hpp
[134.848s] -- Symlinking: /home/terra/nav2_ws/install/nav2_costmap_2d/include//nav2_costmap_2d/cost_values.hpp
[134.860s] -- Symlinking: /home/terra/nav2_ws/install/nav2_costmap_2d/include//nav2_costmap_2d/costmap_2d.hpp
[134.871s] -- Symlinking: /home/terra/nav2_ws/install/nav2_costmap_2d/include//nav2_costmap_2d/costmap_2d_publisher.hpp
[134.883s] -- Symlinking: /home/terra/nav2_ws/install/nav2_costmap_2d/include//nav2_costmap_2d/costmap_2d_ros.hpp
[134.895s] -- Symlinking: /home/terra/nav2_ws/install/nav2_costmap_2d/include//nav2_costmap_2d/costmap_layer.hpp
[134.907s] -- Symlinking: /home/terra/nav2_ws/install/nav2_costmap_2d/include//nav2_costmap_2d/costmap_math.hpp
[134.919s] -- Symlinking: /home/terra/nav2_ws/install/nav2_costmap_2d/include//nav2_costmap_2d/costmap_subscriber.hpp
[134.930s] -- Symlinking: /home/terra/nav2_ws/install/nav2_costmap_2d/include//nav2_costmap_2d/costmap_topic_collision_checker.hpp
[134.943s] -- Symlinking: /home/terra/nav2_ws/install/nav2_costmap_2d/include//nav2_costmap_2d/exceptions.hpp
[134.959s] -- Symlinking: /home/terra/nav2_ws/install/nav2_costmap_2d/include//nav2_costmap_2d/footprint.hpp
[134.972s] -- Symlinking: /home/terra/nav2_ws/install/nav2_costmap_2d/include//nav2_costmap_2d/footprint_collision_checker.hpp
[134.984s] -- Symlinking: /home/terra/nav2_ws/install/nav2_costmap_2d/include//nav2_costmap_2d/footprint_subscriber.hpp
[134.997s] -- Symlinking: /home/terra/nav2_ws/install/nav2_costmap_2d/include//nav2_costmap_2d/inflation_layer.hpp
[135.009s] -- Symlinking: /home/terra/nav2_ws/install/nav2_costmap_2d/include//nav2_costmap_2d/layer.hpp
[135.021s] -- Symlinking: /home/terra/nav2_ws/install/nav2_costmap_2d/include//nav2_costmap_2d/layered_costmap.hpp
[135.036s] -- Symlinking: /home/terra/nav2_ws/install/nav2_costmap_2d/include//nav2_costmap_2d/observation.hpp
[135.052s] -- Symlinking: /home/terra/nav2_ws/install/nav2_costmap_2d/include//nav2_costmap_2d/observation_buffer.hpp
[135.065s] -- Symlinking: /home/terra/nav2_ws/install/nav2_costmap_2d/include//nav2_costmap_2d/obstacle_layer.hpp
[135.077s] -- Symlinking: /home/terra/nav2_ws/install/nav2_costmap_2d/include//nav2_costmap_2d/range_sensor_layer.hpp
[135.089s] -- Symlinking: /home/terra/nav2_ws/install/nav2_costmap_2d/include//nav2_costmap_2d/static_layer.hpp
[135.101s] -- Symlinking: /home/terra/nav2_ws/install/nav2_costmap_2d/include//nav2_costmap_2d/voxel_layer.hpp
[135.114s] -- Symlinking: /home/terra/nav2_ws/install/nav2_costmap_2d/share/nav2_costmap_2d/environment/library_path.sh
[135.127s] -- Symlinking: /home/terra/nav2_ws/install/nav2_costmap_2d/share/nav2_costmap_2d/environment/library_path.dsv
[135.144s] -- Up-to-date symlink: /home/terra/nav2_ws/install/nav2_costmap_2d/share/nav2_costmap_2d//costmap_plugins.xml
[135.144s] -- Symlinking: /home/terra/nav2_ws/install/nav2_costmap_2d/share/ament_index/resource_index/package_run_dependencies/nav2_costmap_2d
[135.158s] -- Symlinking: /home/terra/nav2_ws/install/nav2_costmap_2d/share/ament_index/resource_index/parent_prefix_path/nav2_costmap_2d
[135.172s] -- Symlinking: /home/terra/nav2_ws/install/nav2_costmap_2d/share/nav2_costmap_2d/environment/ament_prefix_path.sh
[135.185s] -- Symlinking: /home/terra/nav2_ws/install/nav2_costmap_2d/share/nav2_costmap_2d/environment/ament_prefix_path.dsv
[135.197s] -- Symlinking: /home/terra/nav2_ws/install/nav2_costmap_2d/share/nav2_costmap_2d/environment/path.sh
[135.210s] -- Symlinking: /home/terra/nav2_ws/install/nav2_costmap_2d/share/nav2_costmap_2d/environment/path.dsv
[135.223s] -- Symlinking: /home/terra/nav2_ws/install/nav2_costmap_2d/share/nav2_costmap_2d/local_setup.bash
[135.236s] -- Symlinking: /home/terra/nav2_ws/install/nav2_costmap_2d/share/nav2_costmap_2d/local_setup.sh
[135.249s] -- Symlinking: /home/terra/nav2_ws/install/nav2_costmap_2d/share/nav2_costmap_2d/local_setup.zsh
[135.262s] -- Symlinking: /home/terra/nav2_ws/install/nav2_costmap_2d/share/nav2_costmap_2d/local_setup.dsv
[135.274s] -- Symlinking: /home/terra/nav2_ws/install/nav2_costmap_2d/share/nav2_costmap_2d/package.dsv
[135.287s] -- Symlinking: /home/terra/nav2_ws/install/nav2_costmap_2d/share/ament_index/resource_index/packages/nav2_costmap_2d
[135.300s] -- Symlinking: /home/terra/nav2_ws/install/nav2_costmap_2d/share/ament_index/resource_index/nav2_costmap_2d__pluginlib__plugin/nav2_costmap_2d
[135.313s] -- Symlinking: /home/terra/nav2_ws/install/nav2_costmap_2d/share/nav2_costmap_2d/cmake/ament_cmake_export_include_directories-extras.cmake
[135.326s] -- Symlinking: /home/terra/nav2_ws/install/nav2_costmap_2d/share/nav2_costmap_2d/cmake/ament_cmake_export_libraries-extras.cmake
[135.341s] -- Symlinking: /home/terra/nav2_ws/install/nav2_costmap_2d/share/nav2_costmap_2d/cmake/ament_cmake_export_dependencies-extras.cmake
[135.355s] -- Symlinking: /home/terra/nav2_ws/install/nav2_costmap_2d/share/nav2_costmap_2d/cmake/ament_cmake_export_definitions-extras.cmake
[135.368s] -- Symlinking: /home/terra/nav2_ws/install/nav2_costmap_2d/share/nav2_costmap_2d/cmake/nav2_costmap_2dConfig.cmake
[135.380s] -- Symlinking: /home/terra/nav2_ws/install/nav2_costmap_2d/share/nav2_costmap_2d/cmake/nav2_costmap_2dConfig-version.cmake
[135.393s] -- Symlinking: /home/terra/nav2_ws/install/nav2_costmap_2d/share/nav2_costmap_2d/package.xml
[135.417s] Invoked command in '/home/terra/nav2_ws/build/nav2_costmap_2d' returned '0': AMENT_PREFIX_PATH=/home/terra/nav2_ws/install/nav2_map_server:/home/terra/nav2_ws/install/nav2_lifecycle_manager:/home/terra/nav2_ws/install/nav2_util:/home/terra/nav2_ws/install/nav2_voxel_grid:/home/terra/nav2_ws/install/nav2_msgs:/home/terra/nav2_ws/install/nav2_common:${AMENT_PREFIX_PATH} CMAKE_PREFIX_PATH=/home/terra/nav2_ws/install/nav2_map_server:/home/terra/nav2_ws/install/nav2_lifecycle_manager:/home/terra/nav2_ws/install/nav2_util:/home/terra/nav2_ws/install/nav2_voxel_grid:/home/terra/nav2_ws/install/nav2_msgs:/home/terra/nav2_ws/install/nav2_common:/opt/ros/foxy LD_LIBRARY_PATH=/home/terra/nav2_ws/install/nav2_map_server/lib:/home/terra/nav2_ws/install/nav2_lifecycle_manager/lib:/home/terra/nav2_ws/install/nav2_util/lib:/home/terra/nav2_ws/install/nav2_voxel_grid/lib:/home/terra/nav2_ws/install/nav2_msgs/lib:${LD_LIBRARY_PATH} PYTHONPATH=/home/terra/nav2_ws/install/nav2_msgs/lib/python3.8/site-packages:/home/terra/nav2_ws/install/nav2_common/lib/python3.8/site-packages:${PYTHONPATH} /usr/bin/cmake --install /home/terra/nav2_ws/build/nav2_costmap_2d
