[0.031s] Invoking command in '/home/terra/nav2_ws/build/nav2_straightline_demo': CMAKE_PREFIX_PATH=${CMAKE_PREFIX_PATH}:/home/terra/nav2_ws/install/nav2_gazebo_spawner:/opt/ros/foxy /usr/bin/cmake --build /home/terra/nav2_ws/build/nav2_straightline_demo -- -j8 -l8
[0.185s] [100%] Built target straightline_demo
[0.207s] Invoked command in '/home/terra/nav2_ws/build/nav2_straightline_demo' returned '0': CMAKE_PREFIX_PATH=${CMAKE_PREFIX_PATH}:/home/terra/nav2_ws/install/nav2_gazebo_spawner:/opt/ros/foxy /usr/bin/cmake --build /home/terra/nav2_ws/build/nav2_straightline_demo -- -j8 -l8
[0.295s] Invoking command in '/home/terra/nav2_ws/build/nav2_straightline_demo': CMAKE_PREFIX_PATH=${CMAKE_PREFIX_PATH}:/home/terra/nav2_ws/install/nav2_gazebo_spawner:/opt/ros/foxy /usr/bin/cmake --install /home/terra/nav2_ws/build/nav2_straightline_demo
[0.316s] -- Install configuration: "RelWithDebInfo"
[0.316s] -- Execute custom install script
[0.317s] -- Up-to-date symlink: /home/terra/nav2_ws/install/nav2_straightline_demo/lib/nav2_straightline_demo/straightline_demo
[0.318s] -- Up-to-date symlink: /home/terra/nav2_ws/install/nav2_straightline_demo/include//nav2_demo/straight_line_demo.hpp
[0.319s] -- Up-to-date symlink: /home/terra/nav2_ws/install/nav2_straightline_demo/share/ament_index/resource_index/package_run_dependencies/nav2_straightline_demo
[0.319s] -- Up-to-date symlink: /home/terra/nav2_ws/install/nav2_straightline_demo/share/ament_index/resource_index/parent_prefix_path/nav2_straightline_demo
[0.320s] -- Up-to-date symlink: /home/terra/nav2_ws/install/nav2_straightline_demo/share/nav2_straightline_demo/environment/ament_prefix_path.sh
[0.320s] -- Up-to-date symlink: /home/terra/nav2_ws/install/nav2_straightline_demo/share/nav2_straightline_demo/environment/ament_prefix_path.dsv
[0.321s] -- Up-to-date symlink: /home/terra/nav2_ws/install/nav2_straightline_demo/share/nav2_straightline_demo/environment/path.sh
[0.322s] -- Up-to-date symlink: /home/terra/nav2_ws/install/nav2_straightline_demo/share/nav2_straightline_demo/environment/path.dsv
[0.322s] -- Up-to-date symlink: /home/terra/nav2_ws/install/nav2_straightline_demo/share/nav2_straightline_demo/local_setup.bash
[0.322s] -- Up-to-date symlink: /home/terra/nav2_ws/install/nav2_straightline_demo/share/nav2_straightline_demo/local_setup.sh
[0.324s] -- Up-to-date symlink: /home/terra/nav2_ws/install/nav2_straightline_demo/share/nav2_straightline_demo/local_setup.zsh
[0.324s] -- Up-to-date symlink: /home/terra/nav2_ws/install/nav2_straightline_demo/share/nav2_straightline_demo/local_setup.dsv
[0.324s] -- Symlinking: /home/terra/nav2_ws/install/nav2_straightline_demo/share/nav2_straightline_demo/package.dsv
[0.343s] -- Up-to-date symlink: /home/terra/nav2_ws/install/nav2_straightline_demo/share/ament_index/resource_index/packages/nav2_straightline_demo
[0.343s] -- Up-to-date symlink: /home/terra/nav2_ws/install/nav2_straightline_demo/share/nav2_straightline_demo/cmake/ament_cmake_export_include_directories-extras.cmake
[0.345s] -- Up-to-date symlink: /home/terra/nav2_ws/install/nav2_straightline_demo/share/nav2_straightline_demo/cmake/ament_cmake_export_dependencies-extras.cmake
[0.346s] -- Up-to-date symlink: /home/terra/nav2_ws/install/nav2_straightline_demo/share/nav2_straightline_demo/cmake/nav2_straightline_demoConfig.cmake
[0.346s] -- Up-to-date symlink: /home/terra/nav2_ws/install/nav2_straightline_demo/share/nav2_straightline_demo/cmake/nav2_straightline_demoConfig-version.cmake
[0.346s] -- Up-to-date symlink: /home/terra/nav2_ws/install/nav2_straightline_demo/share/nav2_straightline_demo/package.xml
[0.350s] Invoked command in '/home/terra/nav2_ws/build/nav2_straightline_demo' returned '0': CMAKE_PREFIX_PATH=${CMAKE_PREFIX_PATH}:/home/terra/nav2_ws/install/nav2_gazebo_spawner:/opt/ros/foxy /usr/bin/cmake --install /home/terra/nav2_ws/build/nav2_straightline_demo
