[0.020s] Invoking command in '/home/terra/nav2_ws/build/nav2_demo': CMAKE_PREFIX_PATH=/opt/ros/foxy /usr/bin/cmake /home/terra/nav2_ws/src/nav2_demo -DCMAKE_INSTALL_PREFIX=/home/terra/nav2_ws/install/nav2_demo
[0.037s] -- Found ament_cmake: 0.9.9 (/opt/ros/foxy/share/ament_cmake/cmake)
[0.061s] -- Using PYTHON_EXECUTABLE: /usr/bin/python3
[0.292s] -- Found rclcpp: 2.4.1 (/opt/ros/foxy/share/rclcpp/cmake)
[0.334s] -- Using all available rosidl_typesupport_c: rosidl_typesupport_fastrtps_c;rosidl_typesupport_introspection_c
[0.339s] -- Found rosidl_adapter: 1.2.1 (/opt/ros/foxy/share/rosidl_adapter/cmake)
[0.494s] -- Using all available rosidl_typesupport_cpp: rosidl_typesupport_fastrtps_cpp;rosidl_typesupport_introspection_cpp
[0.561s] -- Found rmw_implementation_cmake: 1.0.3 (/opt/ros/foxy/share/rmw_implementation_cmake/cmake)
[0.562s] -- Using RMW implementation 'rmw_fastrtps_cpp' as default
[0.730s] -- Found rclcpp_action: 2.4.1 (/opt/ros/foxy/share/rclcpp_action/cmake)
[0.813s] -- Found rclcpp_lifecycle: 2.4.1 (/opt/ros/foxy/share/rclcpp_lifecycle/cmake)
[0.845s] -- Found visualization_msgs: 2.0.5 (/opt/ros/foxy/share/visualization_msgs/cmake)
[0.978s] -- Found nav2_util: 0.4.7 (/opt/ros/foxy/share/nav2_util/cmake)
[1.677s] -- Found eigen3_cmake_module: 0.1.1 (/opt/ros/foxy/share/eigen3_cmake_module/cmake)
[1.838s] -- Found nav2_costmap_2d: 0.4.7 (/opt/ros/foxy/share/nav2_costmap_2d/cmake)
[2.570s] -- Found nav2_core: 0.4.7 (/opt/ros/foxy/share/nav2_core/cmake)
[5.712s] -- Found ament_lint_auto: 0.9.6 (/opt/ros/foxy/share/ament_lint_auto/cmake)
[5.773s] CMake Error at /opt/ros/foxy/share/ament_cmake_core/cmake/core/ament_package_xml.cmake:53 (message):
[5.773s]   ament_package_xml() package name 'nav2_demo' in '/package.xml' does not
[5.773s]   match current PROJECT_NAME 'nav2_straightline_planner'.  You must call
[5.774s]   project() with the same package name before.
[5.774s] Call Stack (most recent call first):
[5.774s]   /opt/ros/foxy/share/ament_lint_auto/cmake/ament_lint_auto_find_test_dependencies.cmake:31 (ament_package_xml)
[5.774s]   CMakeLists.txt:73 (ament_lint_auto_find_test_dependencies)
[5.774s] 
[5.774s] 
[5.778s] -- Configuring incomplete, errors occurred!
[5.778s] See also "/home/terra/nav2_ws/build/nav2_demo/CMakeFiles/CMakeOutput.log".
[5.778s] See also "/home/terra/nav2_ws/build/nav2_demo/CMakeFiles/CMakeError.log".
[5.788s] Invoked command in '/home/terra/nav2_ws/build/nav2_demo' returned '1': CMAKE_PREFIX_PATH=/opt/ros/foxy /usr/bin/cmake /home/terra/nav2_ws/src/nav2_demo -DCMAKE_INSTALL_PREFIX=/home/terra/nav2_ws/install/nav2_demo
