-- Found ament_cmake: 0.9.9 (/opt/ros/foxy/share/ament_cmake/cmake)
-- Using PYTHON_EXECUTABLE: /usr/bin/python3
-- Found rclcpp: 2.4.1 (/opt/ros/foxy/share/rclcpp/cmake)
-- Using all available rosidl_typesupport_c: rosidl_typesupport_fastrtps_c;rosidl_typesupport_introspection_c
-- Found rosidl_adapter: 1.2.1 (/opt/ros/foxy/share/rosidl_adapter/cmake)
-- Using all available rosidl_typesupport_cpp: rosidl_typesupport_fastrtps_cpp;rosidl_typesupport_introspection_cpp
-- Found rmw_implementation_cmake: 1.0.3 (/opt/ros/foxy/share/rmw_implementation_cmake/cmake)
-- Using RMW implementation 'rmw_fastrtps_cpp' as default
-- Found rclcpp_action: 2.4.1 (/opt/ros/foxy/share/rclcpp_action/cmake)
-- Found rclcpp_lifecycle: 2.4.1 (/opt/ros/foxy/share/rclcpp_lifecycle/cmake)
-- Found visualization_msgs: 2.0.5 (/opt/ros/foxy/share/visualization_msgs/cmake)
-- Found nav2_util: 0.4.7 (/home/terra/nav2_ws/install/nav2_util/share/nav2_util/cmake)
-- Found eigen3_cmake_module: 0.1.1 (/opt/ros/foxy/share/eigen3_cmake_module/cmake)
-- Found nav2_costmap_2d: 0.4.7 (/home/terra/nav2_ws/install/nav2_costmap_2d/share/nav2_costmap_2d/cmake)
-- Found nav2_core: 0.4.7 (/home/terra/nav2_ws/install/nav2_core/share/nav2_core/cmake)
CMake Error at CMakeLists.txt:22 (find_package):
  By not providing "Findnav2_behaviors.cmake" in CMAKE_MODULE_PATH this
  project has asked CMake to find a package configuration file provided by
  "nav2_behaviors", but CMake did not find one.

  Could not find a package configuration file provided by "nav2_behaviors"
  with any of the following names:

    nav2_behaviorsConfig.cmake
    nav2_behaviors-config.cmake

  Add the installation prefix of "nav2_behaviors" to CMAKE_PREFIX_PATH or set
  "nav2_behaviors_DIR" to a directory containing one of the above files.  If
  "nav2_behaviors" provides a separate development package or SDK, be sure it
  has been installed.


-- Configuring incomplete, errors occurred!
See also "/home/terra/nav2_ws/build/nav2_sms_behavior/CMakeFiles/CMakeOutput.log".
See also "/home/terra/nav2_ws/build/nav2_sms_behavior/CMakeFiles/CMakeError.log".
