[0.032s] Invoking command in '/home/terra/nav2_ws/build/nav2_core': AMENT_PREFIX_PATH=/home/terra/nav2_ws/install/nav2_costmap_2d:/home/terra/nav2_ws/install/nav2_util:/home/terra/nav2_ws/install/nav2_voxel_grid:/home/terra/nav2_ws/install/nav2_msgs:/home/terra/nav2_ws/install/nav2_common:${AMENT_PREFIX_PATH} CMAKE_PREFIX_PATH=/home/terra/nav2_ws/install/nav2_costmap_2d:/home/terra/nav2_ws/install/nav2_util:/home/terra/nav2_ws/install/nav2_voxel_grid:/home/terra/nav2_ws/install/nav2_msgs:/home/terra/nav2_ws/install/nav2_common:/opt/ros/foxy LD_LIBRARY_PATH=/home/terra/nav2_ws/install/nav2_costmap_2d/lib:/home/terra/nav2_ws/install/nav2_util/lib:/home/terra/nav2_ws/install/nav2_voxel_grid/lib:/home/terra/nav2_ws/install/nav2_msgs/lib:${LD_LIBRARY_PATH} PYTHONPATH=/home/terra/nav2_ws/install/nav2_msgs/lib/python3.8/site-packages:/home/terra/nav2_ws/install/nav2_common/lib/python3.8/site-packages:${PYTHONPATH} /usr/bin/cmake /home/terra/nav2_ws/src/nav2_core -DAMENT_CMAKE_SYMLINK_INSTALL=1 -DCMAKE_INSTALL_PREFIX=/home/terra/nav2_ws/install/nav2_core
[0.135s] -- The C compiler identification is GNU 9.4.0
[0.225s] -- The CXX compiler identification is GNU 9.4.0
[0.233s] -- Check for working C compiler: /usr/bin/cc
[0.348s] -- Check for working C compiler: /usr/bin/cc -- works
[0.350s] -- Detecting C compiler ABI info
[0.464s] -- Detecting C compiler ABI info - done
[0.476s] -- Detecting C compile features
[0.477s] -- Detecting C compile features - done
[0.480s] -- Check for working CXX compiler: /usr/bin/c++
[0.610s] -- Check for working CXX compiler: /usr/bin/c++ -- works
[0.612s] -- Detecting CXX compiler ABI info
[0.719s] -- Detecting CXX compiler ABI info - done
[0.738s] -- Detecting CXX compile features
[0.739s] -- Detecting CXX compile features - done
[0.744s] -- Found ament_cmake: 0.9.9 (/opt/ros/foxy/share/ament_cmake/cmake)
[0.787s] -- Found PythonInterp: /usr/bin/python3 (found suitable version "3.8.10", minimum required is "3") 
[0.788s] -- Using PYTHON_EXECUTABLE: /usr/bin/python3
[1.027s] -- Override CMake install command with custom implementation using symlinks instead of copying resources
[1.067s] -- Found nav2_common: 0.4.7 (/home/terra/nav2_ws/install/nav2_common/share/nav2_common/cmake)
[1.070s] -- Found rclcpp: 2.4.1 (/opt/ros/foxy/share/rclcpp/cmake)
[1.131s] -- Using all available rosidl_typesupport_c: rosidl_typesupport_fastrtps_c;rosidl_typesupport_introspection_c
[1.141s] -- Found rosidl_adapter: 1.2.1 (/opt/ros/foxy/share/rosidl_adapter/cmake)
[1.272s] -- Found OpenSSL: /usr/lib/x86_64-linux-gnu/libcrypto.so (found version "1.1.1f")  
[1.309s] -- Found FastRTPS: /opt/ros/foxy/include  
[1.416s] -- Using all available rosidl_typesupport_cpp: rosidl_typesupport_fastrtps_cpp;rosidl_typesupport_introspection_cpp
[1.524s] -- Found rmw_implementation_cmake: 1.0.3 (/opt/ros/foxy/share/rmw_implementation_cmake/cmake)
[1.526s] -- Using RMW implementation 'rmw_fastrtps_cpp' as default
[1.529s] -- Looking for pthread.h
[1.621s] -- Looking for pthread.h - found
[1.622s] -- Performing Test CMAKE_HAVE_LIBC_PTHREAD
[1.723s] -- Performing Test CMAKE_HAVE_LIBC_PTHREAD - Failed
[1.724s] -- Looking for pthread_create in pthreads
[1.824s] -- Looking for pthread_create in pthreads - not found
[1.824s] -- Looking for pthread_create in pthread
[1.926s] -- Looking for pthread_create in pthread - found
[1.928s] -- Found Threads: TRUE  
[2.238s] -- Found rclcpp_lifecycle: 2.4.1 (/opt/ros/foxy/share/rclcpp_lifecycle/cmake)
[2.303s] -- Found geometry_msgs: 2.0.5 (/opt/ros/foxy/share/geometry_msgs/cmake)
[2.375s] -- Found nav2_costmap_2d: 0.4.7 (/home/terra/nav2_ws/install/nav2_costmap_2d/share/nav2_costmap_2d/cmake)
[3.920s] -- Found Eigen3: TRUE (found version "3.3.7") 
[4.620s] -- Setting build type to Release as none was specified.
[4.623s] -- Found ament_lint_auto: 0.9.6 (/opt/ros/foxy/share/ament_lint_auto/cmake)
[4.763s] -- Added test 'cppcheck' to perform static code analysis on C / C++ code
[4.763s] -- Configured cppcheck include dirs: 
[4.764s] -- Configured cppcheck exclude dirs and/or files: 
[4.765s] -- Added test 'cpplint' to check C / C++ code against the Google style
[4.765s] -- Configured cpplint exclude dirs and/or files: 
[4.766s] -- Added test 'lint_cmake' to check CMake code style
[4.768s] -- Added test 'uncrustify' to check C / C++ code style
[4.768s] -- Configured uncrustify additional arguments: 
[4.769s] -- Added test 'xmllint' to check XML markup files
[4.777s] -- Configuring done
[4.780s] -- Generating done
[4.782s] -- Build files have been written to: /home/terra/nav2_ws/build/nav2_core
[4.795s] Invoked command in '/home/terra/nav2_ws/build/nav2_core' returned '0': AMENT_PREFIX_PATH=/home/terra/nav2_ws/install/nav2_costmap_2d:/home/terra/nav2_ws/install/nav2_util:/home/terra/nav2_ws/install/nav2_voxel_grid:/home/terra/nav2_ws/install/nav2_msgs:/home/terra/nav2_ws/install/nav2_common:${AMENT_PREFIX_PATH} CMAKE_PREFIX_PATH=/home/terra/nav2_ws/install/nav2_costmap_2d:/home/terra/nav2_ws/install/nav2_util:/home/terra/nav2_ws/install/nav2_voxel_grid:/home/terra/nav2_ws/install/nav2_msgs:/home/terra/nav2_ws/install/nav2_common:/opt/ros/foxy LD_LIBRARY_PATH=/home/terra/nav2_ws/install/nav2_costmap_2d/lib:/home/terra/nav2_ws/install/nav2_util/lib:/home/terra/nav2_ws/install/nav2_voxel_grid/lib:/home/terra/nav2_ws/install/nav2_msgs/lib:${LD_LIBRARY_PATH} PYTHONPATH=/home/terra/nav2_ws/install/nav2_msgs/lib/python3.8/site-packages:/home/terra/nav2_ws/install/nav2_common/lib/python3.8/site-packages:${PYTHONPATH} /usr/bin/cmake /home/terra/nav2_ws/src/nav2_core -DAMENT_CMAKE_SYMLINK_INSTALL=1 -DCMAKE_INSTALL_PREFIX=/home/terra/nav2_ws/install/nav2_core
[4.796s] Invoking command in '/home/terra/nav2_ws/build/nav2_core': AMENT_PREFIX_PATH=/home/terra/nav2_ws/install/nav2_costmap_2d:/home/terra/nav2_ws/install/nav2_util:/home/terra/nav2_ws/install/nav2_voxel_grid:/home/terra/nav2_ws/install/nav2_msgs:/home/terra/nav2_ws/install/nav2_common:${AMENT_PREFIX_PATH} CMAKE_PREFIX_PATH=/home/terra/nav2_ws/install/nav2_costmap_2d:/home/terra/nav2_ws/install/nav2_util:/home/terra/nav2_ws/install/nav2_voxel_grid:/home/terra/nav2_ws/install/nav2_msgs:/home/terra/nav2_ws/install/nav2_common:/opt/ros/foxy LD_LIBRARY_PATH=/home/terra/nav2_ws/install/nav2_costmap_2d/lib:/home/terra/nav2_ws/install/nav2_util/lib:/home/terra/nav2_ws/install/nav2_voxel_grid/lib:/home/terra/nav2_ws/install/nav2_msgs/lib:${LD_LIBRARY_PATH} PYTHONPATH=/home/terra/nav2_ws/install/nav2_msgs/lib/python3.8/site-packages:/home/terra/nav2_ws/install/nav2_common/lib/python3.8/site-packages:${PYTHONPATH} /usr/bin/cmake --build /home/terra/nav2_ws/build/nav2_core -- -j8 -l8
[4.865s] Invoked command in '/home/terra/nav2_ws/build/nav2_core' returned '0': AMENT_PREFIX_PATH=/home/terra/nav2_ws/install/nav2_costmap_2d:/home/terra/nav2_ws/install/nav2_util:/home/terra/nav2_ws/install/nav2_voxel_grid:/home/terra/nav2_ws/install/nav2_msgs:/home/terra/nav2_ws/install/nav2_common:${AMENT_PREFIX_PATH} CMAKE_PREFIX_PATH=/home/terra/nav2_ws/install/nav2_costmap_2d:/home/terra/nav2_ws/install/nav2_util:/home/terra/nav2_ws/install/nav2_voxel_grid:/home/terra/nav2_ws/install/nav2_msgs:/home/terra/nav2_ws/install/nav2_common:/opt/ros/foxy LD_LIBRARY_PATH=/home/terra/nav2_ws/install/nav2_costmap_2d/lib:/home/terra/nav2_ws/install/nav2_util/lib:/home/terra/nav2_ws/install/nav2_voxel_grid/lib:/home/terra/nav2_ws/install/nav2_msgs/lib:${LD_LIBRARY_PATH} PYTHONPATH=/home/terra/nav2_ws/install/nav2_msgs/lib/python3.8/site-packages:/home/terra/nav2_ws/install/nav2_common/lib/python3.8/site-packages:${PYTHONPATH} /usr/bin/cmake --build /home/terra/nav2_ws/build/nav2_core -- -j8 -l8
[4.900s] Invoking command in '/home/terra/nav2_ws/build/nav2_core': AMENT_PREFIX_PATH=/home/terra/nav2_ws/install/nav2_costmap_2d:/home/terra/nav2_ws/install/nav2_util:/home/terra/nav2_ws/install/nav2_voxel_grid:/home/terra/nav2_ws/install/nav2_msgs:/home/terra/nav2_ws/install/nav2_common:${AMENT_PREFIX_PATH} CMAKE_PREFIX_PATH=/home/terra/nav2_ws/install/nav2_costmap_2d:/home/terra/nav2_ws/install/nav2_util:/home/terra/nav2_ws/install/nav2_voxel_grid:/home/terra/nav2_ws/install/nav2_msgs:/home/terra/nav2_ws/install/nav2_common:/opt/ros/foxy LD_LIBRARY_PATH=/home/terra/nav2_ws/install/nav2_costmap_2d/lib:/home/terra/nav2_ws/install/nav2_util/lib:/home/terra/nav2_ws/install/nav2_voxel_grid/lib:/home/terra/nav2_ws/install/nav2_msgs/lib:${LD_LIBRARY_PATH} PYTHONPATH=/home/terra/nav2_ws/install/nav2_msgs/lib/python3.8/site-packages:/home/terra/nav2_ws/install/nav2_common/lib/python3.8/site-packages:${PYTHONPATH} /usr/bin/cmake --install /home/terra/nav2_ws/build/nav2_core
[4.912s] -- Install configuration: "Release"
[4.912s] -- Execute custom install script
[4.913s] -- Symlinking: /home/terra/nav2_ws/install/nav2_core/include//nav2_core/controller.hpp
[4.925s] -- Symlinking: /home/terra/nav2_ws/install/nav2_core/include//nav2_core/exceptions.hpp
[4.937s] -- Symlinking: /home/terra/nav2_ws/install/nav2_core/include//nav2_core/global_planner.hpp
[4.949s] -- Symlinking: /home/terra/nav2_ws/install/nav2_core/include//nav2_core/goal_checker.hpp
[4.962s] -- Symlinking: /home/terra/nav2_ws/install/nav2_core/include//nav2_core/progress_checker.hpp
[4.974s] -- Symlinking: /home/terra/nav2_ws/install/nav2_core/include//nav2_core/recovery.hpp
[4.986s] -- Symlinking: /home/terra/nav2_ws/install/nav2_core/share/ament_index/resource_index/package_run_dependencies/nav2_core
[4.999s] -- Symlinking: /home/terra/nav2_ws/install/nav2_core/share/ament_index/resource_index/parent_prefix_path/nav2_core
[5.011s] -- Symlinking: /home/terra/nav2_ws/install/nav2_core/share/nav2_core/environment/ament_prefix_path.sh
[5.023s] -- Symlinking: /home/terra/nav2_ws/install/nav2_core/share/nav2_core/environment/ament_prefix_path.dsv
[5.035s] -- Symlinking: /home/terra/nav2_ws/install/nav2_core/share/nav2_core/environment/path.sh
[5.048s] -- Symlinking: /home/terra/nav2_ws/install/nav2_core/share/nav2_core/environment/path.dsv
[5.061s] -- Symlinking: /home/terra/nav2_ws/install/nav2_core/share/nav2_core/local_setup.bash
[5.075s] -- Symlinking: /home/terra/nav2_ws/install/nav2_core/share/nav2_core/local_setup.sh
[5.089s] -- Symlinking: /home/terra/nav2_ws/install/nav2_core/share/nav2_core/local_setup.zsh
[5.102s] -- Symlinking: /home/terra/nav2_ws/install/nav2_core/share/nav2_core/local_setup.dsv
[5.115s] -- Symlinking: /home/terra/nav2_ws/install/nav2_core/share/nav2_core/package.dsv
[5.128s] -- Symlinking: /home/terra/nav2_ws/install/nav2_core/share/ament_index/resource_index/packages/nav2_core
[5.140s] -- Symlinking: /home/terra/nav2_ws/install/nav2_core/share/nav2_core/cmake/ament_cmake_export_include_directories-extras.cmake
[5.152s] -- Symlinking: /home/terra/nav2_ws/install/nav2_core/share/nav2_core/cmake/ament_cmake_export_dependencies-extras.cmake
[5.165s] -- Symlinking: /home/terra/nav2_ws/install/nav2_core/share/nav2_core/cmake/nav2_coreConfig.cmake
[5.180s] -- Symlinking: /home/terra/nav2_ws/install/nav2_core/share/nav2_core/cmake/nav2_coreConfig-version.cmake
[5.193s] -- Symlinking: /home/terra/nav2_ws/install/nav2_core/share/nav2_core/package.xml
[5.208s] Invoked command in '/home/terra/nav2_ws/build/nav2_core' returned '0': AMENT_PREFIX_PATH=/home/terra/nav2_ws/install/nav2_costmap_2d:/home/terra/nav2_ws/install/nav2_util:/home/terra/nav2_ws/install/nav2_voxel_grid:/home/terra/nav2_ws/install/nav2_msgs:/home/terra/nav2_ws/install/nav2_common:${AMENT_PREFIX_PATH} CMAKE_PREFIX_PATH=/home/terra/nav2_ws/install/nav2_costmap_2d:/home/terra/nav2_ws/install/nav2_util:/home/terra/nav2_ws/install/nav2_voxel_grid:/home/terra/nav2_ws/install/nav2_msgs:/home/terra/nav2_ws/install/nav2_common:/opt/ros/foxy LD_LIBRARY_PATH=/home/terra/nav2_ws/install/nav2_costmap_2d/lib:/home/terra/nav2_ws/install/nav2_util/lib:/home/terra/nav2_ws/install/nav2_voxel_grid/lib:/home/terra/nav2_ws/install/nav2_msgs/lib:${LD_LIBRARY_PATH} PYTHONPATH=/home/terra/nav2_ws/install/nav2_msgs/lib/python3.8/site-packages:/home/terra/nav2_ws/install/nav2_common/lib/python3.8/site-packages:${PYTHONPATH} /usr/bin/cmake --install /home/terra/nav2_ws/build/nav2_core
