[0.117s] Invoking command in '/home/terra/nav2_ws/build/nav2_controller': AMENT_PREFIX_PATH=/home/terra/nav2_ws/install/nav2_core:/home/terra/nav2_ws/install/nav2_costmap_2d:/home/terra/nav2_ws/install/nav_2d_utils:/home/terra/nav2_ws/install/nav2_util:/home/terra/nav2_ws/install/nav2_voxel_grid:/home/terra/nav2_ws/install/nav2_msgs:/home/terra/nav2_ws/install/nav_2d_msgs:/home/terra/nav2_ws/install/nav2_common:${AMENT_PREFIX_PATH} CMAKE_PREFIX_PATH=/home/terra/nav2_ws/install/nav2_core:/home/terra/nav2_ws/install/nav2_costmap_2d:/home/terra/nav2_ws/install/nav_2d_utils:/home/terra/nav2_ws/install/nav2_util:/home/terra/nav2_ws/install/nav2_voxel_grid:/home/terra/nav2_ws/install/nav2_msgs:/home/terra/nav2_ws/install/nav_2d_msgs:/home/terra/nav2_ws/install/nav2_common:/opt/ros/foxy LD_LIBRARY_PATH=/home/terra/nav2_ws/install/nav2_costmap_2d/lib:/home/terra/nav2_ws/install/nav_2d_utils/lib:/home/terra/nav2_ws/install/nav2_util/lib:/home/terra/nav2_ws/install/nav2_voxel_grid/lib:/home/terra/nav2_ws/install/nav2_msgs/lib:/home/terra/nav2_ws/install/nav_2d_msgs/lib:${LD_LIBRARY_PATH} PYTHONPATH=/home/terra/nav2_ws/install/nav2_msgs/lib/python3.8/site-packages:/home/terra/nav2_ws/install/nav_2d_msgs/lib/python3.8/site-packages:/home/terra/nav2_ws/install/nav2_common/lib/python3.8/site-packages:${PYTHONPATH} /usr/bin/cmake /home/terra/nav2_ws/src/nav2_controller -DAMENT_CMAKE_SYMLINK_INSTALL=1 -DCMAKE_INSTALL_PREFIX=/home/terra/nav2_ws/install/nav2_controller
[0.265s] -- The C compiler identification is GNU 9.4.0
[0.407s] -- The CXX compiler identification is GNU 9.4.0
[0.417s] -- Check for working C compiler: /usr/bin/cc
[0.582s] -- Check for working C compiler: /usr/bin/cc -- works
[0.584s] -- Detecting C compiler ABI info
[0.750s] -- Detecting C compiler ABI info - done
[0.774s] -- Detecting C compile features
[0.775s] -- Detecting C compile features - done
[0.779s] -- Check for working CXX compiler: /usr/bin/c++
[0.950s] -- Check for working CXX compiler: /usr/bin/c++ -- works
[0.954s] -- Detecting CXX compiler ABI info
[1.186s] -- Detecting CXX compiler ABI info - done
[1.209s] -- Detecting CXX compile features
[1.210s] -- Detecting CXX compile features - done
[1.223s] -- Found ament_cmake: 0.9.9 (/opt/ros/foxy/share/ament_cmake/cmake)
[1.265s] -- Found PythonInterp: /usr/bin/python3 (found suitable version "3.8.10", minimum required is "3") 
[1.265s] -- Using PYTHON_EXECUTABLE: /usr/bin/python3
[1.637s] -- Override CMake install command with custom implementation using symlinks instead of copying resources
[1.697s] -- Found nav2_core: 0.4.7 (/home/terra/nav2_ws/install/nav2_core/share/nav2_core/cmake)
[1.805s] -- Using all available rosidl_typesupport_c: rosidl_typesupport_fastrtps_c;rosidl_typesupport_introspection_c
[1.821s] -- Found rosidl_adapter: 1.2.1 (/opt/ros/foxy/share/rosidl_adapter/cmake)
[2.092s] -- Found OpenSSL: /usr/lib/x86_64-linux-gnu/libcrypto.so (found version "1.1.1f")  
[2.180s] -- Found FastRTPS: /opt/ros/foxy/include  
[2.392s] -- Using all available rosidl_typesupport_cpp: rosidl_typesupport_fastrtps_cpp;rosidl_typesupport_introspection_cpp
[2.534s] -- Found rmw_implementation_cmake: 1.0.3 (/opt/ros/foxy/share/rmw_implementation_cmake/cmake)
[2.538s] -- Using RMW implementation 'rmw_fastrtps_cpp' as default
[2.540s] -- Looking for pthread.h
[2.757s] -- Looking for pthread.h - found
[2.758s] -- Performing Test CMAKE_HAVE_LIBC_PTHREAD
[2.991s] -- Performing Test CMAKE_HAVE_LIBC_PTHREAD - Failed
[2.991s] -- Looking for pthread_create in pthreads
[3.160s] -- Looking for pthread_create in pthreads - not found
[3.161s] -- Looking for pthread_create in pthread
[3.384s] -- Looking for pthread_create in pthread - found
[3.386s] -- Found Threads: TRUE  
[7.594s] -- Found Eigen3: TRUE (found version "3.3.7") 
[10.437s] -- Found nav2_common: 0.4.7 (/home/terra/nav2_ws/install/nav2_common/share/nav2_common/cmake)
[10.442s] -- Found nav_2d_utils: 0.4.7 (/home/terra/nav2_ws/install/nav_2d_utils/share/nav_2d_utils/cmake)
[11.587s] -- Setting build type to Release as none was specified.
[33.585s] -- Found ament_lint_auto: 0.9.6 (/opt/ros/foxy/share/ament_lint_auto/cmake)
[33.760s] -- Found ament_cmake_gtest: 0.9.9 (/opt/ros/foxy/share/ament_cmake_gtest/cmake)
[33.772s] -- Found gtest sources under '/opt/ros/foxy/src/gtest_vendor': C++ tests using 'Google Test' will be built
[33.777s] -- Check if compiler accepts -pthread
[33.929s] -- Check if compiler accepts -pthread - yes
[38.561s] -- Added test 'cppcheck' to perform static code analysis on C / C++ code
[38.563s] -- Configured cppcheck include dirs: /home/terra/nav2_ws/src/nav2_controller/include
[38.563s] -- Configured cppcheck exclude dirs and/or files: 
[38.567s] -- Added test 'cpplint' to check C / C++ code against the Google style
[38.567s] -- Configured cpplint exclude dirs and/or files: 
[38.569s] -- Added test 'lint_cmake' to check CMake code style
[38.573s] -- Added test 'uncrustify' to check C / C++ code style
[38.573s] -- Configured uncrustify additional arguments: 
[38.575s] -- Added test 'xmllint' to check XML markup files
[38.593s] -- Configuring done
[39.490s] -- Generating done
[39.496s] -- Build files have been written to: /home/terra/nav2_ws/build/nav2_controller
[39.535s] Invoked command in '/home/terra/nav2_ws/build/nav2_controller' returned '0': AMENT_PREFIX_PATH=/home/terra/nav2_ws/install/nav2_core:/home/terra/nav2_ws/install/nav2_costmap_2d:/home/terra/nav2_ws/install/nav_2d_utils:/home/terra/nav2_ws/install/nav2_util:/home/terra/nav2_ws/install/nav2_voxel_grid:/home/terra/nav2_ws/install/nav2_msgs:/home/terra/nav2_ws/install/nav_2d_msgs:/home/terra/nav2_ws/install/nav2_common:${AMENT_PREFIX_PATH} CMAKE_PREFIX_PATH=/home/terra/nav2_ws/install/nav2_core:/home/terra/nav2_ws/install/nav2_costmap_2d:/home/terra/nav2_ws/install/nav_2d_utils:/home/terra/nav2_ws/install/nav2_util:/home/terra/nav2_ws/install/nav2_voxel_grid:/home/terra/nav2_ws/install/nav2_msgs:/home/terra/nav2_ws/install/nav_2d_msgs:/home/terra/nav2_ws/install/nav2_common:/opt/ros/foxy LD_LIBRARY_PATH=/home/terra/nav2_ws/install/nav2_costmap_2d/lib:/home/terra/nav2_ws/install/nav_2d_utils/lib:/home/terra/nav2_ws/install/nav2_util/lib:/home/terra/nav2_ws/install/nav2_voxel_grid/lib:/home/terra/nav2_ws/install/nav2_msgs/lib:/home/terra/nav2_ws/install/nav_2d_msgs/lib:${LD_LIBRARY_PATH} PYTHONPATH=/home/terra/nav2_ws/install/nav2_msgs/lib/python3.8/site-packages:/home/terra/nav2_ws/install/nav_2d_msgs/lib/python3.8/site-packages:/home/terra/nav2_ws/install/nav2_common/lib/python3.8/site-packages:${PYTHONPATH} /usr/bin/cmake /home/terra/nav2_ws/src/nav2_controller -DAMENT_CMAKE_SYMLINK_INSTALL=1 -DCMAKE_INSTALL_PREFIX=/home/terra/nav2_ws/install/nav2_controller
[39.541s] Invoking command in '/home/terra/nav2_ws/build/nav2_controller': AMENT_PREFIX_PATH=/home/terra/nav2_ws/install/nav2_core:/home/terra/nav2_ws/install/nav2_costmap_2d:/home/terra/nav2_ws/install/nav_2d_utils:/home/terra/nav2_ws/install/nav2_util:/home/terra/nav2_ws/install/nav2_voxel_grid:/home/terra/nav2_ws/install/nav2_msgs:/home/terra/nav2_ws/install/nav_2d_msgs:/home/terra/nav2_ws/install/nav2_common:${AMENT_PREFIX_PATH} CMAKE_PREFIX_PATH=/home/terra/nav2_ws/install/nav2_core:/home/terra/nav2_ws/install/nav2_costmap_2d:/home/terra/nav2_ws/install/nav_2d_utils:/home/terra/nav2_ws/install/nav2_util:/home/terra/nav2_ws/install/nav2_voxel_grid:/home/terra/nav2_ws/install/nav2_msgs:/home/terra/nav2_ws/install/nav_2d_msgs:/home/terra/nav2_ws/install/nav2_common:/opt/ros/foxy LD_LIBRARY_PATH=/home/terra/nav2_ws/install/nav2_costmap_2d/lib:/home/terra/nav2_ws/install/nav_2d_utils/lib:/home/terra/nav2_ws/install/nav2_util/lib:/home/terra/nav2_ws/install/nav2_voxel_grid/lib:/home/terra/nav2_ws/install/nav2_msgs/lib:/home/terra/nav2_ws/install/nav_2d_msgs/lib:${LD_LIBRARY_PATH} PYTHONPATH=/home/terra/nav2_ws/install/nav2_msgs/lib/python3.8/site-packages:/home/terra/nav2_ws/install/nav_2d_msgs/lib/python3.8/site-packages:/home/terra/nav2_ws/install/nav2_common/lib/python3.8/site-packages:${PYTHONPATH} /usr/bin/cmake --build /home/terra/nav2_ws/build/nav2_controller -- -j8 -l8
[39.750s] [35m[1mScanning dependencies of target simple_goal_checker[0m
[39.914s] [  5%] [32mBuilding CXX object CMakeFiles/simple_goal_checker.dir/plugins/simple_goal_checker.cpp.o[0m
[44.859s] [ 11%] [32m[1mLinking CXX shared library libsimple_goal_checker.so[0m
[45.225s] [ 11%] Built target simple_goal_checker
[45.252s] [35m[1mScanning dependencies of target gtest_main[0m
[45.291s] [ 16%] [32mBuilding CXX object gtest/CMakeFiles/gtest_main.dir/src/gtest_main.cc.o[0m
[46.590s] [ 22%] [32m[1mLinking CXX static library libgtest_main.a[0m
[46.652s] [ 22%] Built target gtest_main
[46.675s] [35m[1mScanning dependencies of target stopped_goal_checker[0m
[46.779s] [ 27%] [32mBuilding CXX object CMakeFiles/stopped_goal_checker.dir/plugins/stopped_goal_checker.cpp.o[0m
[50.799s] [ 33%] [32m[1mLinking CXX shared library libstopped_goal_checker.so[0m
[51.184s] [ 33%] Built target stopped_goal_checker
[51.213s] [35m[1mScanning dependencies of target gtest[0m
[51.240s] [ 38%] [32mBuilding CXX object gtest/CMakeFiles/gtest.dir/src/gtest-all.cc.o[0m
[64.298s] [ 44%] [32m[1mLinking CXX static library libgtest.a[0m
[64.386s] [ 44%] Built target gtest
[64.409s] [35m[1mScanning dependencies of target controller_server_core[0m
[64.577s] [ 50%] [32mBuilding CXX object CMakeFiles/controller_server_core.dir/src/nav2_controller.cpp.o[0m
[102.982s] [ 55%] [32m[1mLinking CXX static library libcontroller_server_core.a[0m
[103.162s] [ 55%] Built target controller_server_core
[103.185s] [35m[1mScanning dependencies of target gctest[0m
[103.320s] [ 61%] [32mBuilding CXX object plugins/test/CMakeFiles/gctest.dir/goal_checker.cpp.o[0m
[108.775s] [ 66%] [32m[1mLinking CXX executable gctest[0m
[109.518s] [ 66%] Built target gctest
[109.571s] [35m[1mScanning dependencies of target controller_server[0m
[109.809s] [ 72%] [32mBuilding CXX object CMakeFiles/controller_server.dir/src/main.cpp.o[0m
[116.796s] [ 77%] [32m[1mLinking CXX executable controller_server[0m
[117.389s] [ 77%] Built target controller_server
[117.406s] [35m[1mScanning dependencies of target simple_progress_checker[0m
[117.489s] [ 83%] [32mBuilding CXX object CMakeFiles/simple_progress_checker.dir/plugins/simple_progress_checker.cpp.o[0m
[120.366s] [ 88%] [32m[1mLinking CXX shared library libsimple_progress_checker.so[0m
[120.642s] [ 88%] Built target simple_progress_checker
[120.659s] [35m[1mScanning dependencies of target pctest[0m
[120.746s] [ 94%] [32mBuilding CXX object plugins/test/CMakeFiles/pctest.dir/progress_checker.cpp.o[0m
[125.355s] [100%] [32m[1mLinking CXX executable pctest[0m
[125.832s] [100%] Built target pctest
[125.855s] Invoked command in '/home/terra/nav2_ws/build/nav2_controller' returned '0': AMENT_PREFIX_PATH=/home/terra/nav2_ws/install/nav2_core:/home/terra/nav2_ws/install/nav2_costmap_2d:/home/terra/nav2_ws/install/nav_2d_utils:/home/terra/nav2_ws/install/nav2_util:/home/terra/nav2_ws/install/nav2_voxel_grid:/home/terra/nav2_ws/install/nav2_msgs:/home/terra/nav2_ws/install/nav_2d_msgs:/home/terra/nav2_ws/install/nav2_common:${AMENT_PREFIX_PATH} CMAKE_PREFIX_PATH=/home/terra/nav2_ws/install/nav2_core:/home/terra/nav2_ws/install/nav2_costmap_2d:/home/terra/nav2_ws/install/nav_2d_utils:/home/terra/nav2_ws/install/nav2_util:/home/terra/nav2_ws/install/nav2_voxel_grid:/home/terra/nav2_ws/install/nav2_msgs:/home/terra/nav2_ws/install/nav_2d_msgs:/home/terra/nav2_ws/install/nav2_common:/opt/ros/foxy LD_LIBRARY_PATH=/home/terra/nav2_ws/install/nav2_costmap_2d/lib:/home/terra/nav2_ws/install/nav_2d_utils/lib:/home/terra/nav2_ws/install/nav2_util/lib:/home/terra/nav2_ws/install/nav2_voxel_grid/lib:/home/terra/nav2_ws/install/nav2_msgs/lib:/home/terra/nav2_ws/install/nav_2d_msgs/lib:${LD_LIBRARY_PATH} PYTHONPATH=/home/terra/nav2_ws/install/nav2_msgs/lib/python3.8/site-packages:/home/terra/nav2_ws/install/nav_2d_msgs/lib/python3.8/site-packages:/home/terra/nav2_ws/install/nav2_common/lib/python3.8/site-packages:${PYTHONPATH} /usr/bin/cmake --build /home/terra/nav2_ws/build/nav2_controller -- -j8 -l8
[125.928s] Invoking command in '/home/terra/nav2_ws/build/nav2_controller': AMENT_PREFIX_PATH=/home/terra/nav2_ws/install/nav2_core:/home/terra/nav2_ws/install/nav2_costmap_2d:/home/terra/nav2_ws/install/nav_2d_utils:/home/terra/nav2_ws/install/nav2_util:/home/terra/nav2_ws/install/nav2_voxel_grid:/home/terra/nav2_ws/install/nav2_msgs:/home/terra/nav2_ws/install/nav_2d_msgs:/home/terra/nav2_ws/install/nav2_common:${AMENT_PREFIX_PATH} CMAKE_PREFIX_PATH=/home/terra/nav2_ws/install/nav2_core:/home/terra/nav2_ws/install/nav2_costmap_2d:/home/terra/nav2_ws/install/nav_2d_utils:/home/terra/nav2_ws/install/nav2_util:/home/terra/nav2_ws/install/nav2_voxel_grid:/home/terra/nav2_ws/install/nav2_msgs:/home/terra/nav2_ws/install/nav_2d_msgs:/home/terra/nav2_ws/install/nav2_common:/opt/ros/foxy LD_LIBRARY_PATH=/home/terra/nav2_ws/install/nav2_costmap_2d/lib:/home/terra/nav2_ws/install/nav_2d_utils/lib:/home/terra/nav2_ws/install/nav2_util/lib:/home/terra/nav2_ws/install/nav2_voxel_grid/lib:/home/terra/nav2_ws/install/nav2_msgs/lib:/home/terra/nav2_ws/install/nav_2d_msgs/lib:${LD_LIBRARY_PATH} PYTHONPATH=/home/terra/nav2_ws/install/nav2_msgs/lib/python3.8/site-packages:/home/terra/nav2_ws/install/nav_2d_msgs/lib/python3.8/site-packages:/home/terra/nav2_ws/install/nav2_common/lib/python3.8/site-packages:${PYTHONPATH} /usr/bin/cmake --install /home/terra/nav2_ws/build/nav2_controller
[125.944s] -- Install configuration: "Release"
[125.945s] -- Execute custom install script
[125.946s] -- Symlinking: /home/terra/nav2_ws/install/nav2_controller/lib/libsimple_progress_checker.so
[125.966s] -- Symlinking: /home/terra/nav2_ws/install/nav2_controller/lib/libsimple_goal_checker.so
[125.984s] -- Symlinking: /home/terra/nav2_ws/install/nav2_controller/lib/libstopped_goal_checker.so
[126.001s] -- Symlinking: /home/terra/nav2_ws/install/nav2_controller/lib/libcontroller_server_core.a
[126.033s] -- Symlinking: /home/terra/nav2_ws/install/nav2_controller/lib/nav2_controller/controller_server
[126.040s] -- Symlinking: /home/terra/nav2_ws/install/nav2_controller/include//nav2_controller/nav2_controller.hpp
[126.059s] -- Symlinking: /home/terra/nav2_ws/install/nav2_controller/include//nav2_controller/plugins/simple_goal_checker.hpp
[126.078s] -- Symlinking: /home/terra/nav2_ws/install/nav2_controller/include//nav2_controller/plugins/simple_progress_checker.hpp
[126.097s] -- Symlinking: /home/terra/nav2_ws/install/nav2_controller/include//nav2_controller/plugins/stopped_goal_checker.hpp
[126.116s] -- Symlinking: /home/terra/nav2_ws/install/nav2_controller/share/nav2_controller/environment/library_path.sh
[126.136s] -- Symlinking: /home/terra/nav2_ws/install/nav2_controller/share/nav2_controller/environment/library_path.dsv
[126.155s] -- Symlinking: /home/terra/nav2_ws/install/nav2_controller/share/nav2_controller//plugins.xml
[126.174s] -- Symlinking: /home/terra/nav2_ws/install/nav2_controller/share/ament_index/resource_index/package_run_dependencies/nav2_controller
[126.195s] -- Symlinking: /home/terra/nav2_ws/install/nav2_controller/share/ament_index/resource_index/parent_prefix_path/nav2_controller
[126.215s] -- Symlinking: /home/terra/nav2_ws/install/nav2_controller/share/nav2_controller/environment/ament_prefix_path.sh
[126.235s] -- Symlinking: /home/terra/nav2_ws/install/nav2_controller/share/nav2_controller/environment/ament_prefix_path.dsv
[126.255s] -- Symlinking: /home/terra/nav2_ws/install/nav2_controller/share/nav2_controller/environment/path.sh
[126.274s] -- Symlinking: /home/terra/nav2_ws/install/nav2_controller/share/nav2_controller/environment/path.dsv
[126.294s] -- Symlinking: /home/terra/nav2_ws/install/nav2_controller/share/nav2_controller/local_setup.bash
[126.313s] -- Symlinking: /home/terra/nav2_ws/install/nav2_controller/share/nav2_controller/local_setup.sh
[126.334s] -- Symlinking: /home/terra/nav2_ws/install/nav2_controller/share/nav2_controller/local_setup.zsh
[126.355s] -- Symlinking: /home/terra/nav2_ws/install/nav2_controller/share/nav2_controller/local_setup.dsv
[126.376s] -- Symlinking: /home/terra/nav2_ws/install/nav2_controller/share/nav2_controller/package.dsv
[126.398s] -- Symlinking: /home/terra/nav2_ws/install/nav2_controller/share/ament_index/resource_index/packages/nav2_controller
[126.417s] -- Symlinking: /home/terra/nav2_ws/install/nav2_controller/share/ament_index/resource_index/nav2_core__pluginlib__plugin/nav2_controller
[126.437s] -- Symlinking: /home/terra/nav2_ws/install/nav2_controller/share/nav2_controller/cmake/ament_cmake_export_include_directories-extras.cmake
[126.457s] -- Symlinking: /home/terra/nav2_ws/install/nav2_controller/share/nav2_controller/cmake/ament_cmake_export_libraries-extras.cmake
[126.476s] -- Symlinking: /home/terra/nav2_ws/install/nav2_controller/share/nav2_controller/cmake/ament_cmake_export_definitions-extras.cmake
[126.496s] -- Symlinking: /home/terra/nav2_ws/install/nav2_controller/share/nav2_controller/cmake/nav2_controllerConfig.cmake
[126.515s] -- Symlinking: /home/terra/nav2_ws/install/nav2_controller/share/nav2_controller/cmake/nav2_controllerConfig-version.cmake
[126.535s] -- Symlinking: /home/terra/nav2_ws/install/nav2_controller/share/nav2_controller/package.xml
[126.565s] Invoked command in '/home/terra/nav2_ws/build/nav2_controller' returned '0': AMENT_PREFIX_PATH=/home/terra/nav2_ws/install/nav2_core:/home/terra/nav2_ws/install/nav2_costmap_2d:/home/terra/nav2_ws/install/nav_2d_utils:/home/terra/nav2_ws/install/nav2_util:/home/terra/nav2_ws/install/nav2_voxel_grid:/home/terra/nav2_ws/install/nav2_msgs:/home/terra/nav2_ws/install/nav_2d_msgs:/home/terra/nav2_ws/install/nav2_common:${AMENT_PREFIX_PATH} CMAKE_PREFIX_PATH=/home/terra/nav2_ws/install/nav2_core:/home/terra/nav2_ws/install/nav2_costmap_2d:/home/terra/nav2_ws/install/nav_2d_utils:/home/terra/nav2_ws/install/nav2_util:/home/terra/nav2_ws/install/nav2_voxel_grid:/home/terra/nav2_ws/install/nav2_msgs:/home/terra/nav2_ws/install/nav_2d_msgs:/home/terra/nav2_ws/install/nav2_common:/opt/ros/foxy LD_LIBRARY_PATH=/home/terra/nav2_ws/install/nav2_costmap_2d/lib:/home/terra/nav2_ws/install/nav_2d_utils/lib:/home/terra/nav2_ws/install/nav2_util/lib:/home/terra/nav2_ws/install/nav2_voxel_grid/lib:/home/terra/nav2_ws/install/nav2_msgs/lib:/home/terra/nav2_ws/install/nav_2d_msgs/lib:${LD_LIBRARY_PATH} PYTHONPATH=/home/terra/nav2_ws/install/nav2_msgs/lib/python3.8/site-packages:/home/terra/nav2_ws/install/nav_2d_msgs/lib/python3.8/site-packages:/home/terra/nav2_ws/install/nav2_common/lib/python3.8/site-packages:${PYTHONPATH} /usr/bin/cmake --install /home/terra/nav2_ws/build/nav2_controller
