[0.016s] Invoking command in '/home/terra/nav2_ws/build/nav2_straightline_demo': CMAKE_PREFIX_PATH=/opt/ros/foxy /usr/bin/cmake /home/terra/nav2_ws/src/nav2_straightline_demo -DCMAKE_INSTALL_PREFIX=/home/terra/nav2_ws/install/nav2_straightline_demo
[0.085s] -- The C compiler identification is GNU 9.4.0
[0.152s] -- The CXX compiler identification is GNU 9.4.0
[0.158s] -- Check for working C compiler: /usr/bin/cc
[0.239s] -- Check for working C compiler: /usr/bin/cc -- works
[0.240s] -- Detecting C compiler ABI info
[0.318s] -- Detecting C compiler ABI info - done
[0.334s] -- Detecting C compile features
[0.334s] -- Detecting C compile features - done
[0.338s] -- Check for working CXX compiler: /usr/bin/c++
[0.431s] -- Check for working CXX compiler: /usr/bin/c++ -- works
[0.433s] -- Detecting CXX compiler ABI info
[0.536s] -- Detecting CXX compiler ABI info - done
[0.550s] -- Detecting CXX compile features
[0.551s] -- Detecting CXX compile features - done
[0.554s] -- Found ament_cmake: 0.9.9 (/opt/ros/foxy/share/ament_cmake/cmake)
[0.582s] -- Found PythonInterp: /usr/bin/python3 (found suitable version "3.8.10", minimum required is "3") 
[0.582s] -- Using PYTHON_EXECUTABLE: /usr/bin/python3
[0.827s] -- Found rclcpp: 2.4.1 (/opt/ros/foxy/share/rclcpp/cmake)
[0.880s] -- Using all available rosidl_typesupport_c: rosidl_typesupport_fastrtps_c;rosidl_typesupport_introspection_c
[0.889s] -- Found rosidl_adapter: 1.2.1 (/opt/ros/foxy/share/rosidl_adapter/cmake)
[0.991s] -- Found OpenSSL: /usr/lib/x86_64-linux-gnu/libcrypto.so (found version "1.1.1f")  
[1.026s] -- Found FastRTPS: /opt/ros/foxy/include  
[1.120s] -- Using all available rosidl_typesupport_cpp: rosidl_typesupport_fastrtps_cpp;rosidl_typesupport_introspection_cpp
[1.192s] -- Found rmw_implementation_cmake: 1.0.3 (/opt/ros/foxy/share/rmw_implementation_cmake/cmake)
[1.194s] -- Using RMW implementation 'rmw_fastrtps_cpp' as default
[1.195s] -- Looking for pthread.h
[1.287s] -- Looking for pthread.h - found
[1.288s] -- Performing Test CMAKE_HAVE_LIBC_PTHREAD
[1.378s] -- Performing Test CMAKE_HAVE_LIBC_PTHREAD - Failed
[1.379s] -- Looking for pthread_create in pthreads
[1.453s] -- Looking for pthread_create in pthreads - not found
[1.454s] -- Looking for pthread_create in pthread
[1.537s] -- Looking for pthread_create in pthread - found
[1.540s] -- Found Threads: TRUE  
[1.720s] -- Found rclcpp_action: 2.4.1 (/opt/ros/foxy/share/rclcpp_action/cmake)
[1.811s] -- Found rclcpp_lifecycle: 2.4.1 (/opt/ros/foxy/share/rclcpp_lifecycle/cmake)
[1.856s] -- Found visualization_msgs: 2.0.5 (/opt/ros/foxy/share/visualization_msgs/cmake)
[1.991s] -- Found nav2_util: 0.4.7 (/opt/ros/foxy/share/nav2_util/cmake)
[2.753s] -- Found eigen3_cmake_module: 0.1.1 (/opt/ros/foxy/share/eigen3_cmake_module/cmake)
[2.756s] -- Found Eigen3: TRUE (found version "3.3.7") 
[2.921s] -- Found nav2_costmap_2d: 0.4.7 (/opt/ros/foxy/share/nav2_costmap_2d/cmake)
[3.677s] -- Found nav2_core: 0.4.7 (/opt/ros/foxy/share/nav2_core/cmake)
[6.828s] -- Found ament_lint_auto: 0.9.6 (/opt/ros/foxy/share/ament_lint_auto/cmake)
[6.930s] -- Added test 'copyright' to check source files copyright and LICENSE
[6.931s] -- Added test 'cppcheck' to perform static code analysis on C / C++ code
[6.932s] -- Configured cppcheck include dirs: /home/terra/nav2_ws/src/nav2_straightline_demo/include
[6.932s] -- Configured cppcheck exclude dirs and/or files: 
[6.933s] -- Added test 'cpplint' to check C / C++ code against the Google style
[6.934s] -- Configured cpplint exclude dirs and/or files: 
[6.935s] -- Added test 'lint_cmake' to check CMake code style
[6.937s] -- Added test 'uncrustify' to check C / C++ code style
[6.937s] -- Configured uncrustify additional arguments: 
[6.938s] -- Added test 'xmllint' to check XML markup files
[6.947s] -- Configuring done
[6.949s] CMake Error at CMakeLists.txt:52 (add_executable):
[6.949s]   Cannot find source file:
[6.949s] 
[6.949s]     src/nav2_demo/straight_line_demo.cpp
[6.949s] 
[6.949s]   Tried extensions .c .C .c++ .cc .cpp .cxx .cu .m .M .mm .h .hh .h++ .hm
[6.949s]   .hpp .hxx .in .txx
[6.949s] 
[6.949s] 
[6.954s] CMake Error at CMakeLists.txt:52 (add_executable):
[6.954s]   No SOURCES given to target: straight_line_demo
[6.954s] 
[6.954s] 
[6.955s] CMake Generate step failed.  Build files cannot be regenerated correctly.
[6.967s] Invoked command in '/home/terra/nav2_ws/build/nav2_straightline_demo' returned '1': CMAKE_PREFIX_PATH=/opt/ros/foxy /usr/bin/cmake /home/terra/nav2_ws/src/nav2_straightline_demo -DCMAKE_INSTALL_PREFIX=/home/terra/nav2_ws/install/nav2_straightline_demo
