[0.027s] Invoking command in '/home/terra/nav2_ws/build/nav2_voxel_grid': AMENT_PREFIX_PATH=/home/terra/nav2_ws/install/nav2_common:${AMENT_PREFIX_PATH} CMAKE_PREFIX_PATH=/home/terra/nav2_ws/install/nav2_common:/opt/ros/foxy PYTHONPATH=/home/terra/nav2_ws/install/nav2_common/lib/python3.8/site-packages:${PYTHONPATH} /usr/bin/cmake /home/terra/nav2_ws/src/nav2_voxel_grid -DAMENT_CMAKE_SYMLINK_INSTALL=1 -DCMAKE_INSTALL_PREFIX=/home/terra/nav2_ws/install/nav2_voxel_grid
[0.094s] -- The C compiler identification is GNU 9.4.0
[0.169s] -- The CXX compiler identification is GNU 9.4.0
[0.178s] -- Check for working C compiler: /usr/bin/cc
[0.269s] -- Check for working C compiler: /usr/bin/cc -- works
[0.269s] -- Detecting C compiler ABI info
[0.357s] -- Detecting C compiler ABI info - done
[0.383s] -- Detecting C compile features
[0.384s] -- Detecting C compile features - done
[0.390s] -- Check for working CXX compiler: /usr/bin/c++
[0.493s] -- Check for working CXX compiler: /usr/bin/c++ -- works
[0.495s] -- Detecting CXX compiler ABI info
[0.598s] -- Detecting CXX compiler ABI info - done
[0.611s] -- Detecting CXX compile features
[0.612s] -- Detecting CXX compile features - done
[0.615s] -- Found ament_cmake: 0.9.9 (/opt/ros/foxy/share/ament_cmake/cmake)
[0.644s] -- Found PythonInterp: /usr/bin/python3 (found suitable version "3.8.10", minimum required is "3") 
[0.645s] -- Using PYTHON_EXECUTABLE: /usr/bin/python3
[0.844s] -- Override CMake install command with custom implementation using symlinks instead of copying resources
[0.873s] -- Found nav2_common: 0.4.7 (/home/terra/nav2_ws/install/nav2_common/share/nav2_common/cmake)
[0.875s] -- Found rclcpp: 2.4.1 (/opt/ros/foxy/share/rclcpp/cmake)
[0.943s] -- Using all available rosidl_typesupport_c: rosidl_typesupport_fastrtps_c;rosidl_typesupport_introspection_c
[0.951s] -- Found rosidl_adapter: 1.2.1 (/opt/ros/foxy/share/rosidl_adapter/cmake)
[1.068s] -- Found OpenSSL: /usr/lib/x86_64-linux-gnu/libcrypto.so (found version "1.1.1f")  
[1.125s] -- Found FastRTPS: /opt/ros/foxy/include  
[1.236s] -- Using all available rosidl_typesupport_cpp: rosidl_typesupport_fastrtps_cpp;rosidl_typesupport_introspection_cpp
[1.322s] -- Found rmw_implementation_cmake: 1.0.3 (/opt/ros/foxy/share/rmw_implementation_cmake/cmake)
[1.326s] -- Using RMW implementation 'rmw_fastrtps_cpp' as default
[1.329s] -- Looking for pthread.h
[1.432s] -- Looking for pthread.h - found
[1.433s] -- Performing Test CMAKE_HAVE_LIBC_PTHREAD
[1.537s] -- Performing Test CMAKE_HAVE_LIBC_PTHREAD - Failed
[1.537s] -- Looking for pthread_create in pthreads
[1.648s] -- Looking for pthread_create in pthreads - not found
[1.649s] -- Looking for pthread_create in pthread
[1.787s] -- Looking for pthread_create in pthread - found
[1.790s] -- Found Threads: TRUE  
[2.121s] -- Setting build type to Release as none was specified.
[2.125s] -- Found ament_lint_auto: 0.9.6 (/opt/ros/foxy/share/ament_lint_auto/cmake)
[2.299s] -- Found gtest sources under '/opt/ros/foxy/src/gtest_vendor': C++ tests using 'Google Test' will be built
[2.313s] -- Check if compiler accepts -pthread
[2.479s] -- Check if compiler accepts -pthread - yes
[2.517s] -- Added test 'cppcheck' to perform static code analysis on C / C++ code
[2.518s] -- Configured cppcheck include dirs: /home/terra/nav2_ws/src/nav2_voxel_grid/include
[2.518s] -- Configured cppcheck exclude dirs and/or files: 
[2.520s] -- Added test 'cpplint' to check C / C++ code against the Google style
[2.521s] -- Configured cpplint exclude dirs and/or files: 
[2.522s] -- Added test 'lint_cmake' to check CMake code style
[2.525s] -- Added test 'uncrustify' to check C / C++ code style
[2.526s] -- Configured uncrustify additional arguments: 
[2.527s] -- Added test 'xmllint' to check XML markup files
[2.539s] -- Configuring done
[2.582s] -- Generating done
[2.585s] -- Build files have been written to: /home/terra/nav2_ws/build/nav2_voxel_grid
[2.605s] Invoked command in '/home/terra/nav2_ws/build/nav2_voxel_grid' returned '0': AMENT_PREFIX_PATH=/home/terra/nav2_ws/install/nav2_common:${AMENT_PREFIX_PATH} CMAKE_PREFIX_PATH=/home/terra/nav2_ws/install/nav2_common:/opt/ros/foxy PYTHONPATH=/home/terra/nav2_ws/install/nav2_common/lib/python3.8/site-packages:${PYTHONPATH} /usr/bin/cmake /home/terra/nav2_ws/src/nav2_voxel_grid -DAMENT_CMAKE_SYMLINK_INSTALL=1 -DCMAKE_INSTALL_PREFIX=/home/terra/nav2_ws/install/nav2_voxel_grid
[2.607s] Invoking command in '/home/terra/nav2_ws/build/nav2_voxel_grid': AMENT_PREFIX_PATH=/home/terra/nav2_ws/install/nav2_common:${AMENT_PREFIX_PATH} CMAKE_PREFIX_PATH=/home/terra/nav2_ws/install/nav2_common:/opt/ros/foxy PYTHONPATH=/home/terra/nav2_ws/install/nav2_common/lib/python3.8/site-packages:${PYTHONPATH} /usr/bin/cmake --build /home/terra/nav2_ws/build/nav2_voxel_grid -- -j8 -l8
[2.703s] [35m[1mScanning dependencies of target gtest[0m
[2.706s] [35m[1mScanning dependencies of target voxel_grid[0m
[2.721s] [35m[1mScanning dependencies of target gtest_main[0m
[2.821s] [ 12%] [32mBuilding CXX object gtest/CMakeFiles/gtest_main.dir/src/gtest_main.cc.o[0m
[2.841s] [ 25%] [32mBuilding CXX object gtest/CMakeFiles/gtest.dir/src/gtest-all.cc.o[0m
[2.971s] [ 37%] [32mBuilding CXX object CMakeFiles/voxel_grid.dir/src/voxel_grid.cpp.o[0m
[4.809s] [ 50%] [32m[1mLinking CXX static library libgtest_main.a[0m
[4.875s] [ 50%] Built target gtest_main
[7.047s] [ 62%] [32m[1mLinking CXX shared library libvoxel_grid.so[0m
[7.287s] [ 62%] Built target voxel_grid
[16.037s] [ 75%] [32m[1mLinking CXX static library libgtest.a[0m
[16.154s] [ 75%] Built target gtest
[16.210s] [35m[1mScanning dependencies of target voxel_grid_tests[0m
[16.364s] [ 87%] [32mBuilding CXX object test/CMakeFiles/voxel_grid_tests.dir/voxel_grid_tests.cpp.o[0m
[24.363s] [100%] [32m[1mLinking CXX executable voxel_grid_tests[0m
[25.015s] [100%] Built target voxel_grid_tests
[25.055s] Invoked command in '/home/terra/nav2_ws/build/nav2_voxel_grid' returned '0': AMENT_PREFIX_PATH=/home/terra/nav2_ws/install/nav2_common:${AMENT_PREFIX_PATH} CMAKE_PREFIX_PATH=/home/terra/nav2_ws/install/nav2_common:/opt/ros/foxy PYTHONPATH=/home/terra/nav2_ws/install/nav2_common/lib/python3.8/site-packages:${PYTHONPATH} /usr/bin/cmake --build /home/terra/nav2_ws/build/nav2_voxel_grid -- -j8 -l8
[25.401s] Invoking command in '/home/terra/nav2_ws/build/nav2_voxel_grid': AMENT_PREFIX_PATH=/home/terra/nav2_ws/install/nav2_common:${AMENT_PREFIX_PATH} CMAKE_PREFIX_PATH=/home/terra/nav2_ws/install/nav2_common:/opt/ros/foxy PYTHONPATH=/home/terra/nav2_ws/install/nav2_common/lib/python3.8/site-packages:${PYTHONPATH} /usr/bin/cmake --install /home/terra/nav2_ws/build/nav2_voxel_grid
[25.452s] -- Install configuration: "Release"
[25.454s] -- Execute custom install script
[25.456s] -- Symlinking: /home/terra/nav2_ws/install/nav2_voxel_grid/lib/libvoxel_grid.so
[25.489s] -- Symlinking: /home/terra/nav2_ws/install/nav2_voxel_grid/include/nav2_voxel_grid/voxel_grid.hpp
[25.534s] -- Symlinking: /home/terra/nav2_ws/install/nav2_voxel_grid/share/nav2_voxel_grid/environment/library_path.sh
[25.577s] -- Symlinking: /home/terra/nav2_ws/install/nav2_voxel_grid/share/nav2_voxel_grid/environment/library_path.dsv
[25.621s] -- Symlinking: /home/terra/nav2_ws/install/nav2_voxel_grid/share/ament_index/resource_index/package_run_dependencies/nav2_voxel_grid
[25.641s] -- Symlinking: /home/terra/nav2_ws/install/nav2_voxel_grid/share/ament_index/resource_index/parent_prefix_path/nav2_voxel_grid
[25.677s] -- Symlinking: /home/terra/nav2_ws/install/nav2_voxel_grid/share/nav2_voxel_grid/environment/ament_prefix_path.sh
[25.695s] -- Symlinking: /home/terra/nav2_ws/install/nav2_voxel_grid/share/nav2_voxel_grid/environment/ament_prefix_path.dsv
[25.715s] -- Symlinking: /home/terra/nav2_ws/install/nav2_voxel_grid/share/nav2_voxel_grid/environment/path.sh
[25.746s] -- Symlinking: /home/terra/nav2_ws/install/nav2_voxel_grid/share/nav2_voxel_grid/environment/path.dsv
[25.790s] -- Symlinking: /home/terra/nav2_ws/install/nav2_voxel_grid/share/nav2_voxel_grid/local_setup.bash
[25.830s] -- Symlinking: /home/terra/nav2_ws/install/nav2_voxel_grid/share/nav2_voxel_grid/local_setup.sh
[25.859s] -- Symlinking: /home/terra/nav2_ws/install/nav2_voxel_grid/share/nav2_voxel_grid/local_setup.zsh
[25.889s] -- Symlinking: /home/terra/nav2_ws/install/nav2_voxel_grid/share/nav2_voxel_grid/local_setup.dsv
[25.945s] -- Symlinking: /home/terra/nav2_ws/install/nav2_voxel_grid/share/nav2_voxel_grid/package.dsv
[25.963s] -- Symlinking: /home/terra/nav2_ws/install/nav2_voxel_grid/share/ament_index/resource_index/packages/nav2_voxel_grid
[26.005s] -- Symlinking: /home/terra/nav2_ws/install/nav2_voxel_grid/share/nav2_voxel_grid/cmake/ament_cmake_export_dependencies-extras.cmake
[26.041s] -- Symlinking: /home/terra/nav2_ws/install/nav2_voxel_grid/share/nav2_voxel_grid/cmake/ament_cmake_export_include_directories-extras.cmake
[26.080s] -- Symlinking: /home/terra/nav2_ws/install/nav2_voxel_grid/share/nav2_voxel_grid/cmake/ament_cmake_export_libraries-extras.cmake
[26.117s] -- Symlinking: /home/terra/nav2_ws/install/nav2_voxel_grid/share/nav2_voxel_grid/cmake/nav2_voxel_gridConfig.cmake
[26.135s] -- Symlinking: /home/terra/nav2_ws/install/nav2_voxel_grid/share/nav2_voxel_grid/cmake/nav2_voxel_gridConfig-version.cmake
[26.153s] -- Symlinking: /home/terra/nav2_ws/install/nav2_voxel_grid/share/nav2_voxel_grid/package.xml
[26.183s] Invoked command in '/home/terra/nav2_ws/build/nav2_voxel_grid' returned '0': AMENT_PREFIX_PATH=/home/terra/nav2_ws/install/nav2_common:${AMENT_PREFIX_PATH} CMAKE_PREFIX_PATH=/home/terra/nav2_ws/install/nav2_common:/opt/ros/foxy PYTHONPATH=/home/terra/nav2_ws/install/nav2_common/lib/python3.8/site-packages:${PYTHONPATH} /usr/bin/cmake --install /home/terra/nav2_ws/build/nav2_voxel_grid
